TpTrace Verbose: 0 : 6672, 1, 2024/10/25, 21:12:08.996, 21470399676, vstest.console.dll, Version: 17.11.0-release-24352-05 Current process architecture: X64
TpTrace Verbose: 0 : 6672, 1, 2024/10/25, 21:12:09.000, 21470439238, vstest.console.dll, Runtime location: C:\Program Files\dotnet\shared\Microsoft.NETCore.App\8.0.8
TpTrace Verbose: 0 : 6672, 1, 2024/10/25, 21:12:09.005, 21470483313, vstest.console.dll, ArtifactProcessingPostProcessModeProcessorExecutor.Initialize: ArtifactProcessingMode.Collect
TpTrace Verbose: 0 : 6672, 1, 2024/10/25, 21:12:09.005, 21470484720, vstest.console.dll, TestSessionCorrelationIdProcessorModeProcessorExecutor.Initialize: TestSessionCorrelationId '10592_d426156f-3bc2-40ca-8baf-5fff74ff2dd4'
TpTrace Information: 0 : 6672, 1, 2024/10/25, 21:12:09.011, 21470550084, vstest.console.dll, FilePatternParser: The given file D:\C_sharp and dot net projects\Day33\InsuraceClaimSolution\InsuranceClaimTest\bin\Debug\net8.0\fine-code-coverage\build-output\InsuranceClaimTest.dll is a full path.
TpTrace Verbose: 0 : 6672, 1, 2024/10/25, 21:12:09.021, 21470652671, vstest.console.dll, TestPluginCache.DiscoverTestExtensions: finding test extensions in assemblies ends with: RuntimeProvider.dll TPluginInfo: Microsoft.VisualStudio.TestPlatform.Common.ExtensionFramework.Utilities.TestRuntimePluginInformation TExtension: Microsoft.VisualStudio.TestPlatform.ObjectModel.Host.ITestRuntimeProvider
TpTrace Verbose: 0 : 6672, 1, 2024/10/25, 21:12:09.022, 21470656228, vstest.console.dll, TestPluginCache.GetExtensionPaths: Filtered extension paths: 
TpTrace Verbose: 0 : 6672, 1, 2024/10/25, 21:12:09.022, 21470656992, vstest.console.dll, TestPluginCache.GetExtensionPaths: Added default extension paths: C:\Program Files\dotnet\sdk\8.0.400\Extensions\Microsoft.Diagnostics.NETCore.Client.dll
C:\Program Files\dotnet\sdk\8.0.400\Extensions\Microsoft.TestPlatform.Extensions.BlameDataCollector.dll
C:\Program Files\dotnet\sdk\8.0.400\Extensions\Microsoft.TestPlatform.Extensions.EventLogCollector.dll
C:\Program Files\dotnet\sdk\8.0.400\Extensions\Microsoft.TestPlatform.TestHostRuntimeProvider.dll
C:\Program Files\dotnet\sdk\8.0.400\Extensions\Microsoft.VisualStudio.TestPlatform.Extensions.Html.TestLogger.dll
C:\Program Files\dotnet\sdk\8.0.400\Extensions\Microsoft.VisualStudio.TestPlatform.Extensions.Trx.TestLogger.dll
TpTrace Verbose: 0 : 6672, 1, 2024/10/25, 21:12:09.022, 21470657249, vstest.console.dll, TestPluginCache.GetExtensionPaths: Added unfilterableExtensionPaths: 
TpTrace Information: 0 : 6672, 1, 2024/10/25, 21:12:09.023, 21470665366, vstest.console.dll, AssemblyResolver.ctor: Creating AssemblyResolver with searchDirectories C:\Program Files\dotnet\sdk\8.0.400\Extensions,C:\Program Files\dotnet\sdk\8.0.400
TpTrace Verbose: 0 : 6672, 1, 2024/10/25, 21:12:09.024, 21470680812, vstest.console.dll, TestPluginCache.DiscoverTestExtensions: Discovering the extensions using extension path.
TpTrace Verbose: 0 : 6672, 1, 2024/10/25, 21:12:09.024, 21470682406, vstest.console.dll, TestPluginCache.GetExtensionPaths: Filtered extension paths: 
TpTrace Verbose: 0 : 6672, 1, 2024/10/25, 21:12:09.024, 21470682698, vstest.console.dll, TestPluginCache.GetExtensionPaths: Added default extension paths: C:\Program Files\dotnet\sdk\8.0.400\Extensions\Microsoft.Diagnostics.NETCore.Client.dll
C:\Program Files\dotnet\sdk\8.0.400\Extensions\Microsoft.TestPlatform.Extensions.BlameDataCollector.dll
C:\Program Files\dotnet\sdk\8.0.400\Extensions\Microsoft.TestPlatform.Extensions.EventLogCollector.dll
C:\Program Files\dotnet\sdk\8.0.400\Extensions\Microsoft.TestPlatform.TestHostRuntimeProvider.dll
C:\Program Files\dotnet\sdk\8.0.400\Extensions\Microsoft.VisualStudio.TestPlatform.Extensions.Html.TestLogger.dll
C:\Program Files\dotnet\sdk\8.0.400\Extensions\Microsoft.VisualStudio.TestPlatform.Extensions.Trx.TestLogger.dll
TpTrace Verbose: 0 : 6672, 1, 2024/10/25, 21:12:09.025, 21470682958, vstest.console.dll, TestPluginCache.GetExtensionPaths: Added unfilterableExtensionPaths: 
TpTrace Verbose: 0 : 6672, 1, 2024/10/25, 21:12:09.025, 21470683376, vstest.console.dll, TestPluginCache.DiscoverTestExtensions: Discovering the extensions using allExtensionPaths: C:\Program Files\dotnet\sdk\8.0.400\Extensions\Microsoft.Diagnostics.NETCore.Client.dll
C:\Program Files\dotnet\sdk\8.0.400\Extensions\Microsoft.TestPlatform.Extensions.BlameDataCollector.dll
C:\Program Files\dotnet\sdk\8.0.400\Extensions\Microsoft.TestPlatform.Extensions.EventLogCollector.dll
C:\Program Files\dotnet\sdk\8.0.400\Extensions\Microsoft.TestPlatform.TestHostRuntimeProvider.dll
C:\Program Files\dotnet\sdk\8.0.400\Extensions\Microsoft.VisualStudio.TestPlatform.Extensions.Html.TestLogger.dll
C:\Program Files\dotnet\sdk\8.0.400\Extensions\Microsoft.VisualStudio.TestPlatform.Extensions.Trx.TestLogger.dll
TpTrace Information: 0 : 6672, 1, 2024/10/25, 21:12:09.025, 21470687252, vstest.console.dll, AssemblyResolver.AddSearchDirectories: Adding more searchDirectories C:\Program Files\dotnet\sdk\8.0.400\Extensions,C:\Program Files\dotnet\sdk\8.0.400
TpTrace Information: 0 : 6672, 1, 2024/10/25, 21:12:09.025, 21470688208, vstest.console.dll, AssemblyResolver.AddSearchDirectories: Adding more searchDirectories C:\Program Files\dotnet\sdk\8.0.400\Extensions,C:\Program Files\dotnet\sdk\8.0.400
TpTrace Information: 0 : 6672, 1, 2024/10/25, 21:12:09.025, 21470688504, vstest.console.dll, AssemblyResolver.AddSearchDirectories: Adding more searchDirectories C:\Program Files\dotnet\sdk\8.0.400\Extensions,C:\Program Files\dotnet\sdk\8.0.400
TpTrace Information: 0 : 6672, 1, 2024/10/25, 21:12:09.025, 21470688688, vstest.console.dll, AssemblyResolver.AddSearchDirectories: Adding more searchDirectories C:\Program Files\dotnet\sdk\8.0.400\Extensions,C:\Program Files\dotnet\sdk\8.0.400
TpTrace Information: 0 : 6672, 1, 2024/10/25, 21:12:09.025, 21470688870, vstest.console.dll, AssemblyResolver.AddSearchDirectories: Adding more searchDirectories C:\Program Files\dotnet\sdk\8.0.400\Extensions,C:\Program Files\dotnet\sdk\8.0.400
TpTrace Information: 0 : 6672, 1, 2024/10/25, 21:12:09.025, 21470689145, vstest.console.dll, AssemblyResolver.AddSearchDirectories: Adding more searchDirectories C:\Program Files\dotnet\sdk\8.0.400\Extensions,C:\Program Files\dotnet\sdk\8.0.400
TpTrace Information: 0 : 6672, 1, 2024/10/25, 21:12:09.026, 21470693814, vstest.console.dll, AssemblyResolver.OnResolve: Microsoft.Diagnostics.NETCore.Client: Resolving assembly.
TpTrace Information: 0 : 6672, 1, 2024/10/25, 21:12:09.026, 21470694467, vstest.console.dll, AssemblyResolver.OnResolve: Microsoft.Diagnostics.NETCore.Client: Searching in: 'C:\Program Files\dotnet\sdk\8.0.400\Extensions'.
TpTrace Information: 0 : 6672, 1, 2024/10/25, 21:12:09.034, 21470779457, vstest.console.dll, AssemblyResolver.OnResolve: Microsoft.Diagnostics.NETCore.Client: Loading assembly 'C:\Program Files\dotnet\sdk\8.0.400\Extensions\Microsoft.Diagnostics.NETCore.Client.dll'.
TpTrace Information: 0 : 6672, 1, 2024/10/25, 21:12:09.036, 21470801717, vstest.console.dll, AssemblyResolver.OnResolve: Resolved assembly: Microsoft.Diagnostics.NETCore.Client, from path: C:\Program Files\dotnet\sdk\8.0.400\Extensions\Microsoft.Diagnostics.NETCore.Client.dll
TpTrace Verbose: 0 : 6672, 1, 2024/10/25, 21:12:09.040, 21470842769, vstest.console.dll, MetadataReaderExtensionsHelper: Discovering extensions inside assembly 'Microsoft.Diagnostics.NETCore.Client, Version=0.2.10.30701, Culture=neutral, PublicKeyToken=31bf3856ad364e35' file path 'C:\Program Files\dotnet\sdk\8.0.400\Extensions\Microsoft.Diagnostics.NETCore.Client.dll'
TpTrace Information: 0 : 6672, 1, 2024/10/25, 21:12:09.044, 21470879395, vstest.console.dll, AssemblyResolver.OnResolve: Microsoft.Bcl.AsyncInterfaces: Resolving assembly.
TpTrace Information: 0 : 6672, 1, 2024/10/25, 21:12:09.044, 21470880071, vstest.console.dll, AssemblyResolver.OnResolve: Microsoft.Bcl.AsyncInterfaces: Searching in: 'C:\Program Files\dotnet\sdk\8.0.400\Extensions'.
TpTrace Information: 0 : 6672, 1, 2024/10/25, 21:12:09.044, 21470880615, vstest.console.dll, AssemblyResolver.OnResolve: Microsoft.Bcl.AsyncInterfaces: Assembly path does not exist: 'C:\Program Files\dotnet\sdk\8.0.400\Extensions\Microsoft.Bcl.AsyncInterfaces.dll', returning.
TpTrace Information: 0 : 6672, 1, 2024/10/25, 21:12:09.044, 21470881317, vstest.console.dll, AssemblyResolver.OnResolve: Microsoft.Bcl.AsyncInterfaces: Assembly path does not exist: 'C:\Program Files\dotnet\sdk\8.0.400\Extensions\Microsoft.Bcl.AsyncInterfaces.exe', returning.
TpTrace Information: 0 : 6672, 1, 2024/10/25, 21:12:09.044, 21470881527, vstest.console.dll, AssemblyResolver.OnResolve: Microsoft.Bcl.AsyncInterfaces: Searching in: 'C:\Program Files\dotnet\sdk\8.0.400'.
TpTrace Information: 0 : 6672, 1, 2024/10/25, 21:12:09.044, 21470881843, vstest.console.dll, AssemblyResolver.OnResolve: Microsoft.Bcl.AsyncInterfaces: Assembly path does not exist: 'C:\Program Files\dotnet\sdk\8.0.400\Microsoft.Bcl.AsyncInterfaces.dll', returning.
TpTrace Information: 0 : 6672, 1, 2024/10/25, 21:12:09.044, 21470882151, vstest.console.dll, AssemblyResolver.OnResolve: Microsoft.Bcl.AsyncInterfaces: Assembly path does not exist: 'C:\Program Files\dotnet\sdk\8.0.400\Microsoft.Bcl.AsyncInterfaces.exe', returning.
TpTrace Information: 0 : 6672, 1, 2024/10/25, 21:12:09.044, 21470882290, vstest.console.dll, AssemblyResolver.OnResolve: Microsoft.Bcl.AsyncInterfaces: Failed to load assembly.
TpTrace Verbose: 0 : 6672, 1, 2024/10/25, 21:12:09.044, 21470882503, vstest.console.dll, CurrentDomainAssemblyResolve: Resolving assembly 'Microsoft.Bcl.AsyncInterfaces'.
TpTrace Information: 0 : 6672, 1, 2024/10/25, 21:12:09.045, 21470882880, vstest.console.dll, AssemblyResolver.OnResolve: Microsoft.Bcl.AsyncInterfaces: Resolving assembly.
TpTrace Information: 0 : 6672, 1, 2024/10/25, 21:12:09.045, 21470883084, vstest.console.dll, AssemblyResolver.OnResolve: Microsoft.Bcl.AsyncInterfaces: Resolved from cache.
TpTrace Verbose: 0 : 6672, 1, 2024/10/25, 21:12:09.045, 21470883220, vstest.console.dll, CurrentDomainAssemblyResolve: Resolving assembly 'Microsoft.Bcl.AsyncInterfaces'.
TpTrace Verbose: 0 : 6672, 1, 2024/10/25, 21:12:09.045, 21470883927, vstest.console.dll, CurrentDomainAssemblyResolve: Failed to resolve assembly 'Microsoft.Bcl.AsyncInterfaces'.
TpTrace Verbose: 0 : 6672, 1, 2024/10/25, 21:12:09.051, 21470948841, vstest.console.dll, CurrentDomainAssemblyResolve: Failed to resolve assembly 'Microsoft.Bcl.AsyncInterfaces'.
TpTrace Warning: 0 : 6672, 1, 2024/10/25, 21:12:09.070, 21471132967, vstest.console.dll, TestPluginDiscoverer: Failed to get types from assembly 'Microsoft.Diagnostics.NETCore.Client, Version=0.2.10.30701, Culture=neutral, PublicKeyToken=31bf3856ad364e35'. Error: System.Reflection.ReflectionTypeLoadException: Unable to load one or more of the requested types.
Could not load file or assembly 'Microsoft.Bcl.AsyncInterfaces, Version=6.0.0.0, Culture=neutral, PublicKeyToken=cc7b13ffcd2ddd51'. The system cannot find the file specified.
   at System.Reflection.RuntimeModule.GetTypes(RuntimeModule module)
   at System.Reflection.RuntimeModule.GetTypes()
   at Microsoft.VisualStudio.TestPlatform.Common.ExtensionFramework.TestPluginDiscoverer.GetTestExtensionsFromAssembly[TPluginInfo,TExtension](Assembly assembly, Dictionary`2 pluginInfos, String filePath) in /_/src/Microsoft.TestPlatform.Common/ExtensionFramework/TestPluginDiscoverer.cs:line 158
System.IO.FileNotFoundException: Could not load file or assembly 'Microsoft.Bcl.AsyncInterfaces, Version=6.0.0.0, Culture=neutral, PublicKeyToken=cc7b13ffcd2ddd51'. The system cannot find the file specified.
File name: 'Microsoft.Bcl.AsyncInterfaces, Version=6.0.0.0, Culture=neutral, PublicKeyToken=cc7b13ffcd2ddd51'
 ---> System.IO.FileNotFoundException: Could not load file or assembly 'Microsoft.Bcl.AsyncInterfaces, Culture=neutral, PublicKeyToken=null'. The system cannot find the file specified.
File name: 'Microsoft.Bcl.AsyncInterfaces, Culture=neutral, PublicKeyToken=null'
   at System.Reflection.RuntimeAssembly.InternalLoad(AssemblyName assemblyName, StackCrawlMark& stackMark, AssemblyLoadContext assemblyLoadContext, RuntimeAssembly requestingAssembly, Boolean throwOnFileNotFound)
   at System.Reflection.Assembly.Load(AssemblyName assemblyRef)
   at Microsoft.VisualStudio.TestPlatform.Common.ExtensionFramework.TestPluginCache.CurrentDomainAssemblyResolve(Object sender, AssemblyResolveEventArgs args) in /_/src/Microsoft.TestPlatform.Common/ExtensionFramework/TestPluginCache.cs:line 513
   at System.Runtime.Loader.AssemblyLoadContext.GetFirstResolvedAssemblyFromResolvingEvent(AssemblyName assemblyName)
   at System.Runtime.Loader.AssemblyLoadContext.ResolveUsingEvent(AssemblyName assemblyName)
   at System.Runtime.Loader.AssemblyLoadContext.ResolveUsingResolvingEvent(IntPtr gchManagedAssemblyLoadContext, AssemblyName assemblyName)
TpTrace Warning: 0 : 6672, 1, 2024/10/25, 21:12:09.070, 21471136642, vstest.console.dll, LoaderExceptions: System.IO.FileNotFoundException: Could not load file or assembly 'Microsoft.Bcl.AsyncInterfaces, Version=6.0.0.0, Culture=neutral, PublicKeyToken=cc7b13ffcd2ddd51'. The system cannot find the file specified.
File name: 'Microsoft.Bcl.AsyncInterfaces, Version=6.0.0.0, Culture=neutral, PublicKeyToken=cc7b13ffcd2ddd51'
 ---> System.IO.FileNotFoundException: Could not load file or assembly 'Microsoft.Bcl.AsyncInterfaces, Culture=neutral, PublicKeyToken=null'. The system cannot find the file specified.
File name: 'Microsoft.Bcl.AsyncInterfaces, Culture=neutral, PublicKeyToken=null'
   at System.Reflection.RuntimeAssembly.InternalLoad(AssemblyName assemblyName, StackCrawlMark& stackMark, AssemblyLoadContext assemblyLoadContext, RuntimeAssembly requestingAssembly, Boolean throwOnFileNotFound)
   at System.Reflection.Assembly.Load(AssemblyName assemblyRef)
   at Microsoft.VisualStudio.TestPlatform.Common.ExtensionFramework.TestPluginCache.CurrentDomainAssemblyResolve(Object sender, AssemblyResolveEventArgs args) in /_/src/Microsoft.TestPlatform.Common/ExtensionFramework/TestPluginCache.cs:line 513
   at System.Runtime.Loader.AssemblyLoadContext.GetFirstResolvedAssemblyFromResolvingEvent(AssemblyName assemblyName)
   at System.Runtime.Loader.AssemblyLoadContext.ResolveUsingEvent(AssemblyName assemblyName)
   at System.Runtime.Loader.AssemblyLoadContext.ResolveUsingResolvingEvent(IntPtr gchManagedAssemblyLoadContext, AssemblyName assemblyName)
TpTrace Information: 0 : 6672, 1, 2024/10/25, 21:12:09.070, 21471137941, vstest.console.dll, AssemblyResolver.OnResolve: Microsoft.TestPlatform.Extensions.BlameDataCollector: Resolving assembly.
TpTrace Information: 0 : 6672, 1, 2024/10/25, 21:12:09.070, 21471138238, vstest.console.dll, AssemblyResolver.OnResolve: Microsoft.TestPlatform.Extensions.BlameDataCollector: Searching in: 'C:\Program Files\dotnet\sdk\8.0.400\Extensions'.
TpTrace Information: 0 : 6672, 1, 2024/10/25, 21:12:09.071, 21471148499, vstest.console.dll, AssemblyResolver.OnResolve: Microsoft.TestPlatform.Extensions.BlameDataCollector: Loading assembly 'C:\Program Files\dotnet\sdk\8.0.400\Extensions\Microsoft.TestPlatform.Extensions.BlameDataCollector.dll'.
TpTrace Information: 0 : 6672, 1, 2024/10/25, 21:12:09.072, 21471161189, vstest.console.dll, AssemblyResolver.OnResolve: Resolved assembly: Microsoft.TestPlatform.Extensions.BlameDataCollector, from path: C:\Program Files\dotnet\sdk\8.0.400\Extensions\Microsoft.TestPlatform.Extensions.BlameDataCollector.dll
TpTrace Verbose: 0 : 6672, 1, 2024/10/25, 21:12:09.072, 21471162330, vstest.console.dll, MetadataReaderExtensionsHelper: Discovering extensions inside assembly 'Microsoft.TestPlatform.Extensions.BlameDataCollector, Version=15.0.0.0, Culture=neutral, PublicKeyToken=b03f5f7f11d50a3a' file path 'C:\Program Files\dotnet\sdk\8.0.400\Extensions\Microsoft.TestPlatform.Extensions.BlameDataCollector.dll'
TpTrace Information: 0 : 6672, 1, 2024/10/25, 21:12:09.075, 21471187601, vstest.console.dll, AssemblyResolver.OnResolve: Microsoft.TestPlatform.Extensions.EventLogCollector: Resolving assembly.
TpTrace Information: 0 : 6672, 1, 2024/10/25, 21:12:09.075, 21471188477, vstest.console.dll, AssemblyResolver.OnResolve: Microsoft.TestPlatform.Extensions.EventLogCollector: Searching in: 'C:\Program Files\dotnet\sdk\8.0.400\Extensions'.
TpTrace Information: 0 : 6672, 1, 2024/10/25, 21:12:09.076, 21471200749, vstest.console.dll, AssemblyResolver.OnResolve: Microsoft.TestPlatform.Extensions.EventLogCollector: Loading assembly 'C:\Program Files\dotnet\sdk\8.0.400\Extensions\Microsoft.TestPlatform.Extensions.EventLogCollector.dll'.
TpTrace Information: 0 : 6672, 1, 2024/10/25, 21:12:09.077, 21471206990, vstest.console.dll, AssemblyResolver.OnResolve: Resolved assembly: Microsoft.TestPlatform.Extensions.EventLogCollector, from path: C:\Program Files\dotnet\sdk\8.0.400\Extensions\Microsoft.TestPlatform.Extensions.EventLogCollector.dll
TpTrace Verbose: 0 : 6672, 1, 2024/10/25, 21:12:09.077, 21471207861, vstest.console.dll, MetadataReaderExtensionsHelper: Discovering extensions inside assembly 'Microsoft.TestPlatform.Extensions.EventLogCollector, Version=15.0.0.0, Culture=neutral, PublicKeyToken=b03f5f7f11d50a3a' file path 'C:\Program Files\dotnet\sdk\8.0.400\Extensions\Microsoft.TestPlatform.Extensions.EventLogCollector.dll'
TpTrace Information: 0 : 6672, 1, 2024/10/25, 21:12:09.081, 21471245365, vstest.console.dll, AssemblyResolver.OnResolve: Microsoft.TestPlatform.TestHostRuntimeProvider: Resolving assembly.
TpTrace Information: 0 : 6672, 1, 2024/10/25, 21:12:09.081, 21471246259, vstest.console.dll, AssemblyResolver.OnResolve: Microsoft.TestPlatform.TestHostRuntimeProvider: Searching in: 'C:\Program Files\dotnet\sdk\8.0.400\Extensions'.
TpTrace Information: 0 : 6672, 1, 2024/10/25, 21:12:09.082, 21471256264, vstest.console.dll, AssemblyResolver.OnResolve: Microsoft.TestPlatform.TestHostRuntimeProvider: Loading assembly 'C:\Program Files\dotnet\sdk\8.0.400\Extensions\Microsoft.TestPlatform.TestHostRuntimeProvider.dll'.
TpTrace Information: 0 : 6672, 1, 2024/10/25, 21:12:09.084, 21471273870, vstest.console.dll, AssemblyResolver.OnResolve: Resolved assembly: Microsoft.TestPlatform.TestHostRuntimeProvider, from path: C:\Program Files\dotnet\sdk\8.0.400\Extensions\Microsoft.TestPlatform.TestHostRuntimeProvider.dll
TpTrace Verbose: 0 : 6672, 1, 2024/10/25, 21:12:09.084, 21471274861, vstest.console.dll, MetadataReaderExtensionsHelper: Discovering extensions inside assembly 'Microsoft.TestPlatform.TestHostRuntimeProvider, Version=15.0.0.0, Culture=neutral, PublicKeyToken=b03f5f7f11d50a3a' file path 'C:\Program Files\dotnet\sdk\8.0.400\Extensions\Microsoft.TestPlatform.TestHostRuntimeProvider.dll'
TpTrace Information: 0 : 6672, 1, 2024/10/25, 21:12:09.086, 21471301272, vstest.console.dll, GetTestExtensionFromType: Register extension with identifier data 'HostProvider://DefaultTestHost' and type 'Microsoft.VisualStudio.TestPlatform.CrossPlatEngine.Hosting.DefaultTestHostManager, Microsoft.TestPlatform.TestHostRuntimeProvider, Version=15.0.0.0, Culture=neutral, PublicKeyToken=b03f5f7f11d50a3a' inside file 'C:\Program Files\dotnet\sdk\8.0.400\Extensions\Microsoft.TestPlatform.TestHostRuntimeProvider.dll'
TpTrace Information: 0 : 6672, 1, 2024/10/25, 21:12:09.087, 21471303736, vstest.console.dll, GetTestExtensionFromType: Register extension with identifier data 'HostProvider://DotnetTestHost' and type 'Microsoft.VisualStudio.TestPlatform.CrossPlatEngine.Hosting.DotnetTestHostManager, Microsoft.TestPlatform.TestHostRuntimeProvider, Version=15.0.0.0, Culture=neutral, PublicKeyToken=b03f5f7f11d50a3a' inside file 'C:\Program Files\dotnet\sdk\8.0.400\Extensions\Microsoft.TestPlatform.TestHostRuntimeProvider.dll'
TpTrace Information: 0 : 6672, 1, 2024/10/25, 21:12:09.087, 21471304352, vstest.console.dll, AssemblyResolver.OnResolve: Microsoft.VisualStudio.TestPlatform.Extensions.Html.TestLogger: Resolving assembly.
TpTrace Information: 0 : 6672, 1, 2024/10/25, 21:12:09.087, 21471304559, vstest.console.dll, AssemblyResolver.OnResolve: Microsoft.VisualStudio.TestPlatform.Extensions.Html.TestLogger: Searching in: 'C:\Program Files\dotnet\sdk\8.0.400\Extensions'.
TpTrace Information: 0 : 6672, 1, 2024/10/25, 21:12:09.087, 21471312813, vstest.console.dll, AssemblyResolver.OnResolve: Microsoft.VisualStudio.TestPlatform.Extensions.Html.TestLogger: Loading assembly 'C:\Program Files\dotnet\sdk\8.0.400\Extensions\Microsoft.VisualStudio.TestPlatform.Extensions.Html.TestLogger.dll'.
TpTrace Information: 0 : 6672, 1, 2024/10/25, 21:12:09.089, 21471322921, vstest.console.dll, AssemblyResolver.OnResolve: Resolved assembly: Microsoft.VisualStudio.TestPlatform.Extensions.Html.TestLogger, from path: C:\Program Files\dotnet\sdk\8.0.400\Extensions\Microsoft.VisualStudio.TestPlatform.Extensions.Html.TestLogger.dll
TpTrace Verbose: 0 : 6672, 1, 2024/10/25, 21:12:09.089, 21471323855, vstest.console.dll, MetadataReaderExtensionsHelper: Discovering extensions inside assembly 'Microsoft.VisualStudio.TestPlatform.Extensions.Html.TestLogger, Version=15.0.0.0, Culture=neutral, PublicKeyToken=b03f5f7f11d50a3a' file path 'C:\Program Files\dotnet\sdk\8.0.400\Extensions\Microsoft.VisualStudio.TestPlatform.Extensions.Html.TestLogger.dll'
TpTrace Information: 0 : 6672, 1, 2024/10/25, 21:12:09.091, 21471345316, vstest.console.dll, AssemblyResolver.OnResolve: Microsoft.VisualStudio.TestPlatform.Extensions.Trx.TestLogger: Resolving assembly.
TpTrace Information: 0 : 6672, 1, 2024/10/25, 21:12:09.091, 21471345834, vstest.console.dll, AssemblyResolver.OnResolve: Microsoft.VisualStudio.TestPlatform.Extensions.Trx.TestLogger: Searching in: 'C:\Program Files\dotnet\sdk\8.0.400\Extensions'.
TpTrace Information: 0 : 6672, 1, 2024/10/25, 21:12:09.092, 21471358170, vstest.console.dll, AssemblyResolver.OnResolve: Microsoft.VisualStudio.TestPlatform.Extensions.Trx.TestLogger: Loading assembly 'C:\Program Files\dotnet\sdk\8.0.400\Extensions\Microsoft.VisualStudio.TestPlatform.Extensions.Trx.TestLogger.dll'.
TpTrace Information: 0 : 6672, 1, 2024/10/25, 21:12:09.093, 21471372652, vstest.console.dll, AssemblyResolver.OnResolve: Resolved assembly: Microsoft.VisualStudio.TestPlatform.Extensions.Trx.TestLogger, from path: C:\Program Files\dotnet\sdk\8.0.400\Extensions\Microsoft.VisualStudio.TestPlatform.Extensions.Trx.TestLogger.dll
TpTrace Verbose: 0 : 6672, 1, 2024/10/25, 21:12:09.094, 21471373873, vstest.console.dll, MetadataReaderExtensionsHelper: Discovering extensions inside assembly 'Microsoft.VisualStudio.TestPlatform.Extensions.Trx.TestLogger, Version=15.0.0.0, Culture=neutral, PublicKeyToken=b03f5f7f11d50a3a' file path 'C:\Program Files\dotnet\sdk\8.0.400\Extensions\Microsoft.VisualStudio.TestPlatform.Extensions.Trx.TestLogger.dll'
TpTrace Verbose: 0 : 6672, 1, 2024/10/25, 21:12:09.096, 21471395657, vstest.console.dll, TestPluginCache: Discovered the extensions using extension path ''.
TpTrace Verbose: 0 : 6672, 1, 2024/10/25, 21:12:09.096, 21471396428, vstest.console.dll, TestPluginCache: Discoverers are ''.
TpTrace Verbose: 0 : 6672, 1, 2024/10/25, 21:12:09.096, 21471396629, vstest.console.dll, TestPluginCache: Executors are ''.
TpTrace Verbose: 0 : 6672, 1, 2024/10/25, 21:12:09.096, 21471396795, vstest.console.dll, TestPluginCache: Executors2 are ''.
TpTrace Verbose: 0 : 6672, 1, 2024/10/25, 21:12:09.096, 21471396957, vstest.console.dll, TestPluginCache: Setting providers are ''.
TpTrace Verbose: 0 : 6672, 1, 2024/10/25, 21:12:09.096, 21471397127, vstest.console.dll, TestPluginCache: Loggers are ''.
TpTrace Verbose: 0 : 6672, 1, 2024/10/25, 21:12:09.096, 21471398947, vstest.console.dll, TestPluginCache: TestHosts are 'HostProvider://DefaultTestHost,HostProvider://DotnetTestHost'.
TpTrace Verbose: 0 : 6672, 1, 2024/10/25, 21:12:09.096, 21471399256, vstest.console.dll, TestPluginCache: DataCollectors are ''.
TpTrace Information: 0 : 6672, 1, 2024/10/25, 21:12:09.120, 21471633164, vstest.console.dll, RunTestsArgumentProcessor:Execute: Test run is starting.
TpTrace Verbose: 0 : 6672, 1, 2024/10/25, 21:12:09.120, 21471634090, vstest.console.dll, RunTestsArgumentProcessor:Execute: Queuing Test run.
TpTrace Information: 0 : 6672, 1, 2024/10/25, 21:12:09.120, 21471636415, vstest.console.dll, TestRequestManager.RunTests: run tests started.
TpTrace Information: 0 : 6672, 1, 2024/10/25, 21:12:09.121, 21471647672, vstest.console.dll, AssemblyMetadataProvider.GetFrameworkName: Determined framework:'.NETCoreApp,Version=v8.0' for source: 'D:\C_sharp and dot net projects\Day33\InsuraceClaimSolution\InsuranceClaimTest\bin\Debug\net8.0\fine-code-coverage\build-output\InsuranceClaimTest.dll'
TpTrace Information: 0 : 6672, 1, 2024/10/25, 21:12:09.121, 21471649386, vstest.console.dll, Determined framework for all sources: .NETCoreApp,Version=v8.0
TpTrace Verbose: 0 : 6672, 1, 2024/10/25, 21:12:09.121, 21471652573, vstest.console.dll, TestRequestManager.UpdateRunSettingsIfRequired: Default architecture: X64 IsDefaultTargetArchitecture: True, Current process architecture: X64 OperatingSystem: Windows.
TpTrace Information: 0 : 6672, 1, 2024/10/25, 21:12:09.123, 21471667197, vstest.console.dll, AssemblyMetadataProvider.GetArchitecture: Determined architecture:AnyCPU info for assembly: D:\C_sharp and dot net projects\Day33\InsuraceClaimSolution\InsuranceClaimTest\bin\Debug\net8.0\fine-code-coverage\build-output\InsuranceClaimTest.dll
TpTrace Information: 0 : 6672, 1, 2024/10/25, 21:12:09.123, 21471667721, vstest.console.dll, Determined platform for source 'D:\C_sharp and dot net projects\Day33\InsuraceClaimSolution\InsuranceClaimTest\bin\Debug\net8.0\fine-code-coverage\build-output\InsuranceClaimTest.dll' was AnyCPU and it will use the default plaform X64.
TpTrace Information: 0 : 6672, 1, 2024/10/25, 21:12:09.123, 21471667897, vstest.console.dll, None of the sources provided any runnable platform, using the default platform: X64
TpTrace Information: 0 : 6672, 1, 2024/10/25, 21:12:09.123, 21471668584, vstest.console.dll, Platform was updated to 'X64'.
TpTrace Information: 0 : 6672, 1, 2024/10/25, 21:12:09.127, 21471707117, vstest.console.dll, InferRunSettingsHelper.IsTestSettingsEnabled: Unable to navigate to RunSettings/MSTest. Current node: RunSettings
TpTrace Information: 0 : 6672, 1, 2024/10/25, 21:12:09.128, 21471717246, vstest.console.dll, AssemblyResolver.OnResolve: Microsoft.VisualStudio.TestPlatform.Fakes: Resolving assembly.
TpTrace Information: 0 : 6672, 1, 2024/10/25, 21:12:09.128, 21471717956, vstest.console.dll, AssemblyResolver.OnResolve: Microsoft.VisualStudio.TestPlatform.Fakes: Searching in: 'C:\Program Files\dotnet\sdk\8.0.400\Extensions'.
TpTrace Information: 0 : 6672, 1, 2024/10/25, 21:12:09.128, 21471718614, vstest.console.dll, AssemblyResolver.OnResolve: Microsoft.VisualStudio.TestPlatform.Fakes: Assembly path does not exist: 'C:\Program Files\dotnet\sdk\8.0.400\Extensions\Microsoft.VisualStudio.TestPlatform.Fakes.dll', returning.
TpTrace Information: 0 : 6672, 1, 2024/10/25, 21:12:09.128, 21471718995, vstest.console.dll, AssemblyResolver.OnResolve: Microsoft.VisualStudio.TestPlatform.Fakes: Assembly path does not exist: 'C:\Program Files\dotnet\sdk\8.0.400\Extensions\Microsoft.VisualStudio.TestPlatform.Fakes.exe', returning.
TpTrace Information: 0 : 6672, 1, 2024/10/25, 21:12:09.128, 21471719143, vstest.console.dll, AssemblyResolver.OnResolve: Microsoft.VisualStudio.TestPlatform.Fakes: Searching in: 'C:\Program Files\dotnet\sdk\8.0.400'.
TpTrace Information: 0 : 6672, 1, 2024/10/25, 21:12:09.128, 21471719479, vstest.console.dll, AssemblyResolver.OnResolve: Microsoft.VisualStudio.TestPlatform.Fakes: Assembly path does not exist: 'C:\Program Files\dotnet\sdk\8.0.400\Microsoft.VisualStudio.TestPlatform.Fakes.dll', returning.
TpTrace Information: 0 : 6672, 1, 2024/10/25, 21:12:09.128, 21471719738, vstest.console.dll, AssemblyResolver.OnResolve: Microsoft.VisualStudio.TestPlatform.Fakes: Assembly path does not exist: 'C:\Program Files\dotnet\sdk\8.0.400\Microsoft.VisualStudio.TestPlatform.Fakes.exe', returning.
TpTrace Information: 0 : 6672, 1, 2024/10/25, 21:12:09.128, 21471719924, vstest.console.dll, AssemblyResolver.OnResolve: Microsoft.VisualStudio.TestPlatform.Fakes: Failed to load assembly.
TpTrace Information: 0 : 6672, 1, 2024/10/25, 21:12:09.128, 21471722101, vstest.console.dll, Failed to load assembly Microsoft.VisualStudio.TestPlatform.Fakes, Version=17.0.0.0, Culture=neutral. Reason:System.IO.FileNotFoundException: Could not load file or assembly 'Microsoft.VisualStudio.TestPlatform.Fakes, Version=17.0.0.0, Culture=neutral, PublicKeyToken=null'. The system cannot find the file specified.
File name: 'Microsoft.VisualStudio.TestPlatform.Fakes, Version=17.0.0.0, Culture=neutral, PublicKeyToken=null'
   at System.Reflection.RuntimeAssembly.InternalLoad(AssemblyName assemblyName, StackCrawlMark& stackMark, AssemblyLoadContext assemblyLoadContext, RuntimeAssembly requestingAssembly, Boolean throwOnFileNotFound)
   at System.Reflection.Assembly.Load(AssemblyName assemblyRef)
   at Microsoft.VisualStudio.TestPlatform.Common.Utilities.FakesUtilities.LoadTestPlatformAssembly() in /_/src/Microsoft.TestPlatform.Common/Utilities/FakesUtilities.cs:line 272
TpTrace Verbose: 0 : 6672, 1, 2024/10/25, 21:12:09.132, 21471755478, vstest.console.dll, TestPluginCache.DiscoverTestExtensions: finding test extensions in assemblies ends with: TestLogger.dll TPluginInfo: Microsoft.VisualStudio.TestPlatform.Common.ExtensionFramework.Utilities.TestLoggerPluginInformation TExtension: Microsoft.VisualStudio.TestPlatform.ObjectModel.Client.ITestLogger
TpTrace Verbose: 0 : 6672, 1, 2024/10/25, 21:12:09.132, 21471756469, vstest.console.dll, TestPluginCache.GetExtensionPaths: Filtered extension paths: 
TpTrace Verbose: 0 : 6672, 1, 2024/10/25, 21:12:09.132, 21471756740, vstest.console.dll, TestPluginCache.GetExtensionPaths: Added default extension paths: C:\Program Files\dotnet\sdk\8.0.400\Extensions\Microsoft.Diagnostics.NETCore.Client.dll
C:\Program Files\dotnet\sdk\8.0.400\Extensions\Microsoft.TestPlatform.Extensions.BlameDataCollector.dll
C:\Program Files\dotnet\sdk\8.0.400\Extensions\Microsoft.TestPlatform.Extensions.EventLogCollector.dll
C:\Program Files\dotnet\sdk\8.0.400\Extensions\Microsoft.TestPlatform.TestHostRuntimeProvider.dll
C:\Program Files\dotnet\sdk\8.0.400\Extensions\Microsoft.VisualStudio.TestPlatform.Extensions.Html.TestLogger.dll
C:\Program Files\dotnet\sdk\8.0.400\Extensions\Microsoft.VisualStudio.TestPlatform.Extensions.Trx.TestLogger.dll
TpTrace Verbose: 0 : 6672, 1, 2024/10/25, 21:12:09.132, 21471756953, vstest.console.dll, TestPluginCache.GetExtensionPaths: Added unfilterableExtensionPaths: 
TpTrace Information: 0 : 6672, 1, 2024/10/25, 21:12:09.132, 21471757932, vstest.console.dll, AssemblyResolver.AddSearchDirectories: Adding more searchDirectories C:\Program Files\dotnet\sdk\8.0.400\Extensions,C:\Program Files\dotnet\sdk\8.0.400
TpTrace Verbose: 0 : 6672, 1, 2024/10/25, 21:12:09.132, 21471758160, vstest.console.dll, TestPluginCache.DiscoverTestExtensions: Discovering the extensions using extension path.
TpTrace Verbose: 0 : 6672, 1, 2024/10/25, 21:12:09.132, 21471758331, vstest.console.dll, TestPluginCache.GetExtensionPaths: Filtered extension paths: 
TpTrace Verbose: 0 : 6672, 1, 2024/10/25, 21:12:09.132, 21471758548, vstest.console.dll, TestPluginCache.GetExtensionPaths: Added default extension paths: C:\Program Files\dotnet\sdk\8.0.400\Extensions\Microsoft.Diagnostics.NETCore.Client.dll
C:\Program Files\dotnet\sdk\8.0.400\Extensions\Microsoft.TestPlatform.Extensions.BlameDataCollector.dll
C:\Program Files\dotnet\sdk\8.0.400\Extensions\Microsoft.TestPlatform.Extensions.EventLogCollector.dll
C:\Program Files\dotnet\sdk\8.0.400\Extensions\Microsoft.TestPlatform.TestHostRuntimeProvider.dll
C:\Program Files\dotnet\sdk\8.0.400\Extensions\Microsoft.VisualStudio.TestPlatform.Extensions.Html.TestLogger.dll
C:\Program Files\dotnet\sdk\8.0.400\Extensions\Microsoft.VisualStudio.TestPlatform.Extensions.Trx.TestLogger.dll
TpTrace Verbose: 0 : 6672, 1, 2024/10/25, 21:12:09.132, 21471758709, vstest.console.dll, TestPluginCache.GetExtensionPaths: Added unfilterableExtensionPaths: 
TpTrace Verbose: 0 : 6672, 1, 2024/10/25, 21:12:09.132, 21471758920, vstest.console.dll, TestPluginCache.DiscoverTestExtensions: Discovering the extensions using allExtensionPaths: C:\Program Files\dotnet\sdk\8.0.400\Extensions\Microsoft.Diagnostics.NETCore.Client.dll
C:\Program Files\dotnet\sdk\8.0.400\Extensions\Microsoft.TestPlatform.Extensions.BlameDataCollector.dll
C:\Program Files\dotnet\sdk\8.0.400\Extensions\Microsoft.TestPlatform.Extensions.EventLogCollector.dll
C:\Program Files\dotnet\sdk\8.0.400\Extensions\Microsoft.TestPlatform.TestHostRuntimeProvider.dll
C:\Program Files\dotnet\sdk\8.0.400\Extensions\Microsoft.VisualStudio.TestPlatform.Extensions.Html.TestLogger.dll
C:\Program Files\dotnet\sdk\8.0.400\Extensions\Microsoft.VisualStudio.TestPlatform.Extensions.Trx.TestLogger.dll
TpTrace Information: 0 : 6672, 1, 2024/10/25, 21:12:09.132, 21471759615, vstest.console.dll, AssemblyResolver.AddSearchDirectories: Adding more searchDirectories C:\Program Files\dotnet\sdk\8.0.400\Extensions,C:\Program Files\dotnet\sdk\8.0.400
TpTrace Information: 0 : 6672, 1, 2024/10/25, 21:12:09.132, 21471759842, vstest.console.dll, AssemblyResolver.AddSearchDirectories: Adding more searchDirectories C:\Program Files\dotnet\sdk\8.0.400\Extensions,C:\Program Files\dotnet\sdk\8.0.400
TpTrace Information: 0 : 6672, 1, 2024/10/25, 21:12:09.132, 21471760002, vstest.console.dll, AssemblyResolver.AddSearchDirectories: Adding more searchDirectories C:\Program Files\dotnet\sdk\8.0.400\Extensions,C:\Program Files\dotnet\sdk\8.0.400
TpTrace Information: 0 : 6672, 1, 2024/10/25, 21:12:09.132, 21471760153, vstest.console.dll, AssemblyResolver.AddSearchDirectories: Adding more searchDirectories C:\Program Files\dotnet\sdk\8.0.400\Extensions,C:\Program Files\dotnet\sdk\8.0.400
TpTrace Information: 0 : 6672, 1, 2024/10/25, 21:12:09.132, 21471760309, vstest.console.dll, AssemblyResolver.AddSearchDirectories: Adding more searchDirectories C:\Program Files\dotnet\sdk\8.0.400\Extensions,C:\Program Files\dotnet\sdk\8.0.400
TpTrace Information: 0 : 6672, 1, 2024/10/25, 21:12:09.132, 21471760503, vstest.console.dll, AssemblyResolver.AddSearchDirectories: Adding more searchDirectories C:\Program Files\dotnet\sdk\8.0.400\Extensions,C:\Program Files\dotnet\sdk\8.0.400
TpTrace Verbose: 0 : 6672, 1, 2024/10/25, 21:12:09.132, 21471761359, vstest.console.dll, MetadataReaderExtensionsHelper: Discovering extensions inside assembly 'Microsoft.Diagnostics.NETCore.Client, Version=0.2.10.30701, Culture=neutral, PublicKeyToken=31bf3856ad364e35' file path 'C:\Program Files\dotnet\sdk\8.0.400\Extensions\Microsoft.Diagnostics.NETCore.Client.dll'
TpTrace Information: 0 : 6672, 1, 2024/10/25, 21:12:09.133, 21471771090, vstest.console.dll, AssemblyResolver.OnResolve: Microsoft.Bcl.AsyncInterfaces: Resolving assembly.
TpTrace Information: 0 : 6672, 1, 2024/10/25, 21:12:09.133, 21471771807, vstest.console.dll, AssemblyResolver.OnResolve: Microsoft.Bcl.AsyncInterfaces: Resolved from cache.
TpTrace Verbose: 0 : 6672, 1, 2024/10/25, 21:12:09.133, 21471772041, vstest.console.dll, CurrentDomainAssemblyResolve: Resolving assembly 'Microsoft.Bcl.AsyncInterfaces'.
TpTrace Information: 0 : 6672, 1, 2024/10/25, 21:12:09.133, 21471772422, vstest.console.dll, AssemblyResolver.OnResolve: Microsoft.Bcl.AsyncInterfaces: Resolving assembly.
TpTrace Information: 0 : 6672, 1, 2024/10/25, 21:12:09.133, 21471772570, vstest.console.dll, AssemblyResolver.OnResolve: Microsoft.Bcl.AsyncInterfaces: Resolved from cache.
TpTrace Verbose: 0 : 6672, 1, 2024/10/25, 21:12:09.133, 21471772715, vstest.console.dll, CurrentDomainAssemblyResolve: Resolving assembly 'Microsoft.Bcl.AsyncInterfaces'.
TpTrace Verbose: 0 : 6672, 1, 2024/10/25, 21:12:09.133, 21471772858, vstest.console.dll, CurrentDomainAssemblyResolve: Failed to resolve assembly 'Microsoft.Bcl.AsyncInterfaces'.
TpTrace Verbose: 0 : 6672, 1, 2024/10/25, 21:12:09.134, 21471774043, vstest.console.dll, CurrentDomainAssemblyResolve: Failed to resolve assembly 'Microsoft.Bcl.AsyncInterfaces'.
TpTrace Warning: 0 : 6672, 1, 2024/10/25, 21:12:09.134, 21471776694, vstest.console.dll, TestPluginDiscoverer: Failed to get types from assembly 'Microsoft.Diagnostics.NETCore.Client, Version=0.2.10.30701, Culture=neutral, PublicKeyToken=31bf3856ad364e35'. Error: System.Reflection.ReflectionTypeLoadException: Unable to load one or more of the requested types.
Could not load file or assembly 'Microsoft.Bcl.AsyncInterfaces, Version=6.0.0.0, Culture=neutral, PublicKeyToken=cc7b13ffcd2ddd51'. The system cannot find the file specified.
   at System.Reflection.RuntimeModule.GetTypes(RuntimeModule module)
   at System.Reflection.RuntimeModule.GetTypes()
   at Microsoft.VisualStudio.TestPlatform.Common.ExtensionFramework.TestPluginDiscoverer.GetTestExtensionsFromAssembly[TPluginInfo,TExtension](Assembly assembly, Dictionary`2 pluginInfos, String filePath) in /_/src/Microsoft.TestPlatform.Common/ExtensionFramework/TestPluginDiscoverer.cs:line 158
System.IO.FileNotFoundException: Could not load file or assembly 'Microsoft.Bcl.AsyncInterfaces, Version=6.0.0.0, Culture=neutral, PublicKeyToken=cc7b13ffcd2ddd51'. The system cannot find the file specified.
File name: 'Microsoft.Bcl.AsyncInterfaces, Version=6.0.0.0, Culture=neutral, PublicKeyToken=cc7b13ffcd2ddd51'
 ---> System.IO.FileNotFoundException: Could not load file or assembly 'Microsoft.Bcl.AsyncInterfaces, Culture=neutral, PublicKeyToken=null'. The system cannot find the file specified.
File name: 'Microsoft.Bcl.AsyncInterfaces, Culture=neutral, PublicKeyToken=null'
   at System.Reflection.RuntimeAssembly.InternalLoad(AssemblyName assemblyName, StackCrawlMark& stackMark, AssemblyLoadContext assemblyLoadContext, RuntimeAssembly requestingAssembly, Boolean throwOnFileNotFound)
   at System.Reflection.Assembly.Load(AssemblyName assemblyRef)
   at Microsoft.VisualStudio.TestPlatform.Common.ExtensionFramework.TestPluginCache.CurrentDomainAssemblyResolve(Object sender, AssemblyResolveEventArgs args) in /_/src/Microsoft.TestPlatform.Common/ExtensionFramework/TestPluginCache.cs:line 513
   at System.Runtime.Loader.AssemblyLoadContext.GetFirstResolvedAssemblyFromResolvingEvent(AssemblyName assemblyName)
   at System.Runtime.Loader.AssemblyLoadContext.ResolveUsingEvent(AssemblyName assemblyName)
   at System.Runtime.Loader.AssemblyLoadContext.ResolveUsingResolvingEvent(IntPtr gchManagedAssemblyLoadContext, AssemblyName assemblyName)
TpTrace Warning: 0 : 6672, 1, 2024/10/25, 21:12:09.134, 21471778202, vstest.console.dll, LoaderExceptions: System.IO.FileNotFoundException: Could not load file or assembly 'Microsoft.Bcl.AsyncInterfaces, Version=6.0.0.0, Culture=neutral, PublicKeyToken=cc7b13ffcd2ddd51'. The system cannot find the file specified.
File name: 'Microsoft.Bcl.AsyncInterfaces, Version=6.0.0.0, Culture=neutral, PublicKeyToken=cc7b13ffcd2ddd51'
 ---> System.IO.FileNotFoundException: Could not load file or assembly 'Microsoft.Bcl.AsyncInterfaces, Culture=neutral, PublicKeyToken=null'. The system cannot find the file specified.
File name: 'Microsoft.Bcl.AsyncInterfaces, Culture=neutral, PublicKeyToken=null'
   at System.Reflection.RuntimeAssembly.InternalLoad(AssemblyName assemblyName, StackCrawlMark& stackMark, AssemblyLoadContext assemblyLoadContext, RuntimeAssembly requestingAssembly, Boolean throwOnFileNotFound)
   at System.Reflection.Assembly.Load(AssemblyName assemblyRef)
   at Microsoft.VisualStudio.TestPlatform.Common.ExtensionFramework.TestPluginCache.CurrentDomainAssemblyResolve(Object sender, AssemblyResolveEventArgs args) in /_/src/Microsoft.TestPlatform.Common/ExtensionFramework/TestPluginCache.cs:line 513
   at System.Runtime.Loader.AssemblyLoadContext.GetFirstResolvedAssemblyFromResolvingEvent(AssemblyName assemblyName)
   at System.Runtime.Loader.AssemblyLoadContext.ResolveUsingEvent(AssemblyName assemblyName)
   at System.Runtime.Loader.AssemblyLoadContext.ResolveUsingResolvingEvent(IntPtr gchManagedAssemblyLoadContext, AssemblyName assemblyName)
TpTrace Verbose: 0 : 6672, 1, 2024/10/25, 21:12:09.134, 21471778790, vstest.console.dll, MetadataReaderExtensionsHelper: Discovering extensions inside assembly 'Microsoft.TestPlatform.Extensions.BlameDataCollector, Version=15.0.0.0, Culture=neutral, PublicKeyToken=b03f5f7f11d50a3a' file path 'C:\Program Files\dotnet\sdk\8.0.400\Extensions\Microsoft.TestPlatform.Extensions.BlameDataCollector.dll'
TpTrace Information: 0 : 6672, 1, 2024/10/25, 21:12:09.135, 21471785722, vstest.console.dll, GetTestExtensionFromType: Register extension with identifier data 'logger://Microsoft/TestPlatform/Extensions/Blame/v1' and type 'Microsoft.TestPlatform.Extensions.BlameDataCollector.BlameLogger, Microsoft.TestPlatform.Extensions.BlameDataCollector, Version=15.0.0.0, Culture=neutral, PublicKeyToken=b03f5f7f11d50a3a' inside file 'C:\Program Files\dotnet\sdk\8.0.400\Extensions\Microsoft.TestPlatform.Extensions.BlameDataCollector.dll'
TpTrace Verbose: 0 : 6672, 1, 2024/10/25, 21:12:09.135, 21471786759, vstest.console.dll, MetadataReaderExtensionsHelper: Discovering extensions inside assembly 'Microsoft.TestPlatform.Extensions.EventLogCollector, Version=15.0.0.0, Culture=neutral, PublicKeyToken=b03f5f7f11d50a3a' file path 'C:\Program Files\dotnet\sdk\8.0.400\Extensions\Microsoft.TestPlatform.Extensions.EventLogCollector.dll'
TpTrace Verbose: 0 : 6672, 1, 2024/10/25, 21:12:09.135, 21471792161, vstest.console.dll, MetadataReaderExtensionsHelper: Discovering extensions inside assembly 'Microsoft.TestPlatform.TestHostRuntimeProvider, Version=15.0.0.0, Culture=neutral, PublicKeyToken=b03f5f7f11d50a3a' file path 'C:\Program Files\dotnet\sdk\8.0.400\Extensions\Microsoft.TestPlatform.TestHostRuntimeProvider.dll'
TpTrace Verbose: 0 : 6672, 1, 2024/10/25, 21:12:09.136, 21471798125, vstest.console.dll, MetadataReaderExtensionsHelper: Discovering extensions inside assembly 'Microsoft.VisualStudio.TestPlatform.Extensions.Html.TestLogger, Version=15.0.0.0, Culture=neutral, PublicKeyToken=b03f5f7f11d50a3a' file path 'C:\Program Files\dotnet\sdk\8.0.400\Extensions\Microsoft.VisualStudio.TestPlatform.Extensions.Html.TestLogger.dll'
TpTrace Information: 0 : 6672, 1, 2024/10/25, 21:12:09.137, 21471806278, vstest.console.dll, GetTestExtensionFromType: Register extension with identifier data 'logger://Microsoft/TestPlatform/HtmlLogger/v1' and type 'Microsoft.VisualStudio.TestPlatform.Extensions.HtmlLogger.HtmlLogger, Microsoft.VisualStudio.TestPlatform.Extensions.Html.TestLogger, Version=15.0.0.0, Culture=neutral, PublicKeyToken=b03f5f7f11d50a3a' inside file 'C:\Program Files\dotnet\sdk\8.0.400\Extensions\Microsoft.VisualStudio.TestPlatform.Extensions.Html.TestLogger.dll'
TpTrace Verbose: 0 : 6672, 1, 2024/10/25, 21:12:09.137, 21471806952, vstest.console.dll, MetadataReaderExtensionsHelper: Discovering extensions inside assembly 'Microsoft.VisualStudio.TestPlatform.Extensions.Trx.TestLogger, Version=15.0.0.0, Culture=neutral, PublicKeyToken=b03f5f7f11d50a3a' file path 'C:\Program Files\dotnet\sdk\8.0.400\Extensions\Microsoft.VisualStudio.TestPlatform.Extensions.Trx.TestLogger.dll'
TpTrace Information: 0 : 6672, 1, 2024/10/25, 21:12:09.138, 21471813035, vstest.console.dll, GetTestExtensionFromType: Register extension with identifier data 'logger://Microsoft/TestPlatform/TrxLogger/v1' and type 'Microsoft.VisualStudio.TestPlatform.Extensions.TrxLogger.TrxLogger, Microsoft.VisualStudio.TestPlatform.Extensions.Trx.TestLogger, Version=15.0.0.0, Culture=neutral, PublicKeyToken=b03f5f7f11d50a3a' inside file 'C:\Program Files\dotnet\sdk\8.0.400\Extensions\Microsoft.VisualStudio.TestPlatform.Extensions.Trx.TestLogger.dll'
TpTrace Verbose: 0 : 6672, 1, 2024/10/25, 21:12:09.138, 21471813948, vstest.console.dll, TestPluginCache: Discovered the extensions using extension path ''.
TpTrace Verbose: 0 : 6672, 1, 2024/10/25, 21:12:09.138, 21471814141, vstest.console.dll, TestPluginCache: Discoverers are ''.
TpTrace Verbose: 0 : 6672, 1, 2024/10/25, 21:12:09.138, 21471814517, vstest.console.dll, TestPluginCache: Executors are ''.
TpTrace Verbose: 0 : 6672, 1, 2024/10/25, 21:12:09.138, 21471814672, vstest.console.dll, TestPluginCache: Executors2 are ''.
TpTrace Verbose: 0 : 6672, 1, 2024/10/25, 21:12:09.138, 21471814807, vstest.console.dll, TestPluginCache: Setting providers are ''.
TpTrace Verbose: 0 : 6672, 1, 2024/10/25, 21:12:09.138, 21471815320, vstest.console.dll, TestPluginCache: Loggers are 'logger://Microsoft/TestPlatform/Extensions/Blame/v1,logger://Microsoft/TestPlatform/HtmlLogger/v1,logger://Microsoft/TestPlatform/TrxLogger/v1'.
TpTrace Verbose: 0 : 6672, 1, 2024/10/25, 21:12:09.138, 21471815832, vstest.console.dll, TestPluginCache: TestHosts are 'HostProvider://DefaultTestHost,HostProvider://DotnetTestHost'.
TpTrace Verbose: 0 : 6672, 1, 2024/10/25, 21:12:09.138, 21471819142, vstest.console.dll, TestPluginCache: DataCollectors are ''.
TpTrace Information: 0 : 6672, 1, 2024/10/25, 21:12:09.139, 21471829043, vstest.console.dll, TestPluginManager.CreateTestExtension: Attempting to load test extension: Microsoft.TestPlatform.Extensions.BlameDataCollector.BlameLogger
TpTrace Verbose: 0 : 6672, 1, 2024/10/25, 21:12:09.151, 21471949917, vstest.console.dll, TestEngine: Initializing Parallel Execution as MaxCpuCount is set to: 1
TpTrace Information: 0 : 6672, 1, 2024/10/25, 21:12:09.153, 21471966891, vstest.console.dll, TestPluginManager.CreateTestExtension: Attempting to load test extension: Microsoft.VisualStudio.TestPlatform.CrossPlatEngine.Hosting.DefaultTestHostManager
TpTrace Information: 0 : 6672, 1, 2024/10/25, 21:12:09.154, 21471975114, vstest.console.dll, TestPluginManager.CreateTestExtension: Attempting to load test extension: Microsoft.VisualStudio.TestPlatform.CrossPlatEngine.Hosting.DotnetTestHostManager
TpTrace Verbose: 0 : 6672, 1, 2024/10/25, 21:12:09.154, 21471976903, vstest.console.dll, TestHostManagerCallbacks.ctor: Forwarding output is enabled.
TpTrace Information: 0 : 6672, 1, 2024/10/25, 21:12:09.154, 21471980297, vstest.console.dll, InferRunSettingsHelper.IsTestSettingsEnabled: Unable to navigate to RunSettings/MSTest. Current node: RunSettings
TpTrace Verbose: 0 : 6672, 1, 2024/10/25, 21:12:09.155, 21471987718, vstest.console.dll, ParallelOperationManager.ClearSlots: Clearing all slots. Slots should accept more work: True
TpTrace Verbose: 0 : 6672, 1, 2024/10/25, 21:12:09.156, 21471993515, vstest.console.dll, ParallelOperationManager.SetOccupiedSlotCount: Setting slot counts AvailableSlotCount = 1, OccupiedSlotCount = 0.
TpTrace Verbose: 0 : 6672, 1, 2024/10/25, 21:12:09.156, 21471996175, vstest.console.dll, Occupied slots:

TpTrace Verbose: 0 : 6672, 1, 2024/10/25, 21:12:09.159, 21472025857, vstest.console.dll, TestEngine.GetExecutionManager: Chosen execution manager 'Microsoft.VisualStudio.TestPlatform.CrossPlatEngine.Client.Parallel.ParallelProxyExecutionManager, Microsoft.TestPlatform.CrossPlatEngine, Version=15.0.0.0, Culture=neutral, PublicKeyToken=b03f5f7f11d50a3a' ParallelLevel '1'.
TpTrace Verbose: 0 : 6672, 1, 2024/10/25, 21:12:09.159, 21472028117, vstest.console.dll, TestPlatform.GetSkipDefaultAdapters: Not skipping default adapters SkipDefaultAdapters was false.
TpTrace Verbose: 0 : 6672, 1, 2024/10/25, 21:12:09.159, 21472028918, vstest.console.dll, TestRunRequest.ExecuteAsync: Creating test run request.
TpTrace Verbose: 0 : 6672, 1, 2024/10/25, 21:12:09.159, 21472030718, vstest.console.dll, TestRunRequest.ExecuteAsync: Starting.
TpTrace Information: 0 : 6672, 1, 2024/10/25, 21:12:09.160, 21472039698, vstest.console.dll, TestRunRequest.ExecuteAsync: Starting run with settings:TestRunCriteria:
   KeepAlive=False,FrequencyOfRunStatsChangeEvent=10,RunStatsChangeEventTimeout=00:00:01.5000000,TestCaseFilter=,TestExecutorLauncher=
   Settingsxml=<RunSettings>
  <RunConfiguration>
    <ResultsDirectory>D:\C_sharp and dot net projects\Day33\InsuraceClaimSolution\InsuranceClaimTest\bin\Debug\net8.0\fine-code-coverage\coverage-tool-output</ResultsDirectory>
    <TargetPlatform>X64</TargetPlatform>
    <TargetFrameworkVersion>.NETCoreApp,Version=v8.0</TargetFrameworkVersion>
    <DesignMode>False</DesignMode>
    <CollectSourceInformation>False</CollectSourceInformation>
  </RunConfiguration>
  <LoggerRunSettings>
    <Loggers>
      <Logger friendlyName="blame" enabled="True" />
      <Logger friendlyName="Console" uri="logger://microsoft/TestPlatform/ConsoleLogger/v1" assemblyQualifiedName="Microsoft.VisualStudio.TestPlatform.CommandLine.Internal.ConsoleLogger, vstest.console, Version=15.0.0.0, Culture=neutral, PublicKeyToken=b03f5f7f11d50a3a" codeBase="C:\Program Files\dotnet\sdk\8.0.400\vstest.console.dll" enabled="True" />
    </Loggers>
  </LoggerRunSettings>
  <DataCollectionRunSettings>
    <DataCollectors>
      <DataCollector friendlyName="blame" enabled="True">
        <Configuration>
          <ResultsDirectory>D:\C_sharp and dot net projects\Day33\InsuraceClaimSolution\InsuranceClaimTest\bin\Debug\net8.0\fine-code-coverage\coverage-tool-output</ResultsDirectory>
        </Configuration>
      </DataCollector>
    </DataCollectors>
  </DataCollectionRunSettings>
</RunSettings>

TpTrace Verbose: 0 : 6672, 1, 2024/10/25, 21:12:09.160, 21472040220, vstest.console.dll, TestRunRequest.ExecuteAsync: Wait for the first run request is over.
TpTrace Verbose: 0 : 6672, 1, 2024/10/25, 21:12:09.160, 21472042494, vstest.console.dll, MulticastDelegateUtilities.SafeInvoke: TestRun.TestRunStart: Invoking callbacks was skipped because there are no subscribers.
TpTrace Verbose: 0 : 6672, 4, 2024/10/25, 21:12:09.161, 21472044541, vstest.console.dll, MulticastDelegateUtilities.SafeInvoke: InternalTestLoggerEvents.SendTestRunStart: Invoking callback 1/1 for Microsoft.VisualStudio.TestPlatform.CommandLine.Internal.ConsoleLogger., took 0 ms.
TpTrace Verbose: 0 : 6672, 1, 2024/10/25, 21:12:09.161, 21472052300, vstest.console.dll, ParallelProxyExecutionManager: Start execution. Total sources: 1
TpTrace Verbose: 0 : 6672, 1, 2024/10/25, 21:12:09.162, 21472055566, vstest.console.dll, ParallelOperationManager.StartWork: Starting adding 1 workloads.
TpTrace Verbose: 0 : 6672, 1, 2024/10/25, 21:12:09.162, 21472056205, vstest.console.dll, ParallelOperationManager.ClearSlots: Clearing all slots. Slots should accept more work: True
TpTrace Verbose: 0 : 6672, 1, 2024/10/25, 21:12:09.162, 21472056717, vstest.console.dll, ParallelOperationManager.SetOccupiedSlotCount: Setting slot counts AvailableSlotCount = 1, OccupiedSlotCount = 0.
TpTrace Verbose: 0 : 6672, 1, 2024/10/25, 21:12:09.162, 21472056978, vstest.console.dll, Occupied slots:

TpTrace Verbose: 0 : 6672, 1, 2024/10/25, 21:12:09.163, 21472067258, vstest.console.dll, TestHostManagerCallbacks.ctor: Forwarding output is enabled.
TpTrace Verbose: 0 : 6672, 1, 2024/10/25, 21:12:09.163, 21472069066, vstest.console.dll, TestRequestSender is acting as server.
TpTrace Verbose: 0 : 6672, 1, 2024/10/25, 21:12:09.164, 21472080882, vstest.console.dll, ParallelOperationManager.RunWorkInParallel: Adding 1 workload to slot, remaining workloads 0.
TpTrace Verbose: 0 : 6672, 1, 2024/10/25, 21:12:09.164, 21472081418, vstest.console.dll, ParallelOperationManager.SetOccupiedSlotCount: Setting slot counts AvailableSlotCount = 0, OccupiedSlotCount = 1.
TpTrace Verbose: 0 : 6672, 1, 2024/10/25, 21:12:09.164, 21472082157, vstest.console.dll, Occupied slots:
0: D:\C_sharp and dot net projects\Day33\InsuraceClaimSolution\InsuranceClaimTest\bin\Debug\net8.0\fine-code-coverage\build-output\InsuranceClaimTest.dll
TpTrace Verbose: 0 : 6672, 1, 2024/10/25, 21:12:09.165, 21472091103, vstest.console.dll, ParallelOperationManager.RunWorkInParallel: Started host in slot number 0 for work (source): D:\C_sharp and dot net projects\Day33\InsuraceClaimSolution\InsuranceClaimTest\bin\Debug\net8.0\fine-code-coverage\build-output\InsuranceClaimTest.dll.
TpTrace Verbose: 0 : 6672, 5, 2024/10/25, 21:12:09.167, 21472103216, vstest.console.dll, ParallelProxyExecutionManager.StartTestRunOnConcurrentManager: Initializing uninitialized client. Started clients: 0
TpTrace Verbose: 0 : 6672, 5, 2024/10/25, 21:12:09.167, 21472104905, vstest.console.dll, DataCollectionRequestSender.InitializeCommunication : Initialize communication. 
TpTrace Verbose: 0 : 6672, 1, 2024/10/25, 21:12:09.167, 21472108970, vstest.console.dll, ParallelOperationManager.RunWorkInParallel: We started 1 work items, which is the max parallel level. Won't start more work.
TpTrace Verbose: 0 : 6672, 1, 2024/10/25, 21:12:09.167, 21472110008, vstest.console.dll, ParallelOperationManager.RunWorkInParallel: We started 1 work items in here, returning True.
TpTrace Information: 0 : 6672, 1, 2024/10/25, 21:12:09.167, 21472110369, vstest.console.dll, TestRunRequest.ExecuteAsync: Started.
TpTrace Verbose: 0 : 6672, 1, 2024/10/25, 21:12:09.168, 21472116179, vstest.console.dll, TestRunRequest.WaitForCompletion: Waiting with timeout -1.
TpTrace Information: 0 : 6672, 5, 2024/10/25, 21:12:09.173, 21472169224, vstest.console.dll, Listening on Endpoint : 127.0.0.1:50356
TpTrace Verbose: 0 : 6672, 5, 2024/10/25, 21:12:09.179, 21472224726, vstest.console.dll, DotnetDataCollectionLauncher: Adding  --runtimeconfig "C:\Program Files\dotnet\sdk\8.0.400\datacollector.runtimeconfig.json" in args
TpTrace Verbose: 0 : 6672, 5, 2024/10/25, 21:12:09.179, 21472225927, vstest.console.dll, DotnetDataCollectionLauncher: Adding  --depsfile "C:\Program Files\dotnet\sdk\8.0.400\datacollector.deps.json" in args
TpTrace Verbose: 0 : 6672, 5, 2024/10/25, 21:12:09.179, 21472227191, vstest.console.dll, DotnetDataCollectionLauncher: Full path of dotnet.exe is C:\Program Files\dotnet\dotnet.exe
TpTrace Information: 0 : 6672, 5, 2024/10/25, 21:12:09.189, 21472326898, vstest.console.dll, ProxyDataCollectionManager.Initialize: Launched datacollector processId: 11336 port: 50356
TpTrace Information: 0 : 6672, 5, 2024/10/25, 21:12:09.189, 21472328295, vstest.console.dll, ProxyDataCollectionManager.Initialize: waiting for connection with timeout: 90 seconds
TpTrace Verbose: 0 : 6672, 5, 2024/10/25, 21:12:09.189, 21472328683, vstest.console.dll, DataCollectionRequestSender.WaitForRequestHandlerConnection : Waiting for connection with timeout: 90000
TpTrace Information: 0 : 6672, 7, 2024/10/25, 21:12:09.330, 21473740865, vstest.console.dll, Using the buffer size of 16384 bytes
TpTrace Information: 0 : 6672, 7, 2024/10/25, 21:12:09.330, 21473741827, vstest.console.dll, Accepted Client request and set the flag
TpTrace Verbose: 0 : 6672, 5, 2024/10/25, 21:12:09.331, 21473743714, vstest.console.dll, SocketCommunicationManager.WaitForClientConnection took: 141 ms, with 90000 ms timeout, and finished with True.
TpTrace Verbose: 0 : 6672, 5, 2024/10/25, 21:12:09.331, 21473744635, vstest.console.dll, ProxyDataCollectionManager.InvokeDataCollectionServiceAction: Starting.
TpTrace Information: 0 : 6672, 5, 2024/10/25, 21:12:09.331, 21473745180, vstest.console.dll, ProxyDataCollectionManager.BeforeTestRunStart: Get environment variable and port for datacollector processId: 11336 port: 50356
TpTrace Verbose: 0 : 6672, 5, 2024/10/25, 21:12:09.331, 21473745915, vstest.console.dll, DataCollectionRequestSender.SendBeforeTestRunStartAndGetResult: Send BeforeTestRunStart message with settingsXml <RunSettings><RunConfiguration><ResultsDirectory>D:\C_sharp and dot net projects\Day33\InsuraceClaimSolution\InsuranceClaimTest\bin\Debug\net8.0\fine-code-coverage\coverage-tool-output</ResultsDirectory><TargetPlatform>X64</TargetPlatform><TargetFrameworkVersion>.NETCoreApp,Version=v8.0</TargetFrameworkVersion><DesignMode>False</DesignMode><CollectSourceInformation>False</CollectSourceInformation><TestAdaptersPaths>C:\Program Files\dotnet\sdk\8.0.400\Extensions</TestAdaptersPaths></RunConfiguration><LoggerRunSettings><Loggers><Logger friendlyName="blame" enabled="True" /><Logger friendlyName="Console" uri="logger://microsoft/TestPlatform/ConsoleLogger/v1" assemblyQualifiedName="Microsoft.VisualStudio.TestPlatform.CommandLine.Internal.ConsoleLogger, vstest.console, Version=15.0.0.0, Culture=neutral, PublicKeyToken=b03f5f7f11d50a3a" codeBase="C:\Program Files\dotnet\sdk\8.0.400\vstest.console.dll" enabled="True" /></Loggers></LoggerRunSettings><DataCollectionRunSettings><DataCollectors><DataCollector friendlyName="blame" enabled="True"><Configuration><ResultsDirectory>D:\C_sharp and dot net projects\Day33\InsuraceClaimSolution\InsuranceClaimTest\bin\Debug\net8.0\fine-code-coverage\coverage-tool-output</ResultsDirectory></Configuration></DataCollector></DataCollectors></DataCollectionRunSettings></RunSettings> and sources System.Collections.Generic.List`1[System.String]: 
TpTrace Verbose: 0 : 6672, 5, 2024/10/25, 21:12:09.428, 21474716701, vstest.console.dll, DataCollectionRequestSender.SendBeforeTestRunStartAndGetResult: Received message: (DataCollection.SendMessage) -> {"MessageType":"DataCollection.SendMessage","Payload":{"FriendlyName":null,"Uri":null,"TestCaseId":"00000000-0000-0000-0000-000000000000","Message":"Logging DataCollector Diagnostics in file: D:\\C_sharp and dot net projects\\Day33\\InsuraceClaimSolution\\InsuranceClaimTest\\bin\\Debug\\net8.0\\fine-code-coverage\\coverage-tool-output\\diagnostics.datacollector.24-10-25_21-12-09_17896_5.log","Level":0}}
TpTrace Verbose: 0 : 6672, 5, 2024/10/25, 21:12:09.525, 21475688967, vstest.console.dll, DataCollectionRequestSender.SendBeforeTestRunStartAndGetResult: Received message: (DataCollection.BeforeTestRunStartResult) -> {"MessageType":"DataCollection.BeforeTestRunStartResult","Payload":{"EnvironmentVariables":{},"DataCollectionEventsPort":50358}}
TpTrace Information: 0 : 6672, 5, 2024/10/25, 21:12:09.531, 21475745526, vstest.console.dll, ProxyDataCollectionManager.BeforeTestRunStart: SendBeforeTestRunStartAndGetResult successful, env variable from datacollector:   and testhost port: 50358
TpTrace Information: 0 : 6672, 5, 2024/10/25, 21:12:09.531, 21475746426, vstest.console.dll, ProxyDataCollectionManager.InvokeDataCollectionServiceAction: Completed.
TpTrace Verbose: 0 : 6672, 5, 2024/10/25, 21:12:09.531, 21475746652, vstest.console.dll, ParallelProxyExecutionManager.StartTestRunOnConcurrentManager: Initializing test run. Started clients: 0
TpTrace Verbose: 0 : 6672, 5, 2024/10/25, 21:12:09.531, 21475747471, vstest.console.dll, ProxyExecutionManager: Test host is always Lazy initialize.
TpTrace Verbose: 0 : 6672, 5, 2024/10/25, 21:12:09.531, 21475749098, vstest.console.dll, TestRequestSender.InitializeCommunication: initialize communication. 
TpTrace Information: 0 : 6672, 5, 2024/10/25, 21:12:09.531, 21475752637, vstest.console.dll, SocketServer.Start: Listening on endpoint : 127.0.0.1:50359
TpTrace Verbose: 0 : 6672, 5, 2024/10/25, 21:12:09.532, 21475758739, vstest.console.dll, DotnetTestHostmanager.GetTestHostProcessStartInfo: Platform environment 'X64' target architecture 'X64' framework '.NETCoreApp,Version=v8.0' OS 'Windows'
TpTrace Verbose: 0 : 6672, 5, 2024/10/25, 21:12:09.532, 21475760566, vstest.console.dll, DotnetTestHostmanager: Adding  --runtimeconfig "D:\C_sharp and dot net projects\Day33\InsuraceClaimSolution\InsuranceClaimTest\bin\Debug\net8.0\fine-code-coverage\build-output\InsuranceClaimTest.runtimeconfig.json" in args
TpTrace Verbose: 0 : 6672, 5, 2024/10/25, 21:12:09.532, 21475761154, vstest.console.dll, DotnetTestHostmanager: Adding  --depsfile "D:\C_sharp and dot net projects\Day33\InsuraceClaimSolution\InsuranceClaimTest\bin\Debug\net8.0\fine-code-coverage\build-output\InsuranceClaimTest.deps.json" in args
TpTrace Verbose: 0 : 6672, 5, 2024/10/25, 21:12:09.533, 21475764167, vstest.console.dll, DotnetTestHostmanager.IsWinOnArm: Current PROCESSOR_ARCHITECTURE from environment variable 'AMD64'
TpTrace Verbose: 0 : 6672, 5, 2024/10/25, 21:12:09.533, 21475764849, vstest.console.dll, DotnetTestHostmanager.IsWinOnArm: Is Windows on ARM 'False'
TpTrace Verbose: 0 : 6672, 5, 2024/10/25, 21:12:09.533, 21475765307, vstest.console.dll, DotnetTestHostManager: testhost.exe found at path: D:\C_sharp and dot net projects\Day33\InsuraceClaimSolution\InsuranceClaimTest\bin\Debug\net8.0\fine-code-coverage\build-output\testhost.exe
TpTrace Verbose: 0 : 6672, 5, 2024/10/25, 21:12:09.533, 21475765581, vstest.console.dll, DotnetTestHostmanager: Full path of host exe is D:\C_sharp and dot net projects\Day33\InsuraceClaimSolution\InsuranceClaimTest\bin\Debug\net8.0\fine-code-coverage\build-output\testhost.exe
TpTrace Verbose: 0 : 6672, 5, 2024/10/25, 21:12:09.533, 21475766403, vstest.console.dll, DotnetTestHostmanager.LaunchTestHostAsync: Found 'VSTEST_WINAPPHOST_DOTNET_ROOT' in env variables, value 'C:\Program Files\dotnet', forwarding to 'DOTNET_ROOT'
TpTrace Verbose: 0 : 6672, 5, 2024/10/25, 21:12:09.533, 21475767395, vstest.console.dll, DotnetTestHostManager: Starting process 'D:\C_sharp and dot net projects\Day33\InsuraceClaimSolution\InsuranceClaimTest\bin\Debug\net8.0\fine-code-coverage\build-output\testhost.exe' with command line ' --runtimeconfig "D:\C_sharp and dot net projects\Day33\InsuraceClaimSolution\InsuranceClaimTest\bin\Debug\net8.0\fine-code-coverage\build-output\InsuranceClaimTest.runtimeconfig.json" --depsfile "D:\C_sharp and dot net projects\Day33\InsuraceClaimSolution\InsuranceClaimTest\bin\Debug\net8.0\fine-code-coverage\build-output\InsuranceClaimTest.deps.json" --port 50359 --endpoint 127.0.0.1:050359 --role client --parentprocessid 6672 --diag "D:\C_sharp and dot net projects\Day33\InsuraceClaimSolution\InsuranceClaimTest\bin\Debug\net8.0\fine-code-coverage\coverage-tool-output\diagnostics.host.24-10-25_21-12-09_53225_5.log" --tracelevel 4 --datacollectionport 50358 --telemetryoptedin false'
TpTrace Verbose: 0 : 6672, 5, 2024/10/25, 21:12:09.541, 21475847999, vstest.console.dll, MulticastDelegateUtilities.SafeInvoke: HostProviderEvents.OnHostLaunched: Invoking callback 1/2 for Microsoft.VisualStudio.TestPlatform.CrossPlatEngine.Client.ProxyExecutionManagerWithDataCollection., took 1 ms.
TpTrace Verbose: 0 : 6672, 5, 2024/10/25, 21:12:09.541, 21475851391, vstest.console.dll, Test Runtime launched
TpTrace Verbose: 0 : 6672, 5, 2024/10/25, 21:12:09.541, 21475852081, vstest.console.dll, MulticastDelegateUtilities.SafeInvoke: HostProviderEvents.OnHostLaunched: Invoking callback 2/2 for Microsoft.VisualStudio.TestPlatform.CrossPlatEngine.Client.ProxyOperationManager., took 0 ms.
TpTrace Verbose: 0 : 6672, 5, 2024/10/25, 21:12:09.542, 21475857183, vstest.console.dll, TestRequestSender.WaitForRequestHandlerConnection: waiting for connection with timeout: 90000.
TpTrace Verbose: 0 : 6672, 14, 2024/10/25, 21:12:09.706, 21477496159, vstest.console.dll, MulticastDelegateUtilities.SafeInvoke: SocketServer: ClientConnected: Invoking callback 1/1 for Microsoft.VisualStudio.TestPlatform.CommunicationUtilities.TestRequestSender., took 0 ms.
TpTrace Verbose: 0 : 6672, 5, 2024/10/25, 21:12:09.706, 21477496238, vstest.console.dll, TestRequestSender.WaitForRequestHandlerConnection: waiting took 163 ms, with timeout 90000 ms, and result 0, which is success.
TpTrace Verbose: 0 : 6672, 14, 2024/10/25, 21:12:09.706, 21477497559, vstest.console.dll, SocketServer.OnClientConnected: Client connected for endPoint: 127.0.0.1:50359, starting MessageLoopAsync:
TpTrace Verbose: 0 : 6672, 12, 2024/10/25, 21:12:09.707, 21477503740, vstest.console.dll, TcpClientExtensions.MessageLoopAsync: Polling on remoteEndPoint: 127.0.0.1:50360 localEndPoint: 127.0.0.1:50359 after 0 ms
TpTrace Verbose: 0 : 6672, 5, 2024/10/25, 21:12:09.707, 21477511056, vstest.console.dll, TestRequestSender.CheckVersionWithTestHost: Sending check version message: {"MessageType":"ProtocolVersion","Payload":7}
TpTrace Verbose: 0 : 6672, 12, 2024/10/25, 21:12:09.795, 21478386990, vstest.console.dll, TcpClientExtensions.MessageLoopAsync: NotifyDataAvailable remoteEndPoint: 127.0.0.1:50360 localEndPoint: 127.0.0.1:50359
TpTrace Verbose: 0 : 6672, 12, 2024/10/25, 21:12:09.795, 21478389521, vstest.console.dll, TestRequestSender.CheckVersionWithTestHost: onMessageReceived received message: (ProtocolVersion) -> {"MessageType":"ProtocolVersion","Payload":7}
TpTrace Verbose: 0 : 6672, 12, 2024/10/25, 21:12:09.796, 21478401930, vstest.console.dll, MulticastDelegateUtilities.SafeInvoke: LengthPrefixCommunicationChannel: MessageReceived: Invoking callback 1/1 for Microsoft.VisualStudio.TestPlatform.CommunicationUtilities.TestRequestSender+<>c__DisplayClass29_0., took 1 ms.
TpTrace Verbose: 0 : 6672, 12, 2024/10/25, 21:12:09.797, 21478403098, vstest.console.dll, TcpClientExtensions.MessageLoopAsync: Polling on remoteEndPoint: 127.0.0.1:50360 localEndPoint: 127.0.0.1:50359 after 89 ms
TpTrace Verbose: 0 : 6672, 5, 2024/10/25, 21:12:09.797, 21478403142, vstest.console.dll, TestPluginCache.GetExtensionPaths: Filtered extension paths: 
TpTrace Verbose: 0 : 6672, 5, 2024/10/25, 21:12:09.797, 21478403996, vstest.console.dll, TestPluginCache.GetExtensionPaths: Added default extension paths: C:\Program Files\dotnet\sdk\8.0.400\Extensions\Microsoft.Diagnostics.NETCore.Client.dll
C:\Program Files\dotnet\sdk\8.0.400\Extensions\Microsoft.TestPlatform.Extensions.BlameDataCollector.dll
C:\Program Files\dotnet\sdk\8.0.400\Extensions\Microsoft.TestPlatform.Extensions.EventLogCollector.dll
C:\Program Files\dotnet\sdk\8.0.400\Extensions\Microsoft.TestPlatform.TestHostRuntimeProvider.dll
C:\Program Files\dotnet\sdk\8.0.400\Extensions\Microsoft.VisualStudio.TestPlatform.Extensions.Html.TestLogger.dll
C:\Program Files\dotnet\sdk\8.0.400\Extensions\Microsoft.VisualStudio.TestPlatform.Extensions.Trx.TestLogger.dll
TpTrace Verbose: 0 : 6672, 5, 2024/10/25, 21:12:09.797, 21478404329, vstest.console.dll, TestPluginCache.GetExtensionPaths: Added unfilterableExtensionPaths: 
TpTrace Verbose: 0 : 6672, 5, 2024/10/25, 21:12:09.799, 21478432406, vstest.console.dll, TestRequestSender.InitializeExecution: Sending initialize execution with message: {"Version":7,"MessageType":"TestExecution.Initialize","Payload":["D:\\C_sharp and dot net projects\\Day33\\InsuraceClaimSolution\\InsuranceClaimTest\\bin\\Debug\\net8.0\\fine-code-coverage\\build-output\\NUnit3.TestAdapter.dll"]}
TpTrace Verbose: 0 : 6672, 5, 2024/10/25, 21:12:09.800, 21478434431, vstest.console.dll, ParallelProxyExecutionManager.StartTestRunOnConcurrentManager: Execution starting. Started clients: 1
TpTrace Verbose: 0 : 6672, 5, 2024/10/25, 21:12:09.800, 21478436691, vstest.console.dll, TestRunRequest:SendTestRunMessage: Starting.
TpTrace Verbose: 0 : 6672, 5, 2024/10/25, 21:12:09.800, 21478437985, vstest.console.dll, MulticastDelegateUtilities.SafeInvoke: TestRun.LogMessages: Invoking callback 1/1 for Microsoft.VisualStudio.TestPlatform.CommandLine.TestRunResultAggregator., took 0 ms.
TpTrace Information: 0 : 6672, 5, 2024/10/25, 21:12:09.800, 21478438523, vstest.console.dll, TestRunRequest:SendTestRunMessage: Completed.
TpTrace Verbose: 0 : 6672, 4, 2024/10/25, 21:12:09.800, 21478440458, vstest.console.dll, MulticastDelegateUtilities.SafeInvoke: InternalTestLoggerEvents.SendTestRunMessage: Invoking callback 1/1 for Microsoft.VisualStudio.TestPlatform.CommandLine.Internal.ConsoleLogger., took 0 ms.
TpTrace Warning: 0 : 6672, 5, 2024/10/25, 21:12:09.800, 21478441851, vstest.console.dll, InferRunSettingsHelper.MakeRunsettingsCompatible: Removing the following settings: TargetPlatform from RunSettings file. To use those settings please move to latest version of Microsoft.NET.Test.Sdk
TpTrace Verbose: 0 : 6672, 12, 2024/10/25, 21:12:09.801, 21478451680, vstest.console.dll, TcpClientExtensions.MessageLoopAsync: NotifyDataAvailable remoteEndPoint: 127.0.0.1:50360 localEndPoint: 127.0.0.1:50359
TpTrace Verbose: 0 : 6672, 12, 2024/10/25, 21:12:09.802, 21478455275, vstest.console.dll, TestRequestSender.OnExecutionMessageReceived: Received message: {"Version":7,"MessageType":"TestSession.Message","Payload":{"MessageLevel":0,"Message":"Logging TestHost Diagnostics in file: D:\\C_sharp and dot net projects\\Day33\\InsuraceClaimSolution\\InsuranceClaimTest\\bin\\Debug\\net8.0\\fine-code-coverage\\coverage-tool-output\\diagnostics.host.24-10-25_21-12-09_53225_5.log"}}
TpTrace Verbose: 0 : 6672, 12, 2024/10/25, 21:12:09.805, 21478485465, vstest.console.dll, TestRunRequest:SendTestRunMessage: Starting.
TpTrace Verbose: 0 : 6672, 12, 2024/10/25, 21:12:09.805, 21478486947, vstest.console.dll, MulticastDelegateUtilities.SafeInvoke: TestRun.LogMessages: Invoking callback 1/1 for Microsoft.VisualStudio.TestPlatform.CommandLine.TestRunResultAggregator., took 0 ms.
TpTrace Information: 0 : 6672, 12, 2024/10/25, 21:12:09.805, 21478487242, vstest.console.dll, TestRunRequest:SendTestRunMessage: Completed.
TpTrace Verbose: 0 : 6672, 4, 2024/10/25, 21:12:09.805, 21478487194, vstest.console.dll, MulticastDelegateUtilities.SafeInvoke: InternalTestLoggerEvents.SendTestRunMessage: Invoking callback 1/1 for Microsoft.VisualStudio.TestPlatform.CommandLine.Internal.ConsoleLogger., took 0 ms.
TpTrace Verbose: 0 : 6672, 12, 2024/10/25, 21:12:09.805, 21478487622, vstest.console.dll, MulticastDelegateUtilities.SafeInvoke: LengthPrefixCommunicationChannel: MessageReceived: Invoking callback 1/1 for Microsoft.VisualStudio.TestPlatform.CommunicationUtilities.TestRequestSender+<>c__DisplayClass34_0., took 3 ms.
TpTrace Verbose: 0 : 6672, 12, 2024/10/25, 21:12:09.805, 21478488697, vstest.console.dll, TcpClientExtensions.MessageLoopAsync: Polling on remoteEndPoint: 127.0.0.1:50360 localEndPoint: 127.0.0.1:50359 after 8 ms
TpTrace Verbose: 0 : 6672, 5, 2024/10/25, 21:12:09.806, 21478501408, vstest.console.dll, TestRequestSender.StartTestRun: Sending test run with message: {"Version":7,"MessageType":"TestExecution.StartWithSources","Payload":{"AdapterSourceMap":{"_none_":["D:\\C_sharp and dot net projects\\Day33\\InsuraceClaimSolution\\InsuranceClaimTest\\bin\\Debug\\net8.0\\fine-code-coverage\\build-output\\InsuranceClaimTest.dll"]},"RunSettings":"<RunSettings>\r\n  <RunConfiguration>\r\n    <ResultsDirectory>D:\\C_sharp and dot net projects\\Day33\\InsuraceClaimSolution\\InsuranceClaimTest\\bin\\Debug\\net8.0\\fine-code-coverage\\coverage-tool-output</ResultsDirectory>\r\n    <TargetFrameworkVersion>.NETCoreApp,Version=v8.0</TargetFrameworkVersion>\r\n    <DesignMode>False</DesignMode>\r\n    <CollectSourceInformation>False</CollectSourceInformation>\r\n  </RunConfiguration>\r\n  <LoggerRunSettings>\r\n    <Loggers>\r\n      <Logger friendlyName=\"blame\" enabled=\"True\" />\r\n      <Logger friendlyName=\"Console\" uri=\"logger://microsoft/TestPlatform/ConsoleLogger/v1\" assemblyQualifiedName=\"Microsoft.VisualStudio.TestPlatform.CommandLine.Internal.ConsoleLogger, vstest.console, Version=15.0.0.0, Culture=neutral, PublicKeyToken=b03f5f7f11d50a3a\" codeBase=\"C:\\Program Files\\dotnet\\sdk\\8.0.400\\vstest.console.dll\" enabled=\"True\" />\r\n    </Loggers>\r\n  </LoggerRunSettings>\r\n  <DataCollectionRunSettings>\r\n    <DataCollectors>\r\n      <DataCollector friendlyName=\"blame\" enabled=\"True\">\r\n        <Configuration>\r\n          <ResultsDirectory>D:\\C_sharp and dot net projects\\Day33\\InsuraceClaimSolution\\InsuranceClaimTest\\bin\\Debug\\net8.0\\fine-code-coverage\\coverage-tool-output</ResultsDirectory>\r\n        </Configuration>\r\n      </DataCollector>\r\n    </DataCollectors>\r\n  </DataCollectionRunSettings>\r\n</RunSettings>","TestExecutionContext":{"FrequencyOfRunStatsChangeEvent":10,"RunStatsChangeEventTimeout":"00:00:01.5000000","InIsolation":false,"KeepAlive":false,"AreTestCaseLevelEventsRequired":false,"IsDebug":false,"TestCaseFilter":null,"FilterOptions":null},"Package":null}}
TpTrace Verbose: 0 : 6672, 5, 2024/10/25, 21:12:09.807, 21478503107, vstest.console.dll, ParallelProxyExecutionManager.StartTestRunOnConcurrentManager: Execution started. Started clients: 1
TpTrace Verbose: 0 : 6672, 12, 2024/10/25, 21:12:09.918, 21479613402, vstest.console.dll, TcpClientExtensions.MessageLoopAsync: NotifyDataAvailable remoteEndPoint: 127.0.0.1:50360 localEndPoint: 127.0.0.1:50359
TpTrace Verbose: 0 : 6672, 12, 2024/10/25, 21:12:09.918, 21479614822, vstest.console.dll, TestRequestSender.OnExecutionMessageReceived: Received message: {"Version":7,"MessageType":"TestSession.Message","Payload":{"MessageLevel":0,"Message":"NUnit Adapter 4.5.0.0: Test execution started"}}
TpTrace Verbose: 0 : 6672, 12, 2024/10/25, 21:12:09.918, 21479616125, vstest.console.dll, TestRunRequest:SendTestRunMessage: Starting.
TpTrace Verbose: 0 : 6672, 12, 2024/10/25, 21:12:09.918, 21479616528, vstest.console.dll, MulticastDelegateUtilities.SafeInvoke: TestRun.LogMessages: Invoking callback 1/1 for Microsoft.VisualStudio.TestPlatform.CommandLine.TestRunResultAggregator., took 0 ms.
TpTrace Information: 0 : 6672, 12, 2024/10/25, 21:12:09.918, 21479616986, vstest.console.dll, TestRunRequest:SendTestRunMessage: Completed.
TpTrace Verbose: 0 : 6672, 12, 2024/10/25, 21:12:09.918, 21479617188, vstest.console.dll, MulticastDelegateUtilities.SafeInvoke: LengthPrefixCommunicationChannel: MessageReceived: Invoking callback 1/1 for Microsoft.VisualStudio.TestPlatform.CommunicationUtilities.TestRequestSender+<>c__DisplayClass34_0., took 0 ms.
TpTrace Verbose: 0 : 6672, 12, 2024/10/25, 21:12:09.918, 21479617486, vstest.console.dll, TcpClientExtensions.MessageLoopAsync: Polling on remoteEndPoint: 127.0.0.1:50360 localEndPoint: 127.0.0.1:50359 after 112 ms
TpTrace Verbose: 0 : 6672, 4, 2024/10/25, 21:12:09.918, 21479617725, vstest.console.dll, MulticastDelegateUtilities.SafeInvoke: InternalTestLoggerEvents.SendTestRunMessage: Invoking callback 1/1 for Microsoft.VisualStudio.TestPlatform.CommandLine.Internal.ConsoleLogger., took 0 ms.
TpTrace Verbose: 0 : 6672, 12, 2024/10/25, 21:12:09.932, 21479758621, vstest.console.dll, TcpClientExtensions.MessageLoopAsync: NotifyDataAvailable remoteEndPoint: 127.0.0.1:50360 localEndPoint: 127.0.0.1:50359
TpTrace Verbose: 0 : 6672, 12, 2024/10/25, 21:12:09.932, 21479759880, vstest.console.dll, TestRequestSender.OnExecutionMessageReceived: Received message: {"Version":7,"MessageType":"TestSession.Message","Payload":{"MessageLevel":0,"Message":"Running all tests in D:\\C_sharp and dot net projects\\Day33\\InsuraceClaimSolution\\InsuranceClaimTest\\bin\\Debug\\net8.0\\fine-code-coverage\\build-output\\InsuranceClaimTest.dll"}}
TpTrace Verbose: 0 : 6672, 12, 2024/10/25, 21:12:09.932, 21479760759, vstest.console.dll, TestRunRequest:SendTestRunMessage: Starting.
TpTrace Verbose: 0 : 6672, 12, 2024/10/25, 21:12:09.932, 21479761215, vstest.console.dll, MulticastDelegateUtilities.SafeInvoke: TestRun.LogMessages: Invoking callback 1/1 for Microsoft.VisualStudio.TestPlatform.CommandLine.TestRunResultAggregator., took 0 ms.
TpTrace Information: 0 : 6672, 12, 2024/10/25, 21:12:09.932, 21479761453, vstest.console.dll, TestRunRequest:SendTestRunMessage: Completed.
TpTrace Verbose: 0 : 6672, 12, 2024/10/25, 21:12:09.932, 21479761599, vstest.console.dll, MulticastDelegateUtilities.SafeInvoke: LengthPrefixCommunicationChannel: MessageReceived: Invoking callback 1/1 for Microsoft.VisualStudio.TestPlatform.CommunicationUtilities.TestRequestSender+<>c__DisplayClass34_0., took 0 ms.
TpTrace Verbose: 0 : 6672, 4, 2024/10/25, 21:12:09.932, 21479761529, vstest.console.dll, MulticastDelegateUtilities.SafeInvoke: InternalTestLoggerEvents.SendTestRunMessage: Invoking callback 1/1 for Microsoft.VisualStudio.TestPlatform.CommandLine.Internal.ConsoleLogger., took 0 ms.
TpTrace Verbose: 0 : 6672, 12, 2024/10/25, 21:12:09.932, 21479761780, vstest.console.dll, TcpClientExtensions.MessageLoopAsync: Polling on remoteEndPoint: 127.0.0.1:50360 localEndPoint: 127.0.0.1:50359 after 14 ms
TpTrace Verbose: 0 : 6672, 12, 2024/10/25, 21:12:10.010, 21480540326, vstest.console.dll, TcpClientExtensions.MessageLoopAsync: NotifyDataAvailable remoteEndPoint: 127.0.0.1:50360 localEndPoint: 127.0.0.1:50359
TpTrace Verbose: 0 : 6672, 12, 2024/10/25, 21:12:10.010, 21480542094, vstest.console.dll, TestRequestSender.OnExecutionMessageReceived: Received message: {"Version":7,"MessageType":"TestSession.Message","Payload":{"MessageLevel":0,"Message":"   NUnit3TestExecutor discovered 40 of 40 NUnit test cases using Current Discovery mode, Non-Explicit run"}}
TpTrace Verbose: 0 : 6672, 12, 2024/10/25, 21:12:10.011, 21480543353, vstest.console.dll, TestRunRequest:SendTestRunMessage: Starting.
TpTrace Verbose: 0 : 6672, 12, 2024/10/25, 21:12:10.011, 21480543846, vstest.console.dll, MulticastDelegateUtilities.SafeInvoke: TestRun.LogMessages: Invoking callback 1/1 for Microsoft.VisualStudio.TestPlatform.CommandLine.TestRunResultAggregator., took 0 ms.
TpTrace Information: 0 : 6672, 12, 2024/10/25, 21:12:10.011, 21480544096, vstest.console.dll, TestRunRequest:SendTestRunMessage: Completed.
TpTrace Verbose: 0 : 6672, 4, 2024/10/25, 21:12:10.011, 21480544270, vstest.console.dll, MulticastDelegateUtilities.SafeInvoke: InternalTestLoggerEvents.SendTestRunMessage: Invoking callback 1/1 for Microsoft.VisualStudio.TestPlatform.CommandLine.Internal.ConsoleLogger., took 0 ms.
TpTrace Verbose: 0 : 6672, 12, 2024/10/25, 21:12:10.011, 21480544410, vstest.console.dll, MulticastDelegateUtilities.SafeInvoke: LengthPrefixCommunicationChannel: MessageReceived: Invoking callback 1/1 for Microsoft.VisualStudio.TestPlatform.CommunicationUtilities.TestRequestSender+<>c__DisplayClass34_0., took 0 ms.
TpTrace Verbose: 0 : 6672, 12, 2024/10/25, 21:12:10.011, 21480545278, vstest.console.dll, TcpClientExtensions.MessageLoopAsync: Polling on remoteEndPoint: 127.0.0.1:50360 localEndPoint: 127.0.0.1:50359 after 78 ms
TpTrace Verbose: 0 : 6672, 12, 2024/10/25, 21:12:10.760, 21488033297, vstest.console.dll, TcpClientExtensions.MessageLoopAsync: NotifyDataAvailable remoteEndPoint: 127.0.0.1:50360 localEndPoint: 127.0.0.1:50359
TpTrace Verbose: 0 : 6672, 12, 2024/10/25, 21:12:10.760, 21488039120, vstest.console.dll, TestRequestSender.OnExecutionMessageReceived: Received message: {"Version":7,"MessageType":"TestExecution.StatsChange","Payload":{"NewTestResults":[{"TestCase":{"Id":"8e036571-56c9-7dea-3d77-5387daf3aa6f","FullyQualifiedName":"InsuranceClaimTest.ClaimRepositoryTest.TestAdd(1,1,\"Test Claim Type\",\"2024-10-20\",\"Test user\",\"76894875894\",\"test@gmail.com\",\"test path\")","DisplayName":"TestAdd(1,1,\"Test Claim Type\",\"2024-10-20\",\"Test user\",\"76894875894\",\"test@gmail.com\",\"test path\")","ExecutorUri":"executor://NUnit3TestExecutor","Source":"D:\\C_sharp and dot net projects\\Day33\\InsuraceClaimSolution\\InsuranceClaimTest\\bin\\Debug\\net8.0\\fine-code-coverage\\build-output\\InsuranceClaimTest.dll","CodeFilePath":null,"LineNumber":0,"Properties":[{"Key":{"Id":"NUnit.Seed","Label":"Seed","Category":"","Description":"","Attributes":0,"ValueType":"System.String"},"Value":"1884674363"}]},"Attachments":[],"Outcome":1,"ErrorMessage":null,"ErrorStackTrace":null,"DisplayName":"TestAdd(1,1,\"Test Claim Type\",\"2024-10-20\",\"Test user\",\"76894875894\",\"test@gmail.com\",\"test path\")","Messages":[],"ComputerName":"LAPTOP-BJ9N1Q1E","Duration":"00:00:00.5807460","StartTime":"2024-10-25T15:42:10.0317586+00:00","EndTime":"2024-10-25T15:42:10.6124379+00:00","Properties":[{"Key":{"Id":"NUnit.Seed","Label":"Seed","Category":"","Description":"","Attributes":0,"ValueType":"System.String"},"Value":"1884674363"}]},{"TestCase":{"Id":"3652d898-2d11-8eaf-4aac-5786e5d16534","FullyQualifiedName":"InsuranceClaimTest.ClaimRepositoryTest.TestAdd(2,2,\"Test Claim Type\",\"2024-10-12\",\"Test user\",\"885747583\",\"test@gmail.com\",\"test path\")","DisplayName":"TestAdd(2,2,\"Test Claim Type\",\"2024-10-12\",\"Test user\",\"885747583\",\"test@gmail.com\",\"test path\")","ExecutorUri":"executor://NUnit3TestExecutor","Source":"D:\\C_sharp and dot net projects\\Day33\\InsuraceClaimSolution\\InsuranceClaimTest\\bin\\Debug\\net8.0\\fine-code-coverage\\build-output\\InsuranceClaimTest.dll","CodeFilePath":null,"LineNumber":0,"Properties":[{"Key":{"Id":"NUnit.Seed","Label":"Seed","Category":"","Description":"","Attributes":0,"ValueType":"System.String"},"Value":"394614932"}]},"Attachments":[],"Outcome":1,"ErrorMessage":null,"ErrorStackTrace":null,"DisplayName":"TestAdd(2,2,\"Test Claim Type\",\"2024-10-12\",\"Test user\",\"885747583\",\"test@gmail.com\",\"test path\")","Messages":[],"ComputerName":"LAPTOP-BJ9N1Q1E","Duration":"00:00:00.0449800","StartTime":"2024-10-25T15:42:10.6157784+00:00","EndTime":"2024-10-25T15:42:10.6607588+00:00","Properties":[{"Key":{"Id":"NUnit.Seed","Label":"Seed","Category":"","Description":"","Attributes":0,"ValueType":"System.String"},"Value":"394614932"}]},{"TestCase":{"Id":"22adb866-1b64-f4b0-168f-043dc20cc376","FullyQualifiedName":"InsuranceClaimTest.ClaimRepositoryTest.TestDelete(1,1,\"Test Claim Type\",\"2024-10-20\",\"Test user\",\"76894875894\",\"test@gmail.com\",\"test path\")","DisplayName":"TestDelete(1,1,\"Test Claim Type\",\"2024-10-20\",\"Test user\",\"76894875894\",\"test@gmail.com\",\"test path\")","ExecutorUri":"executor://NUnit3TestExecutor","Source":"D:\\C_sharp and dot net projects\\Day33\\InsuraceClaimSolution\\InsuranceClaimTest\\bin\\Debug\\net8.0\\fine-code-coverage\\build-output\\InsuranceClaimTest.dll","CodeFilePath":null,"LineNumber":0,"Properties":[{"Key":{"Id":"NUnit.Seed","Label":"Seed","Category":"","Description":"","Attributes":0,"ValueType":"System.String"},"Value":"1522140245"}]},"Attachments":[],"Outcome":2,"ErrorMessage":"InsuraceClaimApp.Exceptions.CouldNotAddException : Claim","ErrorStackTrace":"   at InsuraceClaimApp.Repositories.ClaimRepository.Add(InsuranceClaim entity) in D:\\C_sharp and dot net projects\\Day33\\InsuraceClaimSolution\\InsuraceClaimApp\\Repositories\\ClaimRepository.cs:line 30\r\n   at InsuranceClaimTest.ClaimRepositoryTest.TestDelete(Int32 claimId, Int32 policyNumber, String claimType, DateTime incidentDate, String userName, String phoneNumber, String email, String path) in D:\\C_sharp and dot net projects\\Day33\\InsuraceClaimSolution\\InsuranceClaimTest\\ClaimRepositoryTest.cs:line 118\r\n   at NUnit.Framework.Internal.TaskAwaitAdapter.GenericAdapter`1.GetResult()\r\n   at NUnit.Framework.Internal.AsyncToSyncAdapter.Await(Func`1 invoke)\r\n   at NUnit.Framework.Internal.Commands.TestMethodCommand.RunTestMethod(TestExecutionContext context)\r\n   at NUnit.Framework.Internal.Commands.TestMethodCommand.Execute(TestExecutionContext context)\r\n   at NUnit.Framework.Internal.Commands.BeforeAndAfterTestCommand.<>c__DisplayClass1_0.<Execute>b__0()\r\n   at NUnit.Framework.Internal.Commands.DelegatingTestCommand.RunTestMethodInThreadAbortSafeZone(TestExecutionContext context, Action action)\n","DisplayName":"TestDelete(1,1,\"Test Claim Type\",\"2024-10-20\",\"Test user\",\"76894875894\",\"test@gmail.com\",\"test path\")","Messages":[],"ComputerName":"LAPTOP-BJ9N1Q1E","Duration":"00:00:00.0352800","StartTime":"2024-10-25T15:42:10.6634754+00:00","EndTime":"2024-10-25T15:42:10.6987547+00:00","Properties":[{"Key":{"Id":"NUnit.Seed","Label":"Seed","Category":"","Description":"","Attributes":0,"ValueType":"System.String"},"Value":"1522140245"}]},{"TestCase":{"Id":"38ed1dab-9fb7-6003-8f17-9d0ba59f521b","FullyQualifiedName":"InsuranceClaimTest.ClaimRepositoryTest.TestDelete(2,2,\"Test Claim Type\",\"2024-10-12\",\"Test user\",\"885747583\",\"test@gmail.com\",\"test path\")","DisplayName":"TestDelete(2,2,\"Test Claim Type\",\"2024-10-12\",\"Test user\",\"885747583\",\"test@gmail.com\",\"test path\")","ExecutorUri":"executor://NUnit3TestExecutor","Source":"D:\\C_sharp and dot net projects\\Day33\\InsuraceClaimSolution\\InsuranceClaimTest\\bin\\Debug\\net8.0\\fine-code-coverage\\build-output\\InsuranceClaimTest.dll","CodeFilePath":null,"LineNumber":0,"Properties":[{"Key":{"Id":"NUnit.Seed","Label":"Seed","Category":"","Description":"","Attributes":0,"ValueType":"System.String"},"Value":"1202397069"}]},"Attachments":[],"Outcome":2,"ErrorMessage":"InsuraceClaimApp.Exceptions.CouldNotAddException : Claim","ErrorStackTrace":"   at InsuraceClaimApp.Repositories.ClaimRepository.Add(InsuranceClaim entity) in D:\\C_sharp and dot net projects\\Day33\\InsuraceClaimSolution\\InsuraceClaimApp\\Repositories\\ClaimRepository.cs:line 30\r\n   at InsuranceClaimTest.ClaimRepositoryTest.TestDelete(Int32 claimId, Int32 policyNumber, String claimType, DateTime incidentDate, String userName, String phoneNumber, String email, String path) in D:\\C_sharp and dot net projects\\Day33\\InsuraceClaimSolution\\InsuranceClaimTest\\ClaimRepositoryTest.cs:line 118\r\n   at NUnit.Framework.Internal.TaskAwaitAdapter.GenericAdapter`1.GetResult()\r\n   at NUnit.Framework.Internal.AsyncToSyncAdapter.Await(Func`1 invoke)\r\n   at NUnit.Framework.Internal.Commands.TestMethodCommand.RunTestMethod(TestExecutionContext context)\r\n   at NUnit.Framework.Internal.Commands.TestMethodCommand.Execute(TestExecutionContext context)\r\n   at NUnit.Framework.Internal.Commands.BeforeAndAfterTestCommand.<>c__DisplayClass1_0.<Execute>b__0()\r\n   at NUnit.Framework.Internal.Commands.DelegatingTestCommand.RunTestMethodInThreadAbortSafeZone(TestExecutionContext context, Action action)\n","DisplayName":"TestDelete(2,2,\"Test Claim Type\",\"2024-10-12\",\"Test user\",\"885747583\",\"test@gmail.com\",\"test path\")","Messages":[],"ComputerName":"LAPTOP-BJ9N1Q1E","Duration":"00:00:00.0022510","StartTime":"2024-10-25T15:42:10.6989537+00:00","EndTime":"2024-10-25T15:42:10.7012053+00:00","Properties":[{"Key":{"Id":"NUnit.Seed","Label":"Seed","Category":"","Description":"","Attributes":0,"ValueType":"System.String"},"Value":"1202397069"}]},{"TestCase":{"Id":"9626db03-8926-b255-e71e-b5129b9a45d8","FullyQualifiedName":"InsuranceClaimTest.ClaimRepositoryTest.TestDeleteException(1,1,\"Test Claim Type\",\"2024-10-20\",\"Test user\",\"76894875894\",\"test@gmail.com\",\"test path\")","DisplayName":"TestDeleteException(1,1,\"Test Claim Type\",\"2024-10-20\",\"Test user\",\"76894875894\",\"test@gmail.com\",\"test path\")","ExecutorUri":"executor://NUnit3TestExecutor","Source":"D:\\C_sharp and dot net projects\\Day33\\InsuraceClaimSolution\\InsuranceClaimTest\\bin\\Debug\\net8.0\\fine-code-coverage\\build-output\\InsuranceClaimTest.dll","CodeFilePath":null,"LineNumber":0,"Properties":[{"Key":{"Id":"NUnit.Seed","Label":"Seed","Category":"","Description":"","Attributes":0,"ValueType":"System.String"},"Value":"807312617"}]},"Attachments":[],"Outcome":2,"ErrorMessage":"InsuraceClaimApp.Exceptions.CouldNotAddException : Claim","ErrorStackTrace":"   at InsuraceClaimApp.Repositories.ClaimRepository.Add(InsuranceClaim entity) in D:\\C_sharp and dot net projects\\Day33\\InsuraceClaimSolution\\InsuraceClaimApp\\Repositories\\ClaimRepository.cs:line 30\r\n   at InsuranceClaimTest.ClaimRepositoryTest.TestDeleteException(Int32 claimId, Int32 policyNumber, String claimType, DateTime incidentDate, String userName, String phoneNumber, String email, String path) in D:\\C_sharp and dot net projects\\Day33\\InsuraceClaimSolution\\InsuranceClaimTest\\ClaimRepositoryTest.cs:line 178\r\n   at NUnit.Framework.Internal.TaskAwaitAdapter.GenericAdapter`1.GetResult()\r\n   at NUnit.Framework.Internal.AsyncToSyncAdapter.Await(Func`1 invoke)\r\n   at NUnit.Framework.Internal.Commands.TestMethodCommand.RunTestMethod(TestExecutionContext context)\r\n   at NUnit.Framework.Internal.Commands.TestMethodCommand.Execute(TestExecutionContext context)\r\n   at NUnit.Framework.Internal.Commands.BeforeAndAfterTestCommand.<>c__DisplayClass1_0.<Execute>b__0()\r\n   at NUnit.Framework.Internal.Commands.DelegatingTestCommand.RunTestMethodInThreadAbortSafeZone(TestExecutionContext context, Action action)\n","DisplayName":"TestDeleteException(1,1,\"Test Claim Type\",\"2024-10-20\",\"Test user\",\"76894875894\",\"test@gmail.com\",\"test path\")","Messages":[],"ComputerName":"LAPTOP-BJ9N1Q1E","Duration":"00:00:00.0021410","StartTime":"2024-10-25T15:42:10.7013192+00:00","EndTime":"2024-10-25T15:42:10.7034599+00:00","Properties":[{"Key":{"Id":"NUnit.Seed","Label":"Seed","Category":"","Description":"","Attributes":0,"ValueType":"System.String"},"Value":"807312617"}]},{"TestCase":{"Id":"a12986e6-99ba-0432-47b1-bd7a75789b85","FullyQualifiedName":"InsuranceClaimTest.ClaimRepositoryTest.TestDeleteException(2,2,\"Test Claim Type\",\"2024-10-12\",\"Test user\",\"885747583\",\"test@gmail.com\",\"test path\")","DisplayName":"TestDeleteException(2,2,\"Test Claim Type\",\"2024-10-12\",\"Test user\",\"885747583\",\"test@gmail.com\",\"test path\")","ExecutorUri":"executor://NUnit3TestExecutor","Source":"D:\\C_sharp and dot net projects\\Day33\\InsuraceClaimSolution\\InsuranceClaimTest\\bin\\Debug\\net8.0\\fine-code-coverage\\build-output\\InsuranceClaimTest.dll","CodeFilePath":null,"LineNumber":0,"Properties":[{"Key":{"Id":"NUnit.Seed","Label":"Seed","Category":"","Description":"","Attributes":0,"ValueType":"System.String"},"Value":"664500175"}]},"Attachments":[],"Outcome":2,"ErrorMessage":"InsuraceClaimApp.Exceptions.CouldNotAddException : Claim","ErrorStackTrace":"   at InsuraceClaimApp.Repositories.ClaimRepository.Add(InsuranceClaim entity) in D:\\C_sharp and dot net projects\\Day33\\InsuraceClaimSolution\\InsuraceClaimApp\\Repositories\\ClaimRepository.cs:line 30\r\n   at InsuranceClaimTest.ClaimRepositoryTest.TestDeleteException(Int32 claimId, Int32 policyNumber, String claimType, DateTime incidentDate, String userName, String phoneNumber, String email, String path) in D:\\C_sharp and dot net projects\\Day33\\InsuraceClaimSolution\\InsuranceClaimTest\\ClaimRepositoryTest.cs:line 178\r\n   at NUnit.Framework.Internal.TaskAwaitAdapter.GenericAdapter`1.GetResult()\r\n   at NUnit.Framework.Internal.AsyncToSyncAdapter.Await(Func`1 invoke)\r\n   at NUnit.Framework.Internal.Commands.TestMethodCommand.RunTestMethod(TestExecutionContext context)\r\n   at NUnit.Framework.Internal.Commands.TestMethodCommand.Execute(TestExecutionContext context)\r\n   at NUnit.Framework.Internal.Commands.BeforeAndAfterTestCommand.<>c__DisplayClass1_0.<Execute>b__0()\r\n   at NUnit.Framework.Internal.Commands.DelegatingTestCommand.RunTestMethodInThreadAbortSafeZone(TestExecutionContext context, Action action)\n","DisplayName":"TestDeleteException(2,2,\"Test Claim Type\",\"2024-10-12\",\"Test user\",\"885747583\",\"test@gmail.com\",\"test path\")","Messages":[],"ComputerName":"LAPTOP-BJ9N1Q1E","Duration":"00:00:00.0014930","StartTime":"2024-10-25T15:42:10.7034815+00:00","EndTime":"2024-10-25T15:42:10.7049736+00:00","Properties":[{"Key":{"Id":"NUnit.Seed","Label":"Seed","Category":"","Description":"","Attributes":0,"ValueType":"System.String"},"Value":"664500175"}]},{"TestCase":{"Id":"21441fec-a943-39dd-16ac-3cb34e2f6d63","FullyQualifiedName":"InsuranceClaimTest.ClaimRepositoryTest.TestGet(1,1,\"Test Claim Type\",\"2024-10-20\",\"Test user\",\"76894875894\",\"test@gmail.com\",\"test path\")","DisplayName":"TestGet(1,1,\"Test Claim Type\",\"2024-10-20\",\"Test user\",\"76894875894\",\"test@gmail.com\",\"test path\")","ExecutorUri":"executor://NUnit3TestExecutor","Source":"D:\\C_sharp and dot net projects\\Day33\\InsuraceClaimSolution\\InsuranceClaimTest\\bin\\Debug\\net8.0\\fine-code-coverage\\build-output\\InsuranceClaimTest.dll","CodeFilePath":null,"LineNumber":0,"Properties":[{"Key":{"Id":"NUnit.Seed","Label":"Seed","Category":"","Description":"","Attributes":0,"ValueType":"System.String"},"Value":"1275460649"}]},"Attachments":[],"Outcome":2,"ErrorMessage":"InsuraceClaimApp.Exceptions.CouldNotAddException : Claim","ErrorStackTrace":"   at InsuraceClaimApp.Repositories.ClaimRepository.Add(InsuranceClaim entity) in D:\\C_sharp and dot net projects\\Day33\\InsuraceClaimSolution\\InsuraceClaimApp\\Repositories\\ClaimRepository.cs:line 30\r\n   at InsuranceClaimTest.ClaimRepositoryTest.TestGet(Int32 claimId, Int32 policyNumber, String claimType, DateTime incidentDate, String userName, String phoneNumber, String email, String path) in D:\\C_sharp and dot net projects\\Day33\\InsuraceClaimSolution\\InsuranceClaimTest\\ClaimRepositoryTest.cs:line 84\r\n   at NUnit.Framework.Internal.TaskAwaitAdapter.GenericAdapter`1.GetResult()\r\n   at NUnit.Framework.Internal.AsyncToSyncAdapter.Await(Func`1 invoke)\r\n   at NUnit.Framework.Internal.Commands.TestMethodCommand.RunTestMethod(TestExecutionContext context)\r\n   at NUnit.Framework.Internal.Commands.TestMethodCommand.Execute(TestExecutionContext context)\r\n   at NUnit.Framework.Internal.Commands.BeforeAndAfterTestCommand.<>c__DisplayClass1_0.<Execute>b__0()\r\n   at NUnit.Framework.Internal.Commands.DelegatingTestCommand.RunTestMethodInThreadAbortSafeZone(TestExecutionContext context, Action action)\n","DisplayName":"TestGet(1,1,\"Test Claim Type\",\"2024-10-20\",\"Test user\",\"76894875894\",\"test@gmail.com\",\"test path\")","Messages":[],"ComputerName":"LAPTOP-BJ9N1Q1E","Duration":"00:00:00.0022280","StartTime":"2024-10-25T15:42:10.7050343+00:00","EndTime":"2024-10-25T15:42:10.7072622+00:00","Properties":[{"Key":{"Id":"NUnit.Seed","Label":"Seed","Category":"","Description":"","Attributes":0,"ValueType":"System.String"},"Value":"1275460649"}]},{"TestCase":{"Id":"1f5174d2-2bdc-1ca1-f112-5a9e2a023491","FullyQualifiedName":"InsuranceClaimTest.ClaimRepositoryTest.TestGet(2,2,\"Test Claim Type\",\"2024-10-12\",\"Test user\",\"885747583\",\"test@gmail.com\",\"test path\")","DisplayName":"TestGet(2,2,\"Test Claim Type\",\"2024-10-12\",\"Test user\",\"885747583\",\"test@gmail.com\",\"test path\")","ExecutorUri":"executor://NUnit3TestExecutor","Source":"D:\\C_sharp and dot net projects\\Day33\\InsuraceClaimSolution\\InsuranceClaimTest\\bin\\Debug\\net8.0\\fine-code-coverage\\build-output\\InsuranceClaimTest.dll","CodeFilePath":null,"LineNumber":0,"Properties":[{"Key":{"Id":"NUnit.Seed","Label":"Seed","Category":"","Description":"","Attributes":0,"ValueType":"System.String"},"Value":"1216127552"}]},"Attachments":[],"Outcome":2,"ErrorMessage":"InsuraceClaimApp.Exceptions.CouldNotAddException : Claim","ErrorStackTrace":"   at InsuraceClaimApp.Repositories.ClaimRepository.Add(InsuranceClaim entity) in D:\\C_sharp and dot net projects\\Day33\\InsuraceClaimSolution\\InsuraceClaimApp\\Repositories\\ClaimRepository.cs:line 30\r\n   at InsuranceClaimTest.ClaimRepositoryTest.TestGet(Int32 claimId, Int32 policyNumber, String claimType, DateTime incidentDate, String userName, String phoneNumber, String email, String path) in D:\\C_sharp and dot net projects\\Day33\\InsuraceClaimSolution\\InsuranceClaimTest\\ClaimRepositoryTest.cs:line 84\r\n   at NUnit.Framework.Internal.TaskAwaitAdapter.GenericAdapter`1.GetResult()\r\n   at NUnit.Framework.Internal.AsyncToSyncAdapter.Await(Func`1 invoke)\r\n   at NUnit.Framework.Internal.Commands.TestMethodCommand.RunTestMethod(TestExecutionContext context)\r\n   at NUnit.Framework.Internal.Commands.TestMethodCommand.Execute(TestExecutionContext context)\r\n   at NUnit.Framework.Internal.Commands.BeforeAndAfterTestCommand.<>c__DisplayClass1_0.<Execute>b__0()\r\n   at NUnit.Framework.Internal.Commands.DelegatingTestCommand.RunTestMethodInThreadAbortSafeZone(TestExecutionContext context, Action action)\n","DisplayName":"TestGet(2,2,\"Test Claim Type\",\"2024-10-12\",\"Test user\",\"885747583\",\"test@gmail.com\",\"test path\")","Messages":[],"ComputerName":"LAPTOP-BJ9N1Q1E","Duration":"00:00:00.0049870","StartTime":"2024-10-25T15:42:10.7072889+00:00","EndTime":"2024-10-25T15:42:10.7122755+00:00","Properties":[{"Key":{"Id":"NUnit.Seed","Label":"Seed","Category":"","Description":"","Attributes":0,"ValueType":"System.String"},"Value":"1216127552"}]},{"TestCase":{"Id":"a424d916-6b83-bfba-1839-3eb74f974639","FullyQualifiedName":"InsuranceClaimTest.ClaimRepositoryTest.TestGetAll(1,1,\"Test Claim Type\",\"2024-10-20\",\"Test user\",\"76894875894\",\"test@gmail.com\",\"test path\")","DisplayName":"TestGetAll(1,1,\"Test Claim Type\",\"2024-10-20\",\"Test user\",\"76894875894\",\"test@gmail.com\",\"test path\")","ExecutorUri":"executor://NUnit3TestExecutor","Source":"D:\\C_sharp and dot net projects\\Day33\\InsuraceClaimSolution\\InsuranceClaimTest\\bin\\Debug\\net8.0\\fine-code-coverage\\build-output\\InsuranceClaimTest.dll","CodeFilePath":null,"LineNumber":0,"Properties":[{"Key":{"Id":"NUnit.Seed","Label":"Seed","Category":"","Description":"","Attributes":0,"ValueType":"System.String"},"Value":"2007213442"}]},"Attachments":[],"Outcome":2,"ErrorMessage":"InsuraceClaimApp.Exceptions.CouldNotAddException : Claim","ErrorStackTrace":"   at InsuraceClaimApp.Repositories.ClaimRepository.Add(InsuranceClaim entity) in D:\\C_sharp and dot net projects\\Day33\\InsuraceClaimSolution\\InsuraceClaimApp\\Repositories\\ClaimRepository.cs:line 30\r\n   at InsuranceClaimTest.ClaimRepositoryTest.TestGetAll(Int32 claimId, Int32 policyNumber, String claimType, DateTime incidentDate, String userName, String phoneNumber, String email, String path) in D:\\C_sharp and dot net projects\\Day33\\InsuraceClaimSolution\\InsuranceClaimTest\\ClaimRepositoryTest.cs:line 153\r\n   at NUnit.Framework.Internal.TaskAwaitAdapter.GenericAdapter`1.GetResult()\r\n   at NUnit.Framework.Internal.AsyncToSyncAdapter.Await(Func`1 invoke)\r\n   at NUnit.Framework.Internal.Commands.TestMethodCommand.RunTestMethod(TestExecutionContext context)\r\n   at NUnit.Framework.Internal.Commands.TestMethodCommand.Execute(TestExecutionContext context)\r\n   at NUnit.Framework.Internal.Commands.BeforeAndAfterTestCommand.<>c__DisplayClass1_0.<Execute>b__0()\r\n   at NUnit.Framework.Internal.Commands.DelegatingTestCommand.RunTestMethodInThreadAbortSafeZone(TestExecutionContext context, Action action)\n","DisplayName":"TestGetAll(1,1,\"Test Claim Type\",\"2024-10-20\",\"Test user\",\"76894875894\",\"test@gmail.com\",\"test path\")","Messages":[],"ComputerName":"LAPTOP-BJ9N1Q1E","Duration":"00:00:00.0028520","StartTime":"2024-10-25T15:42:10.7123667+00:00","EndTime":"2024-10-25T15:42:10.7152181+00:00","Properties":[{"Key":{"Id":"NUnit.Seed","Label":"Seed","Category":"","Description":"","Attributes":0,"ValueType":"System.String"},"Value":"2007213442"}]}],"TestRunStatistics":{"ExecutedTests":9,"Stats":{"Passed":2,"Failed":7}},"ActiveTests":[{"Id":"ab62c7f6-a09d-d0c4-e2e4-c3eedc52f8c6","FullyQualifiedName":"InsuranceClaimTest.ClaimRepositoryTest.TestGetAll(2,2,\"Test Claim Type\",\"2024-10-12\",\"Test user\",\"885747583\",\"test@gmail.com\",\"test path\")","DisplayName":"TestGetAll(2,2,\"Test Claim Type\",\"2024-10-12\",\"Test user\",\"885747583\",\"test@gmail.com\",\"test path\")","ExecutorUri":"executor://NUnit3TestExecutor","Source":"D:\\C_sharp and dot net projects\\Day33\\InsuraceClaimSolution\\InsuranceClaimTest\\bin\\Debug\\net8.0\\fine-code-coverage\\build-output\\InsuranceClaimTest.dll","CodeFilePath":null,"LineNumber":0,"Properties":[{"Key":{"Id":"NUnit.Seed","Label":"Seed","Category":"","Description":"","Attributes":0,"ValueType":"System.String"},"Value":"1662660563"}]}]}}
TpTrace Verbose: 0 : 6672, 12, 2024/10/25, 21:12:10.795, 21488385936, vstest.console.dll, TestRunRequest:SendTestRunStatsChange: Starting.
TpTrace Verbose: 0 : 6672, 12, 2024/10/25, 21:12:10.795, 21488388213, vstest.console.dll, InProgress is TestGetAll(2,2,"Test Claim Type","2024-10-12","Test user","885747583","test@gmail.com","test path")
TpTrace Verbose: 0 : 6672, 12, 2024/10/25, 21:12:10.795, 21488390775, vstest.console.dll, MulticastDelegateUtilities.SafeInvoke: TestRun.RunStatsChanged: Invoking callbacks was skipped because there are no subscribers.
TpTrace Information: 0 : 6672, 12, 2024/10/25, 21:12:10.795, 21488391444, vstest.console.dll, TestRunRequest:SendTestRunStatsChange: Completed.
TpTrace Verbose: 0 : 6672, 12, 2024/10/25, 21:12:10.795, 21488391850, vstest.console.dll, MulticastDelegateUtilities.SafeInvoke: LengthPrefixCommunicationChannel: MessageReceived: Invoking callback 1/1 for Microsoft.VisualStudio.TestPlatform.CommunicationUtilities.TestRequestSender+<>c__DisplayClass34_0., took 35 ms.
TpTrace Verbose: 0 : 6672, 12, 2024/10/25, 21:12:10.795, 21488392355, vstest.console.dll, TcpClientExtensions.MessageLoopAsync: Polling on remoteEndPoint: 127.0.0.1:50360 localEndPoint: 127.0.0.1:50359 after 784 ms
TpTrace Verbose: 0 : 6672, 4, 2024/10/25, 21:12:10.798, 21488413230, vstest.console.dll, MulticastDelegateUtilities.SafeInvoke: InternalTestLoggerEvents.SendTestResult: Invoking callback 1/1 for Microsoft.VisualStudio.TestPlatform.CommandLine.Internal.ConsoleLogger., took 2 ms.
TpTrace Verbose: 0 : 6672, 4, 2024/10/25, 21:12:10.798, 21488417872, vstest.console.dll, MulticastDelegateUtilities.SafeInvoke: InternalTestLoggerEvents.SendTestResult: Invoking callback 1/1 for Microsoft.VisualStudio.TestPlatform.CommandLine.Internal.ConsoleLogger., took 0 ms.
TpTrace Verbose: 0 : 6672, 4, 2024/10/25, 21:12:10.799, 21488424153, vstest.console.dll, MulticastDelegateUtilities.SafeInvoke: InternalTestLoggerEvents.SendTestResult: Invoking callback 1/1 for Microsoft.VisualStudio.TestPlatform.CommandLine.Internal.ConsoleLogger., took 0 ms.
TpTrace Verbose: 0 : 6672, 4, 2024/10/25, 21:12:10.799, 21488426993, vstest.console.dll, MulticastDelegateUtilities.SafeInvoke: InternalTestLoggerEvents.SendTestResult: Invoking callback 1/1 for Microsoft.VisualStudio.TestPlatform.CommandLine.Internal.ConsoleLogger., took 0 ms.
TpTrace Verbose: 0 : 6672, 4, 2024/10/25, 21:12:10.799, 21488429107, vstest.console.dll, MulticastDelegateUtilities.SafeInvoke: InternalTestLoggerEvents.SendTestResult: Invoking callback 1/1 for Microsoft.VisualStudio.TestPlatform.CommandLine.Internal.ConsoleLogger., took 0 ms.
TpTrace Verbose: 0 : 6672, 4, 2024/10/25, 21:12:10.799, 21488430743, vstest.console.dll, MulticastDelegateUtilities.SafeInvoke: InternalTestLoggerEvents.SendTestResult: Invoking callback 1/1 for Microsoft.VisualStudio.TestPlatform.CommandLine.Internal.ConsoleLogger., took 0 ms.
TpTrace Verbose: 0 : 6672, 4, 2024/10/25, 21:12:10.799, 21488432410, vstest.console.dll, MulticastDelegateUtilities.SafeInvoke: InternalTestLoggerEvents.SendTestResult: Invoking callback 1/1 for Microsoft.VisualStudio.TestPlatform.CommandLine.Internal.ConsoleLogger., took 0 ms.
TpTrace Verbose: 0 : 6672, 4, 2024/10/25, 21:12:10.800, 21488435434, vstest.console.dll, MulticastDelegateUtilities.SafeInvoke: InternalTestLoggerEvents.SendTestResult: Invoking callback 1/1 for Microsoft.VisualStudio.TestPlatform.CommandLine.Internal.ConsoleLogger., took 0 ms.
TpTrace Verbose: 0 : 6672, 4, 2024/10/25, 21:12:10.800, 21488440452, vstest.console.dll, MulticastDelegateUtilities.SafeInvoke: InternalTestLoggerEvents.SendTestResult: Invoking callback 1/1 for Microsoft.VisualStudio.TestPlatform.CommandLine.Internal.ConsoleLogger., took 0 ms.
TpTrace Verbose: 0 : 6672, 12, 2024/10/25, 21:12:10.866, 21489101395, vstest.console.dll, TcpClientExtensions.MessageLoopAsync: NotifyDataAvailable remoteEndPoint: 127.0.0.1:50360 localEndPoint: 127.0.0.1:50359
TpTrace Verbose: 0 : 6672, 12, 2024/10/25, 21:12:10.867, 21489106408, vstest.console.dll, TestRequestSender.OnExecutionMessageReceived: Received message: {"Version":7,"MessageType":"TestExecution.StatsChange","Payload":{"NewTestResults":[{"TestCase":{"Id":"ab62c7f6-a09d-d0c4-e2e4-c3eedc52f8c6","FullyQualifiedName":"InsuranceClaimTest.ClaimRepositoryTest.TestGetAll(2,2,\"Test Claim Type\",\"2024-10-12\",\"Test user\",\"885747583\",\"test@gmail.com\",\"test path\")","DisplayName":"TestGetAll(2,2,\"Test Claim Type\",\"2024-10-12\",\"Test user\",\"885747583\",\"test@gmail.com\",\"test path\")","ExecutorUri":"executor://NUnit3TestExecutor","Source":"D:\\C_sharp and dot net projects\\Day33\\InsuraceClaimSolution\\InsuranceClaimTest\\bin\\Debug\\net8.0\\fine-code-coverage\\build-output\\InsuranceClaimTest.dll","CodeFilePath":null,"LineNumber":0,"Properties":[{"Key":{"Id":"NUnit.Seed","Label":"Seed","Category":"","Description":"","Attributes":0,"ValueType":"System.String"},"Value":"1662660563"}]},"Attachments":[],"Outcome":2,"ErrorMessage":"InsuraceClaimApp.Exceptions.CouldNotAddException : Claim","ErrorStackTrace":"   at InsuraceClaimApp.Repositories.ClaimRepository.Add(InsuranceClaim entity) in D:\\C_sharp and dot net projects\\Day33\\InsuraceClaimSolution\\InsuraceClaimApp\\Repositories\\ClaimRepository.cs:line 30\r\n   at InsuranceClaimTest.ClaimRepositoryTest.TestGetAll(Int32 claimId, Int32 policyNumber, String claimType, DateTime incidentDate, String userName, String phoneNumber, String email, String path) in D:\\C_sharp and dot net projects\\Day33\\InsuraceClaimSolution\\InsuranceClaimTest\\ClaimRepositoryTest.cs:line 153\r\n   at NUnit.Framework.Internal.TaskAwaitAdapter.GenericAdapter`1.GetResult()\r\n   at NUnit.Framework.Internal.AsyncToSyncAdapter.Await(Func`1 invoke)\r\n   at NUnit.Framework.Internal.Commands.TestMethodCommand.RunTestMethod(TestExecutionContext context)\r\n   at NUnit.Framework.Internal.Commands.TestMethodCommand.Execute(TestExecutionContext context)\r\n   at NUnit.Framework.Internal.Commands.BeforeAndAfterTestCommand.<>c__DisplayClass1_0.<Execute>b__0()\r\n   at NUnit.Framework.Internal.Commands.DelegatingTestCommand.RunTestMethodInThreadAbortSafeZone(TestExecutionContext context, Action action)\n","DisplayName":"TestGetAll(2,2,\"Test Claim Type\",\"2024-10-12\",\"Test user\",\"885747583\",\"test@gmail.com\",\"test path\")","Messages":[],"ComputerName":"LAPTOP-BJ9N1Q1E","Duration":"00:00:00.0017490","StartTime":"2024-10-25T15:42:10.7152508+00:00","EndTime":"2024-10-25T15:42:10.717+00:00","Properties":[{"Key":{"Id":"NUnit.Seed","Label":"Seed","Category":"","Description":"","Attributes":0,"ValueType":"System.String"},"Value":"1662660563"}]},{"TestCase":{"Id":"65aab1e2-4a73-f6a1-35ae-1a9fe224c303","FullyQualifiedName":"InsuranceClaimTest.ClaimRepositoryTest.TestUpdate(1,1,\"Test Claim Type\",\"2024-10-20\",\"Test user\",\"76894875894\",\"test@gmail.com\",\"test path\")","DisplayName":"TestUpdate(1,1,\"Test Claim Type\",\"2024-10-20\",\"Test user\",\"76894875894\",\"test@gmail.com\",\"test path\")","ExecutorUri":"executor://NUnit3TestExecutor","Source":"D:\\C_sharp and dot net projects\\Day33\\InsuraceClaimSolution\\InsuranceClaimTest\\bin\\Debug\\net8.0\\fine-code-coverage\\build-output\\InsuranceClaimTest.dll","CodeFilePath":null,"LineNumber":0,"Properties":[{"Key":{"Id":"NUnit.Seed","Label":"Seed","Category":"","Description":"","Attributes":0,"ValueType":"System.String"},"Value":"521491017"}]},"Attachments":[],"Outcome":2,"ErrorMessage":"InsuraceClaimApp.Exceptions.CouldNotAddException : Claim","ErrorStackTrace":"   at InsuraceClaimApp.Repositories.ClaimRepository.Add(InsuranceClaim entity) in D:\\C_sharp and dot net projects\\Day33\\InsuraceClaimSolution\\InsuraceClaimApp\\Repositories\\ClaimRepository.cs:line 30\r\n   at InsuranceClaimTest.ClaimRepositoryTest.TestUpdate(Int32 claimId, Int32 policyNumber, String claimType, DateTime incidentDate, String userName, String phoneNumber, String email, String path) in D:\\C_sharp and dot net projects\\Day33\\InsuraceClaimSolution\\InsuranceClaimTest\\ClaimRepositoryTest.cs:line 202\r\n   at NUnit.Framework.Internal.TaskAwaitAdapter.GenericAdapter`1.GetResult()\r\n   at NUnit.Framework.Internal.AsyncToSyncAdapter.Await(Func`1 invoke)\r\n   at NUnit.Framework.Internal.Commands.TestMethodCommand.RunTestMethod(TestExecutionContext context)\r\n   at NUnit.Framework.Internal.Commands.TestMethodCommand.Execute(TestExecutionContext context)\r\n   at NUnit.Framework.Internal.Commands.BeforeAndAfterTestCommand.<>c__DisplayClass1_0.<Execute>b__0()\r\n   at NUnit.Framework.Internal.Commands.DelegatingTestCommand.RunTestMethodInThreadAbortSafeZone(TestExecutionContext context, Action action)\n","DisplayName":"TestUpdate(1,1,\"Test Claim Type\",\"2024-10-20\",\"Test user\",\"76894875894\",\"test@gmail.com\",\"test path\")","Messages":[],"ComputerName":"LAPTOP-BJ9N1Q1E","Duration":"00:00:00.0026460","StartTime":"2024-10-25T15:42:10.7170679+00:00","EndTime":"2024-10-25T15:42:10.7197133+00:00","Properties":[{"Key":{"Id":"NUnit.Seed","Label":"Seed","Category":"","Description":"","Attributes":0,"ValueType":"System.String"},"Value":"521491017"}]},{"TestCase":{"Id":"bf47f4be-406e-d8ce-7b87-b8d116916722","FullyQualifiedName":"InsuranceClaimTest.ClaimRepositoryTest.TestUpdate(2,2,\"Test Claim Type\",\"2024-10-12\",\"Test user\",\"885747583\",\"test@gmail.com\",\"test path\")","DisplayName":"TestUpdate(2,2,\"Test Claim Type\",\"2024-10-12\",\"Test user\",\"885747583\",\"test@gmail.com\",\"test path\")","ExecutorUri":"executor://NUnit3TestExecutor","Source":"D:\\C_sharp and dot net projects\\Day33\\InsuraceClaimSolution\\InsuranceClaimTest\\bin\\Debug\\net8.0\\fine-code-coverage\\build-output\\InsuranceClaimTest.dll","CodeFilePath":null,"LineNumber":0,"Properties":[{"Key":{"Id":"NUnit.Seed","Label":"Seed","Category":"","Description":"","Attributes":0,"ValueType":"System.String"},"Value":"1985845098"}]},"Attachments":[],"Outcome":2,"ErrorMessage":"InsuraceClaimApp.Exceptions.CouldNotAddException : Claim","ErrorStackTrace":"   at InsuraceClaimApp.Repositories.ClaimRepository.Add(InsuranceClaim entity) in D:\\C_sharp and dot net projects\\Day33\\InsuraceClaimSolution\\InsuraceClaimApp\\Repositories\\ClaimRepository.cs:line 30\r\n   at InsuranceClaimTest.ClaimRepositoryTest.TestUpdate(Int32 claimId, Int32 policyNumber, String claimType, DateTime incidentDate, String userName, String phoneNumber, String email, String path) in D:\\C_sharp and dot net projects\\Day33\\InsuraceClaimSolution\\InsuranceClaimTest\\ClaimRepositoryTest.cs:line 202\r\n   at NUnit.Framework.Internal.TaskAwaitAdapter.GenericAdapter`1.GetResult()\r\n   at NUnit.Framework.Internal.AsyncToSyncAdapter.Await(Func`1 invoke)\r\n   at NUnit.Framework.Internal.Commands.TestMethodCommand.RunTestMethod(TestExecutionContext context)\r\n   at NUnit.Framework.Internal.Commands.TestMethodCommand.Execute(TestExecutionContext context)\r\n   at NUnit.Framework.Internal.Commands.BeforeAndAfterTestCommand.<>c__DisplayClass1_0.<Execute>b__0()\r\n   at NUnit.Framework.Internal.Commands.DelegatingTestCommand.RunTestMethodInThreadAbortSafeZone(TestExecutionContext context, Action action)\n","DisplayName":"TestUpdate(2,2,\"Test Claim Type\",\"2024-10-12\",\"Test user\",\"885747583\",\"test@gmail.com\",\"test path\")","Messages":[],"ComputerName":"LAPTOP-BJ9N1Q1E","Duration":"00:00:00.0023750","StartTime":"2024-10-25T15:42:10.7201913+00:00","EndTime":"2024-10-25T15:42:10.7225665+00:00","Properties":[{"Key":{"Id":"NUnit.Seed","Label":"Seed","Category":"","Description":"","Attributes":0,"ValueType":"System.String"},"Value":"1985845098"}]},{"TestCase":{"Id":"ebeddf1d-b9fe-38ca-22cf-aacdfb4c09b6","FullyQualifiedName":"InsuranceClaimTest.ClaimServiceTest.AddClaimTest","DisplayName":"AddClaimTest","ExecutorUri":"executor://NUnit3TestExecutor","Source":"D:\\C_sharp and dot net projects\\Day33\\InsuraceClaimSolution\\InsuranceClaimTest\\bin\\Debug\\net8.0\\fine-code-coverage\\build-output\\InsuranceClaimTest.dll","CodeFilePath":null,"LineNumber":0,"Properties":[{"Key":{"Id":"NUnit.Seed","Label":"Seed","Category":"","Description":"","Attributes":0,"ValueType":"System.String"},"Value":"1628218107"}]},"Attachments":[],"Outcome":2,"ErrorMessage":"InsuraceClaimApp.Exceptions.NotFoundException : Policy","ErrorStackTrace":"   at InsuraceClaimApp.Services.ClaimService.AddClaimAsync(ClaimRequestDTO claimRequest) in D:\\C_sharp and dot net projects\\Day33\\InsuraceClaimSolution\\InsuraceClaimApp\\Services\\ClaimService.cs:line 29\r\n   at InsuranceClaimTest.ClaimServiceTest.AddClaimTest() in D:\\C_sharp and dot net projects\\Day33\\InsuraceClaimSolution\\InsuranceClaimTest\\ClaimServiceTest.cs:line 106\r\n   at NUnit.Framework.Internal.TaskAwaitAdapter.GenericAdapter`1.GetResult()\r\n   at NUnit.Framework.Internal.AsyncToSyncAdapter.Await(Func`1 invoke)\r\n   at NUnit.Framework.Internal.Commands.TestMethodCommand.RunTestMethod(TestExecutionContext context)\r\n   at NUnit.Framework.Internal.Commands.TestMethodCommand.Execute(TestExecutionContext context)\r\n   at NUnit.Framework.Internal.Commands.BeforeAndAfterTestCommand.<>c__DisplayClass1_0.<Execute>b__0()\r\n   at NUnit.Framework.Internal.Commands.DelegatingTestCommand.RunTestMethodInThreadAbortSafeZone(TestExecutionContext context, Action action)\n","DisplayName":"AddClaimTest","Messages":[],"ComputerName":"LAPTOP-BJ9N1Q1E","Duration":"00:00:00.0764290","StartTime":"2024-10-25T15:42:10.7265968+00:00","EndTime":"2024-10-25T15:42:10.8030255+00:00","Properties":[{"Key":{"Id":"NUnit.Seed","Label":"Seed","Category":"","Description":"","Attributes":0,"ValueType":"System.String"},"Value":"1628218107"}]},{"TestCase":{"Id":"222f3cd4-ba71-89c1-2f6d-e574c652e4bb","FullyQualifiedName":"InsuranceClaimTest.PolicyControllerTest.AddPolicy_InvalidPolicy_ReturnsBadRequest","DisplayName":"AddPolicy_InvalidPolicy_ReturnsBadRequest","ExecutorUri":"executor://NUnit3TestExecutor","Source":"D:\\C_sharp and dot net projects\\Day33\\InsuraceClaimSolution\\InsuranceClaimTest\\bin\\Debug\\net8.0\\fine-code-coverage\\build-output\\InsuranceClaimTest.dll","CodeFilePath":null,"LineNumber":0,"Properties":[{"Key":{"Id":"NUnit.Seed","Label":"Seed","Category":"","Description":"","Attributes":0,"ValueType":"System.String"},"Value":"448638183"}]},"Attachments":[],"Outcome":1,"ErrorMessage":null,"ErrorStackTrace":null,"DisplayName":"AddPolicy_InvalidPolicy_ReturnsBadRequest","Messages":[],"ComputerName":"LAPTOP-BJ9N1Q1E","Duration":"00:00:00.0118730","StartTime":"2024-10-25T15:42:10.8034365+00:00","EndTime":"2024-10-25T15:42:10.8153093+00:00","Properties":[{"Key":{"Id":"NUnit.Seed","Label":"Seed","Category":"","Description":"","Attributes":0,"ValueType":"System.String"},"Value":"448638183"}]},{"TestCase":{"Id":"f9190272-d332-e9e9-15e2-412fa91c82ac","FullyQualifiedName":"InsuranceClaimTest.PolicyControllerTest.AddPolicyTest","DisplayName":"AddPolicyTest","ExecutorUri":"executor://NUnit3TestExecutor","Source":"D:\\C_sharp and dot net projects\\Day33\\InsuraceClaimSolution\\InsuranceClaimTest\\bin\\Debug\\net8.0\\fine-code-coverage\\build-output\\InsuranceClaimTest.dll","CodeFilePath":null,"LineNumber":0,"Properties":[{"Key":{"Id":"NUnit.Seed","Label":"Seed","Category":"","Description":"","Attributes":0,"ValueType":"System.String"},"Value":"1275583440"}]},"Attachments":[],"Outcome":1,"ErrorMessage":null,"ErrorStackTrace":null,"DisplayName":"AddPolicyTest","Messages":[],"ComputerName":"LAPTOP-BJ9N1Q1E","Duration":"00:00:00.0186050","StartTime":"2024-10-25T15:42:10.8153885+00:00","EndTime":"2024-10-25T15:42:10.8339945+00:00","Properties":[{"Key":{"Id":"NUnit.Seed","Label":"Seed","Category":"","Description":"","Attributes":0,"ValueType":"System.String"},"Value":"1275583440"}]},{"TestCase":{"Id":"3c70bc35-9367-f956-9540-e3e449ebcc1f","FullyQualifiedName":"InsuranceClaimTest.PolicyControllerTest.GetPoliciesForUser_InvalidUser_ReturnsNotFound","DisplayName":"GetPoliciesForUser_InvalidUser_ReturnsNotFound","ExecutorUri":"executor://NUnit3TestExecutor","Source":"D:\\C_sharp and dot net projects\\Day33\\InsuraceClaimSolution\\InsuranceClaimTest\\bin\\Debug\\net8.0\\fine-code-coverage\\build-output\\InsuranceClaimTest.dll","CodeFilePath":null,"LineNumber":0,"Properties":[{"Key":{"Id":"NUnit.Seed","Label":"Seed","Category":"","Description":"","Attributes":0,"ValueType":"System.String"},"Value":"331947605"}]},"Attachments":[],"Outcome":1,"ErrorMessage":null,"ErrorStackTrace":null,"DisplayName":"GetPoliciesForUser_InvalidUser_ReturnsNotFound","Messages":[],"ComputerName":"LAPTOP-BJ9N1Q1E","Duration":"00:00:00.0048320","StartTime":"2024-10-25T15:42:10.8351924+00:00","EndTime":"2024-10-25T15:42:10.8400242+00:00","Properties":[{"Key":{"Id":"NUnit.Seed","Label":"Seed","Category":"","Description":"","Attributes":0,"ValueType":"System.String"},"Value":"331947605"}]},{"TestCase":{"Id":"3f01262f-287c-712d-b134-6c401fd108f1","FullyQualifiedName":"InsuranceClaimTest.PolicyControllerTest.GetPoliciesForUser_ValidUser_ReturnsOk","DisplayName":"GetPoliciesForUser_ValidUser_ReturnsOk","ExecutorUri":"executor://NUnit3TestExecutor","Source":"D:\\C_sharp and dot net projects\\Day33\\InsuraceClaimSolution\\InsuranceClaimTest\\bin\\Debug\\net8.0\\fine-code-coverage\\build-output\\InsuranceClaimTest.dll","CodeFilePath":null,"LineNumber":0,"Properties":[{"Key":{"Id":"NUnit.Seed","Label":"Seed","Category":"","Description":"","Attributes":0,"ValueType":"System.String"},"Value":"753638725"}]},"Attachments":[],"Outcome":1,"ErrorMessage":null,"ErrorStackTrace":null,"DisplayName":"GetPoliciesForUser_ValidUser_ReturnsOk","Messages":[],"ComputerName":"LAPTOP-BJ9N1Q1E","Duration":"00:00:00.0022220","StartTime":"2024-10-25T15:42:10.8400698+00:00","EndTime":"2024-10-25T15:42:10.8422912+00:00","Properties":[{"Key":{"Id":"NUnit.Seed","Label":"Seed","Category":"","Description":"","Attributes":0,"ValueType":"System.String"},"Value":"753638725"}]},{"TestCase":{"Id":"0ad9fa33-a57e-f39a-03e1-f60180d1e5e2","FullyQualifiedName":"InsuranceClaimTest.PolicyControllerTest.GetPolicyById_InvalidId_ReturnsNotFound","DisplayName":"GetPolicyById_InvalidId_ReturnsNotFound","ExecutorUri":"executor://NUnit3TestExecutor","Source":"D:\\C_sharp and dot net projects\\Day33\\InsuraceClaimSolution\\InsuranceClaimTest\\bin\\Debug\\net8.0\\fine-code-coverage\\build-output\\InsuranceClaimTest.dll","CodeFilePath":null,"LineNumber":0,"Properties":[{"Key":{"Id":"NUnit.Seed","Label":"Seed","Category":"","Description":"","Attributes":0,"ValueType":"System.String"},"Value":"425438134"}]},"Attachments":[],"Outcome":1,"ErrorMessage":null,"ErrorStackTrace":null,"DisplayName":"GetPolicyById_InvalidId_ReturnsNotFound","Messages":[],"ComputerName":"LAPTOP-BJ9N1Q1E","Duration":"00:00:00.0053140","StartTime":"2024-10-25T15:42:10.8424186+00:00","EndTime":"2024-10-25T15:42:10.8477322+00:00","Properties":[{"Key":{"Id":"NUnit.Seed","Label":"Seed","Category":"","Description":"","Attributes":0,"ValueType":"System.String"},"Value":"425438134"}]}],"TestRunStatistics":{"ExecutedTests":18,"Stats":{"Passed":7,"Failed":11}},"ActiveTests":[{"Id":"3f47683a-8844-acdf-596e-769ac858501f","FullyQualifiedName":"InsuranceClaimTest.PolicyControllerTest.GetPolicyById_ValidId_ReturnsOk","DisplayName":"GetPolicyById_ValidId_ReturnsOk","ExecutorUri":"executor://NUnit3TestExecutor","Source":"D:\\C_sharp and dot net projects\\Day33\\InsuraceClaimSolution\\InsuranceClaimTest\\bin\\Debug\\net8.0\\fine-code-coverage\\build-output\\InsuranceClaimTest.dll","CodeFilePath":null,"LineNumber":0,"Properties":[{"Key":{"Id":"NUnit.Seed","Label":"Seed","Category":"","Description":"","Attributes":0,"ValueType":"System.String"},"Value":"214597337"}]}]}}
TpTrace Verbose: 0 : 6672, 12, 2024/10/25, 21:12:10.869, 21489127270, vstest.console.dll, TestRunRequest:SendTestRunStatsChange: Starting.
TpTrace Verbose: 0 : 6672, 12, 2024/10/25, 21:12:10.869, 21489128768, vstest.console.dll, InProgress is GetPolicyById_ValidId_ReturnsOk
TpTrace Verbose: 0 : 6672, 12, 2024/10/25, 21:12:10.869, 21489129576, vstest.console.dll, MulticastDelegateUtilities.SafeInvoke: TestRun.RunStatsChanged: Invoking callbacks was skipped because there are no subscribers.
TpTrace Information: 0 : 6672, 12, 2024/10/25, 21:12:10.877, 21489211625, vstest.console.dll, TestRunRequest:SendTestRunStatsChange: Completed.
TpTrace Verbose: 0 : 6672, 12, 2024/10/25, 21:12:10.878, 21489213247, vstest.console.dll, MulticastDelegateUtilities.SafeInvoke: LengthPrefixCommunicationChannel: MessageReceived: Invoking callback 1/1 for Microsoft.VisualStudio.TestPlatform.CommunicationUtilities.TestRequestSender+<>c__DisplayClass34_0., took 10 ms.
TpTrace Verbose: 0 : 6672, 12, 2024/10/25, 21:12:10.878, 21489213726, vstest.console.dll, TcpClientExtensions.MessageLoopAsync: Polling on remoteEndPoint: 127.0.0.1:50360 localEndPoint: 127.0.0.1:50359 after 82 ms
TpTrace Verbose: 0 : 6672, 4, 2024/10/25, 21:12:10.878, 21489216751, vstest.console.dll, MulticastDelegateUtilities.SafeInvoke: InternalTestLoggerEvents.SendTestResult: Invoking callback 1/1 for Microsoft.VisualStudio.TestPlatform.CommandLine.Internal.ConsoleLogger., took 0 ms.
TpTrace Verbose: 0 : 6672, 4, 2024/10/25, 21:12:10.878, 21489222284, vstest.console.dll, MulticastDelegateUtilities.SafeInvoke: InternalTestLoggerEvents.SendTestResult: Invoking callback 1/1 for Microsoft.VisualStudio.TestPlatform.CommandLine.Internal.ConsoleLogger., took 0 ms.
TpTrace Verbose: 0 : 6672, 4, 2024/10/25, 21:12:10.879, 21489227234, vstest.console.dll, MulticastDelegateUtilities.SafeInvoke: InternalTestLoggerEvents.SendTestResult: Invoking callback 1/1 for Microsoft.VisualStudio.TestPlatform.CommandLine.Internal.ConsoleLogger., took 0 ms.
TpTrace Verbose: 0 : 6672, 4, 2024/10/25, 21:12:10.879, 21489231253, vstest.console.dll, MulticastDelegateUtilities.SafeInvoke: InternalTestLoggerEvents.SendTestResult: Invoking callback 1/1 for Microsoft.VisualStudio.TestPlatform.CommandLine.Internal.ConsoleLogger., took 0 ms.
TpTrace Verbose: 0 : 6672, 4, 2024/10/25, 21:12:10.880, 21489232915, vstest.console.dll, MulticastDelegateUtilities.SafeInvoke: InternalTestLoggerEvents.SendTestResult: Invoking callback 1/1 for Microsoft.VisualStudio.TestPlatform.CommandLine.Internal.ConsoleLogger., took 0 ms.
TpTrace Verbose: 0 : 6672, 4, 2024/10/25, 21:12:10.880, 21489234224, vstest.console.dll, MulticastDelegateUtilities.SafeInvoke: InternalTestLoggerEvents.SendTestResult: Invoking callback 1/1 for Microsoft.VisualStudio.TestPlatform.CommandLine.Internal.ConsoleLogger., took 0 ms.
TpTrace Verbose: 0 : 6672, 4, 2024/10/25, 21:12:10.882, 21489253408, vstest.console.dll, MulticastDelegateUtilities.SafeInvoke: InternalTestLoggerEvents.SendTestResult: Invoking callback 1/1 for Microsoft.VisualStudio.TestPlatform.CommandLine.Internal.ConsoleLogger., took 1 ms.
TpTrace Verbose: 0 : 6672, 4, 2024/10/25, 21:12:10.882, 21489255643, vstest.console.dll, MulticastDelegateUtilities.SafeInvoke: InternalTestLoggerEvents.SendTestResult: Invoking callback 1/1 for Microsoft.VisualStudio.TestPlatform.CommandLine.Internal.ConsoleLogger., took 0 ms.
TpTrace Verbose: 0 : 6672, 4, 2024/10/25, 21:12:10.882, 21489256185, vstest.console.dll, MulticastDelegateUtilities.SafeInvoke: InternalTestLoggerEvents.SendTestResult: Invoking callback 1/1 for Microsoft.VisualStudio.TestPlatform.CommandLine.Internal.ConsoleLogger., took 0 ms.
TpTrace Verbose: 0 : 6672, 12, 2024/10/25, 21:12:10.944, 21489877177, vstest.console.dll, TcpClientExtensions.MessageLoopAsync: NotifyDataAvailable remoteEndPoint: 127.0.0.1:50360 localEndPoint: 127.0.0.1:50359
TpTrace Verbose: 0 : 6672, 12, 2024/10/25, 21:12:10.945, 21489887106, vstest.console.dll, TestRequestSender.OnExecutionMessageReceived: Received message: {"Version":7,"MessageType":"TestExecution.StatsChange","Payload":{"NewTestResults":[{"TestCase":{"Id":"3f47683a-8844-acdf-596e-769ac858501f","FullyQualifiedName":"InsuranceClaimTest.PolicyControllerTest.GetPolicyById_ValidId_ReturnsOk","DisplayName":"GetPolicyById_ValidId_ReturnsOk","ExecutorUri":"executor://NUnit3TestExecutor","Source":"D:\\C_sharp and dot net projects\\Day33\\InsuraceClaimSolution\\InsuranceClaimTest\\bin\\Debug\\net8.0\\fine-code-coverage\\build-output\\InsuranceClaimTest.dll","CodeFilePath":null,"LineNumber":0,"Properties":[{"Key":{"Id":"NUnit.Seed","Label":"Seed","Category":"","Description":"","Attributes":0,"ValueType":"System.String"},"Value":"214597337"}]},"Attachments":[],"Outcome":1,"ErrorMessage":null,"ErrorStackTrace":null,"DisplayName":"GetPolicyById_ValidId_ReturnsOk","Messages":[],"ComputerName":"LAPTOP-BJ9N1Q1E","Duration":"00:00:00.0030330","StartTime":"2024-10-25T15:42:10.8477649+00:00","EndTime":"2024-10-25T15:42:10.8507976+00:00","Properties":[{"Key":{"Id":"NUnit.Seed","Label":"Seed","Category":"","Description":"","Attributes":0,"ValueType":"System.String"},"Value":"214597337"}]},{"TestCase":{"Id":"645af425-bf10-da5e-fdb3-f21677afd030","FullyQualifiedName":"InsuranceClaimTest.PolicyRepositoryTest.Delete(1,\"Test Policy1\",\"Test Policy Type\",\"Test User1\")","DisplayName":"Delete(1,\"Test Policy1\",\"Test Policy Type\",\"Test User1\")","ExecutorUri":"executor://NUnit3TestExecutor","Source":"D:\\C_sharp and dot net projects\\Day33\\InsuraceClaimSolution\\InsuranceClaimTest\\bin\\Debug\\net8.0\\fine-code-coverage\\build-output\\InsuranceClaimTest.dll","CodeFilePath":null,"LineNumber":0,"Properties":[{"Key":{"Id":"NUnit.Seed","Label":"Seed","Category":"","Description":"","Attributes":0,"ValueType":"System.String"},"Value":"1852839275"}]},"Attachments":[],"Outcome":1,"ErrorMessage":null,"ErrorStackTrace":null,"DisplayName":"Delete(1,\"Test Policy1\",\"Test Policy Type\",\"Test User1\")","Messages":[],"ComputerName":"LAPTOP-BJ9N1Q1E","Duration":"00:00:00.0528630","StartTime":"2024-10-25T15:42:10.8511114+00:00","EndTime":"2024-10-25T15:42:10.9039737+00:00","Properties":[{"Key":{"Id":"NUnit.Seed","Label":"Seed","Category":"","Description":"","Attributes":0,"ValueType":"System.String"},"Value":"1852839275"}]},{"TestCase":{"Id":"a12b1f95-c36f-7fff-d0f0-c9d9e34ca265","FullyQualifiedName":"InsuranceClaimTest.PolicyRepositoryTest.Delete(2,\"Test Policy2\",\"Test Policy Type\",\"Test User2\")","DisplayName":"Delete(2,\"Test Policy2\",\"Test Policy Type\",\"Test User2\")","ExecutorUri":"executor://NUnit3TestExecutor","Source":"D:\\C_sharp and dot net projects\\Day33\\InsuraceClaimSolution\\InsuranceClaimTest\\bin\\Debug\\net8.0\\fine-code-coverage\\build-output\\InsuranceClaimTest.dll","CodeFilePath":null,"LineNumber":0,"Properties":[{"Key":{"Id":"NUnit.Seed","Label":"Seed","Category":"","Description":"","Attributes":0,"ValueType":"System.String"},"Value":"278538553"}]},"Attachments":[],"Outcome":1,"ErrorMessage":null,"ErrorStackTrace":null,"DisplayName":"Delete(2,\"Test Policy2\",\"Test Policy Type\",\"Test User2\")","Messages":[],"ComputerName":"LAPTOP-BJ9N1Q1E","Duration":"00:00:00.0029740","StartTime":"2024-10-25T15:42:10.9041241+00:00","EndTime":"2024-10-25T15:42:10.9070987+00:00","Properties":[{"Key":{"Id":"NUnit.Seed","Label":"Seed","Category":"","Description":"","Attributes":0,"ValueType":"System.String"},"Value":"278538553"}]},{"TestCase":{"Id":"a0966b96-dadf-1b8e-d319-d9c082b1c1ef","FullyQualifiedName":"InsuranceClaimTest.PolicyRepositoryTest.Get(1,\"Test Policy1\",\"Test Policy Type\",\"Test User1\")","DisplayName":"Get(1,\"Test Policy1\",\"Test Policy Type\",\"Test User1\")","ExecutorUri":"executor://NUnit3TestExecutor","Source":"D:\\C_sharp and dot net projects\\Day33\\InsuraceClaimSolution\\InsuranceClaimTest\\bin\\Debug\\net8.0\\fine-code-coverage\\build-output\\InsuranceClaimTest.dll","CodeFilePath":null,"LineNumber":0,"Properties":[{"Key":{"Id":"NUnit.Seed","Label":"Seed","Category":"","Description":"","Attributes":0,"ValueType":"System.String"},"Value":"490482043"}]},"Attachments":[],"Outcome":1,"ErrorMessage":null,"ErrorStackTrace":null,"DisplayName":"Get(1,\"Test Policy1\",\"Test Policy Type\",\"Test User1\")","Messages":[],"ComputerName":"LAPTOP-BJ9N1Q1E","Duration":"00:00:00.0023990","StartTime":"2024-10-25T15:42:10.9072692+00:00","EndTime":"2024-10-25T15:42:10.9096673+00:00","Properties":[{"Key":{"Id":"NUnit.Seed","Label":"Seed","Category":"","Description":"","Attributes":0,"ValueType":"System.String"},"Value":"490482043"}]},{"TestCase":{"Id":"d395893f-de71-a6cd-84c9-bd061bdea20c","FullyQualifiedName":"InsuranceClaimTest.PolicyRepositoryTest.Get(2,\"Test Policy2\",\"Test Policy Type\",\"Test User2\")","DisplayName":"Get(2,\"Test Policy2\",\"Test Policy Type\",\"Test User2\")","ExecutorUri":"executor://NUnit3TestExecutor","Source":"D:\\C_sharp and dot net projects\\Day33\\InsuraceClaimSolution\\InsuranceClaimTest\\bin\\Debug\\net8.0\\fine-code-coverage\\build-output\\InsuranceClaimTest.dll","CodeFilePath":null,"LineNumber":0,"Properties":[{"Key":{"Id":"NUnit.Seed","Label":"Seed","Category":"","Description":"","Attributes":0,"ValueType":"System.String"},"Value":"25752723"}]},"Attachments":[],"Outcome":1,"ErrorMessage":null,"ErrorStackTrace":null,"DisplayName":"Get(2,\"Test Policy2\",\"Test Policy Type\",\"Test User2\")","Messages":[],"ComputerName":"LAPTOP-BJ9N1Q1E","Duration":"00:00:00.0015860","StartTime":"2024-10-25T15:42:10.9097048+00:00","EndTime":"2024-10-25T15:42:10.9112901+00:00","Properties":[{"Key":{"Id":"NUnit.Seed","Label":"Seed","Category":"","Description":"","Attributes":0,"ValueType":"System.String"},"Value":"25752723"}]},{"TestCase":{"Id":"0974adc2-69a8-3eb8-a27d-0d01c6c6442c","FullyQualifiedName":"InsuranceClaimTest.PolicyRepositoryTest.GetAll(1,\"Test Policy1\",\"Test Policy Type\",\"Test User1\")","DisplayName":"GetAll(1,\"Test Policy1\",\"Test Policy Type\",\"Test User1\")","ExecutorUri":"executor://NUnit3TestExecutor","Source":"D:\\C_sharp and dot net projects\\Day33\\InsuraceClaimSolution\\InsuranceClaimTest\\bin\\Debug\\net8.0\\fine-code-coverage\\build-output\\InsuranceClaimTest.dll","CodeFilePath":null,"LineNumber":0,"Properties":[{"Key":{"Id":"NUnit.Seed","Label":"Seed","Category":"","Description":"","Attributes":0,"ValueType":"System.String"},"Value":"2111073578"}]},"Attachments":[],"Outcome":2,"ErrorMessage":"InsuraceClaimApp.Exceptions.CouldNotAddException : Policy","ErrorStackTrace":"   at InsuraceClaimApp.Repositories.PolicyRepository.Add(Policy entity) in D:\\C_sharp and dot net projects\\Day33\\InsuraceClaimSolution\\InsuraceClaimApp\\Repositories\\PolicyRepository.cs:line 30\r\n   at InsuranceClaimTest.PolicyRepositoryTest.GetAll(Int32 policyId, String policyName, String policyType, String userName) in D:\\C_sharp and dot net projects\\Day33\\InsuraceClaimSolution\\InsuranceClaimTest\\PolicyRepositoryTest.cs:line 90\r\n   at NUnit.Framework.Internal.TaskAwaitAdapter.GenericAdapter`1.GetResult()\r\n   at NUnit.Framework.Internal.AsyncToSyncAdapter.Await(Func`1 invoke)\r\n   at NUnit.Framework.Internal.Commands.TestMethodCommand.RunTestMethod(TestExecutionContext context)\r\n   at NUnit.Framework.Internal.Commands.TestMethodCommand.Execute(TestExecutionContext context)\r\n   at NUnit.Framework.Internal.Commands.BeforeAndAfterTestCommand.<>c__DisplayClass1_0.<Execute>b__0()\r\n   at NUnit.Framework.Internal.Commands.DelegatingTestCommand.RunTestMethodInThreadAbortSafeZone(TestExecutionContext context, Action action)\n","DisplayName":"GetAll(1,\"Test Policy1\",\"Test Policy Type\",\"Test User1\")","Messages":[],"ComputerName":"LAPTOP-BJ9N1Q1E","Duration":"00:00:00.0036730","StartTime":"2024-10-25T15:42:10.9114381+00:00","EndTime":"2024-10-25T15:42:10.915111+00:00","Properties":[{"Key":{"Id":"NUnit.Seed","Label":"Seed","Category":"","Description":"","Attributes":0,"ValueType":"System.String"},"Value":"2111073578"}]},{"TestCase":{"Id":"54a07a39-6665-bc84-2001-b563682dc9f8","FullyQualifiedName":"InsuranceClaimTest.PolicyRepositoryTest.GetAll(2,\"Test Policy2\",\"Test Policy Type\",\"Test User2\")","DisplayName":"GetAll(2,\"Test Policy2\",\"Test Policy Type\",\"Test User2\")","ExecutorUri":"executor://NUnit3TestExecutor","Source":"D:\\C_sharp and dot net projects\\Day33\\InsuraceClaimSolution\\InsuranceClaimTest\\bin\\Debug\\net8.0\\fine-code-coverage\\build-output\\InsuranceClaimTest.dll","CodeFilePath":null,"LineNumber":0,"Properties":[{"Key":{"Id":"NUnit.Seed","Label":"Seed","Category":"","Description":"","Attributes":0,"ValueType":"System.String"},"Value":"2075461035"}]},"Attachments":[],"Outcome":2,"ErrorMessage":"InsuraceClaimApp.Exceptions.CouldNotAddException : Policy","ErrorStackTrace":"   at InsuraceClaimApp.Repositories.PolicyRepository.Add(Policy entity) in D:\\C_sharp and dot net projects\\Day33\\InsuraceClaimSolution\\InsuraceClaimApp\\Repositories\\PolicyRepository.cs:line 30\r\n   at InsuranceClaimTest.PolicyRepositoryTest.GetAll(Int32 policyId, String policyName, String policyType, String userName) in D:\\C_sharp and dot net projects\\Day33\\InsuraceClaimSolution\\InsuranceClaimTest\\PolicyRepositoryTest.cs:line 90\r\n   at NUnit.Framework.Internal.TaskAwaitAdapter.GenericAdapter`1.GetResult()\r\n   at NUnit.Framework.Internal.AsyncToSyncAdapter.Await(Func`1 invoke)\r\n   at NUnit.Framework.Internal.Commands.TestMethodCommand.RunTestMethod(TestExecutionContext context)\r\n   at NUnit.Framework.Internal.Commands.TestMethodCommand.Execute(TestExecutionContext context)\r\n   at NUnit.Framework.Internal.Commands.BeforeAndAfterTestCommand.<>c__DisplayClass1_0.<Execute>b__0()\r\n   at NUnit.Framework.Internal.Commands.DelegatingTestCommand.RunTestMethodInThreadAbortSafeZone(TestExecutionContext context, Action action)\n","DisplayName":"GetAll(2,\"Test Policy2\",\"Test Policy Type\",\"Test User2\")","Messages":[],"ComputerName":"LAPTOP-BJ9N1Q1E","Duration":"00:00:00.0021830","StartTime":"2024-10-25T15:42:10.9152012+00:00","EndTime":"2024-10-25T15:42:10.9173841+00:00","Properties":[{"Key":{"Id":"NUnit.Seed","Label":"Seed","Category":"","Description":"","Attributes":0,"ValueType":"System.String"},"Value":"2075461035"}]},{"TestCase":{"Id":"efcef66f-d0f2-1a7f-aa44-06d6122c8da2","FullyQualifiedName":"InsuranceClaimTest.PolicyRepositoryTest.TestAdd(1,\"Test Policy1\",\"Test Policy Type\",\"Test User1\")","DisplayName":"TestAdd(1,\"Test Policy1\",\"Test Policy Type\",\"Test User1\")","ExecutorUri":"executor://NUnit3TestExecutor","Source":"D:\\C_sharp and dot net projects\\Day33\\InsuraceClaimSolution\\InsuranceClaimTest\\bin\\Debug\\net8.0\\fine-code-coverage\\build-output\\InsuranceClaimTest.dll","CodeFilePath":null,"LineNumber":0,"Properties":[{"Key":{"Id":"NUnit.Seed","Label":"Seed","Category":"","Description":"","Attributes":0,"ValueType":"System.String"},"Value":"2065748412"}]},"Attachments":[],"Outcome":2,"ErrorMessage":"InsuraceClaimApp.Exceptions.CouldNotAddException : Policy","ErrorStackTrace":"   at InsuraceClaimApp.Repositories.PolicyRepository.Add(Policy entity) in D:\\C_sharp and dot net projects\\Day33\\InsuraceClaimSolution\\InsuraceClaimApp\\Repositories\\PolicyRepository.cs:line 30\r\n   at InsuranceClaimTest.PolicyRepositoryTest.TestAdd(Int32 policyId, String policyName, String policyType, String userName) in D:\\C_sharp and dot net projects\\Day33\\InsuraceClaimSolution\\InsuranceClaimTest\\PolicyRepositoryTest.cs:line 49\r\n   at NUnit.Framework.Internal.TaskAwaitAdapter.GenericAdapter`1.GetResult()\r\n   at NUnit.Framework.Internal.AsyncToSyncAdapter.Await(Func`1 invoke)\r\n   at NUnit.Framework.Internal.Commands.TestMethodCommand.RunTestMethod(TestExecutionContext context)\r\n   at NUnit.Framework.Internal.Commands.TestMethodCommand.Execute(TestExecutionContext context)\r\n   at NUnit.Framework.Internal.Commands.BeforeAndAfterTestCommand.<>c__DisplayClass1_0.<Execute>b__0()\r\n   at NUnit.Framework.Internal.Commands.DelegatingTestCommand.RunTestMethodInThreadAbortSafeZone(TestExecutionContext context, Action action)\n","DisplayName":"TestAdd(1,\"Test Policy1\",\"Test Policy Type\",\"Test User1\")","Messages":[],"ComputerName":"LAPTOP-BJ9N1Q1E","Duration":"00:00:00.0029330","StartTime":"2024-10-25T15:42:10.9175537+00:00","EndTime":"2024-10-25T15:42:10.9204866+00:00","Properties":[{"Key":{"Id":"NUnit.Seed","Label":"Seed","Category":"","Description":"","Attributes":0,"ValueType":"System.String"},"Value":"2065748412"}]},{"TestCase":{"Id":"f95fae8d-683d-e0c6-5803-ecef312f2d46","FullyQualifiedName":"InsuranceClaimTest.PolicyRepositoryTest.TestAdd(2,\"Test Policy2\",\"Test Policy Type\",\"Test User2\")","DisplayName":"TestAdd(2,\"Test Policy2\",\"Test Policy Type\",\"Test User2\")","ExecutorUri":"executor://NUnit3TestExecutor","Source":"D:\\C_sharp and dot net projects\\Day33\\InsuraceClaimSolution\\InsuranceClaimTest\\bin\\Debug\\net8.0\\fine-code-coverage\\build-output\\InsuranceClaimTest.dll","CodeFilePath":null,"LineNumber":0,"Properties":[{"Key":{"Id":"NUnit.Seed","Label":"Seed","Category":"","Description":"","Attributes":0,"ValueType":"System.String"},"Value":"205495298"}]},"Attachments":[],"Outcome":2,"ErrorMessage":"InsuraceClaimApp.Exceptions.CouldNotAddException : Policy","ErrorStackTrace":"   at InsuraceClaimApp.Repositories.PolicyRepository.Add(Policy entity) in D:\\C_sharp and dot net projects\\Day33\\InsuraceClaimSolution\\InsuraceClaimApp\\Repositories\\PolicyRepository.cs:line 30\r\n   at InsuranceClaimTest.PolicyRepositoryTest.TestAdd(Int32 policyId, String policyName, String policyType, String userName) in D:\\C_sharp and dot net projects\\Day33\\InsuraceClaimSolution\\InsuranceClaimTest\\PolicyRepositoryTest.cs:line 49\r\n   at NUnit.Framework.Internal.TaskAwaitAdapter.GenericAdapter`1.GetResult()\r\n   at NUnit.Framework.Internal.AsyncToSyncAdapter.Await(Func`1 invoke)\r\n   at NUnit.Framework.Internal.Commands.TestMethodCommand.RunTestMethod(TestExecutionContext context)\r\n   at NUnit.Framework.Internal.Commands.TestMethodCommand.Execute(TestExecutionContext context)\r\n   at NUnit.Framework.Internal.Commands.BeforeAndAfterTestCommand.<>c__DisplayClass1_0.<Execute>b__0()\r\n   at NUnit.Framework.Internal.Commands.DelegatingTestCommand.RunTestMethodInThreadAbortSafeZone(TestExecutionContext context, Action action)\n","DisplayName":"TestAdd(2,\"Test Policy2\",\"Test Policy Type\",\"Test User2\")","Messages":[],"ComputerName":"LAPTOP-BJ9N1Q1E","Duration":"00:00:00.0022680","StartTime":"2024-10-25T15:42:10.9205223+00:00","EndTime":"2024-10-25T15:42:10.9227901+00:00","Properties":[{"Key":{"Id":"NUnit.Seed","Label":"Seed","Category":"","Description":"","Attributes":0,"ValueType":"System.String"},"Value":"205495298"}]}],"TestRunStatistics":{"ExecutedTests":27,"Stats":{"Passed":12,"Failed":15}},"ActiveTests":[{"Id":"ad4fddd2-b046-abb8-0116-f8160374148b","FullyQualifiedName":"InsuranceClaimTest.PolicyRepositoryTest.Update(1,\"Test Policy1\",\"Test Policy Type\",\"Test User1\")","DisplayName":"Update(1,\"Test Policy1\",\"Test Policy Type\",\"Test User1\")","ExecutorUri":"executor://NUnit3TestExecutor","Source":"D:\\C_sharp and dot net projects\\Day33\\InsuraceClaimSolution\\InsuranceClaimTest\\bin\\Debug\\net8.0\\fine-code-coverage\\build-output\\InsuranceClaimTest.dll","CodeFilePath":null,"LineNumber":0,"Properties":[{"Key":{"Id":"NUnit.Seed","Label":"Seed","Category":"","Description":"","Attributes":0,"ValueType":"System.String"},"Value":"757013118"}]}]}}
TpTrace Verbose: 0 : 6672, 12, 2024/10/25, 21:12:10.947, 21489911949, vstest.console.dll, TestRunRequest:SendTestRunStatsChange: Starting.
TpTrace Verbose: 0 : 6672, 12, 2024/10/25, 21:12:10.948, 21489913415, vstest.console.dll, InProgress is Update(1,"Test Policy1","Test Policy Type","Test User1")
TpTrace Verbose: 0 : 6672, 12, 2024/10/25, 21:12:10.948, 21489914257, vstest.console.dll, MulticastDelegateUtilities.SafeInvoke: TestRun.RunStatsChanged: Invoking callbacks was skipped because there are no subscribers.
TpTrace Information: 0 : 6672, 12, 2024/10/25, 21:12:10.948, 21489914721, vstest.console.dll, TestRunRequest:SendTestRunStatsChange: Completed.
TpTrace Verbose: 0 : 6672, 12, 2024/10/25, 21:12:10.948, 21489915103, vstest.console.dll, MulticastDelegateUtilities.SafeInvoke: LengthPrefixCommunicationChannel: MessageReceived: Invoking callback 1/1 for Microsoft.VisualStudio.TestPlatform.CommunicationUtilities.TestRequestSender+<>c__DisplayClass34_0., took 2 ms.
TpTrace Verbose: 0 : 6672, 12, 2024/10/25, 21:12:10.948, 21489915629, vstest.console.dll, TcpClientExtensions.MessageLoopAsync: Polling on remoteEndPoint: 127.0.0.1:50360 localEndPoint: 127.0.0.1:50359 after 70 ms
TpTrace Verbose: 0 : 6672, 4, 2024/10/25, 21:12:10.948, 21489916639, vstest.console.dll, MulticastDelegateUtilities.SafeInvoke: InternalTestLoggerEvents.SendTestResult: Invoking callback 1/1 for Microsoft.VisualStudio.TestPlatform.CommandLine.Internal.ConsoleLogger., took 0 ms.
TpTrace Verbose: 0 : 6672, 4, 2024/10/25, 21:12:10.948, 21489919201, vstest.console.dll, MulticastDelegateUtilities.SafeInvoke: InternalTestLoggerEvents.SendTestResult: Invoking callback 1/1 for Microsoft.VisualStudio.TestPlatform.CommandLine.Internal.ConsoleLogger., took 0 ms.
TpTrace Verbose: 0 : 6672, 4, 2024/10/25, 21:12:10.948, 21489921338, vstest.console.dll, MulticastDelegateUtilities.SafeInvoke: InternalTestLoggerEvents.SendTestResult: Invoking callback 1/1 for Microsoft.VisualStudio.TestPlatform.CommandLine.Internal.ConsoleLogger., took 0 ms.
TpTrace Verbose: 0 : 6672, 4, 2024/10/25, 21:12:10.948, 21489922081, vstest.console.dll, MulticastDelegateUtilities.SafeInvoke: InternalTestLoggerEvents.SendTestResult: Invoking callback 1/1 for Microsoft.VisualStudio.TestPlatform.CommandLine.Internal.ConsoleLogger., took 0 ms.
TpTrace Verbose: 0 : 6672, 4, 2024/10/25, 21:12:10.948, 21489922460, vstest.console.dll, MulticastDelegateUtilities.SafeInvoke: InternalTestLoggerEvents.SendTestResult: Invoking callback 1/1 for Microsoft.VisualStudio.TestPlatform.CommandLine.Internal.ConsoleLogger., took 0 ms.
TpTrace Verbose: 0 : 6672, 4, 2024/10/25, 21:12:10.949, 21489925409, vstest.console.dll, MulticastDelegateUtilities.SafeInvoke: InternalTestLoggerEvents.SendTestResult: Invoking callback 1/1 for Microsoft.VisualStudio.TestPlatform.CommandLine.Internal.ConsoleLogger., took 0 ms.
TpTrace Verbose: 0 : 6672, 4, 2024/10/25, 21:12:10.949, 21489927754, vstest.console.dll, MulticastDelegateUtilities.SafeInvoke: InternalTestLoggerEvents.SendTestResult: Invoking callback 1/1 for Microsoft.VisualStudio.TestPlatform.CommandLine.Internal.ConsoleLogger., took 0 ms.
TpTrace Verbose: 0 : 6672, 4, 2024/10/25, 21:12:10.949, 21489930912, vstest.console.dll, MulticastDelegateUtilities.SafeInvoke: InternalTestLoggerEvents.SendTestResult: Invoking callback 1/1 for Microsoft.VisualStudio.TestPlatform.CommandLine.Internal.ConsoleLogger., took 0 ms.
TpTrace Verbose: 0 : 6672, 4, 2024/10/25, 21:12:10.950, 21489935937, vstest.console.dll, MulticastDelegateUtilities.SafeInvoke: InternalTestLoggerEvents.SendTestResult: Invoking callback 1/1 for Microsoft.VisualStudio.TestPlatform.CommandLine.Internal.ConsoleLogger., took 0 ms.
TpTrace Verbose: 0 : 6672, 12, 2024/10/25, 21:12:11.204, 21492476135, vstest.console.dll, TcpClientExtensions.MessageLoopAsync: NotifyDataAvailable remoteEndPoint: 127.0.0.1:50360 localEndPoint: 127.0.0.1:50359
TpTrace Verbose: 0 : 6672, 12, 2024/10/25, 21:12:11.204, 21492479161, vstest.console.dll, TestRequestSender.OnExecutionMessageReceived: Received message: {"Version":7,"MessageType":"TestExecution.StatsChange","Payload":{"NewTestResults":[{"TestCase":{"Id":"ad4fddd2-b046-abb8-0116-f8160374148b","FullyQualifiedName":"InsuranceClaimTest.PolicyRepositoryTest.Update(1,\"Test Policy1\",\"Test Policy Type\",\"Test User1\")","DisplayName":"Update(1,\"Test Policy1\",\"Test Policy Type\",\"Test User1\")","ExecutorUri":"executor://NUnit3TestExecutor","Source":"D:\\C_sharp and dot net projects\\Day33\\InsuraceClaimSolution\\InsuranceClaimTest\\bin\\Debug\\net8.0\\fine-code-coverage\\build-output\\InsuranceClaimTest.dll","CodeFilePath":null,"LineNumber":0,"Properties":[{"Key":{"Id":"NUnit.Seed","Label":"Seed","Category":"","Description":"","Attributes":0,"ValueType":"System.String"},"Value":"757013118"}]},"Attachments":[],"Outcome":2,"ErrorMessage":"InsuraceClaimApp.Exceptions.CouldNotAddException : Policy","ErrorStackTrace":"   at InsuraceClaimApp.Repositories.PolicyRepository.Add(Policy entity) in D:\\C_sharp and dot net projects\\Day33\\InsuraceClaimSolution\\InsuraceClaimApp\\Repositories\\PolicyRepository.cs:line 30\r\n   at InsuranceClaimTest.PolicyRepositoryTest.Update(Int32 policyId, String policyName, String policyType, String userName) in D:\\C_sharp and dot net projects\\Day33\\InsuraceClaimSolution\\InsuranceClaimTest\\PolicyRepositoryTest.cs:line 135\r\n   at NUnit.Framework.Internal.TaskAwaitAdapter.GenericAdapter`1.GetResult()\r\n   at NUnit.Framework.Internal.AsyncToSyncAdapter.Await(Func`1 invoke)\r\n   at NUnit.Framework.Internal.Commands.TestMethodCommand.RunTestMethod(TestExecutionContext context)\r\n   at NUnit.Framework.Internal.Commands.TestMethodCommand.Execute(TestExecutionContext context)\r\n   at NUnit.Framework.Internal.Commands.BeforeAndAfterTestCommand.<>c__DisplayClass1_0.<Execute>b__0()\r\n   at NUnit.Framework.Internal.Commands.DelegatingTestCommand.RunTestMethodInThreadAbortSafeZone(TestExecutionContext context, Action action)\n","DisplayName":"Update(1,\"Test Policy1\",\"Test Policy Type\",\"Test User1\")","Messages":[],"ComputerName":"LAPTOP-BJ9N1Q1E","Duration":"00:00:00.0033850","StartTime":"2024-10-25T15:42:10.9228853+00:00","EndTime":"2024-10-25T15:42:10.9262696+00:00","Properties":[{"Key":{"Id":"NUnit.Seed","Label":"Seed","Category":"","Description":"","Attributes":0,"ValueType":"System.String"},"Value":"757013118"}]},{"TestCase":{"Id":"d6e953ba-635d-91fb-7d67-d39f0e240804","FullyQualifiedName":"InsuranceClaimTest.PolicyRepositoryTest.Update(2,\"Test Policy2\",\"Test Policy Type\",\"Test User2\")","DisplayName":"Update(2,\"Test Policy2\",\"Test Policy Type\",\"Test User2\")","ExecutorUri":"executor://NUnit3TestExecutor","Source":"D:\\C_sharp and dot net projects\\Day33\\InsuraceClaimSolution\\InsuranceClaimTest\\bin\\Debug\\net8.0\\fine-code-coverage\\build-output\\InsuranceClaimTest.dll","CodeFilePath":null,"LineNumber":0,"Properties":[{"Key":{"Id":"NUnit.Seed","Label":"Seed","Category":"","Description":"","Attributes":0,"ValueType":"System.String"},"Value":"1192039167"}]},"Attachments":[],"Outcome":2,"ErrorMessage":"InsuraceClaimApp.Exceptions.CouldNotAddException : Policy","ErrorStackTrace":"   at InsuraceClaimApp.Repositories.PolicyRepository.Add(Policy entity) in D:\\C_sharp and dot net projects\\Day33\\InsuraceClaimSolution\\InsuraceClaimApp\\Repositories\\PolicyRepository.cs:line 30\r\n   at InsuranceClaimTest.PolicyRepositoryTest.Update(Int32 policyId, String policyName, String policyType, String userName) in D:\\C_sharp and dot net projects\\Day33\\InsuraceClaimSolution\\InsuranceClaimTest\\PolicyRepositoryTest.cs:line 135\r\n   at NUnit.Framework.Internal.TaskAwaitAdapter.GenericAdapter`1.GetResult()\r\n   at NUnit.Framework.Internal.AsyncToSyncAdapter.Await(Func`1 invoke)\r\n   at NUnit.Framework.Internal.Commands.TestMethodCommand.RunTestMethod(TestExecutionContext context)\r\n   at NUnit.Framework.Internal.Commands.TestMethodCommand.Execute(TestExecutionContext context)\r\n   at NUnit.Framework.Internal.Commands.BeforeAndAfterTestCommand.<>c__DisplayClass1_0.<Execute>b__0()\r\n   at NUnit.Framework.Internal.Commands.DelegatingTestCommand.RunTestMethodInThreadAbortSafeZone(TestExecutionContext context, Action action)\n","DisplayName":"Update(2,\"Test Policy2\",\"Test Policy Type\",\"Test User2\")","Messages":[],"ComputerName":"LAPTOP-BJ9N1Q1E","Duration":"00:00:00.0026850","StartTime":"2024-10-25T15:42:10.9263757+00:00","EndTime":"2024-10-25T15:42:10.9290607+00:00","Properties":[{"Key":{"Id":"NUnit.Seed","Label":"Seed","Category":"","Description":"","Attributes":0,"ValueType":"System.String"},"Value":"1192039167"}]},{"TestCase":{"Id":"af8cf748-de91-c3b7-eac5-46161e411c87","FullyQualifiedName":"InsuranceClaimTest.PolicyServiceTest.TestAdd","DisplayName":"TestAdd","ExecutorUri":"executor://NUnit3TestExecutor","Source":"D:\\C_sharp and dot net projects\\Day33\\InsuraceClaimSolution\\InsuranceClaimTest\\bin\\Debug\\net8.0\\fine-code-coverage\\build-output\\InsuranceClaimTest.dll","CodeFilePath":null,"LineNumber":0,"Properties":[{"Key":{"Id":"NUnit.Seed","Label":"Seed","Category":"","Description":"","Attributes":0,"ValueType":"System.String"},"Value":"156855088"}]},"Attachments":[],"Outcome":1,"ErrorMessage":null,"ErrorStackTrace":null,"DisplayName":"TestAdd","Messages":[],"ComputerName":"LAPTOP-BJ9N1Q1E","Duration":"00:00:00.0029630","StartTime":"2024-10-25T15:42:10.9296206+00:00","EndTime":"2024-10-25T15:42:10.9325829+00:00","Properties":[{"Key":{"Id":"NUnit.Seed","Label":"Seed","Category":"","Description":"","Attributes":0,"ValueType":"System.String"},"Value":"156855088"}]},{"TestCase":{"Id":"c685346a-2b52-09dc-62ff-2a9034cdfc5a","FullyQualifiedName":"InsuranceClaimTest.PolicyServiceTest.TestGetAllPoliciesAsync","DisplayName":"TestGetAllPoliciesAsync","ExecutorUri":"executor://NUnit3TestExecutor","Source":"D:\\C_sharp and dot net projects\\Day33\\InsuraceClaimSolution\\InsuranceClaimTest\\bin\\Debug\\net8.0\\fine-code-coverage\\build-output\\InsuranceClaimTest.dll","CodeFilePath":null,"LineNumber":0,"Properties":[{"Key":{"Id":"NUnit.Seed","Label":"Seed","Category":"","Description":"","Attributes":0,"ValueType":"System.String"},"Value":"18228835"}]},"Attachments":[],"Outcome":2,"ErrorMessage":"  Expected: True\r\n  But was:  False\r\n","ErrorStackTrace":"   at InsuranceClaimTest.PolicyServiceTest.TestGetAllPoliciesAsync() in D:\\C_sharp and dot net projects\\Day33\\InsuraceClaimSolution\\InsuranceClaimTest\\PolicyServiceTest.cs:line 79\r\n   at NUnit.Framework.Internal.TaskAwaitAdapter.GenericAdapter`1.GetResult()\r\n   at NUnit.Framework.Internal.AsyncToSyncAdapter.Await(Func`1 invoke)\r\n   at NUnit.Framework.Internal.Commands.TestMethodCommand.RunTestMethod(TestExecutionContext context)\r\n   at NUnit.Framework.Internal.Commands.TestMethodCommand.Execute(TestExecutionContext context)\r\n   at NUnit.Framework.Internal.Commands.BeforeAndAfterTestCommand.<>c__DisplayClass1_0.<Execute>b__0()\r\n   at NUnit.Framework.Internal.Commands.DelegatingTestCommand.RunTestMethodInThreadAbortSafeZone(TestExecutionContext context, Action action)\r\n\n1)    at InsuranceClaimTest.PolicyServiceTest.TestGetAllPoliciesAsync() in D:\\C_sharp and dot net projects\\Day33\\InsuraceClaimSolution\\InsuranceClaimTest\\PolicyServiceTest.cs:line 79\r\n   at System.Runtime.CompilerServices.AsyncMethodBuilderCore.Start[TStateMachine](TStateMachine& stateMachine)\r\n   at InsuranceClaimTest.PolicyServiceTest.TestGetAllPoliciesAsync()\r\n\n","DisplayName":"TestGetAllPoliciesAsync","Messages":[],"ComputerName":"LAPTOP-BJ9N1Q1E","Duration":"00:00:00.1947990","StartTime":"2024-10-25T15:42:10.9327265+00:00","EndTime":"2024-10-25T15:42:11.1275258+00:00","Properties":[{"Key":{"Id":"NUnit.Seed","Label":"Seed","Category":"","Description":"","Attributes":0,"ValueType":"System.String"},"Value":"18228835"}]},{"TestCase":{"Id":"dcebdb13-d7f8-3244-bced-a0486c9f1473","FullyQualifiedName":"InsuranceClaimTest.PolicyServiceTest.TestGetPolicyByIdAsync","DisplayName":"TestGetPolicyByIdAsync","ExecutorUri":"executor://NUnit3TestExecutor","Source":"D:\\C_sharp and dot net projects\\Day33\\InsuraceClaimSolution\\InsuranceClaimTest\\bin\\Debug\\net8.0\\fine-code-coverage\\build-output\\InsuranceClaimTest.dll","CodeFilePath":null,"LineNumber":0,"Properties":[{"Key":{"Id":"NUnit.Seed","Label":"Seed","Category":"","Description":"","Attributes":0,"ValueType":"System.String"},"Value":"451189679"}]},"Attachments":[],"Outcome":2,"ErrorMessage":"  Expected: True\r\n  But was:  False\r\n","ErrorStackTrace":"   at InsuranceClaimTest.PolicyServiceTest.TestGetPolicyByIdAsync() in D:\\C_sharp and dot net projects\\Day33\\InsuraceClaimSolution\\InsuranceClaimTest\\PolicyServiceTest.cs:line 101\r\n   at NUnit.Framework.Internal.TaskAwaitAdapter.GenericAdapter`1.GetResult()\r\n   at NUnit.Framework.Internal.AsyncToSyncAdapter.Await(Func`1 invoke)\r\n   at NUnit.Framework.Internal.Commands.TestMethodCommand.RunTestMethod(TestExecutionContext context)\r\n   at NUnit.Framework.Internal.Commands.TestMethodCommand.Execute(TestExecutionContext context)\r\n   at NUnit.Framework.Internal.Commands.BeforeAndAfterTestCommand.<>c__DisplayClass1_0.<Execute>b__0()\r\n   at NUnit.Framework.Internal.Commands.DelegatingTestCommand.RunTestMethodInThreadAbortSafeZone(TestExecutionContext context, Action action)\r\n\n1)    at InsuranceClaimTest.PolicyServiceTest.TestGetPolicyByIdAsync() in D:\\C_sharp and dot net projects\\Day33\\InsuraceClaimSolution\\InsuranceClaimTest\\PolicyServiceTest.cs:line 101\r\n   at System.Runtime.CompilerServices.AsyncMethodBuilderCore.Start[TStateMachine](TStateMachine& stateMachine)\r\n   at InsuranceClaimTest.PolicyServiceTest.TestGetPolicyByIdAsync()\r\n\n","DisplayName":"TestGetPolicyByIdAsync","Messages":[],"ComputerName":"LAPTOP-BJ9N1Q1E","Duration":"00:00:00.0591850","StartTime":"2024-10-25T15:42:11.1275687+00:00","EndTime":"2024-10-25T15:42:11.1867536+00:00","Properties":[{"Key":{"Id":"NUnit.Seed","Label":"Seed","Category":"","Description":"","Attributes":0,"ValueType":"System.String"},"Value":"451189679"}]},{"TestCase":{"Id":"d3a1498d-b578-06df-ad7d-a13ef42f7727","FullyQualifiedName":"InsuranceClaimTest.UserControllerTest.LoginInvalidCredentialsTest","DisplayName":"LoginInvalidCredentialsTest","ExecutorUri":"executor://NUnit3TestExecutor","Source":"D:\\C_sharp and dot net projects\\Day33\\InsuraceClaimSolution\\InsuranceClaimTest\\bin\\Debug\\net8.0\\fine-code-coverage\\build-output\\InsuranceClaimTest.dll","CodeFilePath":null,"LineNumber":0,"Properties":[{"Key":{"Id":"NUnit.Seed","Label":"Seed","Category":"","Description":"","Attributes":0,"ValueType":"System.String"},"Value":"264828035"}]},"Attachments":[],"Outcome":1,"ErrorMessage":null,"ErrorStackTrace":null,"DisplayName":"LoginInvalidCredentialsTest","Messages":[],"ComputerName":"LAPTOP-BJ9N1Q1E","Duration":"00:00:00.0072290","StartTime":"2024-10-25T15:42:11.1869258+00:00","EndTime":"2024-10-25T15:42:11.1941543+00:00","Properties":[{"Key":{"Id":"NUnit.Seed","Label":"Seed","Category":"","Description":"","Attributes":0,"ValueType":"System.String"},"Value":"264828035"}]},{"TestCase":{"Id":"1a5a9fa2-7b30-877b-ac35-2e05d3a26fe1","FullyQualifiedName":"InsuranceClaimTest.UserControllerTest.LoginTest","DisplayName":"LoginTest","ExecutorUri":"executor://NUnit3TestExecutor","Source":"D:\\C_sharp and dot net projects\\Day33\\InsuraceClaimSolution\\InsuranceClaimTest\\bin\\Debug\\net8.0\\fine-code-coverage\\build-output\\InsuranceClaimTest.dll","CodeFilePath":null,"LineNumber":0,"Properties":[{"Key":{"Id":"NUnit.Seed","Label":"Seed","Category":"","Description":"","Attributes":0,"ValueType":"System.String"},"Value":"1390866661"}]},"Attachments":[],"Outcome":1,"ErrorMessage":null,"ErrorStackTrace":null,"DisplayName":"LoginTest","Messages":[],"ComputerName":"LAPTOP-BJ9N1Q1E","Duration":"00:00:00.0020569","StartTime":"2024-10-25T15:42:11.194185+00:00","EndTime":"2024-10-25T15:42:11.1962416+00:00","Properties":[{"Key":{"Id":"NUnit.Seed","Label":"Seed","Category":"","Description":"","Attributes":0,"ValueType":"System.String"},"Value":"1390866661"}]},{"TestCase":{"Id":"4fd5478e-0c2a-e04a-88de-2b5b2925c391","FullyQualifiedName":"InsuranceClaimTest.UserControllerTest.RegisterExceptionTest","DisplayName":"RegisterExceptionTest","ExecutorUri":"executor://NUnit3TestExecutor","Source":"D:\\C_sharp and dot net projects\\Day33\\InsuraceClaimSolution\\InsuranceClaimTest\\bin\\Debug\\net8.0\\fine-code-coverage\\build-output\\InsuranceClaimTest.dll","CodeFilePath":null,"LineNumber":0,"Properties":[{"Key":{"Id":"NUnit.Seed","Label":"Seed","Category":"","Description":"","Attributes":0,"ValueType":"System.String"},"Value":"1639588469"}]},"Attachments":[],"Outcome":2,"ErrorMessage":"System.Exception : User already exists","ErrorStackTrace":"   at InsuraceClaimApp.Controllers.UserController.Register(UserCreateDTO createDTO) in D:\\C_sharp and dot net projects\\Day33\\InsuraceClaimSolution\\InsuraceClaimApp\\Controllers\\UserController.cs:line 25\r\n   at InsuranceClaimTest.UserControllerTest.RegisterExceptionTest() in D:\\C_sharp and dot net projects\\Day33\\InsuraceClaimSolution\\InsuranceClaimTest\\UserControllerTest.cs:line 65\r\n   at NUnit.Framework.Internal.TaskAwaitAdapter.GenericAdapter`1.GetResult()\r\n   at NUnit.Framework.Internal.AsyncToSyncAdapter.Await(Func`1 invoke)\r\n   at NUnit.Framework.Internal.Commands.TestMethodCommand.RunTestMethod(TestExecutionContext context)\r\n   at NUnit.Framework.Internal.Commands.TestMethodCommand.Execute(TestExecutionContext context)\r\n   at NUnit.Framework.Internal.Commands.BeforeAndAfterTestCommand.<>c__DisplayClass1_0.<Execute>b__0()\r\n   at NUnit.Framework.Internal.Commands.DelegatingTestCommand.RunTestMethodInThreadAbortSafeZone(TestExecutionContext context, Action action)\n","DisplayName":"RegisterExceptionTest","Messages":[],"ComputerName":"LAPTOP-BJ9N1Q1E","Duration":"00:00:00.0039620","StartTime":"2024-10-25T15:42:11.1962597+00:00","EndTime":"2024-10-25T15:42:11.2002217+00:00","Properties":[{"Key":{"Id":"NUnit.Seed","Label":"Seed","Category":"","Description":"","Attributes":0,"ValueType":"System.String"},"Value":"1639588469"}]},{"TestCase":{"Id":"01c35b51-b1ad-f2e8-2071-00da90006239","FullyQualifiedName":"InsuranceClaimTest.UserControllerTest.RegisterTest","DisplayName":"RegisterTest","ExecutorUri":"executor://NUnit3TestExecutor","Source":"D:\\C_sharp and dot net projects\\Day33\\InsuraceClaimSolution\\InsuranceClaimTest\\bin\\Debug\\net8.0\\fine-code-coverage\\build-output\\InsuranceClaimTest.dll","CodeFilePath":null,"LineNumber":0,"Properties":[{"Key":{"Id":"NUnit.Seed","Label":"Seed","Category":"","Description":"","Attributes":0,"ValueType":"System.String"},"Value":"293362501"}]},"Attachments":[],"Outcome":1,"ErrorMessage":null,"ErrorStackTrace":null,"DisplayName":"RegisterTest","Messages":[],"ComputerName":"LAPTOP-BJ9N1Q1E","Duration":"00:00:00.0016530","StartTime":"2024-10-25T15:42:11.2002491+00:00","EndTime":"2024-10-25T15:42:11.2019015+00:00","Properties":[{"Key":{"Id":"NUnit.Seed","Label":"Seed","Category":"","Description":"","Attributes":0,"ValueType":"System.String"},"Value":"293362501"}]}],"TestRunStatistics":{"ExecutedTests":36,"Stats":{"Passed":16,"Failed":20}},"ActiveTests":[{"Id":"f79318d9-4101-82a7-3eb0-c2ed88dae49d","FullyQualifiedName":"InsuranceClaimTest.UserRepositoryTest.TestAdd","DisplayName":"TestAdd","ExecutorUri":"executor://NUnit3TestExecutor","Source":"D:\\C_sharp and dot net projects\\Day33\\InsuraceClaimSolution\\InsuranceClaimTest\\bin\\Debug\\net8.0\\fine-code-coverage\\build-output\\InsuranceClaimTest.dll","CodeFilePath":null,"LineNumber":0,"Properties":[{"Key":{"Id":"NUnit.Seed","Label":"Seed","Category":"","Description":"","Attributes":0,"ValueType":"System.String"},"Value":"390551879"}]}]}}
TpTrace Verbose: 0 : 6672, 12, 2024/10/25, 21:12:11.205, 21492490564, vstest.console.dll, TestRunRequest:SendTestRunStatsChange: Starting.
TpTrace Verbose: 0 : 6672, 12, 2024/10/25, 21:12:11.205, 21492491604, vstest.console.dll, InProgress is TestAdd
TpTrace Verbose: 0 : 6672, 12, 2024/10/25, 21:12:11.206, 21492493304, vstest.console.dll, MulticastDelegateUtilities.SafeInvoke: TestRun.RunStatsChanged: Invoking callbacks was skipped because there are no subscribers.
TpTrace Information: 0 : 6672, 12, 2024/10/25, 21:12:11.206, 21492493901, vstest.console.dll, TestRunRequest:SendTestRunStatsChange: Completed.
TpTrace Verbose: 0 : 6672, 12, 2024/10/25, 21:12:11.206, 21492494272, vstest.console.dll, MulticastDelegateUtilities.SafeInvoke: LengthPrefixCommunicationChannel: MessageReceived: Invoking callback 1/1 for Microsoft.VisualStudio.TestPlatform.CommunicationUtilities.TestRequestSender+<>c__DisplayClass34_0., took 1 ms.
TpTrace Verbose: 0 : 6672, 12, 2024/10/25, 21:12:11.206, 21492494656, vstest.console.dll, TcpClientExtensions.MessageLoopAsync: Polling on remoteEndPoint: 127.0.0.1:50360 localEndPoint: 127.0.0.1:50359 after 257 ms
TpTrace Verbose: 0 : 6672, 4, 2024/10/25, 21:12:11.206, 21492496163, vstest.console.dll, MulticastDelegateUtilities.SafeInvoke: InternalTestLoggerEvents.SendTestResult: Invoking callback 1/1 for Microsoft.VisualStudio.TestPlatform.CommandLine.Internal.ConsoleLogger., took 0 ms.
TpTrace Verbose: 0 : 6672, 4, 2024/10/25, 21:12:11.206, 21492500535, vstest.console.dll, MulticastDelegateUtilities.SafeInvoke: InternalTestLoggerEvents.SendTestResult: Invoking callback 1/1 for Microsoft.VisualStudio.TestPlatform.CommandLine.Internal.ConsoleLogger., took 0 ms.
TpTrace Verbose: 0 : 6672, 4, 2024/10/25, 21:12:11.206, 21492502051, vstest.console.dll, MulticastDelegateUtilities.SafeInvoke: InternalTestLoggerEvents.SendTestResult: Invoking callback 1/1 for Microsoft.VisualStudio.TestPlatform.CommandLine.Internal.ConsoleLogger., took 0 ms.
TpTrace Verbose: 0 : 6672, 4, 2024/10/25, 21:12:11.207, 21492503952, vstest.console.dll, MulticastDelegateUtilities.SafeInvoke: InternalTestLoggerEvents.SendTestResult: Invoking callback 1/1 for Microsoft.VisualStudio.TestPlatform.CommandLine.Internal.ConsoleLogger., took 0 ms.
TpTrace Verbose: 0 : 6672, 4, 2024/10/25, 21:12:11.207, 21492506859, vstest.console.dll, MulticastDelegateUtilities.SafeInvoke: InternalTestLoggerEvents.SendTestResult: Invoking callback 1/1 for Microsoft.VisualStudio.TestPlatform.CommandLine.Internal.ConsoleLogger., took 0 ms.
TpTrace Verbose: 0 : 6672, 4, 2024/10/25, 21:12:11.207, 21492507993, vstest.console.dll, MulticastDelegateUtilities.SafeInvoke: InternalTestLoggerEvents.SendTestResult: Invoking callback 1/1 for Microsoft.VisualStudio.TestPlatform.CommandLine.Internal.ConsoleLogger., took 0 ms.
TpTrace Verbose: 0 : 6672, 4, 2024/10/25, 21:12:11.207, 21492508411, vstest.console.dll, MulticastDelegateUtilities.SafeInvoke: InternalTestLoggerEvents.SendTestResult: Invoking callback 1/1 for Microsoft.VisualStudio.TestPlatform.CommandLine.Internal.ConsoleLogger., took 0 ms.
TpTrace Verbose: 0 : 6672, 4, 2024/10/25, 21:12:11.207, 21492510420, vstest.console.dll, MulticastDelegateUtilities.SafeInvoke: InternalTestLoggerEvents.SendTestResult: Invoking callback 1/1 for Microsoft.VisualStudio.TestPlatform.CommandLine.Internal.ConsoleLogger., took 0 ms.
TpTrace Verbose: 0 : 6672, 4, 2024/10/25, 21:12:11.207, 21492510838, vstest.console.dll, MulticastDelegateUtilities.SafeInvoke: InternalTestLoggerEvents.SendTestResult: Invoking callback 1/1 for Microsoft.VisualStudio.TestPlatform.CommandLine.Internal.ConsoleLogger., took 0 ms.
TpTrace Verbose: 0 : 6672, 12, 2024/10/25, 21:12:11.252, 21492962855, vstest.console.dll, TcpClientExtensions.MessageLoopAsync: NotifyDataAvailable remoteEndPoint: 127.0.0.1:50360 localEndPoint: 127.0.0.1:50359
TpTrace Verbose: 0 : 6672, 12, 2024/10/25, 21:12:11.253, 21492964417, vstest.console.dll, TestRequestSender.OnExecutionMessageReceived: Received message: {"Version":7,"MessageType":"TestSession.Message","Payload":{"MessageLevel":0,"Message":"NUnit Adapter 4.5.0.0: Test execution complete"}}
TpTrace Verbose: 0 : 6672, 12, 2024/10/25, 21:12:11.253, 21492965991, vstest.console.dll, TestRunRequest:SendTestRunMessage: Starting.
TpTrace Verbose: 0 : 6672, 12, 2024/10/25, 21:12:11.253, 21492966702, vstest.console.dll, MulticastDelegateUtilities.SafeInvoke: TestRun.LogMessages: Invoking callback 1/1 for Microsoft.VisualStudio.TestPlatform.CommandLine.TestRunResultAggregator., took 0 ms.
TpTrace Information: 0 : 6672, 12, 2024/10/25, 21:12:11.253, 21492967015, vstest.console.dll, TestRunRequest:SendTestRunMessage: Completed.
TpTrace Verbose: 0 : 6672, 4, 2024/10/25, 21:12:11.253, 21492967265, vstest.console.dll, MulticastDelegateUtilities.SafeInvoke: InternalTestLoggerEvents.SendTestRunMessage: Invoking callback 1/1 for Microsoft.VisualStudio.TestPlatform.CommandLine.Internal.ConsoleLogger., took 0 ms.
TpTrace Verbose: 0 : 6672, 12, 2024/10/25, 21:12:11.253, 21492967475, vstest.console.dll, MulticastDelegateUtilities.SafeInvoke: LengthPrefixCommunicationChannel: MessageReceived: Invoking callback 1/1 for Microsoft.VisualStudio.TestPlatform.CommunicationUtilities.TestRequestSender+<>c__DisplayClass34_0., took 0 ms.
TpTrace Verbose: 0 : 6672, 12, 2024/10/25, 21:12:11.253, 21492969378, vstest.console.dll, TcpClientExtensions.MessageLoopAsync: Polling on remoteEndPoint: 127.0.0.1:50360 localEndPoint: 127.0.0.1:50359 after 47 ms
TpTrace Verbose: 0 : 6672, 12, 2024/10/25, 21:12:11.265, 21493089805, vstest.console.dll, TcpClientExtensions.MessageLoopAsync: NotifyDataAvailable remoteEndPoint: 127.0.0.1:50360 localEndPoint: 127.0.0.1:50359
TpTrace Verbose: 0 : 6672, 12, 2024/10/25, 21:12:11.265, 21493091361, vstest.console.dll, TestRequestSender.OnExecutionMessageReceived: Received message: {"Version":7,"MessageType":"TestExecution.Completed","Payload":{"TestRunCompleteArgs":{"TestRunStatistics":{"ExecutedTests":40,"Stats":{"Passed":18,"Failed":22}},"IsCanceled":false,"IsAborted":false,"Error":null,"AttachmentSets":[],"InvokedDataCollectors":[],"ElapsedTimeInRunningTests":"00:00:01.3502318","Metrics":{},"DiscoveredExtensions":{"TestDiscoverers":["NUnit.VisualStudio.TestAdapter.NUnit3TestDiscoverer, NUnit3.TestAdapter, Version=4.5.0.0, Culture=neutral, PublicKeyToken=4cb40d35494691ac"],"TestExecutors":["executor://NUnit3TestExecutor"],"TestExecutors2":[],"TestSettingsProviders":[]}},"LastRunTests":{"NewTestResults":[{"TestCase":{"Id":"f79318d9-4101-82a7-3eb0-c2ed88dae49d","FullyQualifiedName":"InsuranceClaimTest.UserRepositoryTest.TestAdd","DisplayName":"TestAdd","ExecutorUri":"executor://NUnit3TestExecutor","Source":"D:\\C_sharp and dot net projects\\Day33\\InsuraceClaimSolution\\InsuranceClaimTest\\bin\\Debug\\net8.0\\fine-code-coverage\\build-output\\InsuranceClaimTest.dll","CodeFilePath":null,"LineNumber":0,"Properties":[{"Key":{"Id":"NUnit.Seed","Label":"Seed","Category":"","Description":"","Attributes":0,"ValueType":"System.String"},"Value":"390551879"}]},"Attachments":[],"Outcome":1,"ErrorMessage":null,"ErrorStackTrace":null,"DisplayName":"TestAdd","Messages":[],"ComputerName":"LAPTOP-BJ9N1Q1E","Duration":"00:00:00.0177030","StartTime":"2024-10-25T15:42:11.2020547+00:00","EndTime":"2024-10-25T15:42:11.2197576+00:00","Properties":[{"Key":{"Id":"NUnit.Seed","Label":"Seed","Category":"","Description":"","Attributes":0,"ValueType":"System.String"},"Value":"390551879"}]},{"TestCase":{"Id":"c72722c1-cfce-25a9-a3ac-b4b5b3f1b712","FullyQualifiedName":"InsuranceClaimTest.UserRepositoryTest.TestGet","DisplayName":"TestGet","ExecutorUri":"executor://NUnit3TestExecutor","Source":"D:\\C_sharp and dot net projects\\Day33\\InsuraceClaimSolution\\InsuranceClaimTest\\bin\\Debug\\net8.0\\fine-code-coverage\\build-output\\InsuranceClaimTest.dll","CodeFilePath":null,"LineNumber":0,"Properties":[{"Key":{"Id":"NUnit.Seed","Label":"Seed","Category":"","Description":"","Attributes":0,"ValueType":"System.String"},"Value":"1713045939"}]},"Attachments":[],"Outcome":1,"ErrorMessage":null,"ErrorStackTrace":null,"DisplayName":"TestGet","Messages":[],"ComputerName":"LAPTOP-BJ9N1Q1E","Duration":"00:00:00.0111819","StartTime":"2024-10-25T15:42:11.2197907+00:00","EndTime":"2024-10-25T15:42:11.2309726+00:00","Properties":[{"Key":{"Id":"NUnit.Seed","Label":"Seed","Category":"","Description":"","Attributes":0,"ValueType":"System.String"},"Value":"1713045939"}]},{"TestCase":{"Id":"1c9cdb59-d073-c691-ef57-8acd37b0e329","FullyQualifiedName":"InsuranceClaimTest.UserServiceTest.TestAdd(\"TestUser\",\"TestPassword\",\"TestHashKey\")","DisplayName":"TestAdd(\"TestUser\",\"TestPassword\",\"TestHashKey\")","ExecutorUri":"executor://NUnit3TestExecutor","Source":"D:\\C_sharp and dot net projects\\Day33\\InsuraceClaimSolution\\InsuranceClaimTest\\bin\\Debug\\net8.0\\fine-code-coverage\\build-output\\InsuranceClaimTest.dll","CodeFilePath":null,"LineNumber":0,"Properties":[{"Key":{"Id":"NUnit.Seed","Label":"Seed","Category":"","Description":"","Attributes":0,"ValueType":"System.String"},"Value":"533478709"}]},"Attachments":[],"Outcome":2,"ErrorMessage":"System.Exception : Could not register user","ErrorStackTrace":"   at InsuraceClaimApp.Services.UserService.Register(UserCreateDTO registerUser) in D:\\C_sharp and dot net projects\\Day33\\InsuraceClaimSolution\\InsuraceClaimApp\\Services\\UserService.cs:line 65\r\n   at InsuranceClaimTest.UserServiceTest.TestAdd(String username, String password, String hashKey) in D:\\C_sharp and dot net projects\\Day33\\InsuraceClaimSolution\\InsuranceClaimTest\\UserServiceTest.cs:line 46\r\n   at NUnit.Framework.Internal.TaskAwaitAdapter.GenericAdapter`1.GetResult()\r\n   at NUnit.Framework.Internal.AsyncToSyncAdapter.Await(Func`1 invoke)\r\n   at NUnit.Framework.Internal.Commands.TestMethodCommand.RunTestMethod(TestExecutionContext context)\r\n   at NUnit.Framework.Internal.Commands.TestMethodCommand.Execute(TestExecutionContext context)\r\n   at NUnit.Framework.Internal.Commands.BeforeAndAfterTestCommand.<>c__DisplayClass1_0.<Execute>b__0()\r\n   at NUnit.Framework.Internal.Commands.DelegatingTestCommand.RunTestMethodInThreadAbortSafeZone(TestExecutionContext context, Action action)\n","DisplayName":"TestAdd(\"TestUser\",\"TestPassword\",\"TestHashKey\")","Messages":[],"ComputerName":"LAPTOP-BJ9N1Q1E","Duration":"00:00:00.0064790","StartTime":"2024-10-25T15:42:11.2312358+00:00","EndTime":"2024-10-25T15:42:11.2377141+00:00","Properties":[{"Key":{"Id":"NUnit.Seed","Label":"Seed","Category":"","Description":"","Attributes":0,"ValueType":"System.String"},"Value":"533478709"}]},{"TestCase":{"Id":"35b0028d-142a-2691-6a3d-a6997ddd14c0","FullyQualifiedName":"InsuranceClaimTest.UserServiceTest.TestAuthenticate(\"TestUser\",\"TestPassword\",\"TestHashKey\")","DisplayName":"TestAuthenticate(\"TestUser\",\"TestPassword\",\"TestHashKey\")","ExecutorUri":"executor://NUnit3TestExecutor","Source":"D:\\C_sharp and dot net projects\\Day33\\InsuraceClaimSolution\\InsuranceClaimTest\\bin\\Debug\\net8.0\\fine-code-coverage\\build-output\\InsuranceClaimTest.dll","CodeFilePath":null,"LineNumber":0,"Properties":[{"Key":{"Id":"NUnit.Seed","Label":"Seed","Category":"","Description":"","Attributes":0,"ValueType":"System.String"},"Value":"13929218"}]},"Attachments":[],"Outcome":2,"ErrorMessage":"System.Exception : Could not register user","ErrorStackTrace":"   at InsuraceClaimApp.Services.UserService.Register(UserCreateDTO registerUser) in D:\\C_sharp and dot net projects\\Day33\\InsuraceClaimSolution\\InsuraceClaimApp\\Services\\UserService.cs:line 65\r\n   at InsuranceClaimTest.UserServiceTest.TestAuthenticate(String username, String password, String hashKey) in D:\\C_sharp and dot net projects\\Day33\\InsuraceClaimSolution\\InsuranceClaimTest\\UserServiceTest.cs:line 59\r\n   at NUnit.Framework.Internal.TaskAwaitAdapter.GenericAdapter`1.GetResult()\r\n   at NUnit.Framework.Internal.AsyncToSyncAdapter.Await(Func`1 invoke)\r\n   at NUnit.Framework.Internal.Commands.TestMethodCommand.RunTestMethod(TestExecutionContext context)\r\n   at NUnit.Framework.Internal.Commands.TestMethodCommand.Execute(TestExecutionContext context)\r\n   at NUnit.Framework.Internal.Commands.BeforeAndAfterTestCommand.<>c__DisplayClass1_0.<Execute>b__0()\r\n   at NUnit.Framework.Internal.Commands.DelegatingTestCommand.RunTestMethodInThreadAbortSafeZone(TestExecutionContext context, Action action)\n","DisplayName":"TestAuthenticate(\"TestUser\",\"TestPassword\",\"TestHashKey\")","Messages":[],"ComputerName":"LAPTOP-BJ9N1Q1E","Duration":"00:00:00.0026260","StartTime":"2024-10-25T15:42:11.237783+00:00","EndTime":"2024-10-25T15:42:11.2404083+00:00","Properties":[{"Key":{"Id":"NUnit.Seed","Label":"Seed","Category":"","Description":"","Attributes":0,"ValueType":"System.String"},"Value":"13929218"}]}],"TestRunStatistics":{"ExecutedTests":40,"Stats":{"Passed":18,"Failed":22}},"ActiveTests":[]},"RunAttachments":[],"ExecutorUris":["executor://nunit3testexecutor/"]}}
TpTrace Verbose: 0 : 6672, 12, 2024/10/25, 21:12:11.265, 21493092367, vstest.console.dll, TestRequestSender.EndSession: Sending end session.
TpTrace Verbose: 0 : 6672, 12, 2024/10/25, 21:12:11.266, 21493093535, vstest.console.dll, ProxyOperationManager.Close: waiting for test host to exit for 100 ms
TpTrace Warning: 0 : 6672, 7, 2024/10/25, 21:12:11.322, 21493662744, vstest.console.dll, TestHostManagerCallbacks.ErrorReceivedCallback Test host standard error line: 
TpTrace Verbose: 0 : 6672, 13, 2024/10/25, 21:12:11.322, 21493662696, vstest.console.dll, TestHostManagerCallbacks.StandardOutputReceivedCallback Test host standard output line: 
TpTrace Verbose: 0 : 6672, 13, 2024/10/25, 21:12:11.342, 21493854629, vstest.console.dll, TestHostProvider.ExitCallBack: Host exited starting callback.
TpTrace Information: 0 : 6672, 13, 2024/10/25, 21:12:11.342, 21493856817, vstest.console.dll, TestHostManagerCallbacks.ExitCallBack: Testhost processId: 20840 exited with exitcode: 0 error: ''
TpTrace Verbose: 0 : 6672, 13, 2024/10/25, 21:12:11.342, 21493857213, vstest.console.dll, DotnetTestHostManager.OnHostExited: invoking OnHostExited callback
TpTrace Verbose: 0 : 6672, 13, 2024/10/25, 21:12:11.342, 21493857652, vstest.console.dll, CrossPlatEngine.TestHostManagerHostExited: calling on client process exit callback.
TpTrace Information: 0 : 6672, 13, 2024/10/25, 21:12:11.342, 21493858155, vstest.console.dll, TestRequestSender.OnClientProcessExit: Test host process exited. Standard error: 
TpTrace Information: 0 : 6672, 13, 2024/10/25, 21:12:11.342, 21493858541, vstest.console.dll, SocketServer.Stop: Stop server endPoint: 127.0.0.1:50359
TpTrace Information: 0 : 6672, 13, 2024/10/25, 21:12:11.342, 21493858749, vstest.console.dll, SocketServer.Stop: Cancellation requested. Stopping message loop.
TpTrace Information: 0 : 6672, 12, 2024/10/25, 21:12:11.342, 21493858830, vstest.console.dll, SocketServer.Stop: Stop server endPoint: 127.0.0.1:50359
TpTrace Verbose: 0 : 6672, 13, 2024/10/25, 21:12:11.342, 21493860021, vstest.console.dll, MulticastDelegateUtilities.SafeInvoke: HostProviderEvents.OnHostExited: Invoking callback 1/1 for Microsoft.VisualStudio.TestPlatform.CrossPlatEngine.Client.ProxyOperationManager., took 0 ms.
TpTrace Information: 0 : 6672, 12, 2024/10/25, 21:12:11.342, 21493860122, vstest.console.dll, SocketServer.Stop: Cancellation requested. Stopping message loop.
TpTrace Information: 0 : 6672, 12, 2024/10/25, 21:12:11.342, 21493860752, vstest.console.dll, Closing the connection
TpTrace Verbose: 0 : 6672, 12, 2024/10/25, 21:12:11.343, 21493863405, vstest.console.dll, ProxyDataCollectionManager.InvokeDataCollectionServiceAction: Starting.
TpTrace Information: 0 : 6672, 12, 2024/10/25, 21:12:11.343, 21493863875, vstest.console.dll, ProxyDataCollectionManager.AfterTestRunEnd: Get attachment set and invoked data collectors processId: 11336 port: 50356
TpTrace Verbose: 0 : 6672, 12, 2024/10/25, 21:12:11.343, 21493864346, vstest.console.dll, DataCollectionRequestSender.SendAfterTestRunStartAndGetResult: Send AfterTestRunEnd message with isCancelled: False
TpTrace Verbose: 0 : 6672, 12, 2024/10/25, 21:12:11.352, 21493958354, vstest.console.dll, DataCollectionRequestSender.SendAfterTestRunStartAndGetResult: Received message: (DataCollection.AfterTestRunEndResult) -> {"MessageType":"DataCollection.AfterTestRunEndResult","Payload":{"AttachmentSets":[],"InvokedDataCollectors":[{"Uri":"datacollector://Microsoft/TestPlatform/Extensions/Blame/v1","FriendlyName":"Blame","AssemblyQualifiedName":"Microsoft.TestPlatform.Extensions.BlameDataCollector.BlameCollector, Microsoft.TestPlatform.Extensions.BlameDataCollector, Version=15.0.0.0, Culture=neutral, PublicKeyToken=b03f5f7f11d50a3a","FilePath":"C:\\Program Files\\dotnet\\sdk\\8.0.400\\Extensions\\Microsoft.TestPlatform.Extensions.BlameDataCollector.dll","HasAttachmentProcessor":false}],"Metrics":{}}}
TpTrace Information: 0 : 6672, 12, 2024/10/25, 21:12:11.364, 21494077263, vstest.console.dll, ProxyDataCollectionManager.InvokeDataCollectionServiceAction: Completed.
TpTrace Warning: 0 : 6672, 11, 2024/10/25, 21:12:11.383, 21494265887, vstest.console.dll, DataCollectionLauncher.ErrorReceivedCallback datacollector standard error line: 
TpTrace Information: 0 : 6672, 11, 2024/10/25, 21:12:11.395, 21494388710, vstest.console.dll, DataCollectionLauncher.ExitCallBack: Data collector exited with exitcode: 0 error: ''
TpTrace Verbose: 0 : 6672, 12, 2024/10/25, 21:12:11.417, 21494611174, vstest.console.dll, TestRunRequest:SendTestRunStatsChange: Starting.
TpTrace Verbose: 0 : 6672, 12, 2024/10/25, 21:12:11.418, 21494613045, vstest.console.dll, MulticastDelegateUtilities.SafeInvoke: TestRun.RunStatsChanged: Invoking callbacks was skipped because there are no subscribers.
TpTrace Information: 0 : 6672, 12, 2024/10/25, 21:12:11.418, 21494613483, vstest.console.dll, TestRunRequest:SendTestRunStatsChange: Completed.
TpTrace Verbose: 0 : 6672, 4, 2024/10/25, 21:12:11.418, 21494613967, vstest.console.dll, MulticastDelegateUtilities.SafeInvoke: InternalTestLoggerEvents.SendTestResult: Invoking callback 1/1 for Microsoft.VisualStudio.TestPlatform.CommandLine.Internal.ConsoleLogger., took 0 ms.
TpTrace Verbose: 0 : 6672, 4, 2024/10/25, 21:12:11.418, 21494614988, vstest.console.dll, MulticastDelegateUtilities.SafeInvoke: InternalTestLoggerEvents.SendTestResult: Invoking callback 1/1 for Microsoft.VisualStudio.TestPlatform.CommandLine.Internal.ConsoleLogger., took 0 ms.
TpTrace Verbose: 0 : 6672, 12, 2024/10/25, 21:12:11.418, 21494616542, vstest.console.dll, ParallelProxyExecutionManager: HandlePartialRunComplete: Total workloads = 1, Total started clients = 1 Total completed clients = 1, Run complete = True, Run canceled: False.
TpTrace Verbose: 0 : 6672, 4, 2024/10/25, 21:12:11.418, 21494616587, vstest.console.dll, MulticastDelegateUtilities.SafeInvoke: InternalTestLoggerEvents.SendTestResult: Invoking callback 1/1 for Microsoft.VisualStudio.TestPlatform.CommandLine.Internal.ConsoleLogger., took 0 ms.
TpTrace Verbose: 0 : 6672, 12, 2024/10/25, 21:12:11.418, 21494616923, vstest.console.dll, ParallelProxyExecutionManager: HandlePartialRunComplete: All runs completed stopping all managers.
TpTrace Verbose: 0 : 6672, 12, 2024/10/25, 21:12:11.418, 21494617491, vstest.console.dll, ParallelOperationManager.StopAllManagers: Stopping all managers.
TpTrace Verbose: 0 : 6672, 12, 2024/10/25, 21:12:11.418, 21494617777, vstest.console.dll, ParallelOperationManager.ClearSlots: Clearing all slots. Slots should accept more work: False
TpTrace Verbose: 0 : 6672, 12, 2024/10/25, 21:12:11.418, 21494618248, vstest.console.dll, ParallelOperationManager.SetOccupiedSlotCount: Setting slot counts AvailableSlotCount = 1, OccupiedSlotCount = 0.
TpTrace Verbose: 0 : 6672, 12, 2024/10/25, 21:12:11.418, 21494618761, vstest.console.dll, Occupied slots:

TpTrace Verbose: 0 : 6672, 4, 2024/10/25, 21:12:11.418, 21494618997, vstest.console.dll, MulticastDelegateUtilities.SafeInvoke: InternalTestLoggerEvents.SendTestResult: Invoking callback 1/1 for Microsoft.VisualStudio.TestPlatform.CommandLine.Internal.ConsoleLogger., took 0 ms.
TpTrace Verbose: 0 : 6672, 4, 2024/10/25, 21:12:11.432, 21494761712, vstest.console.dll, MulticastDelegateUtilities.SafeInvoke: InternalTestLoggerEvents.SendTestRunComplete: Invoking callback 1/2 for Microsoft.TestPlatform.Extensions.BlameDataCollector.BlameLogger., took 0 ms.
TpTrace Verbose: 0 : 6672, 4, 2024/10/25, 21:12:11.440, 21494836234, vstest.console.dll, MulticastDelegateUtilities.SafeInvoke: InternalTestLoggerEvents.SendTestRunComplete: Invoking callback 2/2 for Microsoft.VisualStudio.TestPlatform.CommandLine.Internal.ConsoleLogger., took 7 ms.
TpTrace Verbose: 0 : 6672, 12, 2024/10/25, 21:12:11.440, 21494842150, vstest.console.dll, TestRunRequest:TestRunComplete: Starting. IsAborted:False IsCanceled:False.
TpTrace Verbose: 0 : 6672, 12, 2024/10/25, 21:12:11.441, 21494845330, vstest.console.dll, ParallelOperationManager.DoActionOnAllManagers: Calling an action on all managers.
TpTrace Verbose: 0 : 6672, 12, 2024/10/25, 21:12:11.442, 21494859288, vstest.console.dll, TestLoggerManager.HandleTestRunComplete: Ignoring as the object is disposed.
TpTrace Verbose: 0 : 6672, 12, 2024/10/25, 21:12:11.442, 21494862362, vstest.console.dll, MulticastDelegateUtilities.SafeInvoke: TestRun.TestRunComplete: Invoking callback 1/2 for Microsoft.VisualStudio.TestPlatform.CommandLine.TestRunResultAggregator., took 0 ms.
TpTrace Verbose: 0 : 6672, 12, 2024/10/25, 21:12:11.443, 21494863960, vstest.console.dll, MulticastDelegateUtilities.SafeInvoke: TestRun.TestRunComplete: Invoking callback 2/2 for Microsoft.VisualStudio.TestPlatform.CommandLine.Processors.RunTestsArgumentExecutor+TestRunRequestEventsRegistrar., took 0 ms.
TpTrace Information: 0 : 6672, 12, 2024/10/25, 21:12:11.443, 21494864977, vstest.console.dll, TestRunRequest:TestRunComplete: Completed.
TpTrace Verbose: 0 : 6672, 12, 2024/10/25, 21:12:11.443, 21494865496, vstest.console.dll, TestRequestSender.SetOperationComplete: Setting operation complete.
TpTrace Information: 0 : 6672, 12, 2024/10/25, 21:12:11.443, 21494865865, vstest.console.dll, SocketServer.Stop: Stop server endPoint: 127.0.0.1:50359
TpTrace Verbose: 0 : 6672, 1, 2024/10/25, 21:12:11.443, 21494865763, vstest.console.dll, TestRunRequest.Dispose: Starting.
TpTrace Information: 0 : 6672, 1, 2024/10/25, 21:12:11.443, 21494867202, vstest.console.dll, TestRunRequest.Dispose: Completed.
TpTrace Information: 0 : 6672, 12, 2024/10/25, 21:12:11.443, 21494867247, vstest.console.dll, SocketServer.Stop: Cancellation requested. Stopping message loop.
TpTrace Verbose: 0 : 6672, 12, 2024/10/25, 21:12:11.443, 21494868348, vstest.console.dll, MulticastDelegateUtilities.SafeInvoke: LengthPrefixCommunicationChannel: MessageReceived: Invoking callback 1/1 for Microsoft.VisualStudio.TestPlatform.CommunicationUtilities.TestRequestSender+<>c__DisplayClass34_0., took 177 ms.
TpTrace Information: 0 : 6672, 12, 2024/10/25, 21:12:11.443, 21494868872, vstest.console.dll, SocketServer.PrivateStop: Stopping server endPoint: 127.0.0.1:50359 error: 
TpTrace Information: 0 : 6672, 1, 2024/10/25, 21:12:11.443, 21494868735, vstest.console.dll, TestRequestManager.RunTests: run tests completed.
TpTrace Information: 0 : 6672, 1, 2024/10/25, 21:12:11.443, 21494870373, vstest.console.dll, RunTestsArgumentProcessor:Execute: Test run is completed.
TpTrace Verbose: 0 : 6672, 1, 2024/10/25, 21:12:11.444, 21494873680, vstest.console.dll, Executor.Execute: Exiting with exit code of 1
TpTrace Verbose: 0 : 6672, 12, 2024/10/25, 21:12:11.444, 21494873800, vstest.console.dll, LengthPrefixCommunicationChannel.Dispose: Dispose reader and writer.
TpTrace Information: 0 : 6672, 12, 2024/10/25, 21:12:11.444, 21494875087, vstest.console.dll, SocketServer.Stop: Raise disconnected event endPoint: 127.0.0.1:50359 error: 
TpTrace Verbose: 0 : 6672, 12, 2024/10/25, 21:12:11.444, 21494876203, vstest.console.dll, TestRequestSender: OnTestRunAbort: Operation is already complete. Skip error message.
TpTrace Verbose: 0 : 6672, 12, 2024/10/25, 21:12:11.444, 21494876637, vstest.console.dll, MulticastDelegateUtilities.SafeInvoke: SocketServer: ClientDisconnected: Invoking callback 1/1 for Microsoft.VisualStudio.TestPlatform.CommunicationUtilities.TestRequestSender., took 0 ms.
TpTrace Verbose: 0 : 6672, 12, 2024/10/25, 21:12:11.444, 21494876960, vstest.console.dll, TcpClientExtensions.MessageLoopAsync: exiting MessageLoopAsync remoteEndPoint: 127.0.0.1:50360 localEndPoint: 127.0.0.1:50359
