TpTrace Verbose: 0 : 21104, 1, 2024/11/06, 20:23:56.351, 89884265588, vstest.console.dll, Version: 17.11.0-release-24352-05 Current process architecture: X64
TpTrace Verbose: 0 : 21104, 1, 2024/11/06, 20:23:56.357, 89884320515, vstest.console.dll, Runtime location: C:\Program Files\dotnet\shared\Microsoft.NETCore.App\8.0.8
TpTrace Verbose: 0 : 21104, 1, 2024/11/06, 20:23:56.363, 89884378182, vstest.console.dll, ArtifactProcessingPostProcessModeProcessorExecutor.Initialize: ArtifactProcessingMode.Collect
TpTrace Verbose: 0 : 21104, 1, 2024/11/06, 20:23:56.363, 89884380343, vstest.console.dll, TestSessionCorrelationIdProcessorModeProcessorExecutor.Initialize: TestSessionCorrelationId '17644_be9d55c5-202f-4145-b5ce-940b0248875f'
TpTrace Information: 0 : 21104, 1, 2024/11/06, 20:23:56.372, 89884474389, vstest.console.dll, FilePatternParser: The given file D:\C_sharp and dot net projects\Day38\HotelBookingSolution\HotelBookingTest\bin\Debug\net8.0\fine-code-coverage\build-output\HotelBookingTest.dll is a full path.
TpTrace Verbose: 0 : 21104, 1, 2024/11/06, 20:23:56.384, 89884593144, vstest.console.dll, TestPluginCache.DiscoverTestExtensions: finding test extensions in assemblies ends with: RuntimeProvider.dll TPluginInfo: Microsoft.VisualStudio.TestPlatform.Common.ExtensionFramework.Utilities.TestRuntimePluginInformation TExtension: Microsoft.VisualStudio.TestPlatform.ObjectModel.Host.ITestRuntimeProvider
TpTrace Verbose: 0 : 21104, 1, 2024/11/06, 20:23:56.384, 89884596858, vstest.console.dll, TestPluginCache.GetExtensionPaths: Filtered extension paths: 
TpTrace Verbose: 0 : 21104, 1, 2024/11/06, 20:23:56.385, 89884597586, vstest.console.dll, TestPluginCache.GetExtensionPaths: Added default extension paths: C:\Program Files\dotnet\sdk\8.0.400\Extensions\Microsoft.Diagnostics.NETCore.Client.dll
C:\Program Files\dotnet\sdk\8.0.400\Extensions\Microsoft.TestPlatform.Extensions.BlameDataCollector.dll
C:\Program Files\dotnet\sdk\8.0.400\Extensions\Microsoft.TestPlatform.Extensions.EventLogCollector.dll
C:\Program Files\dotnet\sdk\8.0.400\Extensions\Microsoft.TestPlatform.TestHostRuntimeProvider.dll
C:\Program Files\dotnet\sdk\8.0.400\Extensions\Microsoft.VisualStudio.TestPlatform.Extensions.Html.TestLogger.dll
C:\Program Files\dotnet\sdk\8.0.400\Extensions\Microsoft.VisualStudio.TestPlatform.Extensions.Trx.TestLogger.dll
TpTrace Verbose: 0 : 21104, 1, 2024/11/06, 20:23:56.385, 89884597834, vstest.console.dll, TestPluginCache.GetExtensionPaths: Added unfilterableExtensionPaths: 
TpTrace Information: 0 : 21104, 1, 2024/11/06, 20:23:56.385, 89884605443, vstest.console.dll, AssemblyResolver.ctor: Creating AssemblyResolver with searchDirectories C:\Program Files\dotnet\sdk\8.0.400\Extensions,C:\Program Files\dotnet\sdk\8.0.400
TpTrace Verbose: 0 : 21104, 1, 2024/11/06, 20:23:56.387, 89884620033, vstest.console.dll, TestPluginCache.DiscoverTestExtensions: Discovering the extensions using extension path.
TpTrace Verbose: 0 : 21104, 1, 2024/11/06, 20:23:56.387, 89884621607, vstest.console.dll, TestPluginCache.GetExtensionPaths: Filtered extension paths: 
TpTrace Verbose: 0 : 21104, 1, 2024/11/06, 20:23:56.387, 89884621870, vstest.console.dll, TestPluginCache.GetExtensionPaths: Added default extension paths: C:\Program Files\dotnet\sdk\8.0.400\Extensions\Microsoft.Diagnostics.NETCore.Client.dll
C:\Program Files\dotnet\sdk\8.0.400\Extensions\Microsoft.TestPlatform.Extensions.BlameDataCollector.dll
C:\Program Files\dotnet\sdk\8.0.400\Extensions\Microsoft.TestPlatform.Extensions.EventLogCollector.dll
C:\Program Files\dotnet\sdk\8.0.400\Extensions\Microsoft.TestPlatform.TestHostRuntimeProvider.dll
C:\Program Files\dotnet\sdk\8.0.400\Extensions\Microsoft.VisualStudio.TestPlatform.Extensions.Html.TestLogger.dll
C:\Program Files\dotnet\sdk\8.0.400\Extensions\Microsoft.VisualStudio.TestPlatform.Extensions.Trx.TestLogger.dll
TpTrace Verbose: 0 : 21104, 1, 2024/11/06, 20:23:56.387, 89884622106, vstest.console.dll, TestPluginCache.GetExtensionPaths: Added unfilterableExtensionPaths: 
TpTrace Verbose: 0 : 21104, 1, 2024/11/06, 20:23:56.387, 89884622534, vstest.console.dll, TestPluginCache.DiscoverTestExtensions: Discovering the extensions using allExtensionPaths: C:\Program Files\dotnet\sdk\8.0.400\Extensions\Microsoft.Diagnostics.NETCore.Client.dll
C:\Program Files\dotnet\sdk\8.0.400\Extensions\Microsoft.TestPlatform.Extensions.BlameDataCollector.dll
C:\Program Files\dotnet\sdk\8.0.400\Extensions\Microsoft.TestPlatform.Extensions.EventLogCollector.dll
C:\Program Files\dotnet\sdk\8.0.400\Extensions\Microsoft.TestPlatform.TestHostRuntimeProvider.dll
C:\Program Files\dotnet\sdk\8.0.400\Extensions\Microsoft.VisualStudio.TestPlatform.Extensions.Html.TestLogger.dll
C:\Program Files\dotnet\sdk\8.0.400\Extensions\Microsoft.VisualStudio.TestPlatform.Extensions.Trx.TestLogger.dll
TpTrace Information: 0 : 21104, 1, 2024/11/06, 20:23:56.387, 89884623915, vstest.console.dll, AssemblyResolver.AddSearchDirectories: Adding more searchDirectories C:\Program Files\dotnet\sdk\8.0.400\Extensions,C:\Program Files\dotnet\sdk\8.0.400
TpTrace Information: 0 : 21104, 1, 2024/11/06, 20:23:56.387, 89884624285, vstest.console.dll, AssemblyResolver.AddSearchDirectories: Adding more searchDirectories C:\Program Files\dotnet\sdk\8.0.400\Extensions,C:\Program Files\dotnet\sdk\8.0.400
TpTrace Information: 0 : 21104, 1, 2024/11/06, 20:23:56.387, 89884624470, vstest.console.dll, AssemblyResolver.AddSearchDirectories: Adding more searchDirectories C:\Program Files\dotnet\sdk\8.0.400\Extensions,C:\Program Files\dotnet\sdk\8.0.400
TpTrace Information: 0 : 21104, 1, 2024/11/06, 20:23:56.387, 89884624642, vstest.console.dll, AssemblyResolver.AddSearchDirectories: Adding more searchDirectories C:\Program Files\dotnet\sdk\8.0.400\Extensions,C:\Program Files\dotnet\sdk\8.0.400
TpTrace Information: 0 : 21104, 1, 2024/11/06, 20:23:56.387, 89884624860, vstest.console.dll, AssemblyResolver.AddSearchDirectories: Adding more searchDirectories C:\Program Files\dotnet\sdk\8.0.400\Extensions,C:\Program Files\dotnet\sdk\8.0.400
TpTrace Information: 0 : 21104, 1, 2024/11/06, 20:23:56.387, 89884625030, vstest.console.dll, AssemblyResolver.AddSearchDirectories: Adding more searchDirectories C:\Program Files\dotnet\sdk\8.0.400\Extensions,C:\Program Files\dotnet\sdk\8.0.400
TpTrace Information: 0 : 21104, 1, 2024/11/06, 20:23:56.388, 89884628832, vstest.console.dll, AssemblyResolver.OnResolve: Microsoft.Diagnostics.NETCore.Client: Resolving assembly.
TpTrace Information: 0 : 21104, 1, 2024/11/06, 20:23:56.388, 89884629319, vstest.console.dll, AssemblyResolver.OnResolve: Microsoft.Diagnostics.NETCore.Client: Searching in: 'C:\Program Files\dotnet\sdk\8.0.400\Extensions'.
TpTrace Information: 0 : 21104, 1, 2024/11/06, 20:23:56.394, 89884696689, vstest.console.dll, AssemblyResolver.OnResolve: Microsoft.Diagnostics.NETCore.Client: Loading assembly 'C:\Program Files\dotnet\sdk\8.0.400\Extensions\Microsoft.Diagnostics.NETCore.Client.dll'.
TpTrace Information: 0 : 21104, 1, 2024/11/06, 20:23:56.397, 89884725621, vstest.console.dll, AssemblyResolver.OnResolve: Resolved assembly: Microsoft.Diagnostics.NETCore.Client, from path: C:\Program Files\dotnet\sdk\8.0.400\Extensions\Microsoft.Diagnostics.NETCore.Client.dll
TpTrace Verbose: 0 : 21104, 1, 2024/11/06, 20:23:56.401, 89884766299, vstest.console.dll, MetadataReaderExtensionsHelper: Discovering extensions inside assembly 'Microsoft.Diagnostics.NETCore.Client, Version=0.2.10.30701, Culture=neutral, PublicKeyToken=31bf3856ad364e35' file path 'C:\Program Files\dotnet\sdk\8.0.400\Extensions\Microsoft.Diagnostics.NETCore.Client.dll'
TpTrace Information: 0 : 21104, 1, 2024/11/06, 20:23:56.405, 89884807298, vstest.console.dll, AssemblyResolver.OnResolve: Microsoft.Bcl.AsyncInterfaces: Resolving assembly.
TpTrace Information: 0 : 21104, 1, 2024/11/06, 20:23:56.406, 89884808117, vstest.console.dll, AssemblyResolver.OnResolve: Microsoft.Bcl.AsyncInterfaces: Searching in: 'C:\Program Files\dotnet\sdk\8.0.400\Extensions'.
TpTrace Information: 0 : 21104, 1, 2024/11/06, 20:23:56.406, 89884808781, vstest.console.dll, AssemblyResolver.OnResolve: Microsoft.Bcl.AsyncInterfaces: Assembly path does not exist: 'C:\Program Files\dotnet\sdk\8.0.400\Extensions\Microsoft.Bcl.AsyncInterfaces.dll', returning.
TpTrace Information: 0 : 21104, 1, 2024/11/06, 20:23:56.406, 89884809570, vstest.console.dll, AssemblyResolver.OnResolve: Microsoft.Bcl.AsyncInterfaces: Assembly path does not exist: 'C:\Program Files\dotnet\sdk\8.0.400\Extensions\Microsoft.Bcl.AsyncInterfaces.exe', returning.
TpTrace Information: 0 : 21104, 1, 2024/11/06, 20:23:56.406, 89884809787, vstest.console.dll, AssemblyResolver.OnResolve: Microsoft.Bcl.AsyncInterfaces: Searching in: 'C:\Program Files\dotnet\sdk\8.0.400'.
TpTrace Information: 0 : 21104, 1, 2024/11/06, 20:23:56.406, 89884810215, vstest.console.dll, AssemblyResolver.OnResolve: Microsoft.Bcl.AsyncInterfaces: Assembly path does not exist: 'C:\Program Files\dotnet\sdk\8.0.400\Microsoft.Bcl.AsyncInterfaces.dll', returning.
TpTrace Information: 0 : 21104, 1, 2024/11/06, 20:23:56.406, 89884810546, vstest.console.dll, AssemblyResolver.OnResolve: Microsoft.Bcl.AsyncInterfaces: Assembly path does not exist: 'C:\Program Files\dotnet\sdk\8.0.400\Microsoft.Bcl.AsyncInterfaces.exe', returning.
TpTrace Information: 0 : 21104, 1, 2024/11/06, 20:23:56.406, 89884810670, vstest.console.dll, AssemblyResolver.OnResolve: Microsoft.Bcl.AsyncInterfaces: Failed to load assembly.
TpTrace Verbose: 0 : 21104, 1, 2024/11/06, 20:23:56.406, 89884810867, vstest.console.dll, CurrentDomainAssemblyResolve: Resolving assembly 'Microsoft.Bcl.AsyncInterfaces'.
TpTrace Information: 0 : 21104, 1, 2024/11/06, 20:23:56.406, 89884811202, vstest.console.dll, AssemblyResolver.OnResolve: Microsoft.Bcl.AsyncInterfaces: Resolving assembly.
TpTrace Information: 0 : 21104, 1, 2024/11/06, 20:23:56.406, 89884811377, vstest.console.dll, AssemblyResolver.OnResolve: Microsoft.Bcl.AsyncInterfaces: Resolved from cache.
TpTrace Verbose: 0 : 21104, 1, 2024/11/06, 20:23:56.406, 89884811496, vstest.console.dll, CurrentDomainAssemblyResolve: Resolving assembly 'Microsoft.Bcl.AsyncInterfaces'.
TpTrace Verbose: 0 : 21104, 1, 2024/11/06, 20:23:56.406, 89884811707, vstest.console.dll, CurrentDomainAssemblyResolve: Failed to resolve assembly 'Microsoft.Bcl.AsyncInterfaces'.
TpTrace Verbose: 0 : 21104, 1, 2024/11/06, 20:23:56.413, 89884879605, vstest.console.dll, CurrentDomainAssemblyResolve: Failed to resolve assembly 'Microsoft.Bcl.AsyncInterfaces'.
TpTrace Warning: 0 : 21104, 1, 2024/11/06, 20:23:56.434, 89885092786, vstest.console.dll, TestPluginDiscoverer: Failed to get types from assembly 'Microsoft.Diagnostics.NETCore.Client, Version=0.2.10.30701, Culture=neutral, PublicKeyToken=31bf3856ad364e35'. Error: System.Reflection.ReflectionTypeLoadException: Unable to load one or more of the requested types.
Could not load file or assembly 'Microsoft.Bcl.AsyncInterfaces, Version=6.0.0.0, Culture=neutral, PublicKeyToken=cc7b13ffcd2ddd51'. The system cannot find the file specified.
   at System.Reflection.RuntimeModule.GetTypes(RuntimeModule module)
   at System.Reflection.RuntimeModule.GetTypes()
   at Microsoft.VisualStudio.TestPlatform.Common.ExtensionFramework.TestPluginDiscoverer.GetTestExtensionsFromAssembly[TPluginInfo,TExtension](Assembly assembly, Dictionary`2 pluginInfos, String filePath) in /_/src/Microsoft.TestPlatform.Common/ExtensionFramework/TestPluginDiscoverer.cs:line 158
System.IO.FileNotFoundException: Could not load file or assembly 'Microsoft.Bcl.AsyncInterfaces, Version=6.0.0.0, Culture=neutral, PublicKeyToken=cc7b13ffcd2ddd51'. The system cannot find the file specified.
File name: 'Microsoft.Bcl.AsyncInterfaces, Version=6.0.0.0, Culture=neutral, PublicKeyToken=cc7b13ffcd2ddd51'
 ---> System.IO.FileNotFoundException: Could not load file or assembly 'Microsoft.Bcl.AsyncInterfaces, Culture=neutral, PublicKeyToken=null'. The system cannot find the file specified.
File name: 'Microsoft.Bcl.AsyncInterfaces, Culture=neutral, PublicKeyToken=null'
   at System.Reflection.RuntimeAssembly.InternalLoad(AssemblyName assemblyName, StackCrawlMark& stackMark, AssemblyLoadContext assemblyLoadContext, RuntimeAssembly requestingAssembly, Boolean throwOnFileNotFound)
   at System.Reflection.Assembly.Load(AssemblyName assemblyRef)
   at Microsoft.VisualStudio.TestPlatform.Common.ExtensionFramework.TestPluginCache.CurrentDomainAssemblyResolve(Object sender, AssemblyResolveEventArgs args) in /_/src/Microsoft.TestPlatform.Common/ExtensionFramework/TestPluginCache.cs:line 513
   at System.Runtime.Loader.AssemblyLoadContext.GetFirstResolvedAssemblyFromResolvingEvent(AssemblyName assemblyName)
   at System.Runtime.Loader.AssemblyLoadContext.ResolveUsingEvent(AssemblyName assemblyName)
   at System.Runtime.Loader.AssemblyLoadContext.ResolveUsingResolvingEvent(IntPtr gchManagedAssemblyLoadContext, AssemblyName assemblyName)
TpTrace Warning: 0 : 21104, 1, 2024/11/06, 20:23:56.434, 89885095569, vstest.console.dll, LoaderExceptions: System.IO.FileNotFoundException: Could not load file or assembly 'Microsoft.Bcl.AsyncInterfaces, Version=6.0.0.0, Culture=neutral, PublicKeyToken=cc7b13ffcd2ddd51'. The system cannot find the file specified.
File name: 'Microsoft.Bcl.AsyncInterfaces, Version=6.0.0.0, Culture=neutral, PublicKeyToken=cc7b13ffcd2ddd51'
 ---> System.IO.FileNotFoundException: Could not load file or assembly 'Microsoft.Bcl.AsyncInterfaces, Culture=neutral, PublicKeyToken=null'. The system cannot find the file specified.
File name: 'Microsoft.Bcl.AsyncInterfaces, Culture=neutral, PublicKeyToken=null'
   at System.Reflection.RuntimeAssembly.InternalLoad(AssemblyName assemblyName, StackCrawlMark& stackMark, AssemblyLoadContext assemblyLoadContext, RuntimeAssembly requestingAssembly, Boolean throwOnFileNotFound)
   at System.Reflection.Assembly.Load(AssemblyName assemblyRef)
   at Microsoft.VisualStudio.TestPlatform.Common.ExtensionFramework.TestPluginCache.CurrentDomainAssemblyResolve(Object sender, AssemblyResolveEventArgs args) in /_/src/Microsoft.TestPlatform.Common/ExtensionFramework/TestPluginCache.cs:line 513
   at System.Runtime.Loader.AssemblyLoadContext.GetFirstResolvedAssemblyFromResolvingEvent(AssemblyName assemblyName)
   at System.Runtime.Loader.AssemblyLoadContext.ResolveUsingEvent(AssemblyName assemblyName)
   at System.Runtime.Loader.AssemblyLoadContext.ResolveUsingResolvingEvent(IntPtr gchManagedAssemblyLoadContext, AssemblyName assemblyName)
TpTrace Information: 0 : 21104, 1, 2024/11/06, 20:23:56.434, 89885096773, vstest.console.dll, AssemblyResolver.OnResolve: Microsoft.TestPlatform.Extensions.BlameDataCollector: Resolving assembly.
TpTrace Information: 0 : 21104, 1, 2024/11/06, 20:23:56.434, 89885097052, vstest.console.dll, AssemblyResolver.OnResolve: Microsoft.TestPlatform.Extensions.BlameDataCollector: Searching in: 'C:\Program Files\dotnet\sdk\8.0.400\Extensions'.
TpTrace Information: 0 : 21104, 1, 2024/11/06, 20:23:56.436, 89885114683, vstest.console.dll, AssemblyResolver.OnResolve: Microsoft.TestPlatform.Extensions.BlameDataCollector: Loading assembly 'C:\Program Files\dotnet\sdk\8.0.400\Extensions\Microsoft.TestPlatform.Extensions.BlameDataCollector.dll'.
TpTrace Information: 0 : 21104, 1, 2024/11/06, 20:23:56.438, 89885130670, vstest.console.dll, AssemblyResolver.OnResolve: Resolved assembly: Microsoft.TestPlatform.Extensions.BlameDataCollector, from path: C:\Program Files\dotnet\sdk\8.0.400\Extensions\Microsoft.TestPlatform.Extensions.BlameDataCollector.dll
TpTrace Verbose: 0 : 21104, 1, 2024/11/06, 20:23:56.438, 89885131537, vstest.console.dll, MetadataReaderExtensionsHelper: Discovering extensions inside assembly 'Microsoft.TestPlatform.Extensions.BlameDataCollector, Version=15.0.0.0, Culture=neutral, PublicKeyToken=b03f5f7f11d50a3a' file path 'C:\Program Files\dotnet\sdk\8.0.400\Extensions\Microsoft.TestPlatform.Extensions.BlameDataCollector.dll'
TpTrace Information: 0 : 21104, 1, 2024/11/06, 20:23:56.441, 89885157465, vstest.console.dll, AssemblyResolver.OnResolve: Microsoft.TestPlatform.Extensions.EventLogCollector: Resolving assembly.
TpTrace Information: 0 : 21104, 1, 2024/11/06, 20:23:56.441, 89885157929, vstest.console.dll, AssemblyResolver.OnResolve: Microsoft.TestPlatform.Extensions.EventLogCollector: Searching in: 'C:\Program Files\dotnet\sdk\8.0.400\Extensions'.
TpTrace Information: 0 : 21104, 1, 2024/11/06, 20:23:56.443, 89885178808, vstest.console.dll, AssemblyResolver.OnResolve: Microsoft.TestPlatform.Extensions.EventLogCollector: Loading assembly 'C:\Program Files\dotnet\sdk\8.0.400\Extensions\Microsoft.TestPlatform.Extensions.EventLogCollector.dll'.
TpTrace Information: 0 : 21104, 1, 2024/11/06, 20:23:56.443, 89885185116, vstest.console.dll, AssemblyResolver.OnResolve: Resolved assembly: Microsoft.TestPlatform.Extensions.EventLogCollector, from path: C:\Program Files\dotnet\sdk\8.0.400\Extensions\Microsoft.TestPlatform.Extensions.EventLogCollector.dll
TpTrace Verbose: 0 : 21104, 1, 2024/11/06, 20:23:56.443, 89885185794, vstest.console.dll, MetadataReaderExtensionsHelper: Discovering extensions inside assembly 'Microsoft.TestPlatform.Extensions.EventLogCollector, Version=15.0.0.0, Culture=neutral, PublicKeyToken=b03f5f7f11d50a3a' file path 'C:\Program Files\dotnet\sdk\8.0.400\Extensions\Microsoft.TestPlatform.Extensions.EventLogCollector.dll'
TpTrace Information: 0 : 21104, 1, 2024/11/06, 20:23:56.449, 89885244710, vstest.console.dll, AssemblyResolver.OnResolve: Microsoft.TestPlatform.TestHostRuntimeProvider: Resolving assembly.
TpTrace Information: 0 : 21104, 1, 2024/11/06, 20:23:56.449, 89885245293, vstest.console.dll, AssemblyResolver.OnResolve: Microsoft.TestPlatform.TestHostRuntimeProvider: Searching in: 'C:\Program Files\dotnet\sdk\8.0.400\Extensions'.
TpTrace Information: 0 : 21104, 1, 2024/11/06, 20:23:56.450, 89885254009, vstest.console.dll, AssemblyResolver.OnResolve: Microsoft.TestPlatform.TestHostRuntimeProvider: Loading assembly 'C:\Program Files\dotnet\sdk\8.0.400\Extensions\Microsoft.TestPlatform.TestHostRuntimeProvider.dll'.
TpTrace Information: 0 : 21104, 1, 2024/11/06, 20:23:56.453, 89885278762, vstest.console.dll, AssemblyResolver.OnResolve: Resolved assembly: Microsoft.TestPlatform.TestHostRuntimeProvider, from path: C:\Program Files\dotnet\sdk\8.0.400\Extensions\Microsoft.TestPlatform.TestHostRuntimeProvider.dll
TpTrace Verbose: 0 : 21104, 1, 2024/11/06, 20:23:56.453, 89885279425, vstest.console.dll, MetadataReaderExtensionsHelper: Discovering extensions inside assembly 'Microsoft.TestPlatform.TestHostRuntimeProvider, Version=15.0.0.0, Culture=neutral, PublicKeyToken=b03f5f7f11d50a3a' file path 'C:\Program Files\dotnet\sdk\8.0.400\Extensions\Microsoft.TestPlatform.TestHostRuntimeProvider.dll'
TpTrace Information: 0 : 21104, 1, 2024/11/06, 20:23:56.456, 89885309578, vstest.console.dll, GetTestExtensionFromType: Register extension with identifier data 'HostProvider://DefaultTestHost' and type 'Microsoft.VisualStudio.TestPlatform.CrossPlatEngine.Hosting.DefaultTestHostManager, Microsoft.TestPlatform.TestHostRuntimeProvider, Version=15.0.0.0, Culture=neutral, PublicKeyToken=b03f5f7f11d50a3a' inside file 'C:\Program Files\dotnet\sdk\8.0.400\Extensions\Microsoft.TestPlatform.TestHostRuntimeProvider.dll'
TpTrace Information: 0 : 21104, 1, 2024/11/06, 20:23:56.456, 89885312841, vstest.console.dll, GetTestExtensionFromType: Register extension with identifier data 'HostProvider://DotnetTestHost' and type 'Microsoft.VisualStudio.TestPlatform.CrossPlatEngine.Hosting.DotnetTestHostManager, Microsoft.TestPlatform.TestHostRuntimeProvider, Version=15.0.0.0, Culture=neutral, PublicKeyToken=b03f5f7f11d50a3a' inside file 'C:\Program Files\dotnet\sdk\8.0.400\Extensions\Microsoft.TestPlatform.TestHostRuntimeProvider.dll'
TpTrace Information: 0 : 21104, 1, 2024/11/06, 20:23:56.456, 89885313682, vstest.console.dll, AssemblyResolver.OnResolve: Microsoft.VisualStudio.TestPlatform.Extensions.Html.TestLogger: Resolving assembly.
TpTrace Information: 0 : 21104, 1, 2024/11/06, 20:23:56.456, 89885314037, vstest.console.dll, AssemblyResolver.OnResolve: Microsoft.VisualStudio.TestPlatform.Extensions.Html.TestLogger: Searching in: 'C:\Program Files\dotnet\sdk\8.0.400\Extensions'.
TpTrace Information: 0 : 21104, 1, 2024/11/06, 20:23:56.457, 89885325121, vstest.console.dll, AssemblyResolver.OnResolve: Microsoft.VisualStudio.TestPlatform.Extensions.Html.TestLogger: Loading assembly 'C:\Program Files\dotnet\sdk\8.0.400\Extensions\Microsoft.VisualStudio.TestPlatform.Extensions.Html.TestLogger.dll'.
TpTrace Information: 0 : 21104, 1, 2024/11/06, 20:23:56.459, 89885342555, vstest.console.dll, AssemblyResolver.OnResolve: Resolved assembly: Microsoft.VisualStudio.TestPlatform.Extensions.Html.TestLogger, from path: C:\Program Files\dotnet\sdk\8.0.400\Extensions\Microsoft.VisualStudio.TestPlatform.Extensions.Html.TestLogger.dll
TpTrace Verbose: 0 : 21104, 1, 2024/11/06, 20:23:56.459, 89885343772, vstest.console.dll, MetadataReaderExtensionsHelper: Discovering extensions inside assembly 'Microsoft.VisualStudio.TestPlatform.Extensions.Html.TestLogger, Version=15.0.0.0, Culture=neutral, PublicKeyToken=b03f5f7f11d50a3a' file path 'C:\Program Files\dotnet\sdk\8.0.400\Extensions\Microsoft.VisualStudio.TestPlatform.Extensions.Html.TestLogger.dll'
TpTrace Information: 0 : 21104, 1, 2024/11/06, 20:23:56.461, 89885366797, vstest.console.dll, AssemblyResolver.OnResolve: Microsoft.VisualStudio.TestPlatform.Extensions.Trx.TestLogger: Resolving assembly.
TpTrace Information: 0 : 21104, 1, 2024/11/06, 20:23:56.462, 89885367839, vstest.console.dll, AssemblyResolver.OnResolve: Microsoft.VisualStudio.TestPlatform.Extensions.Trx.TestLogger: Searching in: 'C:\Program Files\dotnet\sdk\8.0.400\Extensions'.
TpTrace Information: 0 : 21104, 1, 2024/11/06, 20:23:56.463, 89885384852, vstest.console.dll, AssemblyResolver.OnResolve: Microsoft.VisualStudio.TestPlatform.Extensions.Trx.TestLogger: Loading assembly 'C:\Program Files\dotnet\sdk\8.0.400\Extensions\Microsoft.VisualStudio.TestPlatform.Extensions.Trx.TestLogger.dll'.
TpTrace Information: 0 : 21104, 1, 2024/11/06, 20:23:56.466, 89885417018, vstest.console.dll, AssemblyResolver.OnResolve: Resolved assembly: Microsoft.VisualStudio.TestPlatform.Extensions.Trx.TestLogger, from path: C:\Program Files\dotnet\sdk\8.0.400\Extensions\Microsoft.VisualStudio.TestPlatform.Extensions.Trx.TestLogger.dll
TpTrace Verbose: 0 : 21104, 1, 2024/11/06, 20:23:56.467, 89885418508, vstest.console.dll, MetadataReaderExtensionsHelper: Discovering extensions inside assembly 'Microsoft.VisualStudio.TestPlatform.Extensions.Trx.TestLogger, Version=15.0.0.0, Culture=neutral, PublicKeyToken=b03f5f7f11d50a3a' file path 'C:\Program Files\dotnet\sdk\8.0.400\Extensions\Microsoft.VisualStudio.TestPlatform.Extensions.Trx.TestLogger.dll'
TpTrace Verbose: 0 : 21104, 1, 2024/11/06, 20:23:56.470, 89885452095, vstest.console.dll, TestPluginCache: Discovered the extensions using extension path ''.
TpTrace Verbose: 0 : 21104, 1, 2024/11/06, 20:23:56.470, 89885452906, vstest.console.dll, TestPluginCache: Discoverers are ''.
TpTrace Verbose: 0 : 21104, 1, 2024/11/06, 20:23:56.470, 89885453058, vstest.console.dll, TestPluginCache: Executors are ''.
TpTrace Verbose: 0 : 21104, 1, 2024/11/06, 20:23:56.470, 89885453188, vstest.console.dll, TestPluginCache: Executors2 are ''.
TpTrace Verbose: 0 : 21104, 1, 2024/11/06, 20:23:56.470, 89885453312, vstest.console.dll, TestPluginCache: Setting providers are ''.
TpTrace Verbose: 0 : 21104, 1, 2024/11/06, 20:23:56.470, 89885453437, vstest.console.dll, TestPluginCache: Loggers are ''.
TpTrace Verbose: 0 : 21104, 1, 2024/11/06, 20:23:56.470, 89885455000, vstest.console.dll, TestPluginCache: TestHosts are 'HostProvider://DefaultTestHost,HostProvider://DotnetTestHost'.
TpTrace Verbose: 0 : 21104, 1, 2024/11/06, 20:23:56.470, 89885455210, vstest.console.dll, TestPluginCache: DataCollectors are ''.
TpTrace Information: 0 : 21104, 1, 2024/11/06, 20:23:56.527, 89886025029, vstest.console.dll, RunTestsArgumentProcessor:Execute: Test run is starting.
TpTrace Verbose: 0 : 21104, 1, 2024/11/06, 20:23:56.527, 89886026140, vstest.console.dll, RunTestsArgumentProcessor:Execute: Queuing Test run.
TpTrace Information: 0 : 21104, 1, 2024/11/06, 20:23:56.528, 89886028811, vstest.console.dll, TestRequestManager.RunTests: run tests started.
TpTrace Information: 0 : 21104, 1, 2024/11/06, 20:23:56.529, 89886041154, vstest.console.dll, AssemblyMetadataProvider.GetFrameworkName: Determined framework:'.NETCoreApp,Version=v8.0' for source: 'D:\C_sharp and dot net projects\Day38\HotelBookingSolution\HotelBookingTest\bin\Debug\net8.0\fine-code-coverage\build-output\HotelBookingTest.dll'
TpTrace Information: 0 : 21104, 1, 2024/11/06, 20:23:56.529, 89886043786, vstest.console.dll, Determined framework for all sources: .NETCoreApp,Version=v8.0
TpTrace Verbose: 0 : 21104, 1, 2024/11/06, 20:23:56.530, 89886048109, vstest.console.dll, TestRequestManager.UpdateRunSettingsIfRequired: Default architecture: X64 IsDefaultTargetArchitecture: True, Current process architecture: X64 OperatingSystem: Windows.
TpTrace Information: 0 : 21104, 1, 2024/11/06, 20:23:56.531, 89886067308, vstest.console.dll, AssemblyMetadataProvider.GetArchitecture: Determined architecture:AnyCPU info for assembly: D:\C_sharp and dot net projects\Day38\HotelBookingSolution\HotelBookingTest\bin\Debug\net8.0\fine-code-coverage\build-output\HotelBookingTest.dll
TpTrace Information: 0 : 21104, 1, 2024/11/06, 20:23:56.532, 89886068770, vstest.console.dll, Determined platform for source 'D:\C_sharp and dot net projects\Day38\HotelBookingSolution\HotelBookingTest\bin\Debug\net8.0\fine-code-coverage\build-output\HotelBookingTest.dll' was AnyCPU and it will use the default plaform X64.
TpTrace Information: 0 : 21104, 1, 2024/11/06, 20:23:56.532, 89886069233, vstest.console.dll, None of the sources provided any runnable platform, using the default platform: X64
TpTrace Information: 0 : 21104, 1, 2024/11/06, 20:23:56.532, 89886070508, vstest.console.dll, Platform was updated to 'X64'.
TpTrace Information: 0 : 21104, 1, 2024/11/06, 20:23:56.538, 89886131720, vstest.console.dll, InferRunSettingsHelper.IsTestSettingsEnabled: Unable to navigate to RunSettings/MSTest. Current node: RunSettings
TpTrace Information: 0 : 21104, 1, 2024/11/06, 20:23:56.539, 89886144534, vstest.console.dll, AssemblyResolver.OnResolve: Microsoft.VisualStudio.TestPlatform.Fakes: Resolving assembly.
TpTrace Information: 0 : 21104, 1, 2024/11/06, 20:23:56.539, 89886145531, vstest.console.dll, AssemblyResolver.OnResolve: Microsoft.VisualStudio.TestPlatform.Fakes: Searching in: 'C:\Program Files\dotnet\sdk\8.0.400\Extensions'.
TpTrace Information: 0 : 21104, 1, 2024/11/06, 20:23:56.539, 89886146730, vstest.console.dll, AssemblyResolver.OnResolve: Microsoft.VisualStudio.TestPlatform.Fakes: Assembly path does not exist: 'C:\Program Files\dotnet\sdk\8.0.400\Extensions\Microsoft.VisualStudio.TestPlatform.Fakes.dll', returning.
TpTrace Information: 0 : 21104, 1, 2024/11/06, 20:23:56.539, 89886147252, vstest.console.dll, AssemblyResolver.OnResolve: Microsoft.VisualStudio.TestPlatform.Fakes: Assembly path does not exist: 'C:\Program Files\dotnet\sdk\8.0.400\Extensions\Microsoft.VisualStudio.TestPlatform.Fakes.exe', returning.
TpTrace Information: 0 : 21104, 1, 2024/11/06, 20:23:56.540, 89886147456, vstest.console.dll, AssemblyResolver.OnResolve: Microsoft.VisualStudio.TestPlatform.Fakes: Searching in: 'C:\Program Files\dotnet\sdk\8.0.400'.
TpTrace Information: 0 : 21104, 1, 2024/11/06, 20:23:56.540, 89886147901, vstest.console.dll, AssemblyResolver.OnResolve: Microsoft.VisualStudio.TestPlatform.Fakes: Assembly path does not exist: 'C:\Program Files\dotnet\sdk\8.0.400\Microsoft.VisualStudio.TestPlatform.Fakes.dll', returning.
TpTrace Information: 0 : 21104, 1, 2024/11/06, 20:23:56.540, 89886148242, vstest.console.dll, AssemblyResolver.OnResolve: Microsoft.VisualStudio.TestPlatform.Fakes: Assembly path does not exist: 'C:\Program Files\dotnet\sdk\8.0.400\Microsoft.VisualStudio.TestPlatform.Fakes.exe', returning.
TpTrace Information: 0 : 21104, 1, 2024/11/06, 20:23:56.540, 89886148489, vstest.console.dll, AssemblyResolver.OnResolve: Microsoft.VisualStudio.TestPlatform.Fakes: Failed to load assembly.
TpTrace Information: 0 : 21104, 1, 2024/11/06, 20:23:56.540, 89886151605, vstest.console.dll, Failed to load assembly Microsoft.VisualStudio.TestPlatform.Fakes, Version=17.0.0.0, Culture=neutral. Reason:System.IO.FileNotFoundException: Could not load file or assembly 'Microsoft.VisualStudio.TestPlatform.Fakes, Version=17.0.0.0, Culture=neutral, PublicKeyToken=null'. The system cannot find the file specified.
File name: 'Microsoft.VisualStudio.TestPlatform.Fakes, Version=17.0.0.0, Culture=neutral, PublicKeyToken=null'
   at System.Reflection.RuntimeAssembly.InternalLoad(AssemblyName assemblyName, StackCrawlMark& stackMark, AssemblyLoadContext assemblyLoadContext, RuntimeAssembly requestingAssembly, Boolean throwOnFileNotFound)
   at System.Reflection.Assembly.Load(AssemblyName assemblyRef)
   at Microsoft.VisualStudio.TestPlatform.Common.Utilities.FakesUtilities.LoadTestPlatformAssembly() in /_/src/Microsoft.TestPlatform.Common/Utilities/FakesUtilities.cs:line 272
TpTrace Verbose: 0 : 21104, 1, 2024/11/06, 20:23:56.546, 89886217246, vstest.console.dll, TestPluginCache.DiscoverTestExtensions: finding test extensions in assemblies ends with: TestLogger.dll TPluginInfo: Microsoft.VisualStudio.TestPlatform.Common.ExtensionFramework.Utilities.TestLoggerPluginInformation TExtension: Microsoft.VisualStudio.TestPlatform.ObjectModel.Client.ITestLogger
TpTrace Verbose: 0 : 21104, 1, 2024/11/06, 20:23:56.547, 89886218469, vstest.console.dll, TestPluginCache.GetExtensionPaths: Filtered extension paths: 
TpTrace Verbose: 0 : 21104, 1, 2024/11/06, 20:23:56.547, 89886218719, vstest.console.dll, TestPluginCache.GetExtensionPaths: Added default extension paths: C:\Program Files\dotnet\sdk\8.0.400\Extensions\Microsoft.Diagnostics.NETCore.Client.dll
C:\Program Files\dotnet\sdk\8.0.400\Extensions\Microsoft.TestPlatform.Extensions.BlameDataCollector.dll
C:\Program Files\dotnet\sdk\8.0.400\Extensions\Microsoft.TestPlatform.Extensions.EventLogCollector.dll
C:\Program Files\dotnet\sdk\8.0.400\Extensions\Microsoft.TestPlatform.TestHostRuntimeProvider.dll
C:\Program Files\dotnet\sdk\8.0.400\Extensions\Microsoft.VisualStudio.TestPlatform.Extensions.Html.TestLogger.dll
C:\Program Files\dotnet\sdk\8.0.400\Extensions\Microsoft.VisualStudio.TestPlatform.Extensions.Trx.TestLogger.dll
TpTrace Verbose: 0 : 21104, 1, 2024/11/06, 20:23:56.547, 89886218884, vstest.console.dll, TestPluginCache.GetExtensionPaths: Added unfilterableExtensionPaths: 
TpTrace Information: 0 : 21104, 1, 2024/11/06, 20:23:56.547, 89886220151, vstest.console.dll, AssemblyResolver.AddSearchDirectories: Adding more searchDirectories C:\Program Files\dotnet\sdk\8.0.400\Extensions,C:\Program Files\dotnet\sdk\8.0.400
TpTrace Verbose: 0 : 21104, 1, 2024/11/06, 20:23:56.547, 89886220446, vstest.console.dll, TestPluginCache.DiscoverTestExtensions: Discovering the extensions using extension path.
TpTrace Verbose: 0 : 21104, 1, 2024/11/06, 20:23:56.547, 89886220637, vstest.console.dll, TestPluginCache.GetExtensionPaths: Filtered extension paths: 
TpTrace Verbose: 0 : 21104, 1, 2024/11/06, 20:23:56.547, 89886220838, vstest.console.dll, TestPluginCache.GetExtensionPaths: Added default extension paths: C:\Program Files\dotnet\sdk\8.0.400\Extensions\Microsoft.Diagnostics.NETCore.Client.dll
C:\Program Files\dotnet\sdk\8.0.400\Extensions\Microsoft.TestPlatform.Extensions.BlameDataCollector.dll
C:\Program Files\dotnet\sdk\8.0.400\Extensions\Microsoft.TestPlatform.Extensions.EventLogCollector.dll
C:\Program Files\dotnet\sdk\8.0.400\Extensions\Microsoft.TestPlatform.TestHostRuntimeProvider.dll
C:\Program Files\dotnet\sdk\8.0.400\Extensions\Microsoft.VisualStudio.TestPlatform.Extensions.Html.TestLogger.dll
C:\Program Files\dotnet\sdk\8.0.400\Extensions\Microsoft.VisualStudio.TestPlatform.Extensions.Trx.TestLogger.dll
TpTrace Verbose: 0 : 21104, 1, 2024/11/06, 20:23:56.547, 89886220992, vstest.console.dll, TestPluginCache.GetExtensionPaths: Added unfilterableExtensionPaths: 
TpTrace Verbose: 0 : 21104, 1, 2024/11/06, 20:23:56.547, 89886221188, vstest.console.dll, TestPluginCache.DiscoverTestExtensions: Discovering the extensions using allExtensionPaths: C:\Program Files\dotnet\sdk\8.0.400\Extensions\Microsoft.Diagnostics.NETCore.Client.dll
C:\Program Files\dotnet\sdk\8.0.400\Extensions\Microsoft.TestPlatform.Extensions.BlameDataCollector.dll
C:\Program Files\dotnet\sdk\8.0.400\Extensions\Microsoft.TestPlatform.Extensions.EventLogCollector.dll
C:\Program Files\dotnet\sdk\8.0.400\Extensions\Microsoft.TestPlatform.TestHostRuntimeProvider.dll
C:\Program Files\dotnet\sdk\8.0.400\Extensions\Microsoft.VisualStudio.TestPlatform.Extensions.Html.TestLogger.dll
C:\Program Files\dotnet\sdk\8.0.400\Extensions\Microsoft.VisualStudio.TestPlatform.Extensions.Trx.TestLogger.dll
TpTrace Information: 0 : 21104, 1, 2024/11/06, 20:23:56.547, 89886221451, vstest.console.dll, AssemblyResolver.AddSearchDirectories: Adding more searchDirectories C:\Program Files\dotnet\sdk\8.0.400\Extensions,C:\Program Files\dotnet\sdk\8.0.400
TpTrace Information: 0 : 21104, 1, 2024/11/06, 20:23:56.547, 89886221652, vstest.console.dll, AssemblyResolver.AddSearchDirectories: Adding more searchDirectories C:\Program Files\dotnet\sdk\8.0.400\Extensions,C:\Program Files\dotnet\sdk\8.0.400
TpTrace Information: 0 : 21104, 1, 2024/11/06, 20:23:56.547, 89886221797, vstest.console.dll, AssemblyResolver.AddSearchDirectories: Adding more searchDirectories C:\Program Files\dotnet\sdk\8.0.400\Extensions,C:\Program Files\dotnet\sdk\8.0.400
TpTrace Information: 0 : 21104, 1, 2024/11/06, 20:23:56.547, 89886221939, vstest.console.dll, AssemblyResolver.AddSearchDirectories: Adding more searchDirectories C:\Program Files\dotnet\sdk\8.0.400\Extensions,C:\Program Files\dotnet\sdk\8.0.400
TpTrace Information: 0 : 21104, 1, 2024/11/06, 20:23:56.547, 89886222081, vstest.console.dll, AssemblyResolver.AddSearchDirectories: Adding more searchDirectories C:\Program Files\dotnet\sdk\8.0.400\Extensions,C:\Program Files\dotnet\sdk\8.0.400
TpTrace Information: 0 : 21104, 1, 2024/11/06, 20:23:56.547, 89886222260, vstest.console.dll, AssemblyResolver.AddSearchDirectories: Adding more searchDirectories C:\Program Files\dotnet\sdk\8.0.400\Extensions,C:\Program Files\dotnet\sdk\8.0.400
TpTrace Verbose: 0 : 21104, 1, 2024/11/06, 20:23:56.547, 89886223106, vstest.console.dll, MetadataReaderExtensionsHelper: Discovering extensions inside assembly 'Microsoft.Diagnostics.NETCore.Client, Version=0.2.10.30701, Culture=neutral, PublicKeyToken=31bf3856ad364e35' file path 'C:\Program Files\dotnet\sdk\8.0.400\Extensions\Microsoft.Diagnostics.NETCore.Client.dll'
TpTrace Information: 0 : 21104, 1, 2024/11/06, 20:23:56.548, 89886235222, vstest.console.dll, AssemblyResolver.OnResolve: Microsoft.Bcl.AsyncInterfaces: Resolving assembly.
TpTrace Information: 0 : 21104, 1, 2024/11/06, 20:23:56.548, 89886235806, vstest.console.dll, AssemblyResolver.OnResolve: Microsoft.Bcl.AsyncInterfaces: Resolved from cache.
TpTrace Verbose: 0 : 21104, 1, 2024/11/06, 20:23:56.548, 89886236017, vstest.console.dll, CurrentDomainAssemblyResolve: Resolving assembly 'Microsoft.Bcl.AsyncInterfaces'.
TpTrace Information: 0 : 21104, 1, 2024/11/06, 20:23:56.548, 89886236297, vstest.console.dll, AssemblyResolver.OnResolve: Microsoft.Bcl.AsyncInterfaces: Resolving assembly.
TpTrace Information: 0 : 21104, 1, 2024/11/06, 20:23:56.548, 89886236421, vstest.console.dll, AssemblyResolver.OnResolve: Microsoft.Bcl.AsyncInterfaces: Resolved from cache.
TpTrace Verbose: 0 : 21104, 1, 2024/11/06, 20:23:56.548, 89886236541, vstest.console.dll, CurrentDomainAssemblyResolve: Resolving assembly 'Microsoft.Bcl.AsyncInterfaces'.
TpTrace Verbose: 0 : 21104, 1, 2024/11/06, 20:23:56.548, 89886236660, vstest.console.dll, CurrentDomainAssemblyResolve: Failed to resolve assembly 'Microsoft.Bcl.AsyncInterfaces'.
TpTrace Verbose: 0 : 21104, 1, 2024/11/06, 20:23:56.549, 89886237694, vstest.console.dll, CurrentDomainAssemblyResolve: Failed to resolve assembly 'Microsoft.Bcl.AsyncInterfaces'.
TpTrace Warning: 0 : 21104, 1, 2024/11/06, 20:23:56.549, 89886239953, vstest.console.dll, TestPluginDiscoverer: Failed to get types from assembly 'Microsoft.Diagnostics.NETCore.Client, Version=0.2.10.30701, Culture=neutral, PublicKeyToken=31bf3856ad364e35'. Error: System.Reflection.ReflectionTypeLoadException: Unable to load one or more of the requested types.
Could not load file or assembly 'Microsoft.Bcl.AsyncInterfaces, Version=6.0.0.0, Culture=neutral, PublicKeyToken=cc7b13ffcd2ddd51'. The system cannot find the file specified.
   at System.Reflection.RuntimeModule.GetTypes(RuntimeModule module)
   at System.Reflection.RuntimeModule.GetTypes()
   at Microsoft.VisualStudio.TestPlatform.Common.ExtensionFramework.TestPluginDiscoverer.GetTestExtensionsFromAssembly[TPluginInfo,TExtension](Assembly assembly, Dictionary`2 pluginInfos, String filePath) in /_/src/Microsoft.TestPlatform.Common/ExtensionFramework/TestPluginDiscoverer.cs:line 158
System.IO.FileNotFoundException: Could not load file or assembly 'Microsoft.Bcl.AsyncInterfaces, Version=6.0.0.0, Culture=neutral, PublicKeyToken=cc7b13ffcd2ddd51'. The system cannot find the file specified.
File name: 'Microsoft.Bcl.AsyncInterfaces, Version=6.0.0.0, Culture=neutral, PublicKeyToken=cc7b13ffcd2ddd51'
 ---> System.IO.FileNotFoundException: Could not load file or assembly 'Microsoft.Bcl.AsyncInterfaces, Culture=neutral, PublicKeyToken=null'. The system cannot find the file specified.
File name: 'Microsoft.Bcl.AsyncInterfaces, Culture=neutral, PublicKeyToken=null'
   at System.Reflection.RuntimeAssembly.InternalLoad(AssemblyName assemblyName, StackCrawlMark& stackMark, AssemblyLoadContext assemblyLoadContext, RuntimeAssembly requestingAssembly, Boolean throwOnFileNotFound)
   at System.Reflection.Assembly.Load(AssemblyName assemblyRef)
   at Microsoft.VisualStudio.TestPlatform.Common.ExtensionFramework.TestPluginCache.CurrentDomainAssemblyResolve(Object sender, AssemblyResolveEventArgs args) in /_/src/Microsoft.TestPlatform.Common/ExtensionFramework/TestPluginCache.cs:line 513
   at System.Runtime.Loader.AssemblyLoadContext.GetFirstResolvedAssemblyFromResolvingEvent(AssemblyName assemblyName)
   at System.Runtime.Loader.AssemblyLoadContext.ResolveUsingEvent(AssemblyName assemblyName)
   at System.Runtime.Loader.AssemblyLoadContext.ResolveUsingResolvingEvent(IntPtr gchManagedAssemblyLoadContext, AssemblyName assemblyName)
TpTrace Warning: 0 : 21104, 1, 2024/11/06, 20:23:56.549, 89886240887, vstest.console.dll, LoaderExceptions: System.IO.FileNotFoundException: Could not load file or assembly 'Microsoft.Bcl.AsyncInterfaces, Version=6.0.0.0, Culture=neutral, PublicKeyToken=cc7b13ffcd2ddd51'. The system cannot find the file specified.
File name: 'Microsoft.Bcl.AsyncInterfaces, Version=6.0.0.0, Culture=neutral, PublicKeyToken=cc7b13ffcd2ddd51'
 ---> System.IO.FileNotFoundException: Could not load file or assembly 'Microsoft.Bcl.AsyncInterfaces, Culture=neutral, PublicKeyToken=null'. The system cannot find the file specified.
File name: 'Microsoft.Bcl.AsyncInterfaces, Culture=neutral, PublicKeyToken=null'
   at System.Reflection.RuntimeAssembly.InternalLoad(AssemblyName assemblyName, StackCrawlMark& stackMark, AssemblyLoadContext assemblyLoadContext, RuntimeAssembly requestingAssembly, Boolean throwOnFileNotFound)
   at System.Reflection.Assembly.Load(AssemblyName assemblyRef)
   at Microsoft.VisualStudio.TestPlatform.Common.ExtensionFramework.TestPluginCache.CurrentDomainAssemblyResolve(Object sender, AssemblyResolveEventArgs args) in /_/src/Microsoft.TestPlatform.Common/ExtensionFramework/TestPluginCache.cs:line 513
   at System.Runtime.Loader.AssemblyLoadContext.GetFirstResolvedAssemblyFromResolvingEvent(AssemblyName assemblyName)
   at System.Runtime.Loader.AssemblyLoadContext.ResolveUsingEvent(AssemblyName assemblyName)
   at System.Runtime.Loader.AssemblyLoadContext.ResolveUsingResolvingEvent(IntPtr gchManagedAssemblyLoadContext, AssemblyName assemblyName)
TpTrace Verbose: 0 : 21104, 1, 2024/11/06, 20:23:56.549, 89886241355, vstest.console.dll, MetadataReaderExtensionsHelper: Discovering extensions inside assembly 'Microsoft.TestPlatform.Extensions.BlameDataCollector, Version=15.0.0.0, Culture=neutral, PublicKeyToken=b03f5f7f11d50a3a' file path 'C:\Program Files\dotnet\sdk\8.0.400\Extensions\Microsoft.TestPlatform.Extensions.BlameDataCollector.dll'
TpTrace Information: 0 : 21104, 1, 2024/11/06, 20:23:56.550, 89886251013, vstest.console.dll, GetTestExtensionFromType: Register extension with identifier data 'logger://Microsoft/TestPlatform/Extensions/Blame/v1' and type 'Microsoft.TestPlatform.Extensions.BlameDataCollector.BlameLogger, Microsoft.TestPlatform.Extensions.BlameDataCollector, Version=15.0.0.0, Culture=neutral, PublicKeyToken=b03f5f7f11d50a3a' inside file 'C:\Program Files\dotnet\sdk\8.0.400\Extensions\Microsoft.TestPlatform.Extensions.BlameDataCollector.dll'
TpTrace Verbose: 0 : 21104, 1, 2024/11/06, 20:23:56.550, 89886251835, vstest.console.dll, MetadataReaderExtensionsHelper: Discovering extensions inside assembly 'Microsoft.TestPlatform.Extensions.EventLogCollector, Version=15.0.0.0, Culture=neutral, PublicKeyToken=b03f5f7f11d50a3a' file path 'C:\Program Files\dotnet\sdk\8.0.400\Extensions\Microsoft.TestPlatform.Extensions.EventLogCollector.dll'
TpTrace Verbose: 0 : 21104, 1, 2024/11/06, 20:23:56.551, 89886259842, vstest.console.dll, MetadataReaderExtensionsHelper: Discovering extensions inside assembly 'Microsoft.TestPlatform.TestHostRuntimeProvider, Version=15.0.0.0, Culture=neutral, PublicKeyToken=b03f5f7f11d50a3a' file path 'C:\Program Files\dotnet\sdk\8.0.400\Extensions\Microsoft.TestPlatform.TestHostRuntimeProvider.dll'
TpTrace Verbose: 0 : 21104, 1, 2024/11/06, 20:23:56.551, 89886267379, vstest.console.dll, MetadataReaderExtensionsHelper: Discovering extensions inside assembly 'Microsoft.VisualStudio.TestPlatform.Extensions.Html.TestLogger, Version=15.0.0.0, Culture=neutral, PublicKeyToken=b03f5f7f11d50a3a' file path 'C:\Program Files\dotnet\sdk\8.0.400\Extensions\Microsoft.VisualStudio.TestPlatform.Extensions.Html.TestLogger.dll'
TpTrace Information: 0 : 21104, 1, 2024/11/06, 20:23:56.553, 89886286193, vstest.console.dll, GetTestExtensionFromType: Register extension with identifier data 'logger://Microsoft/TestPlatform/HtmlLogger/v1' and type 'Microsoft.VisualStudio.TestPlatform.Extensions.HtmlLogger.HtmlLogger, Microsoft.VisualStudio.TestPlatform.Extensions.Html.TestLogger, Version=15.0.0.0, Culture=neutral, PublicKeyToken=b03f5f7f11d50a3a' inside file 'C:\Program Files\dotnet\sdk\8.0.400\Extensions\Microsoft.VisualStudio.TestPlatform.Extensions.Html.TestLogger.dll'
TpTrace Verbose: 0 : 21104, 1, 2024/11/06, 20:23:56.554, 89886287699, vstest.console.dll, MetadataReaderExtensionsHelper: Discovering extensions inside assembly 'Microsoft.VisualStudio.TestPlatform.Extensions.Trx.TestLogger, Version=15.0.0.0, Culture=neutral, PublicKeyToken=b03f5f7f11d50a3a' file path 'C:\Program Files\dotnet\sdk\8.0.400\Extensions\Microsoft.VisualStudio.TestPlatform.Extensions.Trx.TestLogger.dll'
TpTrace Information: 0 : 21104, 1, 2024/11/06, 20:23:56.554, 89886296554, vstest.console.dll, GetTestExtensionFromType: Register extension with identifier data 'logger://Microsoft/TestPlatform/TrxLogger/v1' and type 'Microsoft.VisualStudio.TestPlatform.Extensions.TrxLogger.TrxLogger, Microsoft.VisualStudio.TestPlatform.Extensions.Trx.TestLogger, Version=15.0.0.0, Culture=neutral, PublicKeyToken=b03f5f7f11d50a3a' inside file 'C:\Program Files\dotnet\sdk\8.0.400\Extensions\Microsoft.VisualStudio.TestPlatform.Extensions.Trx.TestLogger.dll'
TpTrace Verbose: 0 : 21104, 1, 2024/11/06, 20:23:56.555, 89886297773, vstest.console.dll, TestPluginCache: Discovered the extensions using extension path ''.
TpTrace Verbose: 0 : 21104, 1, 2024/11/06, 20:23:56.555, 89886298027, vstest.console.dll, TestPluginCache: Discoverers are ''.
TpTrace Verbose: 0 : 21104, 1, 2024/11/06, 20:23:56.555, 89886298221, vstest.console.dll, TestPluginCache: Executors are ''.
TpTrace Verbose: 0 : 21104, 1, 2024/11/06, 20:23:56.555, 89886298407, vstest.console.dll, TestPluginCache: Executors2 are ''.
TpTrace Verbose: 0 : 21104, 1, 2024/11/06, 20:23:56.555, 89886298584, vstest.console.dll, TestPluginCache: Setting providers are ''.
TpTrace Verbose: 0 : 21104, 1, 2024/11/06, 20:23:56.555, 89886299500, vstest.console.dll, TestPluginCache: Loggers are 'logger://Microsoft/TestPlatform/Extensions/Blame/v1,logger://Microsoft/TestPlatform/HtmlLogger/v1,logger://Microsoft/TestPlatform/TrxLogger/v1'.
TpTrace Verbose: 0 : 21104, 1, 2024/11/06, 20:23:56.555, 89886299983, vstest.console.dll, TestPluginCache: TestHosts are 'HostProvider://DefaultTestHost,HostProvider://DotnetTestHost'.
TpTrace Verbose: 0 : 21104, 1, 2024/11/06, 20:23:56.555, 89886300277, vstest.console.dll, TestPluginCache: DataCollectors are ''.
TpTrace Information: 0 : 21104, 1, 2024/11/06, 20:23:56.556, 89886313945, vstest.console.dll, TestPluginManager.CreateTestExtension: Attempting to load test extension: Microsoft.TestPlatform.Extensions.BlameDataCollector.BlameLogger
TpTrace Verbose: 0 : 21104, 1, 2024/11/06, 20:23:56.574, 89886489934, vstest.console.dll, TestEngine: Initializing Parallel Execution as MaxCpuCount is set to: 1
TpTrace Information: 0 : 21104, 1, 2024/11/06, 20:23:56.576, 89886508329, vstest.console.dll, TestPluginManager.CreateTestExtension: Attempting to load test extension: Microsoft.VisualStudio.TestPlatform.CrossPlatEngine.Hosting.DefaultTestHostManager
TpTrace Information: 0 : 21104, 1, 2024/11/06, 20:23:56.576, 89886515109, vstest.console.dll, TestPluginManager.CreateTestExtension: Attempting to load test extension: Microsoft.VisualStudio.TestPlatform.CrossPlatEngine.Hosting.DotnetTestHostManager
TpTrace Verbose: 0 : 21104, 1, 2024/11/06, 20:23:56.577, 89886517568, vstest.console.dll, TestHostManagerCallbacks.ctor: Forwarding output is enabled.
TpTrace Information: 0 : 21104, 1, 2024/11/06, 20:23:56.577, 89886521621, vstest.console.dll, InferRunSettingsHelper.IsTestSettingsEnabled: Unable to navigate to RunSettings/MSTest. Current node: RunSettings
TpTrace Verbose: 0 : 21104, 1, 2024/11/06, 20:23:56.578, 89886534317, vstest.console.dll, ParallelOperationManager.ClearSlots: Clearing all slots. Slots should accept more work: True
TpTrace Verbose: 0 : 21104, 1, 2024/11/06, 20:23:56.579, 89886543108, vstest.console.dll, ParallelOperationManager.SetOccupiedSlotCount: Setting slot counts AvailableSlotCount = 1, OccupiedSlotCount = 0.
TpTrace Verbose: 0 : 21104, 1, 2024/11/06, 20:23:56.579, 89886547184, vstest.console.dll, Occupied slots:

TpTrace Verbose: 0 : 21104, 1, 2024/11/06, 20:23:56.583, 89886583813, vstest.console.dll, TestEngine.GetExecutionManager: Chosen execution manager 'Microsoft.VisualStudio.TestPlatform.CrossPlatEngine.Client.Parallel.ParallelProxyExecutionManager, Microsoft.TestPlatform.CrossPlatEngine, Version=15.0.0.0, Culture=neutral, PublicKeyToken=b03f5f7f11d50a3a' ParallelLevel '1'.
TpTrace Verbose: 0 : 21104, 1, 2024/11/06, 20:23:56.583, 89886586346, vstest.console.dll, TestPlatform.GetSkipDefaultAdapters: Not skipping default adapters SkipDefaultAdapters was false.
TpTrace Verbose: 0 : 21104, 1, 2024/11/06, 20:23:56.583, 89886587185, vstest.console.dll, TestRunRequest.ExecuteAsync: Creating test run request.
TpTrace Verbose: 0 : 21104, 1, 2024/11/06, 20:23:56.584, 89886589505, vstest.console.dll, TestRunRequest.ExecuteAsync: Starting.
TpTrace Information: 0 : 21104, 1, 2024/11/06, 20:23:56.585, 89886600130, vstest.console.dll, TestRunRequest.ExecuteAsync: Starting run with settings:TestRunCriteria:
   KeepAlive=False,FrequencyOfRunStatsChangeEvent=10,RunStatsChangeEventTimeout=00:00:01.5000000,TestCaseFilter=,TestExecutorLauncher=
   Settingsxml=<RunSettings>
  <RunConfiguration>
    <ResultsDirectory>D:\C_sharp and dot net projects\Day38\HotelBookingSolution\HotelBookingTest\bin\Debug\net8.0\fine-code-coverage\coverage-tool-output</ResultsDirectory>
    <TargetPlatform>X64</TargetPlatform>
    <TargetFrameworkVersion>.NETCoreApp,Version=v8.0</TargetFrameworkVersion>
    <DesignMode>False</DesignMode>
    <CollectSourceInformation>False</CollectSourceInformation>
  </RunConfiguration>
  <LoggerRunSettings>
    <Loggers>
      <Logger friendlyName="blame" enabled="True" />
      <Logger friendlyName="Console" uri="logger://microsoft/TestPlatform/ConsoleLogger/v1" assemblyQualifiedName="Microsoft.VisualStudio.TestPlatform.CommandLine.Internal.ConsoleLogger, vstest.console, Version=15.0.0.0, Culture=neutral, PublicKeyToken=b03f5f7f11d50a3a" codeBase="C:\Program Files\dotnet\sdk\8.0.400\vstest.console.dll" enabled="True" />
    </Loggers>
  </LoggerRunSettings>
  <DataCollectionRunSettings>
    <DataCollectors>
      <DataCollector friendlyName="blame" enabled="True">
        <Configuration>
          <ResultsDirectory>D:\C_sharp and dot net projects\Day38\HotelBookingSolution\HotelBookingTest\bin\Debug\net8.0\fine-code-coverage\coverage-tool-output</ResultsDirectory>
        </Configuration>
      </DataCollector>
    </DataCollectors>
  </DataCollectionRunSettings>
</RunSettings>

TpTrace Verbose: 0 : 21104, 1, 2024/11/06, 20:23:56.585, 89886600767, vstest.console.dll, TestRunRequest.ExecuteAsync: Wait for the first run request is over.
TpTrace Verbose: 0 : 21104, 1, 2024/11/06, 20:23:56.585, 89886603339, vstest.console.dll, MulticastDelegateUtilities.SafeInvoke: TestRun.TestRunStart: Invoking callbacks was skipped because there are no subscribers.
TpTrace Verbose: 0 : 21104, 4, 2024/11/06, 20:23:56.585, 89886605796, vstest.console.dll, MulticastDelegateUtilities.SafeInvoke: InternalTestLoggerEvents.SendTestRunStart: Invoking callback 1/1 for Microsoft.VisualStudio.TestPlatform.CommandLine.Internal.ConsoleLogger., took 0 ms.
TpTrace Verbose: 0 : 21104, 1, 2024/11/06, 20:23:56.586, 89886615186, vstest.console.dll, ParallelProxyExecutionManager: Start execution. Total sources: 1
TpTrace Verbose: 0 : 21104, 1, 2024/11/06, 20:23:56.587, 89886619741, vstest.console.dll, ParallelOperationManager.StartWork: Starting adding 1 workloads.
TpTrace Verbose: 0 : 21104, 1, 2024/11/06, 20:23:56.587, 89886620553, vstest.console.dll, ParallelOperationManager.ClearSlots: Clearing all slots. Slots should accept more work: True
TpTrace Verbose: 0 : 21104, 1, 2024/11/06, 20:23:56.587, 89886621191, vstest.console.dll, ParallelOperationManager.SetOccupiedSlotCount: Setting slot counts AvailableSlotCount = 1, OccupiedSlotCount = 0.
TpTrace Verbose: 0 : 21104, 1, 2024/11/06, 20:23:56.587, 89886621473, vstest.console.dll, Occupied slots:

TpTrace Verbose: 0 : 21104, 1, 2024/11/06, 20:23:56.588, 89886635184, vstest.console.dll, TestHostManagerCallbacks.ctor: Forwarding output is enabled.
TpTrace Verbose: 0 : 21104, 1, 2024/11/06, 20:23:56.589, 89886638088, vstest.console.dll, TestRequestSender is acting as server.
TpTrace Verbose: 0 : 21104, 1, 2024/11/06, 20:23:56.590, 89886652724, vstest.console.dll, ParallelOperationManager.RunWorkInParallel: Adding 1 workload to slot, remaining workloads 0.
TpTrace Verbose: 0 : 21104, 1, 2024/11/06, 20:23:56.590, 89886653615, vstest.console.dll, ParallelOperationManager.SetOccupiedSlotCount: Setting slot counts AvailableSlotCount = 0, OccupiedSlotCount = 1.
TpTrace Verbose: 0 : 21104, 1, 2024/11/06, 20:23:56.590, 89886654698, vstest.console.dll, Occupied slots:
0: D:\C_sharp and dot net projects\Day38\HotelBookingSolution\HotelBookingTest\bin\Debug\net8.0\fine-code-coverage\build-output\HotelBookingTest.dll
TpTrace Verbose: 0 : 21104, 1, 2024/11/06, 20:23:56.592, 89886668208, vstest.console.dll, ParallelOperationManager.RunWorkInParallel: Started host in slot number 0 for work (source): D:\C_sharp and dot net projects\Day38\HotelBookingSolution\HotelBookingTest\bin\Debug\net8.0\fine-code-coverage\build-output\HotelBookingTest.dll.
TpTrace Verbose: 0 : 21104, 5, 2024/11/06, 20:23:56.594, 89886691564, vstest.console.dll, ParallelProxyExecutionManager.StartTestRunOnConcurrentManager: Initializing uninitialized client. Started clients: 0
TpTrace Verbose: 0 : 21104, 1, 2024/11/06, 20:23:56.594, 89886693302, vstest.console.dll, ParallelOperationManager.RunWorkInParallel: We started 1 work items, which is the max parallel level. Won't start more work.
TpTrace Verbose: 0 : 21104, 1, 2024/11/06, 20:23:56.594, 89886694479, vstest.console.dll, ParallelOperationManager.RunWorkInParallel: We started 1 work items in here, returning True.
TpTrace Information: 0 : 21104, 1, 2024/11/06, 20:23:56.594, 89886695077, vstest.console.dll, TestRunRequest.ExecuteAsync: Started.
TpTrace Verbose: 0 : 21104, 5, 2024/11/06, 20:23:56.595, 89886698668, vstest.console.dll, DataCollectionRequestSender.InitializeCommunication : Initialize communication. 
TpTrace Verbose: 0 : 21104, 1, 2024/11/06, 20:23:56.595, 89886701371, vstest.console.dll, TestRunRequest.WaitForCompletion: Waiting with timeout -1.
TpTrace Information: 0 : 21104, 5, 2024/11/06, 20:23:56.603, 89886785414, vstest.console.dll, Listening on Endpoint : 127.0.0.1:51795
TpTrace Verbose: 0 : 21104, 5, 2024/11/06, 20:23:56.610, 89886855416, vstest.console.dll, DotnetDataCollectionLauncher: Adding  --runtimeconfig "C:\Program Files\dotnet\sdk\8.0.400\datacollector.runtimeconfig.json" in args
TpTrace Verbose: 0 : 21104, 5, 2024/11/06, 20:23:56.610, 89886857029, vstest.console.dll, DotnetDataCollectionLauncher: Adding  --depsfile "C:\Program Files\dotnet\sdk\8.0.400\datacollector.deps.json" in args
TpTrace Verbose: 0 : 21104, 5, 2024/11/06, 20:23:56.611, 89886858707, vstest.console.dll, DotnetDataCollectionLauncher: Full path of dotnet.exe is C:\Program Files\dotnet\dotnet.exe
TpTrace Information: 0 : 21104, 5, 2024/11/06, 20:23:56.626, 89887009664, vstest.console.dll, ProxyDataCollectionManager.Initialize: Launched datacollector processId: 29084 port: 51795
TpTrace Information: 0 : 21104, 5, 2024/11/06, 20:23:56.626, 89887011757, vstest.console.dll, ProxyDataCollectionManager.Initialize: waiting for connection with timeout: 90 seconds
TpTrace Verbose: 0 : 21104, 5, 2024/11/06, 20:23:56.626, 89887012273, vstest.console.dll, DataCollectionRequestSender.WaitForRequestHandlerConnection : Waiting for connection with timeout: 90000
TpTrace Information: 0 : 21104, 12, 2024/11/06, 20:23:56.790, 89888656768, vstest.console.dll, Using the buffer size of 16384 bytes
TpTrace Verbose: 0 : 21104, 5, 2024/11/06, 20:23:56.790, 89888657300, vstest.console.dll, SocketCommunicationManager.WaitForClientConnection took: 164 ms, with 90000 ms timeout, and finished with True.
TpTrace Information: 0 : 21104, 12, 2024/11/06, 20:23:56.791, 89888658430, vstest.console.dll, Accepted Client request and set the flag
TpTrace Verbose: 0 : 21104, 5, 2024/11/06, 20:23:56.791, 89888660725, vstest.console.dll, ProxyDataCollectionManager.InvokeDataCollectionServiceAction: Starting.
TpTrace Information: 0 : 21104, 5, 2024/11/06, 20:23:56.791, 89888662203, vstest.console.dll, ProxyDataCollectionManager.BeforeTestRunStart: Get environment variable and port for datacollector processId: 29084 port: 51795
TpTrace Verbose: 0 : 21104, 5, 2024/11/06, 20:23:56.791, 89888664464, vstest.console.dll, DataCollectionRequestSender.SendBeforeTestRunStartAndGetResult: Send BeforeTestRunStart message with settingsXml <RunSettings><RunConfiguration><ResultsDirectory>D:\C_sharp and dot net projects\Day38\HotelBookingSolution\HotelBookingTest\bin\Debug\net8.0\fine-code-coverage\coverage-tool-output</ResultsDirectory><TargetPlatform>X64</TargetPlatform><TargetFrameworkVersion>.NETCoreApp,Version=v8.0</TargetFrameworkVersion><DesignMode>False</DesignMode><CollectSourceInformation>False</CollectSourceInformation><TestAdaptersPaths>C:\Program Files\dotnet\sdk\8.0.400\Extensions</TestAdaptersPaths></RunConfiguration><LoggerRunSettings><Loggers><Logger friendlyName="blame" enabled="True" /><Logger friendlyName="Console" uri="logger://microsoft/TestPlatform/ConsoleLogger/v1" assemblyQualifiedName="Microsoft.VisualStudio.TestPlatform.CommandLine.Internal.ConsoleLogger, vstest.console, Version=15.0.0.0, Culture=neutral, PublicKeyToken=b03f5f7f11d50a3a" codeBase="C:\Program Files\dotnet\sdk\8.0.400\vstest.console.dll" enabled="True" /></Loggers></LoggerRunSettings><DataCollectionRunSettings><DataCollectors><DataCollector friendlyName="blame" enabled="True"><Configuration><ResultsDirectory>D:\C_sharp and dot net projects\Day38\HotelBookingSolution\HotelBookingTest\bin\Debug\net8.0\fine-code-coverage\coverage-tool-output</ResultsDirectory></Configuration></DataCollector></DataCollectors></DataCollectionRunSettings></RunSettings> and sources System.Collections.Generic.List`1[System.String]: 
TpTrace Verbose: 0 : 21104, 5, 2024/11/06, 20:23:56.862, 89889376100, vstest.console.dll, DataCollectionRequestSender.SendBeforeTestRunStartAndGetResult: Received message: (DataCollection.SendMessage) -> {"MessageType":"DataCollection.SendMessage","Payload":{"FriendlyName":null,"Uri":null,"TestCaseId":"00000000-0000-0000-0000-000000000000","Message":"Logging DataCollector Diagnostics in file: D:\\C_sharp and dot net projects\\Day38\\HotelBookingSolution\\HotelBookingTest\\bin\\Debug\\net8.0\\fine-code-coverage\\coverage-tool-output\\diagnostics.datacollector.24-11-06_20-23-56_61051_5.log","Level":0}}
TpTrace Verbose: 0 : 21104, 5, 2024/11/06, 20:23:56.964, 89890391792, vstest.console.dll, DataCollectionRequestSender.SendBeforeTestRunStartAndGetResult: Received message: (DataCollection.BeforeTestRunStartResult) -> {"MessageType":"DataCollection.BeforeTestRunStartResult","Payload":{"EnvironmentVariables":{},"DataCollectionEventsPort":51797}}
TpTrace Information: 0 : 21104, 5, 2024/11/06, 20:23:56.970, 89890448855, vstest.console.dll, ProxyDataCollectionManager.BeforeTestRunStart: SendBeforeTestRunStartAndGetResult successful, env variable from datacollector:   and testhost port: 51797
TpTrace Information: 0 : 21104, 5, 2024/11/06, 20:23:56.970, 89890450776, vstest.console.dll, ProxyDataCollectionManager.InvokeDataCollectionServiceAction: Completed.
TpTrace Verbose: 0 : 21104, 5, 2024/11/06, 20:23:56.970, 89890451085, vstest.console.dll, ParallelProxyExecutionManager.StartTestRunOnConcurrentManager: Initializing test run. Started clients: 0
TpTrace Verbose: 0 : 21104, 5, 2024/11/06, 20:23:56.970, 89890451996, vstest.console.dll, ProxyExecutionManager: Test host is always Lazy initialize.
TpTrace Verbose: 0 : 21104, 5, 2024/11/06, 20:23:56.970, 89890453735, vstest.console.dll, TestRequestSender.InitializeCommunication: initialize communication. 
TpTrace Information: 0 : 21104, 5, 2024/11/06, 20:23:56.971, 89890458088, vstest.console.dll, SocketServer.Start: Listening on endpoint : 127.0.0.1:51798
TpTrace Verbose: 0 : 21104, 5, 2024/11/06, 20:23:56.971, 89890464183, vstest.console.dll, DotnetTestHostmanager.GetTestHostProcessStartInfo: Platform environment 'X64' target architecture 'X64' framework '.NETCoreApp,Version=v8.0' OS 'Windows'
TpTrace Verbose: 0 : 21104, 5, 2024/11/06, 20:23:56.971, 89890465156, vstest.console.dll, DotnetTestHostmanager: Adding  --runtimeconfig "D:\C_sharp and dot net projects\Day38\HotelBookingSolution\HotelBookingTest\bin\Debug\net8.0\fine-code-coverage\build-output\HotelBookingTest.runtimeconfig.json" in args
TpTrace Verbose: 0 : 21104, 5, 2024/11/06, 20:23:56.971, 89890465482, vstest.console.dll, DotnetTestHostmanager: Adding  --depsfile "D:\C_sharp and dot net projects\Day38\HotelBookingSolution\HotelBookingTest\bin\Debug\net8.0\fine-code-coverage\build-output\HotelBookingTest.deps.json" in args
TpTrace Verbose: 0 : 21104, 5, 2024/11/06, 20:23:56.972, 89890467532, vstest.console.dll, DotnetTestHostmanager.IsWinOnArm: Current PROCESSOR_ARCHITECTURE from environment variable 'AMD64'
TpTrace Verbose: 0 : 21104, 5, 2024/11/06, 20:23:56.972, 89890467964, vstest.console.dll, DotnetTestHostmanager.IsWinOnArm: Is Windows on ARM 'False'
TpTrace Verbose: 0 : 21104, 5, 2024/11/06, 20:23:56.972, 89890468347, vstest.console.dll, DotnetTestHostManager: testhost.exe found at path: D:\C_sharp and dot net projects\Day38\HotelBookingSolution\HotelBookingTest\bin\Debug\net8.0\fine-code-coverage\build-output\testhost.exe
TpTrace Verbose: 0 : 21104, 5, 2024/11/06, 20:23:56.972, 89890468630, vstest.console.dll, DotnetTestHostmanager: Full path of host exe is D:\C_sharp and dot net projects\Day38\HotelBookingSolution\HotelBookingTest\bin\Debug\net8.0\fine-code-coverage\build-output\testhost.exe
TpTrace Verbose: 0 : 21104, 5, 2024/11/06, 20:23:56.972, 89890469498, vstest.console.dll, DotnetTestHostmanager.LaunchTestHostAsync: Found 'VSTEST_WINAPPHOST_DOTNET_ROOT' in env variables, value 'C:\Program Files\dotnet', forwarding to 'DOTNET_ROOT'
TpTrace Verbose: 0 : 21104, 5, 2024/11/06, 20:23:56.972, 89890470277, vstest.console.dll, DotnetTestHostManager: Starting process 'D:\C_sharp and dot net projects\Day38\HotelBookingSolution\HotelBookingTest\bin\Debug\net8.0\fine-code-coverage\build-output\testhost.exe' with command line ' --runtimeconfig "D:\C_sharp and dot net projects\Day38\HotelBookingSolution\HotelBookingTest\bin\Debug\net8.0\fine-code-coverage\build-output\HotelBookingTest.runtimeconfig.json" --depsfile "D:\C_sharp and dot net projects\Day38\HotelBookingSolution\HotelBookingTest\bin\Debug\net8.0\fine-code-coverage\build-output\HotelBookingTest.deps.json" --port 51798 --endpoint 127.0.0.1:051798 --role client --parentprocessid 21104 --diag "D:\C_sharp and dot net projects\Day38\HotelBookingSolution\HotelBookingTest\bin\Debug\net8.0\fine-code-coverage\coverage-tool-output\diagnostics.host.24-11-06_20-23-56_97141_5.log" --tracelevel 4 --datacollectionport 51797 --telemetryoptedin false'
TpTrace Verbose: 0 : 21104, 5, 2024/11/06, 20:23:56.980, 89890550854, vstest.console.dll, MulticastDelegateUtilities.SafeInvoke: HostProviderEvents.OnHostLaunched: Invoking callback 1/2 for Microsoft.VisualStudio.TestPlatform.CrossPlatEngine.Client.ProxyExecutionManagerWithDataCollection., took 0 ms.
TpTrace Verbose: 0 : 21104, 5, 2024/11/06, 20:23:56.980, 89890554058, vstest.console.dll, Test Runtime launched
TpTrace Verbose: 0 : 21104, 5, 2024/11/06, 20:23:56.980, 89890554653, vstest.console.dll, MulticastDelegateUtilities.SafeInvoke: HostProviderEvents.OnHostLaunched: Invoking callback 2/2 for Microsoft.VisualStudio.TestPlatform.CrossPlatEngine.Client.ProxyOperationManager., took 0 ms.
TpTrace Verbose: 0 : 21104, 5, 2024/11/06, 20:23:56.981, 89890558949, vstest.console.dll, TestRequestSender.WaitForRequestHandlerConnection: waiting for connection with timeout: 90000.
TpTrace Verbose: 0 : 21104, 14, 2024/11/06, 20:23:57.193, 89892678419, vstest.console.dll, MulticastDelegateUtilities.SafeInvoke: SocketServer: ClientConnected: Invoking callback 1/1 for Microsoft.VisualStudio.TestPlatform.CommunicationUtilities.TestRequestSender., took 0 ms.
TpTrace Verbose: 0 : 21104, 5, 2024/11/06, 20:23:57.193, 89892678452, vstest.console.dll, TestRequestSender.WaitForRequestHandlerConnection: waiting took 211 ms, with timeout 90000 ms, and result 0, which is success.
TpTrace Verbose: 0 : 21104, 14, 2024/11/06, 20:23:57.193, 89892679957, vstest.console.dll, SocketServer.OnClientConnected: Client connected for endPoint: 127.0.0.1:51798, starting MessageLoopAsync:
TpTrace Verbose: 0 : 21104, 5, 2024/11/06, 20:23:57.194, 89892692461, vstest.console.dll, TestRequestSender.CheckVersionWithTestHost: Sending check version message: {"MessageType":"ProtocolVersion","Payload":7}
TpTrace Verbose: 0 : 21104, 14, 2024/11/06, 20:23:57.198, 89892734182, vstest.console.dll, TcpClientExtensions.MessageLoopAsync: Polling on remoteEndPoint: 127.0.0.1:51799 localEndPoint: 127.0.0.1:51798 after 0 ms
TpTrace Verbose: 0 : 21104, 14, 2024/11/06, 20:23:57.327, 89894025754, vstest.console.dll, TcpClientExtensions.MessageLoopAsync: NotifyDataAvailable remoteEndPoint: 127.0.0.1:51799 localEndPoint: 127.0.0.1:51798
TpTrace Verbose: 0 : 21104, 14, 2024/11/06, 20:23:57.328, 89894028390, vstest.console.dll, TestRequestSender.CheckVersionWithTestHost: onMessageReceived received message: (ProtocolVersion) -> {"MessageType":"ProtocolVersion","Payload":7}
TpTrace Verbose: 0 : 21104, 14, 2024/11/06, 20:23:57.329, 89894039951, vstest.console.dll, MulticastDelegateUtilities.SafeInvoke: LengthPrefixCommunicationChannel: MessageReceived: Invoking callback 1/1 for Microsoft.VisualStudio.TestPlatform.CommunicationUtilities.TestRequestSender+<>c__DisplayClass29_0., took 1 ms.
TpTrace Verbose: 0 : 21104, 5, 2024/11/06, 20:23:57.329, 89894040845, vstest.console.dll, TestPluginCache.GetExtensionPaths: Filtered extension paths: 
TpTrace Verbose: 0 : 21104, 14, 2024/11/06, 20:23:57.329, 89894041024, vstest.console.dll, TcpClientExtensions.MessageLoopAsync: Polling on remoteEndPoint: 127.0.0.1:51799 localEndPoint: 127.0.0.1:51798 after 130 ms
TpTrace Verbose: 0 : 21104, 5, 2024/11/06, 20:23:57.329, 89894041812, vstest.console.dll, TestPluginCache.GetExtensionPaths: Added default extension paths: C:\Program Files\dotnet\sdk\8.0.400\Extensions\Microsoft.Diagnostics.NETCore.Client.dll
C:\Program Files\dotnet\sdk\8.0.400\Extensions\Microsoft.TestPlatform.Extensions.BlameDataCollector.dll
C:\Program Files\dotnet\sdk\8.0.400\Extensions\Microsoft.TestPlatform.Extensions.EventLogCollector.dll
C:\Program Files\dotnet\sdk\8.0.400\Extensions\Microsoft.TestPlatform.TestHostRuntimeProvider.dll
C:\Program Files\dotnet\sdk\8.0.400\Extensions\Microsoft.VisualStudio.TestPlatform.Extensions.Html.TestLogger.dll
C:\Program Files\dotnet\sdk\8.0.400\Extensions\Microsoft.VisualStudio.TestPlatform.Extensions.Trx.TestLogger.dll
TpTrace Verbose: 0 : 21104, 5, 2024/11/06, 20:23:57.329, 89894043570, vstest.console.dll, TestPluginCache.GetExtensionPaths: Added unfilterableExtensionPaths: 
TpTrace Verbose: 0 : 21104, 5, 2024/11/06, 20:23:57.332, 89894069771, vstest.console.dll, TestRequestSender.InitializeExecution: Sending initialize execution with message: {"Version":7,"MessageType":"TestExecution.Initialize","Payload":["D:\\C_sharp and dot net projects\\Day38\\HotelBookingSolution\\HotelBookingTest\\bin\\Debug\\net8.0\\fine-code-coverage\\build-output\\NUnit3.TestAdapter.dll"]}
TpTrace Verbose: 0 : 21104, 5, 2024/11/06, 20:23:57.332, 89894072107, vstest.console.dll, ParallelProxyExecutionManager.StartTestRunOnConcurrentManager: Execution starting. Started clients: 1
TpTrace Verbose: 0 : 21104, 5, 2024/11/06, 20:23:57.333, 89894079256, vstest.console.dll, TestRunRequest:SendTestRunMessage: Starting.
TpTrace Verbose: 0 : 21104, 5, 2024/11/06, 20:23:57.333, 89894081447, vstest.console.dll, MulticastDelegateUtilities.SafeInvoke: TestRun.LogMessages: Invoking callback 1/1 for Microsoft.VisualStudio.TestPlatform.CommandLine.TestRunResultAggregator., took 0 ms.
TpTrace Information: 0 : 21104, 5, 2024/11/06, 20:23:57.333, 89894081754, vstest.console.dll, TestRunRequest:SendTestRunMessage: Completed.
TpTrace Verbose: 0 : 21104, 4, 2024/11/06, 20:23:57.333, 89894084997, vstest.console.dll, MulticastDelegateUtilities.SafeInvoke: InternalTestLoggerEvents.SendTestRunMessage: Invoking callback 1/1 for Microsoft.VisualStudio.TestPlatform.CommandLine.Internal.ConsoleLogger., took 0 ms.
TpTrace Warning: 0 : 21104, 5, 2024/11/06, 20:23:57.333, 89894085857, vstest.console.dll, InferRunSettingsHelper.MakeRunsettingsCompatible: Removing the following settings: TargetPlatform from RunSettings file. To use those settings please move to latest version of Microsoft.NET.Test.Sdk
TpTrace Verbose: 0 : 21104, 14, 2024/11/06, 20:23:57.334, 89894096243, vstest.console.dll, TcpClientExtensions.MessageLoopAsync: NotifyDataAvailable remoteEndPoint: 127.0.0.1:51799 localEndPoint: 127.0.0.1:51798
TpTrace Verbose: 0 : 21104, 14, 2024/11/06, 20:23:57.335, 89894100992, vstest.console.dll, TestRequestSender.OnExecutionMessageReceived: Received message: {"Version":7,"MessageType":"TestSession.Message","Payload":{"MessageLevel":0,"Message":"Logging TestHost Diagnostics in file: D:\\C_sharp and dot net projects\\Day38\\HotelBookingSolution\\HotelBookingTest\\bin\\Debug\\net8.0\\fine-code-coverage\\coverage-tool-output\\diagnostics.host.24-11-06_20-23-56_97141_5.log"}}
TpTrace Verbose: 0 : 21104, 14, 2024/11/06, 20:23:57.338, 89894136914, vstest.console.dll, TestRunRequest:SendTestRunMessage: Starting.
TpTrace Verbose: 0 : 21104, 14, 2024/11/06, 20:23:57.339, 89894139110, vstest.console.dll, MulticastDelegateUtilities.SafeInvoke: TestRun.LogMessages: Invoking callback 1/1 for Microsoft.VisualStudio.TestPlatform.CommandLine.TestRunResultAggregator., took 0 ms.
TpTrace Information: 0 : 21104, 14, 2024/11/06, 20:23:57.339, 89894139799, vstest.console.dll, TestRunRequest:SendTestRunMessage: Completed.
TpTrace Verbose: 0 : 21104, 4, 2024/11/06, 20:23:57.339, 89894140215, vstest.console.dll, MulticastDelegateUtilities.SafeInvoke: InternalTestLoggerEvents.SendTestRunMessage: Invoking callback 1/1 for Microsoft.VisualStudio.TestPlatform.CommandLine.Internal.ConsoleLogger., took 0 ms.
TpTrace Verbose: 0 : 21104, 14, 2024/11/06, 20:23:57.339, 89894140463, vstest.console.dll, MulticastDelegateUtilities.SafeInvoke: LengthPrefixCommunicationChannel: MessageReceived: Invoking callback 1/1 for Microsoft.VisualStudio.TestPlatform.CommunicationUtilities.TestRequestSender+<>c__DisplayClass34_0., took 4 ms.
TpTrace Verbose: 0 : 21104, 14, 2024/11/06, 20:23:57.339, 89894142445, vstest.console.dll, TcpClientExtensions.MessageLoopAsync: Polling on remoteEndPoint: 127.0.0.1:51799 localEndPoint: 127.0.0.1:51798 after 9 ms
TpTrace Verbose: 0 : 21104, 5, 2024/11/06, 20:23:57.341, 89894158744, vstest.console.dll, TestRequestSender.StartTestRun: Sending test run with message: {"Version":7,"MessageType":"TestExecution.StartWithSources","Payload":{"AdapterSourceMap":{"_none_":["D:\\C_sharp and dot net projects\\Day38\\HotelBookingSolution\\HotelBookingTest\\bin\\Debug\\net8.0\\fine-code-coverage\\build-output\\HotelBookingTest.dll"]},"RunSettings":"<RunSettings>\r\n  <RunConfiguration>\r\n    <ResultsDirectory>D:\\C_sharp and dot net projects\\Day38\\HotelBookingSolution\\HotelBookingTest\\bin\\Debug\\net8.0\\fine-code-coverage\\coverage-tool-output</ResultsDirectory>\r\n    <TargetFrameworkVersion>.NETCoreApp,Version=v8.0</TargetFrameworkVersion>\r\n    <DesignMode>False</DesignMode>\r\n    <CollectSourceInformation>False</CollectSourceInformation>\r\n  </RunConfiguration>\r\n  <LoggerRunSettings>\r\n    <Loggers>\r\n      <Logger friendlyName=\"blame\" enabled=\"True\" />\r\n      <Logger friendlyName=\"Console\" uri=\"logger://microsoft/TestPlatform/ConsoleLogger/v1\" assemblyQualifiedName=\"Microsoft.VisualStudio.TestPlatform.CommandLine.Internal.ConsoleLogger, vstest.console, Version=15.0.0.0, Culture=neutral, PublicKeyToken=b03f5f7f11d50a3a\" codeBase=\"C:\\Program Files\\dotnet\\sdk\\8.0.400\\vstest.console.dll\" enabled=\"True\" />\r\n    </Loggers>\r\n  </LoggerRunSettings>\r\n  <DataCollectionRunSettings>\r\n    <DataCollectors>\r\n      <DataCollector friendlyName=\"blame\" enabled=\"True\">\r\n        <Configuration>\r\n          <ResultsDirectory>D:\\C_sharp and dot net projects\\Day38\\HotelBookingSolution\\HotelBookingTest\\bin\\Debug\\net8.0\\fine-code-coverage\\coverage-tool-output</ResultsDirectory>\r\n        </Configuration>\r\n      </DataCollector>\r\n    </DataCollectors>\r\n  </DataCollectionRunSettings>\r\n</RunSettings>","TestExecutionContext":{"FrequencyOfRunStatsChangeEvent":10,"RunStatsChangeEventTimeout":"00:00:01.5000000","InIsolation":false,"KeepAlive":false,"AreTestCaseLevelEventsRequired":false,"IsDebug":false,"TestCaseFilter":null,"FilterOptions":null},"Package":null}}
TpTrace Verbose: 0 : 21104, 5, 2024/11/06, 20:23:57.341, 89894160465, vstest.console.dll, ParallelProxyExecutionManager.StartTestRunOnConcurrentManager: Execution started. Started clients: 1
TpTrace Verbose: 0 : 21104, 14, 2024/11/06, 20:23:57.503, 89895778586, vstest.console.dll, TcpClientExtensions.MessageLoopAsync: NotifyDataAvailable remoteEndPoint: 127.0.0.1:51799 localEndPoint: 127.0.0.1:51798
TpTrace Verbose: 0 : 21104, 14, 2024/11/06, 20:23:57.503, 89895780844, vstest.console.dll, TestRequestSender.OnExecutionMessageReceived: Received message: {"Version":7,"MessageType":"TestSession.Message","Payload":{"MessageLevel":0,"Message":"NUnit Adapter 4.5.0.0: Test execution started"}}
TpTrace Verbose: 0 : 21104, 14, 2024/11/06, 20:23:57.503, 89895782890, vstest.console.dll, TestRunRequest:SendTestRunMessage: Starting.
TpTrace Verbose: 0 : 21104, 14, 2024/11/06, 20:23:57.503, 89895783543, vstest.console.dll, MulticastDelegateUtilities.SafeInvoke: TestRun.LogMessages: Invoking callback 1/1 for Microsoft.VisualStudio.TestPlatform.CommandLine.TestRunResultAggregator., took 0 ms.
TpTrace Information: 0 : 21104, 14, 2024/11/06, 20:23:57.503, 89895783761, vstest.console.dll, TestRunRequest:SendTestRunMessage: Completed.
TpTrace Verbose: 0 : 21104, 14, 2024/11/06, 20:23:57.503, 89895784014, vstest.console.dll, MulticastDelegateUtilities.SafeInvoke: LengthPrefixCommunicationChannel: MessageReceived: Invoking callback 1/1 for Microsoft.VisualStudio.TestPlatform.CommunicationUtilities.TestRequestSender+<>c__DisplayClass34_0., took 0 ms.
TpTrace Verbose: 0 : 21104, 14, 2024/11/06, 20:23:57.503, 89895784292, vstest.console.dll, TcpClientExtensions.MessageLoopAsync: Polling on remoteEndPoint: 127.0.0.1:51799 localEndPoint: 127.0.0.1:51798 after 164 ms
TpTrace Verbose: 0 : 21104, 4, 2024/11/06, 20:23:57.503, 89895784890, vstest.console.dll, MulticastDelegateUtilities.SafeInvoke: InternalTestLoggerEvents.SendTestRunMessage: Invoking callback 1/1 for Microsoft.VisualStudio.TestPlatform.CommandLine.Internal.ConsoleLogger., took 0 ms.
TpTrace Verbose: 0 : 21104, 14, 2024/11/06, 20:23:57.529, 89896037704, vstest.console.dll, TcpClientExtensions.MessageLoopAsync: NotifyDataAvailable remoteEndPoint: 127.0.0.1:51799 localEndPoint: 127.0.0.1:51798
TpTrace Verbose: 0 : 21104, 14, 2024/11/06, 20:23:57.529, 89896039399, vstest.console.dll, TestRequestSender.OnExecutionMessageReceived: Received message: {"Version":7,"MessageType":"TestSession.Message","Payload":{"MessageLevel":0,"Message":"Running all tests in D:\\C_sharp and dot net projects\\Day38\\HotelBookingSolution\\HotelBookingTest\\bin\\Debug\\net8.0\\fine-code-coverage\\build-output\\HotelBookingTest.dll"}}
TpTrace Verbose: 0 : 21104, 14, 2024/11/06, 20:23:57.529, 89896040637, vstest.console.dll, TestRunRequest:SendTestRunMessage: Starting.
TpTrace Verbose: 0 : 21104, 14, 2024/11/06, 20:23:57.529, 89896041219, vstest.console.dll, MulticastDelegateUtilities.SafeInvoke: TestRun.LogMessages: Invoking callback 1/1 for Microsoft.VisualStudio.TestPlatform.CommandLine.TestRunResultAggregator., took 0 ms.
TpTrace Information: 0 : 21104, 14, 2024/11/06, 20:23:57.529, 89896041512, vstest.console.dll, TestRunRequest:SendTestRunMessage: Completed.
TpTrace Verbose: 0 : 21104, 14, 2024/11/06, 20:23:57.529, 89896041830, vstest.console.dll, MulticastDelegateUtilities.SafeInvoke: LengthPrefixCommunicationChannel: MessageReceived: Invoking callback 1/1 for Microsoft.VisualStudio.TestPlatform.CommunicationUtilities.TestRequestSender+<>c__DisplayClass34_0., took 0 ms.
TpTrace Verbose: 0 : 21104, 14, 2024/11/06, 20:23:57.529, 89896042154, vstest.console.dll, TcpClientExtensions.MessageLoopAsync: Polling on remoteEndPoint: 127.0.0.1:51799 localEndPoint: 127.0.0.1:51798 after 25 ms
TpTrace Verbose: 0 : 21104, 4, 2024/11/06, 20:23:57.529, 89896042151, vstest.console.dll, MulticastDelegateUtilities.SafeInvoke: InternalTestLoggerEvents.SendTestRunMessage: Invoking callback 1/1 for Microsoft.VisualStudio.TestPlatform.CommandLine.Internal.ConsoleLogger., took 0 ms.
TpTrace Verbose: 0 : 21104, 14, 2024/11/06, 20:23:57.635, 89897101666, vstest.console.dll, TcpClientExtensions.MessageLoopAsync: NotifyDataAvailable remoteEndPoint: 127.0.0.1:51799 localEndPoint: 127.0.0.1:51798
TpTrace Verbose: 0 : 21104, 14, 2024/11/06, 20:23:57.635, 89897105869, vstest.console.dll, TestRequestSender.OnExecutionMessageReceived: Received message: {"Version":7,"MessageType":"TestSession.Message","Payload":{"MessageLevel":0,"Message":"   NUnit3TestExecutor discovered 31 of 31 NUnit test cases using Current Discovery mode, Non-Explicit run"}}
TpTrace Verbose: 0 : 21104, 14, 2024/11/06, 20:23:57.636, 89897107727, vstest.console.dll, TestRunRequest:SendTestRunMessage: Starting.
TpTrace Verbose: 0 : 21104, 14, 2024/11/06, 20:23:57.636, 89897108387, vstest.console.dll, MulticastDelegateUtilities.SafeInvoke: TestRun.LogMessages: Invoking callback 1/1 for Microsoft.VisualStudio.TestPlatform.CommandLine.TestRunResultAggregator., took 0 ms.
TpTrace Information: 0 : 21104, 14, 2024/11/06, 20:23:57.636, 89897108607, vstest.console.dll, TestRunRequest:SendTestRunMessage: Completed.
TpTrace Verbose: 0 : 21104, 14, 2024/11/06, 20:23:57.636, 89897108927, vstest.console.dll, MulticastDelegateUtilities.SafeInvoke: LengthPrefixCommunicationChannel: MessageReceived: Invoking callback 1/1 for Microsoft.VisualStudio.TestPlatform.CommunicationUtilities.TestRequestSender+<>c__DisplayClass34_0., took 0 ms.
TpTrace Verbose: 0 : 21104, 14, 2024/11/06, 20:23:57.636, 89897109195, vstest.console.dll, TcpClientExtensions.MessageLoopAsync: Polling on remoteEndPoint: 127.0.0.1:51799 localEndPoint: 127.0.0.1:51798 after 106 ms
TpTrace Verbose: 0 : 21104, 4, 2024/11/06, 20:23:57.636, 89897108801, vstest.console.dll, MulticastDelegateUtilities.SafeInvoke: InternalTestLoggerEvents.SendTestRunMessage: Invoking callback 1/1 for Microsoft.VisualStudio.TestPlatform.CommandLine.Internal.ConsoleLogger., took 0 ms.
TpTrace Verbose: 0 : 21104, 14, 2024/11/06, 20:23:58.645, 89907205105, vstest.console.dll, TcpClientExtensions.MessageLoopAsync: Polling on remoteEndPoint: 127.0.0.1:51799 localEndPoint: 127.0.0.1:51798 after 1009 ms
TpTrace Verbose: 0 : 21104, 14, 2024/11/06, 20:23:58.694, 89907696286, vstest.console.dll, TcpClientExtensions.MessageLoopAsync: NotifyDataAvailable remoteEndPoint: 127.0.0.1:51799 localEndPoint: 127.0.0.1:51798
TpTrace Verbose: 0 : 21104, 14, 2024/11/06, 20:23:58.695, 89907699749, vstest.console.dll, TestRequestSender.OnExecutionMessageReceived: Received message: {"Version":7,"MessageType":"TestExecution.StatsChange","Payload":{"NewTestResults":[{"TestCase":{"Id":"50d7df6a-244c-4d56-2858-84ef5e205e6d","FullyQualifiedName":"HotelBookingTest.RoomRepositoryTest.CollectionEmptyException(0,100,0,\"Room1\",\"TV, AC\",2,1)","DisplayName":"CollectionEmptyException(0,100,0,\"Room1\",\"TV, AC\",2,1)","ExecutorUri":"executor://NUnit3TestExecutor","Source":"D:\\C_sharp and dot net projects\\Day38\\HotelBookingSolution\\HotelBookingTest\\bin\\Debug\\net8.0\\fine-code-coverage\\build-output\\HotelBookingTest.dll","CodeFilePath":null,"LineNumber":0,"Properties":[{"Key":{"Id":"NUnit.Seed","Label":"Seed","Category":"","Description":"","Attributes":0,"ValueType":"System.String"},"Value":"1597016081"}]},"Attachments":[],"Outcome":1,"ErrorMessage":null,"ErrorStackTrace":null,"DisplayName":"CollectionEmptyException(0,100,0,\"Room1\",\"TV, AC\",2,1)","Messages":[],"ComputerName":"LAPTOP-BJ9N1Q1E","Duration":"00:00:00.7986400","StartTime":"2024-11-06T14:53:57.6610135+00:00","EndTime":"2024-11-06T14:53:58.4595984+00:00","Properties":[{"Key":{"Id":"NUnit.Seed","Label":"Seed","Category":"","Description":"","Attributes":0,"ValueType":"System.String"},"Value":"1597016081"}]},{"TestCase":{"Id":"4ca55b3a-32e6-1365-9e5e-933d10cf57fa","FullyQualifiedName":"HotelBookingTest.RoomRepositoryTest.CouldNotAddException(0,100,0,\"\",\"TV, AC\",2,1)","DisplayName":"CouldNotAddException(0,100,0,\"\",\"TV, AC\",2,1)","ExecutorUri":"executor://NUnit3TestExecutor","Source":"D:\\C_sharp and dot net projects\\Day38\\HotelBookingSolution\\HotelBookingTest\\bin\\Debug\\net8.0\\fine-code-coverage\\build-output\\HotelBookingTest.dll","CodeFilePath":null,"LineNumber":0,"Properties":[{"Key":{"Id":"NUnit.Seed","Label":"Seed","Category":"","Description":"","Attributes":0,"ValueType":"System.String"},"Value":"433598884"}]},"Attachments":[],"Outcome":1,"ErrorMessage":null,"ErrorStackTrace":null,"DisplayName":"CouldNotAddException(0,100,0,\"\",\"TV, AC\",2,1)","Messages":[],"ComputerName":"LAPTOP-BJ9N1Q1E","Duration":"00:00:00.0902060","StartTime":"2024-11-06T14:53:58.4622351+00:00","EndTime":"2024-11-06T14:53:58.5524415+00:00","Properties":[{"Key":{"Id":"NUnit.Seed","Label":"Seed","Category":"","Description":"","Attributes":0,"ValueType":"System.String"},"Value":"433598884"}]},{"TestCase":{"Id":"35ac828d-b422-d865-383b-9547f5be0f10","FullyQualifiedName":"HotelBookingTest.RoomRepositoryTest.NotFoundException","DisplayName":"NotFoundException","ExecutorUri":"executor://NUnit3TestExecutor","Source":"D:\\C_sharp and dot net projects\\Day38\\HotelBookingSolution\\HotelBookingTest\\bin\\Debug\\net8.0\\fine-code-coverage\\build-output\\HotelBookingTest.dll","CodeFilePath":null,"LineNumber":0,"Properties":[{"Key":{"Id":"NUnit.Seed","Label":"Seed","Category":"","Description":"","Attributes":0,"ValueType":"System.String"},"Value":"1374136210"}]},"Attachments":[],"Outcome":1,"ErrorMessage":null,"ErrorStackTrace":null,"DisplayName":"NotFoundException","Messages":[],"ComputerName":"LAPTOP-BJ9N1Q1E","Duration":"00:00:00.0825910","StartTime":"2024-11-06T14:53:58.5525396+00:00","EndTime":"2024-11-06T14:53:58.6351304+00:00","Properties":[{"Key":{"Id":"NUnit.Seed","Label":"Seed","Category":"","Description":"","Attributes":0,"ValueType":"System.String"},"Value":"1374136210"}]},{"TestCase":{"Id":"09b736b2-10ab-87a2-fe2b-b787ea3864d5","FullyQualifiedName":"HotelBookingTest.RoomRepositoryTest.TestAdd(0,100,0,\"Room1\",\"TV, AC\",2,1)","DisplayName":"TestAdd(0,100,0,\"Room1\",\"TV, AC\",2,1)","ExecutorUri":"executor://NUnit3TestExecutor","Source":"D:\\C_sharp and dot net projects\\Day38\\HotelBookingSolution\\HotelBookingTest\\bin\\Debug\\net8.0\\fine-code-coverage\\build-output\\HotelBookingTest.dll","CodeFilePath":null,"LineNumber":0,"Properties":[{"Key":{"Id":"NUnit.Seed","Label":"Seed","Category":"","Description":"","Attributes":0,"ValueType":"System.String"},"Value":"387289211"}]},"Attachments":[],"Outcome":1,"ErrorMessage":null,"ErrorStackTrace":null,"DisplayName":"TestAdd(0,100,0,\"Room1\",\"TV, AC\",2,1)","Messages":[],"ComputerName":"LAPTOP-BJ9N1Q1E","Duration":"00:00:00.0063000","StartTime":"2024-11-06T14:53:58.6351846+00:00","EndTime":"2024-11-06T14:53:58.6414842+00:00","Properties":[{"Key":{"Id":"NUnit.Seed","Label":"Seed","Category":"","Description":"","Attributes":0,"ValueType":"System.String"},"Value":"387289211"}]},{"TestCase":{"Id":"92c120e3-50a0-c07c-57fc-f96df05d8c56","FullyQualifiedName":"HotelBookingTest.RoomRepositoryTest.TestAdd(1,200,1,\"Room2\",\"TV, AC, Fridge\",4,2)","DisplayName":"TestAdd(1,200,1,\"Room2\",\"TV, AC, Fridge\",4,2)","ExecutorUri":"executor://NUnit3TestExecutor","Source":"D:\\C_sharp and dot net projects\\Day38\\HotelBookingSolution\\HotelBookingTest\\bin\\Debug\\net8.0\\fine-code-coverage\\build-output\\HotelBookingTest.dll","CodeFilePath":null,"LineNumber":0,"Properties":[{"Key":{"Id":"NUnit.Seed","Label":"Seed","Category":"","Description":"","Attributes":0,"ValueType":"System.String"},"Value":"1873021184"}]},"Attachments":[],"Outcome":1,"ErrorMessage":null,"ErrorStackTrace":null,"DisplayName":"TestAdd(1,200,1,\"Room2\",\"TV, AC, Fridge\",4,2)","Messages":[],"ComputerName":"LAPTOP-BJ9N1Q1E","Duration":"00:00:00.0008240","StartTime":"2024-11-06T14:53:58.6415118+00:00","EndTime":"2024-11-06T14:53:58.6423351+00:00","Properties":[{"Key":{"Id":"NUnit.Seed","Label":"Seed","Category":"","Description":"","Attributes":0,"ValueType":"System.String"},"Value":"1873021184"}]},{"TestCase":{"Id":"9a2f8710-7ae8-d722-1a26-c2c9f3e51d5e","FullyQualifiedName":"HotelBookingTest.RoomRepositoryTest.TestAdd(2,300,0,\"Room3\",\"TV, AC, Fridge, Balcony\",6,3)","DisplayName":"TestAdd(2,300,0,\"Room3\",\"TV, AC, Fridge, Balcony\",6,3)","ExecutorUri":"executor://NUnit3TestExecutor","Source":"D:\\C_sharp and dot net projects\\Day38\\HotelBookingSolution\\HotelBookingTest\\bin\\Debug\\net8.0\\fine-code-coverage\\build-output\\HotelBookingTest.dll","CodeFilePath":null,"LineNumber":0,"Properties":[{"Key":{"Id":"NUnit.Seed","Label":"Seed","Category":"","Description":"","Attributes":0,"ValueType":"System.String"},"Value":"461679115"}]},"Attachments":[],"Outcome":1,"ErrorMessage":null,"ErrorStackTrace":null,"DisplayName":"TestAdd(2,300,0,\"Room3\",\"TV, AC, Fridge, Balcony\",6,3)","Messages":[],"ComputerName":"LAPTOP-BJ9N1Q1E","Duration":"00:00:00.0002770","StartTime":"2024-11-06T14:53:58.6423512+00:00","EndTime":"2024-11-06T14:53:58.6426281+00:00","Properties":[{"Key":{"Id":"NUnit.Seed","Label":"Seed","Category":"","Description":"","Attributes":0,"ValueType":"System.String"},"Value":"461679115"}]},{"TestCase":{"Id":"11743d04-fcec-99b9-cd73-caeb50d10c34","FullyQualifiedName":"HotelBookingTest.RoomRepositoryTest.TestDelete(0,100,0,\"Room1\",\"TV, AC\",2,1)","DisplayName":"TestDelete(0,100,0,\"Room1\",\"TV, AC\",2,1)","ExecutorUri":"executor://NUnit3TestExecutor","Source":"D:\\C_sharp and dot net projects\\Day38\\HotelBookingSolution\\HotelBookingTest\\bin\\Debug\\net8.0\\fine-code-coverage\\build-output\\HotelBookingTest.dll","CodeFilePath":null,"LineNumber":0,"Properties":[{"Key":{"Id":"NUnit.Seed","Label":"Seed","Category":"","Description":"","Attributes":0,"ValueType":"System.String"},"Value":"1094675962"}]},"Attachments":[],"Outcome":1,"ErrorMessage":null,"ErrorStackTrace":null,"DisplayName":"TestDelete(0,100,0,\"Room1\",\"TV, AC\",2,1)","Messages":[],"ComputerName":"LAPTOP-BJ9N1Q1E","Duration":"00:00:00.0094299","StartTime":"2024-11-06T14:53:58.6426643+00:00","EndTime":"2024-11-06T14:53:58.6520939+00:00","Properties":[{"Key":{"Id":"NUnit.Seed","Label":"Seed","Category":"","Description":"","Attributes":0,"ValueType":"System.String"},"Value":"1094675962"}]},{"TestCase":{"Id":"ece548d3-a262-c0b9-feca-09d28fa6e0a3","FullyQualifiedName":"HotelBookingTest.RoomRepositoryTest.TestDelete(1,200,1,\"Room2\",\"TV, AC, Fridge\",4,2)","DisplayName":"TestDelete(1,200,1,\"Room2\",\"TV, AC, Fridge\",4,2)","ExecutorUri":"executor://NUnit3TestExecutor","Source":"D:\\C_sharp and dot net projects\\Day38\\HotelBookingSolution\\HotelBookingTest\\bin\\Debug\\net8.0\\fine-code-coverage\\build-output\\HotelBookingTest.dll","CodeFilePath":null,"LineNumber":0,"Properties":[{"Key":{"Id":"NUnit.Seed","Label":"Seed","Category":"","Description":"","Attributes":0,"ValueType":"System.String"},"Value":"1925056594"}]},"Attachments":[],"Outcome":1,"ErrorMessage":null,"ErrorStackTrace":null,"DisplayName":"TestDelete(1,200,1,\"Room2\",\"TV, AC, Fridge\",4,2)","Messages":[],"ComputerName":"LAPTOP-BJ9N1Q1E","Duration":"00:00:00.0107120","StartTime":"2024-11-06T14:53:58.6541214+00:00","EndTime":"2024-11-06T14:53:58.6648336+00:00","Properties":[{"Key":{"Id":"NUnit.Seed","Label":"Seed","Category":"","Description":"","Attributes":0,"ValueType":"System.String"},"Value":"1925056594"}]},{"TestCase":{"Id":"70c33522-58d2-1b55-9fe4-aaa1ade74078","FullyQualifiedName":"HotelBookingTest.RoomRepositoryTest.TestDelete(2,300,0,\"Room3\",\"TV, AC, Fridge, Balcony\",6,3)","DisplayName":"TestDelete(2,300,0,\"Room3\",\"TV, AC, Fridge, Balcony\",6,3)","ExecutorUri":"executor://NUnit3TestExecutor","Source":"D:\\C_sharp and dot net projects\\Day38\\HotelBookingSolution\\HotelBookingTest\\bin\\Debug\\net8.0\\fine-code-coverage\\build-output\\HotelBookingTest.dll","CodeFilePath":null,"LineNumber":0,"Properties":[{"Key":{"Id":"NUnit.Seed","Label":"Seed","Category":"","Description":"","Attributes":0,"ValueType":"System.String"},"Value":"1290194254"}]},"Attachments":[],"Outcome":1,"ErrorMessage":null,"ErrorStackTrace":null,"DisplayName":"TestDelete(2,300,0,\"Room3\",\"TV, AC, Fridge, Balcony\",6,3)","Messages":[],"ComputerName":"LAPTOP-BJ9N1Q1E","Duration":"00:00:00.0005260","StartTime":"2024-11-06T14:53:58.6648757+00:00","EndTime":"2024-11-06T14:53:58.665401+00:00","Properties":[{"Key":{"Id":"NUnit.Seed","Label":"Seed","Category":"","Description":"","Attributes":0,"ValueType":"System.String"},"Value":"1290194254"}]}],"TestRunStatistics":{"ExecutedTests":9,"Stats":{"Passed":9}},"ActiveTests":[{"Id":"dc68f3e0-f7d2-ff44-729a-f77a6ee694e4","FullyQualifiedName":"HotelBookingTest.RoomRepositoryTest.TestGet(0,100,0,\"Room1\",\"TV, AC\",2,1)","DisplayName":"TestGet(0,100,0,\"Room1\",\"TV, AC\",2,1)","ExecutorUri":"executor://NUnit3TestExecutor","Source":"D:\\C_sharp and dot net projects\\Day38\\HotelBookingSolution\\HotelBookingTest\\bin\\Debug\\net8.0\\fine-code-coverage\\build-output\\HotelBookingTest.dll","CodeFilePath":null,"LineNumber":0,"Properties":[{"Key":{"Id":"NUnit.Seed","Label":"Seed","Category":"","Description":"","Attributes":0,"ValueType":"System.String"},"Value":"775317265"}]}]}}
TpTrace Verbose: 0 : 21104, 14, 2024/11/06, 20:23:58.721, 89907961381, vstest.console.dll, TestRunRequest:SendTestRunStatsChange: Starting.
TpTrace Verbose: 0 : 21104, 14, 2024/11/06, 20:23:58.721, 89907963377, vstest.console.dll, InProgress is TestGet(0,100,0,"Room1","TV, AC",2,1)
TpTrace Verbose: 0 : 21104, 14, 2024/11/06, 20:23:58.722, 89907970383, vstest.console.dll, MulticastDelegateUtilities.SafeInvoke: TestRun.RunStatsChanged: Invoking callbacks was skipped because there are no subscribers.
TpTrace Information: 0 : 21104, 14, 2024/11/06, 20:23:58.722, 89907971510, vstest.console.dll, TestRunRequest:SendTestRunStatsChange: Completed.
TpTrace Verbose: 0 : 21104, 14, 2024/11/06, 20:23:58.722, 89907972169, vstest.console.dll, MulticastDelegateUtilities.SafeInvoke: LengthPrefixCommunicationChannel: MessageReceived: Invoking callback 1/1 for Microsoft.VisualStudio.TestPlatform.CommunicationUtilities.TestRequestSender+<>c__DisplayClass34_0., took 27 ms.
TpTrace Verbose: 0 : 21104, 14, 2024/11/06, 20:23:58.722, 89907972603, vstest.console.dll, TcpClientExtensions.MessageLoopAsync: Polling on remoteEndPoint: 127.0.0.1:51799 localEndPoint: 127.0.0.1:51798 after 76 ms
TpTrace Verbose: 0 : 21104, 4, 2024/11/06, 20:23:58.725, 89908006459, vstest.console.dll, MulticastDelegateUtilities.SafeInvoke: InternalTestLoggerEvents.SendTestResult: Invoking callback 1/1 for Microsoft.VisualStudio.TestPlatform.CommandLine.Internal.ConsoleLogger., took 3 ms.
TpTrace Verbose: 0 : 21104, 4, 2024/11/06, 20:23:58.726, 89908010899, vstest.console.dll, MulticastDelegateUtilities.SafeInvoke: InternalTestLoggerEvents.SendTestResult: Invoking callback 1/1 for Microsoft.VisualStudio.TestPlatform.CommandLine.Internal.ConsoleLogger., took 0 ms.
TpTrace Verbose: 0 : 21104, 4, 2024/11/06, 20:23:58.726, 89908011770, vstest.console.dll, MulticastDelegateUtilities.SafeInvoke: InternalTestLoggerEvents.SendTestResult: Invoking callback 1/1 for Microsoft.VisualStudio.TestPlatform.CommandLine.Internal.ConsoleLogger., took 0 ms.
TpTrace Verbose: 0 : 21104, 4, 2024/11/06, 20:23:58.727, 89908021359, vstest.console.dll, MulticastDelegateUtilities.SafeInvoke: InternalTestLoggerEvents.SendTestResult: Invoking callback 1/1 for Microsoft.VisualStudio.TestPlatform.CommandLine.Internal.ConsoleLogger., took 0 ms.
TpTrace Verbose: 0 : 21104, 4, 2024/11/06, 20:23:58.727, 89908022252, vstest.console.dll, MulticastDelegateUtilities.SafeInvoke: InternalTestLoggerEvents.SendTestResult: Invoking callback 1/1 for Microsoft.VisualStudio.TestPlatform.CommandLine.Internal.ConsoleLogger., took 0 ms.
TpTrace Verbose: 0 : 21104, 4, 2024/11/06, 20:23:58.727, 89908022612, vstest.console.dll, MulticastDelegateUtilities.SafeInvoke: InternalTestLoggerEvents.SendTestResult: Invoking callback 1/1 for Microsoft.VisualStudio.TestPlatform.CommandLine.Internal.ConsoleLogger., took 0 ms.
TpTrace Verbose: 0 : 21104, 4, 2024/11/06, 20:23:58.727, 89908022877, vstest.console.dll, MulticastDelegateUtilities.SafeInvoke: InternalTestLoggerEvents.SendTestResult: Invoking callback 1/1 for Microsoft.VisualStudio.TestPlatform.CommandLine.Internal.ConsoleLogger., took 0 ms.
TpTrace Verbose: 0 : 21104, 4, 2024/11/06, 20:23:58.727, 89908023190, vstest.console.dll, MulticastDelegateUtilities.SafeInvoke: InternalTestLoggerEvents.SendTestResult: Invoking callback 1/1 for Microsoft.VisualStudio.TestPlatform.CommandLine.Internal.ConsoleLogger., took 0 ms.
TpTrace Verbose: 0 : 21104, 4, 2024/11/06, 20:23:58.727, 89908023437, vstest.console.dll, MulticastDelegateUtilities.SafeInvoke: InternalTestLoggerEvents.SendTestResult: Invoking callback 1/1 for Microsoft.VisualStudio.TestPlatform.CommandLine.Internal.ConsoleLogger., took 0 ms.
TpTrace Verbose: 0 : 21104, 14, 2024/11/06, 20:23:58.733, 89908086490, vstest.console.dll, TcpClientExtensions.MessageLoopAsync: NotifyDataAvailable remoteEndPoint: 127.0.0.1:51799 localEndPoint: 127.0.0.1:51798
TpTrace Verbose: 0 : 21104, 14, 2024/11/06, 20:23:58.734, 89908092838, vstest.console.dll, TestRequestSender.OnExecutionMessageReceived: Received message: {"Version":7,"MessageType":"TestExecution.StatsChange","Payload":{"NewTestResults":[{"TestCase":{"Id":"dc68f3e0-f7d2-ff44-729a-f77a6ee694e4","FullyQualifiedName":"HotelBookingTest.RoomRepositoryTest.TestGet(0,100,0,\"Room1\",\"TV, AC\",2,1)","DisplayName":"TestGet(0,100,0,\"Room1\",\"TV, AC\",2,1)","ExecutorUri":"executor://NUnit3TestExecutor","Source":"D:\\C_sharp and dot net projects\\Day38\\HotelBookingSolution\\HotelBookingTest\\bin\\Debug\\net8.0\\fine-code-coverage\\build-output\\HotelBookingTest.dll","CodeFilePath":null,"LineNumber":0,"Properties":[{"Key":{"Id":"NUnit.Seed","Label":"Seed","Category":"","Description":"","Attributes":0,"ValueType":"System.String"},"Value":"775317265"}]},"Attachments":[],"Outcome":1,"ErrorMessage":null,"ErrorStackTrace":null,"DisplayName":"TestGet(0,100,0,\"Room1\",\"TV, AC\",2,1)","Messages":[],"ComputerName":"LAPTOP-BJ9N1Q1E","Duration":"00:00:00.0011710","StartTime":"2024-11-06T14:53:58.6654426+00:00","EndTime":"2024-11-06T14:53:58.6666129+00:00","Properties":[{"Key":{"Id":"NUnit.Seed","Label":"Seed","Category":"","Description":"","Attributes":0,"ValueType":"System.String"},"Value":"775317265"}]},{"TestCase":{"Id":"ef9e5f50-a758-a5c1-be22-ddc77f3d76f8","FullyQualifiedName":"HotelBookingTest.RoomRepositoryTest.TestGet(1,200,1,\"Room2\",\"TV, AC, Fridge\",4,2)","DisplayName":"TestGet(1,200,1,\"Room2\",\"TV, AC, Fridge\",4,2)","ExecutorUri":"executor://NUnit3TestExecutor","Source":"D:\\C_sharp and dot net projects\\Day38\\HotelBookingSolution\\HotelBookingTest\\bin\\Debug\\net8.0\\fine-code-coverage\\build-output\\HotelBookingTest.dll","CodeFilePath":null,"LineNumber":0,"Properties":[{"Key":{"Id":"NUnit.Seed","Label":"Seed","Category":"","Description":"","Attributes":0,"ValueType":"System.String"},"Value":"1797790310"}]},"Attachments":[],"Outcome":1,"ErrorMessage":null,"ErrorStackTrace":null,"DisplayName":"TestGet(1,200,1,\"Room2\",\"TV, AC, Fridge\",4,2)","Messages":[],"ComputerName":"LAPTOP-BJ9N1Q1E","Duration":"00:00:00.0007400","StartTime":"2024-11-06T14:53:58.6666273+00:00","EndTime":"2024-11-06T14:53:58.667367+00:00","Properties":[{"Key":{"Id":"NUnit.Seed","Label":"Seed","Category":"","Description":"","Attributes":0,"ValueType":"System.String"},"Value":"1797790310"}]},{"TestCase":{"Id":"a624c444-d234-79a0-8aae-12dee313871b","FullyQualifiedName":"HotelBookingTest.RoomRepositoryTest.TestGet(2,300,0,\"Room3\",\"TV, AC, Fridge, Balcony\",6,3)","DisplayName":"TestGet(2,300,0,\"Room3\",\"TV, AC, Fridge, Balcony\",6,3)","ExecutorUri":"executor://NUnit3TestExecutor","Source":"D:\\C_sharp and dot net projects\\Day38\\HotelBookingSolution\\HotelBookingTest\\bin\\Debug\\net8.0\\fine-code-coverage\\build-output\\HotelBookingTest.dll","CodeFilePath":null,"LineNumber":0,"Properties":[{"Key":{"Id":"NUnit.Seed","Label":"Seed","Category":"","Description":"","Attributes":0,"ValueType":"System.String"},"Value":"758438201"}]},"Attachments":[],"Outcome":1,"ErrorMessage":null,"ErrorStackTrace":null,"DisplayName":"TestGet(2,300,0,\"Room3\",\"TV, AC, Fridge, Balcony\",6,3)","Messages":[],"ComputerName":"LAPTOP-BJ9N1Q1E","Duration":"00:00:00.0002780","StartTime":"2024-11-06T14:53:58.6673825+00:00","EndTime":"2024-11-06T14:53:58.6676601+00:00","Properties":[{"Key":{"Id":"NUnit.Seed","Label":"Seed","Category":"","Description":"","Attributes":0,"ValueType":"System.String"},"Value":"758438201"}]},{"TestCase":{"Id":"83e1ac1e-a574-0875-9d2b-0566873be596","FullyQualifiedName":"HotelBookingTest.RoomRepositoryTest.TestGetAll(0,100,0,\"Room1\",\"TV, AC\",2,1)","DisplayName":"TestGetAll(0,100,0,\"Room1\",\"TV, AC\",2,1)","ExecutorUri":"executor://NUnit3TestExecutor","Source":"D:\\C_sharp and dot net projects\\Day38\\HotelBookingSolution\\HotelBookingTest\\bin\\Debug\\net8.0\\fine-code-coverage\\build-output\\HotelBookingTest.dll","CodeFilePath":null,"LineNumber":0,"Properties":[{"Key":{"Id":"NUnit.Seed","Label":"Seed","Category":"","Description":"","Attributes":0,"ValueType":"System.String"},"Value":"1814426688"}]},"Attachments":[],"Outcome":1,"ErrorMessage":null,"ErrorStackTrace":null,"DisplayName":"TestGetAll(0,100,0,\"Room1\",\"TV, AC\",2,1)","Messages":[],"ComputerName":"LAPTOP-BJ9N1Q1E","Duration":"00:00:00.0038010","StartTime":"2024-11-06T14:53:58.6676941+00:00","EndTime":"2024-11-06T14:53:58.6714947+00:00","Properties":[{"Key":{"Id":"NUnit.Seed","Label":"Seed","Category":"","Description":"","Attributes":0,"ValueType":"System.String"},"Value":"1814426688"}]},{"TestCase":{"Id":"39263e27-8cb1-a71e-3a0e-cb80041db36f","FullyQualifiedName":"HotelBookingTest.RoomRepositoryTest.TestGetAll(1,200,1,\"Room2\",\"TV, AC, Fridge\",4,2)","DisplayName":"TestGetAll(1,200,1,\"Room2\",\"TV, AC, Fridge\",4,2)","ExecutorUri":"executor://NUnit3TestExecutor","Source":"D:\\C_sharp and dot net projects\\Day38\\HotelBookingSolution\\HotelBookingTest\\bin\\Debug\\net8.0\\fine-code-coverage\\build-output\\HotelBookingTest.dll","CodeFilePath":null,"LineNumber":0,"Properties":[{"Key":{"Id":"NUnit.Seed","Label":"Seed","Category":"","Description":"","Attributes":0,"ValueType":"System.String"},"Value":"1740888126"}]},"Attachments":[],"Outcome":1,"ErrorMessage":null,"ErrorStackTrace":null,"DisplayName":"TestGetAll(1,200,1,\"Room2\",\"TV, AC, Fridge\",4,2)","Messages":[],"ComputerName":"LAPTOP-BJ9N1Q1E","Duration":"00:00:00.0009890","StartTime":"2024-11-06T14:53:58.6715158+00:00","EndTime":"2024-11-06T14:53:58.6725045+00:00","Properties":[{"Key":{"Id":"NUnit.Seed","Label":"Seed","Category":"","Description":"","Attributes":0,"ValueType":"System.String"},"Value":"1740888126"}]},{"TestCase":{"Id":"afd368b6-c646-1ea0-2cc8-fce0a21c1c38","FullyQualifiedName":"HotelBookingTest.RoomRepositoryTest.TestGetAll(2,300,0,\"Room3\",\"TV, AC, Fridge, Balcony\",6,3)","DisplayName":"TestGetAll(2,300,0,\"Room3\",\"TV, AC, Fridge, Balcony\",6,3)","ExecutorUri":"executor://NUnit3TestExecutor","Source":"D:\\C_sharp and dot net projects\\Day38\\HotelBookingSolution\\HotelBookingTest\\bin\\Debug\\net8.0\\fine-code-coverage\\build-output\\HotelBookingTest.dll","CodeFilePath":null,"LineNumber":0,"Properties":[{"Key":{"Id":"NUnit.Seed","Label":"Seed","Category":"","Description":"","Attributes":0,"ValueType":"System.String"},"Value":"677116981"}]},"Attachments":[],"Outcome":1,"ErrorMessage":null,"ErrorStackTrace":null,"DisplayName":"TestGetAll(2,300,0,\"Room3\",\"TV, AC, Fridge, Balcony\",6,3)","Messages":[],"ComputerName":"LAPTOP-BJ9N1Q1E","Duration":"00:00:00.0003690","StartTime":"2024-11-06T14:53:58.6725262+00:00","EndTime":"2024-11-06T14:53:58.6728946+00:00","Properties":[{"Key":{"Id":"NUnit.Seed","Label":"Seed","Category":"","Description":"","Attributes":0,"ValueType":"System.String"},"Value":"677116981"}]},{"TestCase":{"Id":"58900e30-9379-5232-73ee-b637df0dfd47","FullyQualifiedName":"HotelBookingTest.RoomRepositoryTest.TestGetAllEmpty(0,100,0,\"Room1\",\"TV, AC\",2,1)","DisplayName":"TestGetAllEmpty(0,100,0,\"Room1\",\"TV, AC\",2,1)","ExecutorUri":"executor://NUnit3TestExecutor","Source":"D:\\C_sharp and dot net projects\\Day38\\HotelBookingSolution\\HotelBookingTest\\bin\\Debug\\net8.0\\fine-code-coverage\\build-output\\HotelBookingTest.dll","CodeFilePath":null,"LineNumber":0,"Properties":[{"Key":{"Id":"NUnit.Seed","Label":"Seed","Category":"","Description":"","Attributes":0,"ValueType":"System.String"},"Value":"1492685491"}]},"Attachments":[],"Outcome":2,"ErrorMessage":"  Expected: True\r\n  But was:  False\r\n","ErrorStackTrace":"   at HotelBookingTest.RoomRepositoryTest.TestGetAllEmpty(RoomType roomType, Decimal price, RoomStatus isBooked, String name, String features, Int32 capacity, Int32 hotelId) in D:\\C_sharp and dot net projects\\Day38\\HotelBookingSolution\\HotelBookingTest\\RoomRepositoryTest.cs:line 165\r\n   at NUnit.Framework.Internal.TaskAwaitAdapter.GenericAdapter`1.GetResult()\r\n   at NUnit.Framework.Internal.AsyncToSyncAdapter.Await(Func`1 invoke)\r\n   at NUnit.Framework.Internal.Commands.TestMethodCommand.RunTestMethod(TestExecutionContext context)\r\n   at NUnit.Framework.Internal.Commands.TestMethodCommand.Execute(TestExecutionContext context)\r\n   at NUnit.Framework.Internal.Commands.BeforeAndAfterTestCommand.<>c__DisplayClass1_0.<Execute>b__0()\r\n   at NUnit.Framework.Internal.Commands.DelegatingTestCommand.RunTestMethodInThreadAbortSafeZone(TestExecutionContext context, Action action)\r\n\n1)    at HotelBookingTest.RoomRepositoryTest.TestGetAllEmpty(RoomType roomType, Decimal price, RoomStatus isBooked, String name, String features, Int32 capacity, Int32 hotelId) in D:\\C_sharp and dot net projects\\Day38\\HotelBookingSolution\\HotelBookingTest\\RoomRepositoryTest.cs:line 165\r\n   at System.Runtime.CompilerServices.AsyncMethodBuilderCore.Start[TStateMachine](TStateMachine& stateMachine)\r\n   at HotelBookingTest.RoomRepositoryTest.TestGetAllEmpty(RoomType roomType, Decimal price, RoomStatus isBooked, String name, String features, Int32 capacity, Int32 hotelId)\r\n\n","DisplayName":"TestGetAllEmpty(0,100,0,\"Room1\",\"TV, AC\",2,1)","Messages":[],"ComputerName":"LAPTOP-BJ9N1Q1E","Duration":"00:00:00.0436710","StartTime":"2024-11-06T14:53:58.6729316+00:00","EndTime":"2024-11-06T14:53:58.7166021+00:00","Properties":[{"Key":{"Id":"NUnit.Seed","Label":"Seed","Category":"","Description":"","Attributes":0,"ValueType":"System.String"},"Value":"1492685491"}]},{"TestCase":{"Id":"b329feae-1573-7bdf-e9d3-40bfcb2cb275","FullyQualifiedName":"HotelBookingTest.RoomRepositoryTest.TestGetAllEmpty(1,200,1,\"Room2\",\"TV, AC, Fridge\",4,2)","DisplayName":"TestGetAllEmpty(1,200,1,\"Room2\",\"TV, AC, Fridge\",4,2)","ExecutorUri":"executor://NUnit3TestExecutor","Source":"D:\\C_sharp and dot net projects\\Day38\\HotelBookingSolution\\HotelBookingTest\\bin\\Debug\\net8.0\\fine-code-coverage\\build-output\\HotelBookingTest.dll","CodeFilePath":null,"LineNumber":0,"Properties":[{"Key":{"Id":"NUnit.Seed","Label":"Seed","Category":"","Description":"","Attributes":0,"ValueType":"System.String"},"Value":"1631732106"}]},"Attachments":[],"Outcome":2,"ErrorMessage":"  Expected: True\r\n  But was:  False\r\n","ErrorStackTrace":"   at HotelBookingTest.RoomRepositoryTest.TestGetAllEmpty(RoomType roomType, Decimal price, RoomStatus isBooked, String name, String features, Int32 capacity, Int32 hotelId) in D:\\C_sharp and dot net projects\\Day38\\HotelBookingSolution\\HotelBookingTest\\RoomRepositoryTest.cs:line 165\r\n   at NUnit.Framework.Internal.TaskAwaitAdapter.GenericAdapter`1.GetResult()\r\n   at NUnit.Framework.Internal.AsyncToSyncAdapter.Await(Func`1 invoke)\r\n   at NUnit.Framework.Internal.Commands.TestMethodCommand.RunTestMethod(TestExecutionContext context)\r\n   at NUnit.Framework.Internal.Commands.TestMethodCommand.Execute(TestExecutionContext context)\r\n   at NUnit.Framework.Internal.Commands.BeforeAndAfterTestCommand.<>c__DisplayClass1_0.<Execute>b__0()\r\n   at NUnit.Framework.Internal.Commands.DelegatingTestCommand.RunTestMethodInThreadAbortSafeZone(TestExecutionContext context, Action action)\r\n\n1)    at HotelBookingTest.RoomRepositoryTest.TestGetAllEmpty(RoomType roomType, Decimal price, RoomStatus isBooked, String name, String features, Int32 capacity, Int32 hotelId) in D:\\C_sharp and dot net projects\\Day38\\HotelBookingSolution\\HotelBookingTest\\RoomRepositoryTest.cs:line 165\r\n   at System.Runtime.CompilerServices.AsyncMethodBuilderCore.Start[TStateMachine](TStateMachine& stateMachine)\r\n   at HotelBookingTest.RoomRepositoryTest.TestGetAllEmpty(RoomType roomType, Decimal price, RoomStatus isBooked, String name, String features, Int32 capacity, Int32 hotelId)\r\n   at InvokeStub_RoomRepositoryTest.TestGetAllEmpty(Object, Span`1)\r\n\n","DisplayName":"TestGetAllEmpty(1,200,1,\"Room2\",\"TV, AC, Fridge\",4,2)","Messages":[],"ComputerName":"LAPTOP-BJ9N1Q1E","Duration":"00:00:00.0014980","StartTime":"2024-11-06T14:53:58.7169059+00:00","EndTime":"2024-11-06T14:53:58.7184041+00:00","Properties":[{"Key":{"Id":"NUnit.Seed","Label":"Seed","Category":"","Description":"","Attributes":0,"ValueType":"System.String"},"Value":"1631732106"}]},{"TestCase":{"Id":"834a13c5-e3be-3ce4-6344-ca0f40dd44b4","FullyQualifiedName":"HotelBookingTest.RoomRepositoryTest.TestGetAllEmpty(2,300,0,\"Room3\",\"TV, AC, Fridge, Balcony\",6,3)","DisplayName":"TestGetAllEmpty(2,300,0,\"Room3\",\"TV, AC, Fridge, Balcony\",6,3)","ExecutorUri":"executor://NUnit3TestExecutor","Source":"D:\\C_sharp and dot net projects\\Day38\\HotelBookingSolution\\HotelBookingTest\\bin\\Debug\\net8.0\\fine-code-coverage\\build-output\\HotelBookingTest.dll","CodeFilePath":null,"LineNumber":0,"Properties":[{"Key":{"Id":"NUnit.Seed","Label":"Seed","Category":"","Description":"","Attributes":0,"ValueType":"System.String"},"Value":"1351076331"}]},"Attachments":[],"Outcome":2,"ErrorMessage":"  Expected: True\r\n  But was:  False\r\n","ErrorStackTrace":"   at HotelBookingTest.RoomRepositoryTest.TestGetAllEmpty(RoomType roomType, Decimal price, RoomStatus isBooked, String name, String features, Int32 capacity, Int32 hotelId) in D:\\C_sharp and dot net projects\\Day38\\HotelBookingSolution\\HotelBookingTest\\RoomRepositoryTest.cs:line 165\r\n   at NUnit.Framework.Internal.TaskAwaitAdapter.GenericAdapter`1.GetResult()\r\n   at NUnit.Framework.Internal.AsyncToSyncAdapter.Await(Func`1 invoke)\r\n   at NUnit.Framework.Internal.Commands.TestMethodCommand.RunTestMethod(TestExecutionContext context)\r\n   at NUnit.Framework.Internal.Commands.TestMethodCommand.Execute(TestExecutionContext context)\r\n   at NUnit.Framework.Internal.Commands.BeforeAndAfterTestCommand.<>c__DisplayClass1_0.<Execute>b__0()\r\n   at NUnit.Framework.Internal.Commands.DelegatingTestCommand.RunTestMethodInThreadAbortSafeZone(TestExecutionContext context, Action action)\r\n\n1)    at HotelBookingTest.RoomRepositoryTest.TestGetAllEmpty(RoomType roomType, Decimal price, RoomStatus isBooked, String name, String features, Int32 capacity, Int32 hotelId) in D:\\C_sharp and dot net projects\\Day38\\HotelBookingSolution\\HotelBookingTest\\RoomRepositoryTest.cs:line 165\r\n   at System.Runtime.CompilerServices.AsyncMethodBuilderCore.Start[TStateMachine](TStateMachine& stateMachine)\r\n   at HotelBookingTest.RoomRepositoryTest.TestGetAllEmpty(RoomType roomType, Decimal price, RoomStatus isBooked, String name, String features, Int32 capacity, Int32 hotelId)\r\n   at InvokeStub_RoomRepositoryTest.TestGetAllEmpty(Object, Span`1)\r\n\n","DisplayName":"TestGetAllEmpty(2,300,0,\"Room3\",\"TV, AC, Fridge, Balcony\",6,3)","Messages":[],"ComputerName":"LAPTOP-BJ9N1Q1E","Duration":"00:00:00.0009070","StartTime":"2024-11-06T14:53:58.718596+00:00","EndTime":"2024-11-06T14:53:58.7195025+00:00","Properties":[{"Key":{"Id":"NUnit.Seed","Label":"Seed","Category":"","Description":"","Attributes":0,"ValueType":"System.String"},"Value":"1351076331"}]}],"TestRunStatistics":{"ExecutedTests":18,"Stats":{"Passed":15,"Failed":3}},"ActiveTests":[{"Id":"2dce5250-8ed5-166d-df3d-ba09dfa77f1c","FullyQualifiedName":"HotelBookingTest.RoomRepositoryTest.TestUpdate(0,100,0,\"Room1\",\"TV, AC\",2,1)","DisplayName":"TestUpdate(0,100,0,\"Room1\",\"TV, AC\",2,1)","ExecutorUri":"executor://NUnit3TestExecutor","Source":"D:\\C_sharp and dot net projects\\Day38\\HotelBookingSolution\\HotelBookingTest\\bin\\Debug\\net8.0\\fine-code-coverage\\build-output\\HotelBookingTest.dll","CodeFilePath":null,"LineNumber":0,"Properties":[{"Key":{"Id":"NUnit.Seed","Label":"Seed","Category":"","Description":"","Attributes":0,"ValueType":"System.String"},"Value":"391221952"}]}]}}
TpTrace Verbose: 0 : 21104, 14, 2024/11/06, 20:23:58.737, 89908119485, vstest.console.dll, TestRunRequest:SendTestRunStatsChange: Starting.
TpTrace Verbose: 0 : 21104, 14, 2024/11/06, 20:23:58.737, 89908120465, vstest.console.dll, InProgress is TestUpdate(0,100,0,"Room1","TV, AC",2,1)
TpTrace Verbose: 0 : 21104, 14, 2024/11/06, 20:23:58.737, 89908121009, vstest.console.dll, MulticastDelegateUtilities.SafeInvoke: TestRun.RunStatsChanged: Invoking callbacks was skipped because there are no subscribers.
TpTrace Information: 0 : 21104, 14, 2024/11/06, 20:23:58.737, 89908121290, vstest.console.dll, TestRunRequest:SendTestRunStatsChange: Completed.
TpTrace Verbose: 0 : 21104, 14, 2024/11/06, 20:23:58.737, 89908121534, vstest.console.dll, MulticastDelegateUtilities.SafeInvoke: LengthPrefixCommunicationChannel: MessageReceived: Invoking callback 1/1 for Microsoft.VisualStudio.TestPlatform.CommunicationUtilities.TestRequestSender+<>c__DisplayClass34_0., took 2 ms.
TpTrace Verbose: 0 : 21104, 14, 2024/11/06, 20:23:58.737, 89908121813, vstest.console.dll, TcpClientExtensions.MessageLoopAsync: Polling on remoteEndPoint: 127.0.0.1:51799 localEndPoint: 127.0.0.1:51798 after 14 ms
TpTrace Verbose: 0 : 21104, 4, 2024/11/06, 20:23:58.737, 89908122151, vstest.console.dll, MulticastDelegateUtilities.SafeInvoke: InternalTestLoggerEvents.SendTestResult: Invoking callback 1/1 for Microsoft.VisualStudio.TestPlatform.CommandLine.Internal.ConsoleLogger., took 0 ms.
TpTrace Verbose: 0 : 21104, 4, 2024/11/06, 20:23:58.737, 89908122950, vstest.console.dll, MulticastDelegateUtilities.SafeInvoke: InternalTestLoggerEvents.SendTestResult: Invoking callback 1/1 for Microsoft.VisualStudio.TestPlatform.CommandLine.Internal.ConsoleLogger., took 0 ms.
TpTrace Verbose: 0 : 21104, 4, 2024/11/06, 20:23:58.737, 89908123285, vstest.console.dll, MulticastDelegateUtilities.SafeInvoke: InternalTestLoggerEvents.SendTestResult: Invoking callback 1/1 for Microsoft.VisualStudio.TestPlatform.CommandLine.Internal.ConsoleLogger., took 0 ms.
TpTrace Verbose: 0 : 21104, 4, 2024/11/06, 20:23:58.737, 89908123560, vstest.console.dll, MulticastDelegateUtilities.SafeInvoke: InternalTestLoggerEvents.SendTestResult: Invoking callback 1/1 for Microsoft.VisualStudio.TestPlatform.CommandLine.Internal.ConsoleLogger., took 0 ms.
TpTrace Verbose: 0 : 21104, 4, 2024/11/06, 20:23:58.737, 89908123859, vstest.console.dll, MulticastDelegateUtilities.SafeInvoke: InternalTestLoggerEvents.SendTestResult: Invoking callback 1/1 for Microsoft.VisualStudio.TestPlatform.CommandLine.Internal.ConsoleLogger., took 0 ms.
TpTrace Verbose: 0 : 21104, 4, 2024/11/06, 20:23:58.737, 89908124097, vstest.console.dll, MulticastDelegateUtilities.SafeInvoke: InternalTestLoggerEvents.SendTestResult: Invoking callback 1/1 for Microsoft.VisualStudio.TestPlatform.CommandLine.Internal.ConsoleLogger., took 0 ms.
TpTrace Verbose: 0 : 21104, 4, 2024/11/06, 20:23:58.738, 89908131273, vstest.console.dll, MulticastDelegateUtilities.SafeInvoke: InternalTestLoggerEvents.SendTestResult: Invoking callback 1/1 for Microsoft.VisualStudio.TestPlatform.CommandLine.Internal.ConsoleLogger., took 0 ms.
TpTrace Verbose: 0 : 21104, 4, 2024/11/06, 20:23:58.738, 89908134954, vstest.console.dll, MulticastDelegateUtilities.SafeInvoke: InternalTestLoggerEvents.SendTestResult: Invoking callback 1/1 for Microsoft.VisualStudio.TestPlatform.CommandLine.Internal.ConsoleLogger., took 0 ms.
TpTrace Verbose: 0 : 21104, 4, 2024/11/06, 20:23:58.738, 89908136816, vstest.console.dll, MulticastDelegateUtilities.SafeInvoke: InternalTestLoggerEvents.SendTestResult: Invoking callback 1/1 for Microsoft.VisualStudio.TestPlatform.CommandLine.Internal.ConsoleLogger., took 0 ms.
TpTrace Verbose: 0 : 21104, 14, 2024/11/06, 20:23:58.830, 89909053178, vstest.console.dll, TcpClientExtensions.MessageLoopAsync: NotifyDataAvailable remoteEndPoint: 127.0.0.1:51799 localEndPoint: 127.0.0.1:51798
TpTrace Verbose: 0 : 21104, 14, 2024/11/06, 20:23:58.830, 89909056338, vstest.console.dll, TestRequestSender.OnExecutionMessageReceived: Received message: {"Version":7,"MessageType":"TestExecution.StatsChange","Payload":{"NewTestResults":[{"TestCase":{"Id":"2dce5250-8ed5-166d-df3d-ba09dfa77f1c","FullyQualifiedName":"HotelBookingTest.RoomRepositoryTest.TestUpdate(0,100,0,\"Room1\",\"TV, AC\",2,1)","DisplayName":"TestUpdate(0,100,0,\"Room1\",\"TV, AC\",2,1)","ExecutorUri":"executor://NUnit3TestExecutor","Source":"D:\\C_sharp and dot net projects\\Day38\\HotelBookingSolution\\HotelBookingTest\\bin\\Debug\\net8.0\\fine-code-coverage\\build-output\\HotelBookingTest.dll","CodeFilePath":null,"LineNumber":0,"Properties":[{"Key":{"Id":"NUnit.Seed","Label":"Seed","Category":"","Description":"","Attributes":0,"ValueType":"System.String"},"Value":"391221952"}]},"Attachments":[],"Outcome":1,"ErrorMessage":null,"ErrorStackTrace":null,"DisplayName":"TestUpdate(0,100,0,\"Room1\",\"TV, AC\",2,1)","Messages":[],"ComputerName":"LAPTOP-BJ9N1Q1E","Duration":"00:00:00.0084670","StartTime":"2024-11-06T14:53:58.7198583+00:00","EndTime":"2024-11-06T14:53:58.7283254+00:00","Properties":[{"Key":{"Id":"NUnit.Seed","Label":"Seed","Category":"","Description":"","Attributes":0,"ValueType":"System.String"},"Value":"391221952"}]},{"TestCase":{"Id":"286094d7-c594-20b2-b15e-e2cb24f0dd95","FullyQualifiedName":"HotelBookingTest.RoomRepositoryTest.TestUpdate(1,200,1,\"Room2\",\"TV, AC, Fridge\",4,2)","DisplayName":"TestUpdate(1,200,1,\"Room2\",\"TV, AC, Fridge\",4,2)","ExecutorUri":"executor://NUnit3TestExecutor","Source":"D:\\C_sharp and dot net projects\\Day38\\HotelBookingSolution\\HotelBookingTest\\bin\\Debug\\net8.0\\fine-code-coverage\\build-output\\HotelBookingTest.dll","CodeFilePath":null,"LineNumber":0,"Properties":[{"Key":{"Id":"NUnit.Seed","Label":"Seed","Category":"","Description":"","Attributes":0,"ValueType":"System.String"},"Value":"313671403"}]},"Attachments":[],"Outcome":1,"ErrorMessage":null,"ErrorStackTrace":null,"DisplayName":"TestUpdate(1,200,1,\"Room2\",\"TV, AC, Fridge\",4,2)","Messages":[],"ComputerName":"LAPTOP-BJ9N1Q1E","Duration":"00:00:00.0011880","StartTime":"2024-11-06T14:53:58.7284029+00:00","EndTime":"2024-11-06T14:53:58.7295911+00:00","Properties":[{"Key":{"Id":"NUnit.Seed","Label":"Seed","Category":"","Description":"","Attributes":0,"ValueType":"System.String"},"Value":"313671403"}]},{"TestCase":{"Id":"ba6d0fa6-af46-5e1c-d749-05882b4b95b6","FullyQualifiedName":"HotelBookingTest.RoomRepositoryTest.TestUpdate(2,300,0,\"Room3\",\"TV, AC, Fridge, Balcony\",6,3)","DisplayName":"TestUpdate(2,300,0,\"Room3\",\"TV, AC, Fridge, Balcony\",6,3)","ExecutorUri":"executor://NUnit3TestExecutor","Source":"D:\\C_sharp and dot net projects\\Day38\\HotelBookingSolution\\HotelBookingTest\\bin\\Debug\\net8.0\\fine-code-coverage\\build-output\\HotelBookingTest.dll","CodeFilePath":null,"LineNumber":0,"Properties":[{"Key":{"Id":"NUnit.Seed","Label":"Seed","Category":"","Description":"","Attributes":0,"ValueType":"System.String"},"Value":"651547616"}]},"Attachments":[],"Outcome":1,"ErrorMessage":null,"ErrorStackTrace":null,"DisplayName":"TestUpdate(2,300,0,\"Room3\",\"TV, AC, Fridge, Balcony\",6,3)","Messages":[],"ComputerName":"LAPTOP-BJ9N1Q1E","Duration":"00:00:00.0006680","StartTime":"2024-11-06T14:53:58.729815+00:00","EndTime":"2024-11-06T14:53:58.7304832+00:00","Properties":[{"Key":{"Id":"NUnit.Seed","Label":"Seed","Category":"","Description":"","Attributes":0,"ValueType":"System.String"},"Value":"651547616"}]},{"TestCase":{"Id":"b9a6c188-7b16-83f0-2f40-ad5aff1c043f","FullyQualifiedName":"HotelBookingTest.UserRepositoryTest.TestAdd","DisplayName":"TestAdd","ExecutorUri":"executor://NUnit3TestExecutor","Source":"D:\\C_sharp and dot net projects\\Day38\\HotelBookingSolution\\HotelBookingTest\\bin\\Debug\\net8.0\\fine-code-coverage\\build-output\\HotelBookingTest.dll","CodeFilePath":null,"LineNumber":0,"Properties":[{"Key":{"Id":"NUnit.Seed","Label":"Seed","Category":"","Description":"","Attributes":0,"ValueType":"System.String"},"Value":"10142112"}]},"Attachments":[],"Outcome":1,"ErrorMessage":null,"ErrorStackTrace":null,"DisplayName":"TestAdd","Messages":[],"ComputerName":"LAPTOP-BJ9N1Q1E","Duration":"00:00:00.0439940","StartTime":"2024-11-06T14:53:58.7318191+00:00","EndTime":"2024-11-06T14:53:58.7758124+00:00","Properties":[{"Key":{"Id":"NUnit.Seed","Label":"Seed","Category":"","Description":"","Attributes":0,"ValueType":"System.String"},"Value":"10142112"}]},{"TestCase":{"Id":"76f44e20-661b-a1b1-3cd3-83a7db312697","FullyQualifiedName":"HotelBookingTest.UserRepositoryTest.TestAddCouldNotAddException","DisplayName":"TestAddCouldNotAddException","ExecutorUri":"executor://NUnit3TestExecutor","Source":"D:\\C_sharp and dot net projects\\Day38\\HotelBookingSolution\\HotelBookingTest\\bin\\Debug\\net8.0\\fine-code-coverage\\build-output\\HotelBookingTest.dll","CodeFilePath":null,"LineNumber":0,"Properties":[{"Key":{"Id":"NUnit.Seed","Label":"Seed","Category":"","Description":"","Attributes":0,"ValueType":"System.String"},"Value":"400158811"}]},"Attachments":[],"Outcome":1,"ErrorMessage":null,"ErrorStackTrace":null,"DisplayName":"TestAddCouldNotAddException","Messages":[],"ComputerName":"LAPTOP-BJ9N1Q1E","Duration":"00:00:00.0242269","StartTime":"2024-11-06T14:53:58.7760808+00:00","EndTime":"2024-11-06T14:53:58.8003074+00:00","Properties":[{"Key":{"Id":"NUnit.Seed","Label":"Seed","Category":"","Description":"","Attributes":0,"ValueType":"System.String"},"Value":"400158811"}]},{"TestCase":{"Id":"ed1762e7-68ac-2038-4b34-250265f13334","FullyQualifiedName":"HotelBookingTest.UserRepositoryTest.TestDelete","DisplayName":"TestDelete","ExecutorUri":"executor://NUnit3TestExecutor","Source":"D:\\C_sharp and dot net projects\\Day38\\HotelBookingSolution\\HotelBookingTest\\bin\\Debug\\net8.0\\fine-code-coverage\\build-output\\HotelBookingTest.dll","CodeFilePath":null,"LineNumber":0,"Properties":[{"Key":{"Id":"NUnit.Seed","Label":"Seed","Category":"","Description":"","Attributes":0,"ValueType":"System.String"},"Value":"1082599070"}]},"Attachments":[],"Outcome":1,"ErrorMessage":null,"ErrorStackTrace":null,"DisplayName":"TestDelete","Messages":[],"ComputerName":"LAPTOP-BJ9N1Q1E","Duration":"00:00:00.0159160","StartTime":"2024-11-06T14:53:58.8005679+00:00","EndTime":"2024-11-06T14:53:58.816484+00:00","Properties":[{"Key":{"Id":"NUnit.Seed","Label":"Seed","Category":"","Description":"","Attributes":0,"ValueType":"System.String"},"Value":"1082599070"}]},{"TestCase":{"Id":"5b9739db-3201-4d0a-7841-46de7e509bd8","FullyQualifiedName":"HotelBookingTest.UserRepositoryTest.TestDeleteNotFound","DisplayName":"TestDeleteNotFound","ExecutorUri":"executor://NUnit3TestExecutor","Source":"D:\\C_sharp and dot net projects\\Day38\\HotelBookingSolution\\HotelBookingTest\\bin\\Debug\\net8.0\\fine-code-coverage\\build-output\\HotelBookingTest.dll","CodeFilePath":null,"LineNumber":0,"Properties":[{"Key":{"Id":"NUnit.Seed","Label":"Seed","Category":"","Description":"","Attributes":0,"ValueType":"System.String"},"Value":"1123230919"}]},"Attachments":[],"Outcome":1,"ErrorMessage":null,"ErrorStackTrace":null,"DisplayName":"TestDeleteNotFound","Messages":[],"ComputerName":"LAPTOP-BJ9N1Q1E","Duration":"00:00:00.0023350","StartTime":"2024-11-06T14:53:58.8167714+00:00","EndTime":"2024-11-06T14:53:58.8191063+00:00","Properties":[{"Key":{"Id":"NUnit.Seed","Label":"Seed","Category":"","Description":"","Attributes":0,"ValueType":"System.String"},"Value":"1123230919"}]},{"TestCase":{"Id":"ea24595c-412a-16f0-6610-812175219355","FullyQualifiedName":"HotelBookingTest.UserRepositoryTest.TestGet","DisplayName":"TestGet","ExecutorUri":"executor://NUnit3TestExecutor","Source":"D:\\C_sharp and dot net projects\\Day38\\HotelBookingSolution\\HotelBookingTest\\bin\\Debug\\net8.0\\fine-code-coverage\\build-output\\HotelBookingTest.dll","CodeFilePath":null,"LineNumber":0,"Properties":[{"Key":{"Id":"NUnit.Seed","Label":"Seed","Category":"","Description":"","Attributes":0,"ValueType":"System.String"},"Value":"1544107934"}]},"Attachments":[],"Outcome":1,"ErrorMessage":null,"ErrorStackTrace":null,"DisplayName":"TestGet","Messages":[],"ComputerName":"LAPTOP-BJ9N1Q1E","Duration":"00:00:00.0015650","StartTime":"2024-11-06T14:53:58.8193635+00:00","EndTime":"2024-11-06T14:53:58.8209285+00:00","Properties":[{"Key":{"Id":"NUnit.Seed","Label":"Seed","Category":"","Description":"","Attributes":0,"ValueType":"System.String"},"Value":"1544107934"}]},{"TestCase":{"Id":"b1875893-96ab-8ed9-5c92-0e9b41bbe036","FullyQualifiedName":"HotelBookingTest.UserRepositoryTest.TestGetAll","DisplayName":"TestGetAll","ExecutorUri":"executor://NUnit3TestExecutor","Source":"D:\\C_sharp and dot net projects\\Day38\\HotelBookingSolution\\HotelBookingTest\\bin\\Debug\\net8.0\\fine-code-coverage\\build-output\\HotelBookingTest.dll","CodeFilePath":null,"LineNumber":0,"Properties":[{"Key":{"Id":"NUnit.Seed","Label":"Seed","Category":"","Description":"","Attributes":0,"ValueType":"System.String"},"Value":"1145373886"}]},"Attachments":[],"Outcome":1,"ErrorMessage":null,"ErrorStackTrace":null,"DisplayName":"TestGetAll","Messages":[],"ComputerName":"LAPTOP-BJ9N1Q1E","Duration":"00:00:00.0067940","StartTime":"2024-11-06T14:53:58.8211446+00:00","EndTime":"2024-11-06T14:53:58.8279384+00:00","Properties":[{"Key":{"Id":"NUnit.Seed","Label":"Seed","Category":"","Description":"","Attributes":0,"ValueType":"System.String"},"Value":"1145373886"}]}],"TestRunStatistics":{"ExecutedTests":27,"Stats":{"Passed":24,"Failed":3}},"ActiveTests":[{"Id":"b85593a1-26d7-69b5-9c18-6aa2f6276e38","FullyQualifiedName":"HotelBookingTest.UserRepositoryTest.TestGetNotFound","DisplayName":"TestGetNotFound","ExecutorUri":"executor://NUnit3TestExecutor","Source":"D:\\C_sharp and dot net projects\\Day38\\HotelBookingSolution\\HotelBookingTest\\bin\\Debug\\net8.0\\fine-code-coverage\\build-output\\HotelBookingTest.dll","CodeFilePath":null,"LineNumber":0,"Properties":[{"Key":{"Id":"NUnit.Seed","Label":"Seed","Category":"","Description":"","Attributes":0,"ValueType":"System.String"},"Value":"1290105166"}]}]}}
TpTrace Verbose: 0 : 21104, 14, 2024/11/06, 20:23:58.840, 89909147531, vstest.console.dll, TestRunRequest:SendTestRunStatsChange: Starting.
TpTrace Verbose: 0 : 21104, 14, 2024/11/06, 20:23:58.840, 89909148820, vstest.console.dll, InProgress is TestGetNotFound
TpTrace Verbose: 0 : 21104, 14, 2024/11/06, 20:23:58.840, 89909149617, vstest.console.dll, MulticastDelegateUtilities.SafeInvoke: TestRun.RunStatsChanged: Invoking callbacks was skipped because there are no subscribers.
TpTrace Information: 0 : 21104, 14, 2024/11/06, 20:23:58.840, 89909149917, vstest.console.dll, TestRunRequest:SendTestRunStatsChange: Completed.
TpTrace Verbose: 0 : 21104, 14, 2024/11/06, 20:23:58.840, 89909150278, vstest.console.dll, MulticastDelegateUtilities.SafeInvoke: LengthPrefixCommunicationChannel: MessageReceived: Invoking callback 1/1 for Microsoft.VisualStudio.TestPlatform.CommunicationUtilities.TestRequestSender+<>c__DisplayClass34_0., took 9 ms.
TpTrace Verbose: 0 : 21104, 14, 2024/11/06, 20:23:58.840, 89909150589, vstest.console.dll, TcpClientExtensions.MessageLoopAsync: Polling on remoteEndPoint: 127.0.0.1:51799 localEndPoint: 127.0.0.1:51798 after 102 ms
TpTrace Verbose: 0 : 21104, 4, 2024/11/06, 20:23:58.840, 89909152371, vstest.console.dll, MulticastDelegateUtilities.SafeInvoke: InternalTestLoggerEvents.SendTestResult: Invoking callback 1/1 for Microsoft.VisualStudio.TestPlatform.CommandLine.Internal.ConsoleLogger., took 0 ms.
TpTrace Verbose: 0 : 21104, 4, 2024/11/06, 20:23:58.840, 89909153308, vstest.console.dll, MulticastDelegateUtilities.SafeInvoke: InternalTestLoggerEvents.SendTestResult: Invoking callback 1/1 for Microsoft.VisualStudio.TestPlatform.CommandLine.Internal.ConsoleLogger., took 0 ms.
TpTrace Verbose: 0 : 21104, 4, 2024/11/06, 20:23:58.840, 89909153578, vstest.console.dll, MulticastDelegateUtilities.SafeInvoke: InternalTestLoggerEvents.SendTestResult: Invoking callback 1/1 for Microsoft.VisualStudio.TestPlatform.CommandLine.Internal.ConsoleLogger., took 0 ms.
TpTrace Verbose: 0 : 21104, 4, 2024/11/06, 20:23:58.840, 89909153808, vstest.console.dll, MulticastDelegateUtilities.SafeInvoke: InternalTestLoggerEvents.SendTestResult: Invoking callback 1/1 for Microsoft.VisualStudio.TestPlatform.CommandLine.Internal.ConsoleLogger., took 0 ms.
TpTrace Verbose: 0 : 21104, 4, 2024/11/06, 20:23:58.840, 89909154024, vstest.console.dll, MulticastDelegateUtilities.SafeInvoke: InternalTestLoggerEvents.SendTestResult: Invoking callback 1/1 for Microsoft.VisualStudio.TestPlatform.CommandLine.Internal.ConsoleLogger., took 0 ms.
TpTrace Verbose: 0 : 21104, 4, 2024/11/06, 20:23:58.840, 89909154555, vstest.console.dll, MulticastDelegateUtilities.SafeInvoke: InternalTestLoggerEvents.SendTestResult: Invoking callback 1/1 for Microsoft.VisualStudio.TestPlatform.CommandLine.Internal.ConsoleLogger., took 0 ms.
TpTrace Verbose: 0 : 21104, 4, 2024/11/06, 20:23:58.840, 89909154807, vstest.console.dll, MulticastDelegateUtilities.SafeInvoke: InternalTestLoggerEvents.SendTestResult: Invoking callback 1/1 for Microsoft.VisualStudio.TestPlatform.CommandLine.Internal.ConsoleLogger., took 0 ms.
TpTrace Verbose: 0 : 21104, 4, 2024/11/06, 20:23:58.840, 89909155014, vstest.console.dll, MulticastDelegateUtilities.SafeInvoke: InternalTestLoggerEvents.SendTestResult: Invoking callback 1/1 for Microsoft.VisualStudio.TestPlatform.CommandLine.Internal.ConsoleLogger., took 0 ms.
TpTrace Verbose: 0 : 21104, 4, 2024/11/06, 20:23:58.840, 89909155292, vstest.console.dll, MulticastDelegateUtilities.SafeInvoke: InternalTestLoggerEvents.SendTestResult: Invoking callback 1/1 for Microsoft.VisualStudio.TestPlatform.CommandLine.Internal.ConsoleLogger., took 0 ms.
TpTrace Verbose: 0 : 21104, 14, 2024/11/06, 20:23:58.896, 89909716004, vstest.console.dll, TcpClientExtensions.MessageLoopAsync: NotifyDataAvailable remoteEndPoint: 127.0.0.1:51799 localEndPoint: 127.0.0.1:51798
TpTrace Verbose: 0 : 21104, 14, 2024/11/06, 20:23:58.897, 89909717654, vstest.console.dll, TestRequestSender.OnExecutionMessageReceived: Received message: {"Version":7,"MessageType":"TestSession.Message","Payload":{"MessageLevel":0,"Message":"NUnit Adapter 4.5.0.0: Test execution complete"}}
TpTrace Verbose: 0 : 21104, 14, 2024/11/06, 20:23:58.897, 89909718722, vstest.console.dll, TestRunRequest:SendTestRunMessage: Starting.
TpTrace Verbose: 0 : 21104, 14, 2024/11/06, 20:23:58.897, 89909719304, vstest.console.dll, MulticastDelegateUtilities.SafeInvoke: TestRun.LogMessages: Invoking callback 1/1 for Microsoft.VisualStudio.TestPlatform.CommandLine.TestRunResultAggregator., took 0 ms.
TpTrace Information: 0 : 21104, 14, 2024/11/06, 20:23:58.897, 89909719584, vstest.console.dll, TestRunRequest:SendTestRunMessage: Completed.
TpTrace Verbose: 0 : 21104, 14, 2024/11/06, 20:23:58.897, 89909719786, vstest.console.dll, MulticastDelegateUtilities.SafeInvoke: LengthPrefixCommunicationChannel: MessageReceived: Invoking callback 1/1 for Microsoft.VisualStudio.TestPlatform.CommunicationUtilities.TestRequestSender+<>c__DisplayClass34_0., took 0 ms.
TpTrace Verbose: 0 : 21104, 4, 2024/11/06, 20:23:58.897, 89909719749, vstest.console.dll, MulticastDelegateUtilities.SafeInvoke: InternalTestLoggerEvents.SendTestRunMessage: Invoking callback 1/1 for Microsoft.VisualStudio.TestPlatform.CommandLine.Internal.ConsoleLogger., took 0 ms.
TpTrace Verbose: 0 : 21104, 14, 2024/11/06, 20:23:58.897, 89909720010, vstest.console.dll, TcpClientExtensions.MessageLoopAsync: Polling on remoteEndPoint: 127.0.0.1:51799 localEndPoint: 127.0.0.1:51798 after 56 ms
TpTrace Verbose: 0 : 21104, 14, 2024/11/06, 20:23:58.908, 89909834820, vstest.console.dll, TcpClientExtensions.MessageLoopAsync: NotifyDataAvailable remoteEndPoint: 127.0.0.1:51799 localEndPoint: 127.0.0.1:51798
TpTrace Verbose: 0 : 21104, 14, 2024/11/06, 20:23:58.908, 89909836394, vstest.console.dll, TestRequestSender.OnExecutionMessageReceived: Received message: {"Version":7,"MessageType":"TestExecution.Completed","Payload":{"TestRunCompleteArgs":{"TestRunStatistics":{"ExecutedTests":31,"Stats":{"Passed":28,"Failed":3}},"IsCanceled":false,"IsAborted":false,"Error":null,"AttachmentSets":[],"InvokedDataCollectors":[],"ElapsedTimeInRunningTests":"00:00:01.4219906","Metrics":{},"DiscoveredExtensions":{"TestDiscoverers":["NUnit.VisualStudio.TestAdapter.NUnit3TestDiscoverer, NUnit3.TestAdapter, Version=4.5.0.0, Culture=neutral, PublicKeyToken=4cb40d35494691ac"],"TestExecutors":["executor://NUnit3TestExecutor"],"TestExecutors2":[],"TestSettingsProviders":[]}},"LastRunTests":{"NewTestResults":[{"TestCase":{"Id":"b85593a1-26d7-69b5-9c18-6aa2f6276e38","FullyQualifiedName":"HotelBookingTest.UserRepositoryTest.TestGetNotFound","DisplayName":"TestGetNotFound","ExecutorUri":"executor://NUnit3TestExecutor","Source":"D:\\C_sharp and dot net projects\\Day38\\HotelBookingSolution\\HotelBookingTest\\bin\\Debug\\net8.0\\fine-code-coverage\\build-output\\HotelBookingTest.dll","CodeFilePath":null,"LineNumber":0,"Properties":[{"Key":{"Id":"NUnit.Seed","Label":"Seed","Category":"","Description":"","Attributes":0,"ValueType":"System.String"},"Value":"1290105166"}]},"Attachments":[],"Outcome":1,"ErrorMessage":null,"ErrorStackTrace":null,"DisplayName":"TestGetNotFound","Messages":[],"ComputerName":"LAPTOP-BJ9N1Q1E","Duration":"00:00:00.0020420","StartTime":"2024-11-06T14:53:58.8281315+00:00","EndTime":"2024-11-06T14:53:58.8301732+00:00","Properties":[{"Key":{"Id":"NUnit.Seed","Label":"Seed","Category":"","Description":"","Attributes":0,"ValueType":"System.String"},"Value":"1290105166"}]},{"TestCase":{"Id":"d6a6594a-1ee9-a71d-8175-634c9c7df04b","FullyQualifiedName":"HotelBookingTest.UserRepositoryTest.TestUpdate","DisplayName":"TestUpdate","ExecutorUri":"executor://NUnit3TestExecutor","Source":"D:\\C_sharp and dot net projects\\Day38\\HotelBookingSolution\\HotelBookingTest\\bin\\Debug\\net8.0\\fine-code-coverage\\build-output\\HotelBookingTest.dll","CodeFilePath":null,"LineNumber":0,"Properties":[{"Key":{"Id":"NUnit.Seed","Label":"Seed","Category":"","Description":"","Attributes":0,"ValueType":"System.String"},"Value":"817186635"}]},"Attachments":[],"Outcome":1,"ErrorMessage":null,"ErrorStackTrace":null,"DisplayName":"TestUpdate","Messages":[],"ComputerName":"LAPTOP-BJ9N1Q1E","Duration":"00:00:00.0040350","StartTime":"2024-11-06T14:53:58.8301955+00:00","EndTime":"2024-11-06T14:53:58.8342301+00:00","Properties":[{"Key":{"Id":"NUnit.Seed","Label":"Seed","Category":"","Description":"","Attributes":0,"ValueType":"System.String"},"Value":"817186635"}]},{"TestCase":{"Id":"4c7b50da-00ef-f909-8282-e22f2e54fb0a","FullyQualifiedName":"HotelBookingTest.UserServiceTest.TestAdd(\"TestUser\",\"TestPassword\",\"TestHashKey\",Admin)","DisplayName":"TestAdd(\"TestUser\",\"TestPassword\",\"TestHashKey\",Admin)","ExecutorUri":"executor://NUnit3TestExecutor","Source":"D:\\C_sharp and dot net projects\\Day38\\HotelBookingSolution\\HotelBookingTest\\bin\\Debug\\net8.0\\fine-code-coverage\\build-output\\HotelBookingTest.dll","CodeFilePath":null,"LineNumber":0,"Properties":[{"Key":{"Id":"NUnit.Seed","Label":"Seed","Category":"","Description":"","Attributes":0,"ValueType":"System.String"},"Value":"317379342"}]},"Attachments":[],"Outcome":1,"ErrorMessage":null,"ErrorStackTrace":null,"DisplayName":"TestAdd(\"TestUser\",\"TestPassword\",\"TestHashKey\",Admin)","Messages":[],"ComputerName":"LAPTOP-BJ9N1Q1E","Duration":"00:00:00.0387510","StartTime":"2024-11-06T14:53:58.8365553+00:00","EndTime":"2024-11-06T14:53:58.8753062+00:00","Properties":[{"Key":{"Id":"NUnit.Seed","Label":"Seed","Category":"","Description":"","Attributes":0,"ValueType":"System.String"},"Value":"317379342"}]},{"TestCase":{"Id":"cbb853ab-8847-f850-e5e7-289567db64ad","FullyQualifiedName":"HotelBookingTest.UserServiceTest.TestAuthenticate(\"TestUser\",\"TestPassword\",\"TestHashKey\")","DisplayName":"TestAuthenticate(\"TestUser\",\"TestPassword\",\"TestHashKey\")","ExecutorUri":"executor://NUnit3TestExecutor","Source":"D:\\C_sharp and dot net projects\\Day38\\HotelBookingSolution\\HotelBookingTest\\bin\\Debug\\net8.0\\fine-code-coverage\\build-output\\HotelBookingTest.dll","CodeFilePath":null,"LineNumber":0,"Properties":[{"Key":{"Id":"NUnit.Seed","Label":"Seed","Category":"","Description":"","Attributes":0,"ValueType":"System.String"},"Value":"1884232445"}]},"Attachments":[],"Outcome":1,"ErrorMessage":null,"ErrorStackTrace":null,"DisplayName":"TestAuthenticate(\"TestUser\",\"TestPassword\",\"TestHashKey\")","Messages":[],"ComputerName":"LAPTOP-BJ9N1Q1E","Duration":"00:00:00.0058740","StartTime":"2024-11-06T14:53:58.875386+00:00","EndTime":"2024-11-06T14:53:58.8812595+00:00","Properties":[{"Key":{"Id":"NUnit.Seed","Label":"Seed","Category":"","Description":"","Attributes":0,"ValueType":"System.String"},"Value":"1884232445"}]}],"TestRunStatistics":{"ExecutedTests":31,"Stats":{"Passed":28,"Failed":3}},"ActiveTests":[]},"RunAttachments":[],"ExecutorUris":["executor://nunit3testexecutor/"]}}
TpTrace Verbose: 0 : 21104, 14, 2024/11/06, 20:23:58.909, 89909837619, vstest.console.dll, TestRequestSender.EndSession: Sending end session.
TpTrace Verbose: 0 : 21104, 14, 2024/11/06, 20:23:58.909, 89909838742, vstest.console.dll, ProxyOperationManager.Close: waiting for test host to exit for 100 ms
TpTrace Warning: 0 : 21104, 7, 2024/11/06, 20:23:58.970, 89910457193, vstest.console.dll, TestHostManagerCallbacks.ErrorReceivedCallback Test host standard error line: 
TpTrace Verbose: 0 : 21104, 12, 2024/11/06, 20:23:58.970, 89910457179, vstest.console.dll, TestHostManagerCallbacks.StandardOutputReceivedCallback Test host standard output line: 
TpTrace Verbose: 0 : 21104, 12, 2024/11/06, 20:23:58.982, 89910577218, vstest.console.dll, TestHostProvider.ExitCallBack: Host exited starting callback.
TpTrace Information: 0 : 21104, 12, 2024/11/06, 20:23:58.983, 89910578470, vstest.console.dll, TestHostManagerCallbacks.ExitCallBack: Testhost processId: 28472 exited with exitcode: 0 error: ''
TpTrace Verbose: 0 : 21104, 12, 2024/11/06, 20:23:58.983, 89910578701, vstest.console.dll, DotnetTestHostManager.OnHostExited: invoking OnHostExited callback
TpTrace Verbose: 0 : 21104, 12, 2024/11/06, 20:23:58.983, 89910579082, vstest.console.dll, CrossPlatEngine.TestHostManagerHostExited: calling on client process exit callback.
TpTrace Information: 0 : 21104, 12, 2024/11/06, 20:23:58.983, 89910579439, vstest.console.dll, TestRequestSender.OnClientProcessExit: Test host process exited. Standard error: 
TpTrace Information: 0 : 21104, 12, 2024/11/06, 20:23:58.983, 89910579706, vstest.console.dll, SocketServer.Stop: Stop server endPoint: 127.0.0.1:51798
TpTrace Information: 0 : 21104, 12, 2024/11/06, 20:23:58.983, 89910579867, vstest.console.dll, SocketServer.Stop: Cancellation requested. Stopping message loop.
TpTrace Verbose: 0 : 21104, 12, 2024/11/06, 20:23:58.983, 89910580572, vstest.console.dll, MulticastDelegateUtilities.SafeInvoke: HostProviderEvents.OnHostExited: Invoking callback 1/1 for Microsoft.VisualStudio.TestPlatform.CrossPlatEngine.Client.ProxyOperationManager., took 0 ms.
TpTrace Information: 0 : 21104, 14, 2024/11/06, 20:23:58.983, 89910581487, vstest.console.dll, SocketServer.Stop: Stop server endPoint: 127.0.0.1:51798
TpTrace Information: 0 : 21104, 14, 2024/11/06, 20:23:58.983, 89910582024, vstest.console.dll, SocketServer.Stop: Cancellation requested. Stopping message loop.
TpTrace Information: 0 : 21104, 14, 2024/11/06, 20:23:58.983, 89910582247, vstest.console.dll, Closing the connection
TpTrace Verbose: 0 : 21104, 14, 2024/11/06, 20:23:58.983, 89910583445, vstest.console.dll, ProxyDataCollectionManager.InvokeDataCollectionServiceAction: Starting.
TpTrace Information: 0 : 21104, 14, 2024/11/06, 20:23:58.983, 89910583626, vstest.console.dll, ProxyDataCollectionManager.AfterTestRunEnd: Get attachment set and invoked data collectors processId: 29084 port: 51795
TpTrace Verbose: 0 : 21104, 14, 2024/11/06, 20:23:58.983, 89910583842, vstest.console.dll, DataCollectionRequestSender.SendAfterTestRunStartAndGetResult: Send AfterTestRunEnd message with isCancelled: False
TpTrace Verbose: 0 : 21104, 14, 2024/11/06, 20:23:58.990, 89910647479, vstest.console.dll, DataCollectionRequestSender.SendAfterTestRunStartAndGetResult: Received message: (DataCollection.AfterTestRunEndResult) -> {"MessageType":"DataCollection.AfterTestRunEndResult","Payload":{"AttachmentSets":[],"InvokedDataCollectors":[{"Uri":"datacollector://Microsoft/TestPlatform/Extensions/Blame/v1","FriendlyName":"Blame","AssemblyQualifiedName":"Microsoft.TestPlatform.Extensions.BlameDataCollector.BlameCollector, Microsoft.TestPlatform.Extensions.BlameDataCollector, Version=15.0.0.0, Culture=neutral, PublicKeyToken=b03f5f7f11d50a3a","FilePath":"C:\\Program Files\\dotnet\\sdk\\8.0.400\\Extensions\\Microsoft.TestPlatform.Extensions.BlameDataCollector.dll","HasAttachmentProcessor":false}],"Metrics":{}}}
TpTrace Information: 0 : 21104, 14, 2024/11/06, 20:23:58.994, 89910694449, vstest.console.dll, ProxyDataCollectionManager.InvokeDataCollectionServiceAction: Completed.
TpTrace Warning: 0 : 21104, 11, 2024/11/06, 20:23:59.014, 89910889461, vstest.console.dll, DataCollectionLauncher.ErrorReceivedCallback datacollector standard error line: 
TpTrace Information: 0 : 21104, 11, 2024/11/06, 20:23:59.020, 89910953133, vstest.console.dll, DataCollectionLauncher.ExitCallBack: Data collector exited with exitcode: 0 error: ''
TpTrace Verbose: 0 : 21104, 14, 2024/11/06, 20:23:59.023, 89910984812, vstest.console.dll, TestRunRequest:SendTestRunStatsChange: Starting.
TpTrace Verbose: 0 : 21104, 14, 2024/11/06, 20:23:59.023, 89910985585, vstest.console.dll, MulticastDelegateUtilities.SafeInvoke: TestRun.RunStatsChanged: Invoking callbacks was skipped because there are no subscribers.
TpTrace Information: 0 : 21104, 14, 2024/11/06, 20:23:59.023, 89910985927, vstest.console.dll, TestRunRequest:SendTestRunStatsChange: Completed.
TpTrace Verbose: 0 : 21104, 4, 2024/11/06, 20:23:59.023, 89910987384, vstest.console.dll, MulticastDelegateUtilities.SafeInvoke: InternalTestLoggerEvents.SendTestResult: Invoking callback 1/1 for Microsoft.VisualStudio.TestPlatform.CommandLine.Internal.ConsoleLogger., took 0 ms.
TpTrace Verbose: 0 : 21104, 4, 2024/11/06, 20:23:59.024, 89910988165, vstest.console.dll, MulticastDelegateUtilities.SafeInvoke: InternalTestLoggerEvents.SendTestResult: Invoking callback 1/1 for Microsoft.VisualStudio.TestPlatform.CommandLine.Internal.ConsoleLogger., took 0 ms.
TpTrace Verbose: 0 : 21104, 14, 2024/11/06, 20:23:59.024, 89910988338, vstest.console.dll, ParallelProxyExecutionManager: HandlePartialRunComplete: Total workloads = 1, Total started clients = 1 Total completed clients = 1, Run complete = True, Run canceled: False.
TpTrace Verbose: 0 : 21104, 4, 2024/11/06, 20:23:59.024, 89910988395, vstest.console.dll, MulticastDelegateUtilities.SafeInvoke: InternalTestLoggerEvents.SendTestResult: Invoking callback 1/1 for Microsoft.VisualStudio.TestPlatform.CommandLine.Internal.ConsoleLogger., took 0 ms.
TpTrace Verbose: 0 : 21104, 14, 2024/11/06, 20:23:59.024, 89910988783, vstest.console.dll, ParallelProxyExecutionManager: HandlePartialRunComplete: All runs completed stopping all managers.
TpTrace Verbose: 0 : 21104, 4, 2024/11/06, 20:23:59.024, 89910989222, vstest.console.dll, MulticastDelegateUtilities.SafeInvoke: InternalTestLoggerEvents.SendTestResult: Invoking callback 1/1 for Microsoft.VisualStudio.TestPlatform.CommandLine.Internal.ConsoleLogger., took 0 ms.
TpTrace Verbose: 0 : 21104, 14, 2024/11/06, 20:23:59.024, 89910989660, vstest.console.dll, ParallelOperationManager.StopAllManagers: Stopping all managers.
TpTrace Verbose: 0 : 21104, 14, 2024/11/06, 20:23:59.024, 89910989909, vstest.console.dll, ParallelOperationManager.ClearSlots: Clearing all slots. Slots should accept more work: False
TpTrace Verbose: 0 : 21104, 14, 2024/11/06, 20:23:59.024, 89910990185, vstest.console.dll, ParallelOperationManager.SetOccupiedSlotCount: Setting slot counts AvailableSlotCount = 1, OccupiedSlotCount = 0.
TpTrace Verbose: 0 : 21104, 14, 2024/11/06, 20:23:59.024, 89910990346, vstest.console.dll, Occupied slots:

TpTrace Verbose: 0 : 21104, 4, 2024/11/06, 20:23:59.029, 89911038482, vstest.console.dll, MulticastDelegateUtilities.SafeInvoke: InternalTestLoggerEvents.SendTestRunComplete: Invoking callback 1/2 for Microsoft.TestPlatform.Extensions.BlameDataCollector.BlameLogger., took 0 ms.
TpTrace Verbose: 0 : 21104, 4, 2024/11/06, 20:23:59.032, 89911077087, vstest.console.dll, MulticastDelegateUtilities.SafeInvoke: InternalTestLoggerEvents.SendTestRunComplete: Invoking callback 2/2 for Microsoft.VisualStudio.TestPlatform.CommandLine.Internal.ConsoleLogger., took 3 ms.
TpTrace Verbose: 0 : 21104, 14, 2024/11/06, 20:23:59.033, 89911079482, vstest.console.dll, TestRunRequest:TestRunComplete: Starting. IsAborted:False IsCanceled:False.
TpTrace Verbose: 0 : 21104, 14, 2024/11/06, 20:23:59.033, 89911081272, vstest.console.dll, ParallelOperationManager.DoActionOnAllManagers: Calling an action on all managers.
TpTrace Verbose: 0 : 21104, 14, 2024/11/06, 20:23:59.034, 89911091478, vstest.console.dll, TestLoggerManager.HandleTestRunComplete: Ignoring as the object is disposed.
TpTrace Verbose: 0 : 21104, 14, 2024/11/06, 20:23:59.034, 89911092857, vstest.console.dll, MulticastDelegateUtilities.SafeInvoke: TestRun.TestRunComplete: Invoking callback 1/2 for Microsoft.VisualStudio.TestPlatform.CommandLine.TestRunResultAggregator., took 0 ms.
TpTrace Verbose: 0 : 21104, 14, 2024/11/06, 20:23:59.034, 89911093535, vstest.console.dll, MulticastDelegateUtilities.SafeInvoke: TestRun.TestRunComplete: Invoking callback 2/2 for Microsoft.VisualStudio.TestPlatform.CommandLine.Processors.RunTestsArgumentExecutor+TestRunRequestEventsRegistrar., took 0 ms.
TpTrace Information: 0 : 21104, 14, 2024/11/06, 20:23:59.034, 89911094094, vstest.console.dll, TestRunRequest:TestRunComplete: Completed.
TpTrace Verbose: 0 : 21104, 14, 2024/11/06, 20:23:59.034, 89911094385, vstest.console.dll, TestRequestSender.SetOperationComplete: Setting operation complete.
TpTrace Information: 0 : 21104, 14, 2024/11/06, 20:23:59.034, 89911094538, vstest.console.dll, SocketServer.Stop: Stop server endPoint: 127.0.0.1:51798
TpTrace Information: 0 : 21104, 14, 2024/11/06, 20:23:59.034, 89911094691, vstest.console.dll, SocketServer.Stop: Cancellation requested. Stopping message loop.
TpTrace Verbose: 0 : 21104, 1, 2024/11/06, 20:23:59.034, 89911094753, vstest.console.dll, TestRunRequest.Dispose: Starting.
TpTrace Information: 0 : 21104, 1, 2024/11/06, 20:23:59.034, 89911095387, vstest.console.dll, TestRunRequest.Dispose: Completed.
TpTrace Information: 0 : 21104, 1, 2024/11/06, 20:23:59.034, 89911095791, vstest.console.dll, TestRequestManager.RunTests: run tests completed.
TpTrace Information: 0 : 21104, 1, 2024/11/06, 20:23:59.034, 89911096232, vstest.console.dll, RunTestsArgumentProcessor:Execute: Test run is completed.
TpTrace Verbose: 0 : 21104, 14, 2024/11/06, 20:23:59.034, 89911094867, vstest.console.dll, MulticastDelegateUtilities.SafeInvoke: LengthPrefixCommunicationChannel: MessageReceived: Invoking callback 1/1 for Microsoft.VisualStudio.TestPlatform.CommunicationUtilities.TestRequestSender+<>c__DisplayClass34_0., took 125 ms.
TpTrace Information: 0 : 21104, 14, 2024/11/06, 20:23:59.034, 89911097279, vstest.console.dll, SocketServer.PrivateStop: Stopping server endPoint: 127.0.0.1:51798 error: 
TpTrace Verbose: 0 : 21104, 1, 2024/11/06, 20:23:59.035, 89911097701, vstest.console.dll, Executor.Execute: Exiting with exit code of 1
TpTrace Verbose: 0 : 21104, 14, 2024/11/06, 20:23:59.035, 89911100729, vstest.console.dll, LengthPrefixCommunicationChannel.Dispose: Dispose reader and writer.
TpTrace Information: 0 : 21104, 14, 2024/11/06, 20:23:59.035, 89911101417, vstest.console.dll, SocketServer.Stop: Raise disconnected event endPoint: 127.0.0.1:51798 error: 
TpTrace Verbose: 0 : 21104, 14, 2024/11/06, 20:23:59.035, 89911102272, vstest.console.dll, TestRequestSender: OnTestRunAbort: Operation is already complete. Skip error message.
