TpTrace Verbose: 0 : 8940, 1, 2024/10/22, 14:58:15.283, 37943312607, vstest.console.dll, Version: 17.11.0-release-24352-05 Current process architecture: X64
TpTrace Verbose: 0 : 8940, 1, 2024/10/22, 14:58:15.287, 37943344970, vstest.console.dll, Runtime location: C:\Program Files\dotnet\shared\Microsoft.NETCore.App\8.0.8
TpTrace Verbose: 0 : 8940, 1, 2024/10/22, 14:58:15.291, 37943391123, vstest.console.dll, ArtifactProcessingPostProcessModeProcessorExecutor.Initialize: ArtifactProcessingMode.Collect
TpTrace Verbose: 0 : 8940, 1, 2024/10/22, 14:58:15.291, 37943392387, vstest.console.dll, TestSessionCorrelationIdProcessorModeProcessorExecutor.Initialize: TestSessionCorrelationId '21872_136e0c3c-e4a0-4736-9ce5-1b4b7c99522a'
TpTrace Information: 0 : 8940, 1, 2024/10/22, 14:58:15.297, 37943453378, vstest.console.dll, FilePatternParser: The given file D:\C_sharp and dot net projects\Day29\EFWebApiSolution\EFWebApiTest\bin\Debug\net8.0\fine-code-coverage\build-output\EFWebApiTest.dll is a full path.
TpTrace Verbose: 0 : 8940, 1, 2024/10/22, 14:58:15.308, 37943559897, vstest.console.dll, TestPluginCache.DiscoverTestExtensions: finding test extensions in assemblies ends with: RuntimeProvider.dll TPluginInfo: Microsoft.VisualStudio.TestPlatform.Common.ExtensionFramework.Utilities.TestRuntimePluginInformation TExtension: Microsoft.VisualStudio.TestPlatform.ObjectModel.Host.ITestRuntimeProvider
TpTrace Verbose: 0 : 8940, 1, 2024/10/22, 14:58:15.308, 37943562896, vstest.console.dll, TestPluginCache.GetExtensionPaths: Filtered extension paths: 
TpTrace Verbose: 0 : 8940, 1, 2024/10/22, 14:58:15.309, 37943563610, vstest.console.dll, TestPluginCache.GetExtensionPaths: Added default extension paths: C:\Program Files\dotnet\sdk\8.0.400\Extensions\Microsoft.Diagnostics.NETCore.Client.dll
C:\Program Files\dotnet\sdk\8.0.400\Extensions\Microsoft.TestPlatform.Extensions.BlameDataCollector.dll
C:\Program Files\dotnet\sdk\8.0.400\Extensions\Microsoft.TestPlatform.Extensions.EventLogCollector.dll
C:\Program Files\dotnet\sdk\8.0.400\Extensions\Microsoft.TestPlatform.TestHostRuntimeProvider.dll
C:\Program Files\dotnet\sdk\8.0.400\Extensions\Microsoft.VisualStudio.TestPlatform.Extensions.Html.TestLogger.dll
C:\Program Files\dotnet\sdk\8.0.400\Extensions\Microsoft.VisualStudio.TestPlatform.Extensions.Trx.TestLogger.dll
TpTrace Verbose: 0 : 8940, 1, 2024/10/22, 14:58:15.309, 37943563769, vstest.console.dll, TestPluginCache.GetExtensionPaths: Added unfilterableExtensionPaths: 
TpTrace Information: 0 : 8940, 1, 2024/10/22, 14:58:15.309, 37943570914, vstest.console.dll, AssemblyResolver.ctor: Creating AssemblyResolver with searchDirectories C:\Program Files\dotnet\sdk\8.0.400\Extensions,C:\Program Files\dotnet\sdk\8.0.400
TpTrace Verbose: 0 : 8940, 1, 2024/10/22, 14:58:15.310, 37943581298, vstest.console.dll, TestPluginCache.DiscoverTestExtensions: Discovering the extensions using extension path.
TpTrace Verbose: 0 : 8940, 1, 2024/10/22, 14:58:15.310, 37943582392, vstest.console.dll, TestPluginCache.GetExtensionPaths: Filtered extension paths: 
TpTrace Verbose: 0 : 8940, 1, 2024/10/22, 14:58:15.310, 37943582667, vstest.console.dll, TestPluginCache.GetExtensionPaths: Added default extension paths: C:\Program Files\dotnet\sdk\8.0.400\Extensions\Microsoft.Diagnostics.NETCore.Client.dll
C:\Program Files\dotnet\sdk\8.0.400\Extensions\Microsoft.TestPlatform.Extensions.BlameDataCollector.dll
C:\Program Files\dotnet\sdk\8.0.400\Extensions\Microsoft.TestPlatform.Extensions.EventLogCollector.dll
C:\Program Files\dotnet\sdk\8.0.400\Extensions\Microsoft.TestPlatform.TestHostRuntimeProvider.dll
C:\Program Files\dotnet\sdk\8.0.400\Extensions\Microsoft.VisualStudio.TestPlatform.Extensions.Html.TestLogger.dll
C:\Program Files\dotnet\sdk\8.0.400\Extensions\Microsoft.VisualStudio.TestPlatform.Extensions.Trx.TestLogger.dll
TpTrace Verbose: 0 : 8940, 1, 2024/10/22, 14:58:15.310, 37943582814, vstest.console.dll, TestPluginCache.GetExtensionPaths: Added unfilterableExtensionPaths: 
TpTrace Verbose: 0 : 8940, 1, 2024/10/22, 14:58:15.310, 37943583237, vstest.console.dll, TestPluginCache.DiscoverTestExtensions: Discovering the extensions using allExtensionPaths: C:\Program Files\dotnet\sdk\8.0.400\Extensions\Microsoft.Diagnostics.NETCore.Client.dll
C:\Program Files\dotnet\sdk\8.0.400\Extensions\Microsoft.TestPlatform.Extensions.BlameDataCollector.dll
C:\Program Files\dotnet\sdk\8.0.400\Extensions\Microsoft.TestPlatform.Extensions.EventLogCollector.dll
C:\Program Files\dotnet\sdk\8.0.400\Extensions\Microsoft.TestPlatform.TestHostRuntimeProvider.dll
C:\Program Files\dotnet\sdk\8.0.400\Extensions\Microsoft.VisualStudio.TestPlatform.Extensions.Html.TestLogger.dll
C:\Program Files\dotnet\sdk\8.0.400\Extensions\Microsoft.VisualStudio.TestPlatform.Extensions.Trx.TestLogger.dll
TpTrace Information: 0 : 8940, 1, 2024/10/22, 14:58:15.311, 37943584295, vstest.console.dll, AssemblyResolver.AddSearchDirectories: Adding more searchDirectories C:\Program Files\dotnet\sdk\8.0.400\Extensions,C:\Program Files\dotnet\sdk\8.0.400
TpTrace Information: 0 : 8940, 1, 2024/10/22, 14:58:15.311, 37943584661, vstest.console.dll, AssemblyResolver.AddSearchDirectories: Adding more searchDirectories C:\Program Files\dotnet\sdk\8.0.400\Extensions,C:\Program Files\dotnet\sdk\8.0.400
TpTrace Information: 0 : 8940, 1, 2024/10/22, 14:58:15.311, 37943584799, vstest.console.dll, AssemblyResolver.AddSearchDirectories: Adding more searchDirectories C:\Program Files\dotnet\sdk\8.0.400\Extensions,C:\Program Files\dotnet\sdk\8.0.400
TpTrace Information: 0 : 8940, 1, 2024/10/22, 14:58:15.311, 37943584929, vstest.console.dll, AssemblyResolver.AddSearchDirectories: Adding more searchDirectories C:\Program Files\dotnet\sdk\8.0.400\Extensions,C:\Program Files\dotnet\sdk\8.0.400
TpTrace Information: 0 : 8940, 1, 2024/10/22, 14:58:15.311, 37943585091, vstest.console.dll, AssemblyResolver.AddSearchDirectories: Adding more searchDirectories C:\Program Files\dotnet\sdk\8.0.400\Extensions,C:\Program Files\dotnet\sdk\8.0.400
TpTrace Information: 0 : 8940, 1, 2024/10/22, 14:58:15.311, 37943585219, vstest.console.dll, AssemblyResolver.AddSearchDirectories: Adding more searchDirectories C:\Program Files\dotnet\sdk\8.0.400\Extensions,C:\Program Files\dotnet\sdk\8.0.400
TpTrace Information: 0 : 8940, 1, 2024/10/22, 14:58:15.311, 37943590154, vstest.console.dll, AssemblyResolver.OnResolve: Microsoft.Diagnostics.NETCore.Client: Resolving assembly.
TpTrace Information: 0 : 8940, 1, 2024/10/22, 14:58:15.311, 37943590927, vstest.console.dll, AssemblyResolver.OnResolve: Microsoft.Diagnostics.NETCore.Client: Searching in: 'C:\Program Files\dotnet\sdk\8.0.400\Extensions'.
TpTrace Information: 0 : 8940, 1, 2024/10/22, 14:58:15.318, 37943663330, vstest.console.dll, AssemblyResolver.OnResolve: Microsoft.Diagnostics.NETCore.Client: Loading assembly 'C:\Program Files\dotnet\sdk\8.0.400\Extensions\Microsoft.Diagnostics.NETCore.Client.dll'.
TpTrace Information: 0 : 8940, 1, 2024/10/22, 14:58:15.321, 37943689435, vstest.console.dll, AssemblyResolver.OnResolve: Resolved assembly: Microsoft.Diagnostics.NETCore.Client, from path: C:\Program Files\dotnet\sdk\8.0.400\Extensions\Microsoft.Diagnostics.NETCore.Client.dll
TpTrace Verbose: 0 : 8940, 1, 2024/10/22, 14:58:15.325, 37943724288, vstest.console.dll, MetadataReaderExtensionsHelper: Discovering extensions inside assembly 'Microsoft.Diagnostics.NETCore.Client, Version=0.2.10.30701, Culture=neutral, PublicKeyToken=31bf3856ad364e35' file path 'C:\Program Files\dotnet\sdk\8.0.400\Extensions\Microsoft.Diagnostics.NETCore.Client.dll'
TpTrace Information: 0 : 8940, 1, 2024/10/22, 14:58:15.333, 37943813384, vstest.console.dll, AssemblyResolver.OnResolve: Microsoft.Bcl.AsyncInterfaces: Resolving assembly.
TpTrace Information: 0 : 8940, 1, 2024/10/22, 14:58:15.334, 37943814311, vstest.console.dll, AssemblyResolver.OnResolve: Microsoft.Bcl.AsyncInterfaces: Searching in: 'C:\Program Files\dotnet\sdk\8.0.400\Extensions'.
TpTrace Information: 0 : 8940, 1, 2024/10/22, 14:58:15.334, 37943814865, vstest.console.dll, AssemblyResolver.OnResolve: Microsoft.Bcl.AsyncInterfaces: Assembly path does not exist: 'C:\Program Files\dotnet\sdk\8.0.400\Extensions\Microsoft.Bcl.AsyncInterfaces.dll', returning.
TpTrace Information: 0 : 8940, 1, 2024/10/22, 14:58:15.334, 37943815458, vstest.console.dll, AssemblyResolver.OnResolve: Microsoft.Bcl.AsyncInterfaces: Assembly path does not exist: 'C:\Program Files\dotnet\sdk\8.0.400\Extensions\Microsoft.Bcl.AsyncInterfaces.exe', returning.
TpTrace Information: 0 : 8940, 1, 2024/10/22, 14:58:15.334, 37943815609, vstest.console.dll, AssemblyResolver.OnResolve: Microsoft.Bcl.AsyncInterfaces: Searching in: 'C:\Program Files\dotnet\sdk\8.0.400'.
TpTrace Information: 0 : 8940, 1, 2024/10/22, 14:58:15.334, 37943815895, vstest.console.dll, AssemblyResolver.OnResolve: Microsoft.Bcl.AsyncInterfaces: Assembly path does not exist: 'C:\Program Files\dotnet\sdk\8.0.400\Microsoft.Bcl.AsyncInterfaces.dll', returning.
TpTrace Information: 0 : 8940, 1, 2024/10/22, 14:58:15.334, 37943816116, vstest.console.dll, AssemblyResolver.OnResolve: Microsoft.Bcl.AsyncInterfaces: Assembly path does not exist: 'C:\Program Files\dotnet\sdk\8.0.400\Microsoft.Bcl.AsyncInterfaces.exe', returning.
TpTrace Information: 0 : 8940, 1, 2024/10/22, 14:58:15.334, 37943816299, vstest.console.dll, AssemblyResolver.OnResolve: Microsoft.Bcl.AsyncInterfaces: Failed to load assembly.
TpTrace Verbose: 0 : 8940, 1, 2024/10/22, 14:58:15.334, 37943816507, vstest.console.dll, CurrentDomainAssemblyResolve: Resolving assembly 'Microsoft.Bcl.AsyncInterfaces'.
TpTrace Information: 0 : 8940, 1, 2024/10/22, 14:58:15.334, 37943816857, vstest.console.dll, AssemblyResolver.OnResolve: Microsoft.Bcl.AsyncInterfaces: Resolving assembly.
TpTrace Information: 0 : 8940, 1, 2024/10/22, 14:58:15.334, 37943817047, vstest.console.dll, AssemblyResolver.OnResolve: Microsoft.Bcl.AsyncInterfaces: Resolved from cache.
TpTrace Verbose: 0 : 8940, 1, 2024/10/22, 14:58:15.334, 37943817171, vstest.console.dll, CurrentDomainAssemblyResolve: Resolving assembly 'Microsoft.Bcl.AsyncInterfaces'.
TpTrace Verbose: 0 : 8940, 1, 2024/10/22, 14:58:15.334, 37943817341, vstest.console.dll, CurrentDomainAssemblyResolve: Failed to resolve assembly 'Microsoft.Bcl.AsyncInterfaces'.
TpTrace Verbose: 0 : 8940, 1, 2024/10/22, 14:58:15.352, 37943997336, vstest.console.dll, CurrentDomainAssemblyResolve: Failed to resolve assembly 'Microsoft.Bcl.AsyncInterfaces'.
TpTrace Warning: 0 : 8940, 1, 2024/10/22, 14:58:15.379, 37944269586, vstest.console.dll, TestPluginDiscoverer: Failed to get types from assembly 'Microsoft.Diagnostics.NETCore.Client, Version=0.2.10.30701, Culture=neutral, PublicKeyToken=31bf3856ad364e35'. Error: System.Reflection.ReflectionTypeLoadException: Unable to load one or more of the requested types.
Could not load file or assembly 'Microsoft.Bcl.AsyncInterfaces, Version=6.0.0.0, Culture=neutral, PublicKeyToken=cc7b13ffcd2ddd51'. The system cannot find the file specified.
   at System.Reflection.RuntimeModule.GetTypes(RuntimeModule module)
   at System.Reflection.RuntimeModule.GetTypes()
   at Microsoft.VisualStudio.TestPlatform.Common.ExtensionFramework.TestPluginDiscoverer.GetTestExtensionsFromAssembly[TPluginInfo,TExtension](Assembly assembly, Dictionary`2 pluginInfos, String filePath) in /_/src/Microsoft.TestPlatform.Common/ExtensionFramework/TestPluginDiscoverer.cs:line 158
System.IO.FileNotFoundException: Could not load file or assembly 'Microsoft.Bcl.AsyncInterfaces, Version=6.0.0.0, Culture=neutral, PublicKeyToken=cc7b13ffcd2ddd51'. The system cannot find the file specified.
File name: 'Microsoft.Bcl.AsyncInterfaces, Version=6.0.0.0, Culture=neutral, PublicKeyToken=cc7b13ffcd2ddd51'
 ---> System.IO.FileNotFoundException: Could not load file or assembly 'Microsoft.Bcl.AsyncInterfaces, Culture=neutral, PublicKeyToken=null'. The system cannot find the file specified.
File name: 'Microsoft.Bcl.AsyncInterfaces, Culture=neutral, PublicKeyToken=null'
   at System.Reflection.RuntimeAssembly.InternalLoad(AssemblyName assemblyName, StackCrawlMark& stackMark, AssemblyLoadContext assemblyLoadContext, RuntimeAssembly requestingAssembly, Boolean throwOnFileNotFound)
   at System.Reflection.Assembly.Load(AssemblyName assemblyRef)
   at Microsoft.VisualStudio.TestPlatform.Common.ExtensionFramework.TestPluginCache.CurrentDomainAssemblyResolve(Object sender, AssemblyResolveEventArgs args) in /_/src/Microsoft.TestPlatform.Common/ExtensionFramework/TestPluginCache.cs:line 513
   at System.Runtime.Loader.AssemblyLoadContext.GetFirstResolvedAssemblyFromResolvingEvent(AssemblyName assemblyName)
   at System.Runtime.Loader.AssemblyLoadContext.ResolveUsingEvent(AssemblyName assemblyName)
   at System.Runtime.Loader.AssemblyLoadContext.ResolveUsingResolvingEvent(IntPtr gchManagedAssemblyLoadContext, AssemblyName assemblyName)
TpTrace Warning: 0 : 8940, 1, 2024/10/22, 14:58:15.379, 37944272590, vstest.console.dll, LoaderExceptions: System.IO.FileNotFoundException: Could not load file or assembly 'Microsoft.Bcl.AsyncInterfaces, Version=6.0.0.0, Culture=neutral, PublicKeyToken=cc7b13ffcd2ddd51'. The system cannot find the file specified.
File name: 'Microsoft.Bcl.AsyncInterfaces, Version=6.0.0.0, Culture=neutral, PublicKeyToken=cc7b13ffcd2ddd51'
 ---> System.IO.FileNotFoundException: Could not load file or assembly 'Microsoft.Bcl.AsyncInterfaces, Culture=neutral, PublicKeyToken=null'. The system cannot find the file specified.
File name: 'Microsoft.Bcl.AsyncInterfaces, Culture=neutral, PublicKeyToken=null'
   at System.Reflection.RuntimeAssembly.InternalLoad(AssemblyName assemblyName, StackCrawlMark& stackMark, AssemblyLoadContext assemblyLoadContext, RuntimeAssembly requestingAssembly, Boolean throwOnFileNotFound)
   at System.Reflection.Assembly.Load(AssemblyName assemblyRef)
   at Microsoft.VisualStudio.TestPlatform.Common.ExtensionFramework.TestPluginCache.CurrentDomainAssemblyResolve(Object sender, AssemblyResolveEventArgs args) in /_/src/Microsoft.TestPlatform.Common/ExtensionFramework/TestPluginCache.cs:line 513
   at System.Runtime.Loader.AssemblyLoadContext.GetFirstResolvedAssemblyFromResolvingEvent(AssemblyName assemblyName)
   at System.Runtime.Loader.AssemblyLoadContext.ResolveUsingEvent(AssemblyName assemblyName)
   at System.Runtime.Loader.AssemblyLoadContext.ResolveUsingResolvingEvent(IntPtr gchManagedAssemblyLoadContext, AssemblyName assemblyName)
TpTrace Information: 0 : 8940, 1, 2024/10/22, 14:58:15.380, 37944273820, vstest.console.dll, AssemblyResolver.OnResolve: Microsoft.TestPlatform.Extensions.BlameDataCollector: Resolving assembly.
TpTrace Information: 0 : 8940, 1, 2024/10/22, 14:58:15.380, 37944274048, vstest.console.dll, AssemblyResolver.OnResolve: Microsoft.TestPlatform.Extensions.BlameDataCollector: Searching in: 'C:\Program Files\dotnet\sdk\8.0.400\Extensions'.
TpTrace Information: 0 : 8940, 1, 2024/10/22, 14:58:15.381, 37944284713, vstest.console.dll, AssemblyResolver.OnResolve: Microsoft.TestPlatform.Extensions.BlameDataCollector: Loading assembly 'C:\Program Files\dotnet\sdk\8.0.400\Extensions\Microsoft.TestPlatform.Extensions.BlameDataCollector.dll'.
TpTrace Information: 0 : 8940, 1, 2024/10/22, 14:58:15.382, 37944295106, vstest.console.dll, AssemblyResolver.OnResolve: Resolved assembly: Microsoft.TestPlatform.Extensions.BlameDataCollector, from path: C:\Program Files\dotnet\sdk\8.0.400\Extensions\Microsoft.TestPlatform.Extensions.BlameDataCollector.dll
TpTrace Verbose: 0 : 8940, 1, 2024/10/22, 14:58:15.382, 37944296092, vstest.console.dll, MetadataReaderExtensionsHelper: Discovering extensions inside assembly 'Microsoft.TestPlatform.Extensions.BlameDataCollector, Version=15.0.0.0, Culture=neutral, PublicKeyToken=b03f5f7f11d50a3a' file path 'C:\Program Files\dotnet\sdk\8.0.400\Extensions\Microsoft.TestPlatform.Extensions.BlameDataCollector.dll'
TpTrace Information: 0 : 8940, 1, 2024/10/22, 14:58:15.384, 37944318642, vstest.console.dll, AssemblyResolver.OnResolve: Microsoft.TestPlatform.Extensions.EventLogCollector: Resolving assembly.
TpTrace Information: 0 : 8940, 1, 2024/10/22, 14:58:15.384, 37944319469, vstest.console.dll, AssemblyResolver.OnResolve: Microsoft.TestPlatform.Extensions.EventLogCollector: Searching in: 'C:\Program Files\dotnet\sdk\8.0.400\Extensions'.
TpTrace Information: 0 : 8940, 1, 2024/10/22, 14:58:15.385, 37944329357, vstest.console.dll, AssemblyResolver.OnResolve: Microsoft.TestPlatform.Extensions.EventLogCollector: Loading assembly 'C:\Program Files\dotnet\sdk\8.0.400\Extensions\Microsoft.TestPlatform.Extensions.EventLogCollector.dll'.
TpTrace Information: 0 : 8940, 1, 2024/10/22, 14:58:15.386, 37944335676, vstest.console.dll, AssemblyResolver.OnResolve: Resolved assembly: Microsoft.TestPlatform.Extensions.EventLogCollector, from path: C:\Program Files\dotnet\sdk\8.0.400\Extensions\Microsoft.TestPlatform.Extensions.EventLogCollector.dll
TpTrace Verbose: 0 : 8940, 1, 2024/10/22, 14:58:15.386, 37944336532, vstest.console.dll, MetadataReaderExtensionsHelper: Discovering extensions inside assembly 'Microsoft.TestPlatform.Extensions.EventLogCollector, Version=15.0.0.0, Culture=neutral, PublicKeyToken=b03f5f7f11d50a3a' file path 'C:\Program Files\dotnet\sdk\8.0.400\Extensions\Microsoft.TestPlatform.Extensions.EventLogCollector.dll'
TpTrace Information: 0 : 8940, 1, 2024/10/22, 14:58:15.390, 37944377626, vstest.console.dll, AssemblyResolver.OnResolve: Microsoft.TestPlatform.TestHostRuntimeProvider: Resolving assembly.
TpTrace Information: 0 : 8940, 1, 2024/10/22, 14:58:15.390, 37944378475, vstest.console.dll, AssemblyResolver.OnResolve: Microsoft.TestPlatform.TestHostRuntimeProvider: Searching in: 'C:\Program Files\dotnet\sdk\8.0.400\Extensions'.
TpTrace Information: 0 : 8940, 1, 2024/10/22, 14:58:15.391, 37944388587, vstest.console.dll, AssemblyResolver.OnResolve: Microsoft.TestPlatform.TestHostRuntimeProvider: Loading assembly 'C:\Program Files\dotnet\sdk\8.0.400\Extensions\Microsoft.TestPlatform.TestHostRuntimeProvider.dll'.
TpTrace Information: 0 : 8940, 1, 2024/10/22, 14:58:15.392, 37944403277, vstest.console.dll, AssemblyResolver.OnResolve: Resolved assembly: Microsoft.TestPlatform.TestHostRuntimeProvider, from path: C:\Program Files\dotnet\sdk\8.0.400\Extensions\Microsoft.TestPlatform.TestHostRuntimeProvider.dll
TpTrace Verbose: 0 : 8940, 1, 2024/10/22, 14:58:15.393, 37944404219, vstest.console.dll, MetadataReaderExtensionsHelper: Discovering extensions inside assembly 'Microsoft.TestPlatform.TestHostRuntimeProvider, Version=15.0.0.0, Culture=neutral, PublicKeyToken=b03f5f7f11d50a3a' file path 'C:\Program Files\dotnet\sdk\8.0.400\Extensions\Microsoft.TestPlatform.TestHostRuntimeProvider.dll'
TpTrace Information: 0 : 8940, 1, 2024/10/22, 14:58:15.395, 37944427095, vstest.console.dll, GetTestExtensionFromType: Register extension with identifier data 'HostProvider://DefaultTestHost' and type 'Microsoft.VisualStudio.TestPlatform.CrossPlatEngine.Hosting.DefaultTestHostManager, Microsoft.TestPlatform.TestHostRuntimeProvider, Version=15.0.0.0, Culture=neutral, PublicKeyToken=b03f5f7f11d50a3a' inside file 'C:\Program Files\dotnet\sdk\8.0.400\Extensions\Microsoft.TestPlatform.TestHostRuntimeProvider.dll'
TpTrace Information: 0 : 8940, 1, 2024/10/22, 14:58:15.395, 37944429563, vstest.console.dll, GetTestExtensionFromType: Register extension with identifier data 'HostProvider://DotnetTestHost' and type 'Microsoft.VisualStudio.TestPlatform.CrossPlatEngine.Hosting.DotnetTestHostManager, Microsoft.TestPlatform.TestHostRuntimeProvider, Version=15.0.0.0, Culture=neutral, PublicKeyToken=b03f5f7f11d50a3a' inside file 'C:\Program Files\dotnet\sdk\8.0.400\Extensions\Microsoft.TestPlatform.TestHostRuntimeProvider.dll'
TpTrace Information: 0 : 8940, 1, 2024/10/22, 14:58:15.395, 37944430223, vstest.console.dll, AssemblyResolver.OnResolve: Microsoft.VisualStudio.TestPlatform.Extensions.Html.TestLogger: Resolving assembly.
TpTrace Information: 0 : 8940, 1, 2024/10/22, 14:58:15.395, 37944430413, vstest.console.dll, AssemblyResolver.OnResolve: Microsoft.VisualStudio.TestPlatform.Extensions.Html.TestLogger: Searching in: 'C:\Program Files\dotnet\sdk\8.0.400\Extensions'.
TpTrace Information: 0 : 8940, 1, 2024/10/22, 14:58:15.396, 37944439599, vstest.console.dll, AssemblyResolver.OnResolve: Microsoft.VisualStudio.TestPlatform.Extensions.Html.TestLogger: Loading assembly 'C:\Program Files\dotnet\sdk\8.0.400\Extensions\Microsoft.VisualStudio.TestPlatform.Extensions.Html.TestLogger.dll'.
TpTrace Information: 0 : 8940, 1, 2024/10/22, 14:58:15.397, 37944448272, vstest.console.dll, AssemblyResolver.OnResolve: Resolved assembly: Microsoft.VisualStudio.TestPlatform.Extensions.Html.TestLogger, from path: C:\Program Files\dotnet\sdk\8.0.400\Extensions\Microsoft.VisualStudio.TestPlatform.Extensions.Html.TestLogger.dll
TpTrace Verbose: 0 : 8940, 1, 2024/10/22, 14:58:15.397, 37944449479, vstest.console.dll, MetadataReaderExtensionsHelper: Discovering extensions inside assembly 'Microsoft.VisualStudio.TestPlatform.Extensions.Html.TestLogger, Version=15.0.0.0, Culture=neutral, PublicKeyToken=b03f5f7f11d50a3a' file path 'C:\Program Files\dotnet\sdk\8.0.400\Extensions\Microsoft.VisualStudio.TestPlatform.Extensions.Html.TestLogger.dll'
TpTrace Information: 0 : 8940, 1, 2024/10/22, 14:58:15.399, 37944465334, vstest.console.dll, AssemblyResolver.OnResolve: Microsoft.VisualStudio.TestPlatform.Extensions.Trx.TestLogger: Resolving assembly.
TpTrace Information: 0 : 8940, 1, 2024/10/22, 14:58:15.399, 37944466322, vstest.console.dll, AssemblyResolver.OnResolve: Microsoft.VisualStudio.TestPlatform.Extensions.Trx.TestLogger: Searching in: 'C:\Program Files\dotnet\sdk\8.0.400\Extensions'.
TpTrace Information: 0 : 8940, 1, 2024/10/22, 14:58:15.401, 37944484611, vstest.console.dll, AssemblyResolver.OnResolve: Microsoft.VisualStudio.TestPlatform.Extensions.Trx.TestLogger: Loading assembly 'C:\Program Files\dotnet\sdk\8.0.400\Extensions\Microsoft.VisualStudio.TestPlatform.Extensions.Trx.TestLogger.dll'.
TpTrace Information: 0 : 8940, 1, 2024/10/22, 14:58:15.403, 37944504130, vstest.console.dll, AssemblyResolver.OnResolve: Resolved assembly: Microsoft.VisualStudio.TestPlatform.Extensions.Trx.TestLogger, from path: C:\Program Files\dotnet\sdk\8.0.400\Extensions\Microsoft.VisualStudio.TestPlatform.Extensions.Trx.TestLogger.dll
TpTrace Verbose: 0 : 8940, 1, 2024/10/22, 14:58:15.403, 37944505269, vstest.console.dll, MetadataReaderExtensionsHelper: Discovering extensions inside assembly 'Microsoft.VisualStudio.TestPlatform.Extensions.Trx.TestLogger, Version=15.0.0.0, Culture=neutral, PublicKeyToken=b03f5f7f11d50a3a' file path 'C:\Program Files\dotnet\sdk\8.0.400\Extensions\Microsoft.VisualStudio.TestPlatform.Extensions.Trx.TestLogger.dll'
TpTrace Verbose: 0 : 8940, 1, 2024/10/22, 14:58:15.405, 37944528945, vstest.console.dll, TestPluginCache: Discovered the extensions using extension path ''.
TpTrace Verbose: 0 : 8940, 1, 2024/10/22, 14:58:15.405, 37944529760, vstest.console.dll, TestPluginCache: Discoverers are ''.
TpTrace Verbose: 0 : 8940, 1, 2024/10/22, 14:58:15.405, 37944529905, vstest.console.dll, TestPluginCache: Executors are ''.
TpTrace Verbose: 0 : 8940, 1, 2024/10/22, 14:58:15.405, 37944530021, vstest.console.dll, TestPluginCache: Executors2 are ''.
TpTrace Verbose: 0 : 8940, 1, 2024/10/22, 14:58:15.405, 37944530134, vstest.console.dll, TestPluginCache: Setting providers are ''.
TpTrace Verbose: 0 : 8940, 1, 2024/10/22, 14:58:15.405, 37944530249, vstest.console.dll, TestPluginCache: Loggers are ''.
TpTrace Verbose: 0 : 8940, 1, 2024/10/22, 14:58:15.405, 37944531595, vstest.console.dll, TestPluginCache: TestHosts are 'HostProvider://DefaultTestHost,HostProvider://DotnetTestHost'.
TpTrace Verbose: 0 : 8940, 1, 2024/10/22, 14:58:15.405, 37944531832, vstest.console.dll, TestPluginCache: DataCollectors are ''.
TpTrace Information: 0 : 8940, 1, 2024/10/22, 14:58:15.427, 37944745069, vstest.console.dll, RunTestsArgumentProcessor:Execute: Test run is starting.
TpTrace Verbose: 0 : 8940, 1, 2024/10/22, 14:58:15.427, 37944745848, vstest.console.dll, RunTestsArgumentProcessor:Execute: Queuing Test run.
TpTrace Information: 0 : 8940, 1, 2024/10/22, 14:58:15.427, 37944747710, vstest.console.dll, TestRequestManager.RunTests: run tests started.
TpTrace Information: 0 : 8940, 1, 2024/10/22, 14:58:15.428, 37944756582, vstest.console.dll, AssemblyMetadataProvider.GetFrameworkName: Determined framework:'.NETCoreApp,Version=v8.0' for source: 'D:\C_sharp and dot net projects\Day29\EFWebApiSolution\EFWebApiTest\bin\Debug\net8.0\fine-code-coverage\build-output\EFWebApiTest.dll'
TpTrace Information: 0 : 8940, 1, 2024/10/22, 14:58:15.428, 37944758023, vstest.console.dll, Determined framework for all sources: .NETCoreApp,Version=v8.0
TpTrace Verbose: 0 : 8940, 1, 2024/10/22, 14:58:15.428, 37944760652, vstest.console.dll, TestRequestManager.UpdateRunSettingsIfRequired: Default architecture: X64 IsDefaultTargetArchitecture: True, Current process architecture: X64 OperatingSystem: Windows.
TpTrace Information: 0 : 8940, 1, 2024/10/22, 14:58:15.429, 37944773037, vstest.console.dll, AssemblyMetadataProvider.GetArchitecture: Determined architecture:AnyCPU info for assembly: D:\C_sharp and dot net projects\Day29\EFWebApiSolution\EFWebApiTest\bin\Debug\net8.0\fine-code-coverage\build-output\EFWebApiTest.dll
TpTrace Information: 0 : 8940, 1, 2024/10/22, 14:58:15.429, 37944773548, vstest.console.dll, Determined platform for source 'D:\C_sharp and dot net projects\Day29\EFWebApiSolution\EFWebApiTest\bin\Debug\net8.0\fine-code-coverage\build-output\EFWebApiTest.dll' was AnyCPU and it will use the default plaform X64.
TpTrace Information: 0 : 8940, 1, 2024/10/22, 14:58:15.430, 37944773699, vstest.console.dll, None of the sources provided any runnable platform, using the default platform: X64
TpTrace Information: 0 : 8940, 1, 2024/10/22, 14:58:15.430, 37944774346, vstest.console.dll, Platform was updated to 'X64'.
TpTrace Information: 0 : 8940, 1, 2024/10/22, 14:58:15.432, 37944803342, vstest.console.dll, InferRunSettingsHelper.IsTestSettingsEnabled: Unable to navigate to RunSettings/MSTest. Current node: RunSettings
TpTrace Information: 0 : 8940, 1, 2024/10/22, 14:58:15.433, 37944811498, vstest.console.dll, AssemblyResolver.OnResolve: Microsoft.VisualStudio.TestPlatform.Fakes: Resolving assembly.
TpTrace Information: 0 : 8940, 1, 2024/10/22, 14:58:15.433, 37944811990, vstest.console.dll, AssemblyResolver.OnResolve: Microsoft.VisualStudio.TestPlatform.Fakes: Searching in: 'C:\Program Files\dotnet\sdk\8.0.400\Extensions'.
TpTrace Information: 0 : 8940, 1, 2024/10/22, 14:58:15.433, 37944812581, vstest.console.dll, AssemblyResolver.OnResolve: Microsoft.VisualStudio.TestPlatform.Fakes: Assembly path does not exist: 'C:\Program Files\dotnet\sdk\8.0.400\Extensions\Microsoft.VisualStudio.TestPlatform.Fakes.dll', returning.
TpTrace Information: 0 : 8940, 1, 2024/10/22, 14:58:15.433, 37944812907, vstest.console.dll, AssemblyResolver.OnResolve: Microsoft.VisualStudio.TestPlatform.Fakes: Assembly path does not exist: 'C:\Program Files\dotnet\sdk\8.0.400\Extensions\Microsoft.VisualStudio.TestPlatform.Fakes.exe', returning.
TpTrace Information: 0 : 8940, 1, 2024/10/22, 14:58:15.433, 37944813032, vstest.console.dll, AssemblyResolver.OnResolve: Microsoft.VisualStudio.TestPlatform.Fakes: Searching in: 'C:\Program Files\dotnet\sdk\8.0.400'.
TpTrace Information: 0 : 8940, 1, 2024/10/22, 14:58:15.433, 37944813310, vstest.console.dll, AssemblyResolver.OnResolve: Microsoft.VisualStudio.TestPlatform.Fakes: Assembly path does not exist: 'C:\Program Files\dotnet\sdk\8.0.400\Microsoft.VisualStudio.TestPlatform.Fakes.dll', returning.
TpTrace Information: 0 : 8940, 1, 2024/10/22, 14:58:15.433, 37944813530, vstest.console.dll, AssemblyResolver.OnResolve: Microsoft.VisualStudio.TestPlatform.Fakes: Assembly path does not exist: 'C:\Program Files\dotnet\sdk\8.0.400\Microsoft.VisualStudio.TestPlatform.Fakes.exe', returning.
TpTrace Information: 0 : 8940, 1, 2024/10/22, 14:58:15.434, 37944813651, vstest.console.dll, AssemblyResolver.OnResolve: Microsoft.VisualStudio.TestPlatform.Fakes: Failed to load assembly.
TpTrace Information: 0 : 8940, 1, 2024/10/22, 14:58:15.434, 37944815501, vstest.console.dll, Failed to load assembly Microsoft.VisualStudio.TestPlatform.Fakes, Version=17.0.0.0, Culture=neutral. Reason:System.IO.FileNotFoundException: Could not load file or assembly 'Microsoft.VisualStudio.TestPlatform.Fakes, Version=17.0.0.0, Culture=neutral, PublicKeyToken=null'. The system cannot find the file specified.
File name: 'Microsoft.VisualStudio.TestPlatform.Fakes, Version=17.0.0.0, Culture=neutral, PublicKeyToken=null'
   at System.Reflection.RuntimeAssembly.InternalLoad(AssemblyName assemblyName, StackCrawlMark& stackMark, AssemblyLoadContext assemblyLoadContext, RuntimeAssembly requestingAssembly, Boolean throwOnFileNotFound)
   at System.Reflection.Assembly.Load(AssemblyName assemblyRef)
   at Microsoft.VisualStudio.TestPlatform.Common.Utilities.FakesUtilities.LoadTestPlatformAssembly() in /_/src/Microsoft.TestPlatform.Common/Utilities/FakesUtilities.cs:line 272
TpTrace Verbose: 0 : 8940, 1, 2024/10/22, 14:58:15.436, 37944841050, vstest.console.dll, TestPluginCache.DiscoverTestExtensions: finding test extensions in assemblies ends with: TestLogger.dll TPluginInfo: Microsoft.VisualStudio.TestPlatform.Common.ExtensionFramework.Utilities.TestLoggerPluginInformation TExtension: Microsoft.VisualStudio.TestPlatform.ObjectModel.Client.ITestLogger
TpTrace Verbose: 0 : 8940, 1, 2024/10/22, 14:58:15.436, 37944841801, vstest.console.dll, TestPluginCache.GetExtensionPaths: Filtered extension paths: 
TpTrace Verbose: 0 : 8940, 1, 2024/10/22, 14:58:15.436, 37944842010, vstest.console.dll, TestPluginCache.GetExtensionPaths: Added default extension paths: C:\Program Files\dotnet\sdk\8.0.400\Extensions\Microsoft.Diagnostics.NETCore.Client.dll
C:\Program Files\dotnet\sdk\8.0.400\Extensions\Microsoft.TestPlatform.Extensions.BlameDataCollector.dll
C:\Program Files\dotnet\sdk\8.0.400\Extensions\Microsoft.TestPlatform.Extensions.EventLogCollector.dll
C:\Program Files\dotnet\sdk\8.0.400\Extensions\Microsoft.TestPlatform.TestHostRuntimeProvider.dll
C:\Program Files\dotnet\sdk\8.0.400\Extensions\Microsoft.VisualStudio.TestPlatform.Extensions.Html.TestLogger.dll
C:\Program Files\dotnet\sdk\8.0.400\Extensions\Microsoft.VisualStudio.TestPlatform.Extensions.Trx.TestLogger.dll
TpTrace Verbose: 0 : 8940, 1, 2024/10/22, 14:58:15.436, 37944842148, vstest.console.dll, TestPluginCache.GetExtensionPaths: Added unfilterableExtensionPaths: 
TpTrace Information: 0 : 8940, 1, 2024/10/22, 14:58:15.436, 37944843010, vstest.console.dll, AssemblyResolver.AddSearchDirectories: Adding more searchDirectories C:\Program Files\dotnet\sdk\8.0.400\Extensions,C:\Program Files\dotnet\sdk\8.0.400
TpTrace Verbose: 0 : 8940, 1, 2024/10/22, 14:58:15.436, 37944843334, vstest.console.dll, TestPluginCache.DiscoverTestExtensions: Discovering the extensions using extension path.
TpTrace Verbose: 0 : 8940, 1, 2024/10/22, 14:58:15.436, 37944843559, vstest.console.dll, TestPluginCache.GetExtensionPaths: Filtered extension paths: 
TpTrace Verbose: 0 : 8940, 1, 2024/10/22, 14:58:15.437, 37944843726, vstest.console.dll, TestPluginCache.GetExtensionPaths: Added default extension paths: C:\Program Files\dotnet\sdk\8.0.400\Extensions\Microsoft.Diagnostics.NETCore.Client.dll
C:\Program Files\dotnet\sdk\8.0.400\Extensions\Microsoft.TestPlatform.Extensions.BlameDataCollector.dll
C:\Program Files\dotnet\sdk\8.0.400\Extensions\Microsoft.TestPlatform.Extensions.EventLogCollector.dll
C:\Program Files\dotnet\sdk\8.0.400\Extensions\Microsoft.TestPlatform.TestHostRuntimeProvider.dll
C:\Program Files\dotnet\sdk\8.0.400\Extensions\Microsoft.VisualStudio.TestPlatform.Extensions.Html.TestLogger.dll
C:\Program Files\dotnet\sdk\8.0.400\Extensions\Microsoft.VisualStudio.TestPlatform.Extensions.Trx.TestLogger.dll
TpTrace Verbose: 0 : 8940, 1, 2024/10/22, 14:58:15.437, 37944843856, vstest.console.dll, TestPluginCache.GetExtensionPaths: Added unfilterableExtensionPaths: 
TpTrace Verbose: 0 : 8940, 1, 2024/10/22, 14:58:15.437, 37944844015, vstest.console.dll, TestPluginCache.DiscoverTestExtensions: Discovering the extensions using allExtensionPaths: C:\Program Files\dotnet\sdk\8.0.400\Extensions\Microsoft.Diagnostics.NETCore.Client.dll
C:\Program Files\dotnet\sdk\8.0.400\Extensions\Microsoft.TestPlatform.Extensions.BlameDataCollector.dll
C:\Program Files\dotnet\sdk\8.0.400\Extensions\Microsoft.TestPlatform.Extensions.EventLogCollector.dll
C:\Program Files\dotnet\sdk\8.0.400\Extensions\Microsoft.TestPlatform.TestHostRuntimeProvider.dll
C:\Program Files\dotnet\sdk\8.0.400\Extensions\Microsoft.VisualStudio.TestPlatform.Extensions.Html.TestLogger.dll
C:\Program Files\dotnet\sdk\8.0.400\Extensions\Microsoft.VisualStudio.TestPlatform.Extensions.Trx.TestLogger.dll
TpTrace Information: 0 : 8940, 1, 2024/10/22, 14:58:15.437, 37944844605, vstest.console.dll, AssemblyResolver.AddSearchDirectories: Adding more searchDirectories C:\Program Files\dotnet\sdk\8.0.400\Extensions,C:\Program Files\dotnet\sdk\8.0.400
TpTrace Information: 0 : 8940, 1, 2024/10/22, 14:58:15.437, 37944844816, vstest.console.dll, AssemblyResolver.AddSearchDirectories: Adding more searchDirectories C:\Program Files\dotnet\sdk\8.0.400\Extensions,C:\Program Files\dotnet\sdk\8.0.400
TpTrace Information: 0 : 8940, 1, 2024/10/22, 14:58:15.437, 37944844949, vstest.console.dll, AssemblyResolver.AddSearchDirectories: Adding more searchDirectories C:\Program Files\dotnet\sdk\8.0.400\Extensions,C:\Program Files\dotnet\sdk\8.0.400
TpTrace Information: 0 : 8940, 1, 2024/10/22, 14:58:15.437, 37944845076, vstest.console.dll, AssemblyResolver.AddSearchDirectories: Adding more searchDirectories C:\Program Files\dotnet\sdk\8.0.400\Extensions,C:\Program Files\dotnet\sdk\8.0.400
TpTrace Information: 0 : 8940, 1, 2024/10/22, 14:58:15.437, 37944845204, vstest.console.dll, AssemblyResolver.AddSearchDirectories: Adding more searchDirectories C:\Program Files\dotnet\sdk\8.0.400\Extensions,C:\Program Files\dotnet\sdk\8.0.400
TpTrace Information: 0 : 8940, 1, 2024/10/22, 14:58:15.437, 37944845380, vstest.console.dll, AssemblyResolver.AddSearchDirectories: Adding more searchDirectories C:\Program Files\dotnet\sdk\8.0.400\Extensions,C:\Program Files\dotnet\sdk\8.0.400
TpTrace Verbose: 0 : 8940, 1, 2024/10/22, 14:58:15.437, 37944846066, vstest.console.dll, MetadataReaderExtensionsHelper: Discovering extensions inside assembly 'Microsoft.Diagnostics.NETCore.Client, Version=0.2.10.30701, Culture=neutral, PublicKeyToken=31bf3856ad364e35' file path 'C:\Program Files\dotnet\sdk\8.0.400\Extensions\Microsoft.Diagnostics.NETCore.Client.dll'
TpTrace Information: 0 : 8940, 1, 2024/10/22, 14:58:15.438, 37944855145, vstest.console.dll, AssemblyResolver.OnResolve: Microsoft.Bcl.AsyncInterfaces: Resolving assembly.
TpTrace Information: 0 : 8940, 1, 2024/10/22, 14:58:15.438, 37944855701, vstest.console.dll, AssemblyResolver.OnResolve: Microsoft.Bcl.AsyncInterfaces: Resolved from cache.
TpTrace Verbose: 0 : 8940, 1, 2024/10/22, 14:58:15.438, 37944855922, vstest.console.dll, CurrentDomainAssemblyResolve: Resolving assembly 'Microsoft.Bcl.AsyncInterfaces'.
TpTrace Information: 0 : 8940, 1, 2024/10/22, 14:58:15.438, 37944856197, vstest.console.dll, AssemblyResolver.OnResolve: Microsoft.Bcl.AsyncInterfaces: Resolving assembly.
TpTrace Information: 0 : 8940, 1, 2024/10/22, 14:58:15.438, 37944856323, vstest.console.dll, AssemblyResolver.OnResolve: Microsoft.Bcl.AsyncInterfaces: Resolved from cache.
TpTrace Verbose: 0 : 8940, 1, 2024/10/22, 14:58:15.438, 37944856441, vstest.console.dll, CurrentDomainAssemblyResolve: Resolving assembly 'Microsoft.Bcl.AsyncInterfaces'.
TpTrace Verbose: 0 : 8940, 1, 2024/10/22, 14:58:15.438, 37944856560, vstest.console.dll, CurrentDomainAssemblyResolve: Failed to resolve assembly 'Microsoft.Bcl.AsyncInterfaces'.
TpTrace Verbose: 0 : 8940, 1, 2024/10/22, 14:58:15.438, 37944857564, vstest.console.dll, CurrentDomainAssemblyResolve: Failed to resolve assembly 'Microsoft.Bcl.AsyncInterfaces'.
TpTrace Warning: 0 : 8940, 1, 2024/10/22, 14:58:15.438, 37944859799, vstest.console.dll, TestPluginDiscoverer: Failed to get types from assembly 'Microsoft.Diagnostics.NETCore.Client, Version=0.2.10.30701, Culture=neutral, PublicKeyToken=31bf3856ad364e35'. Error: System.Reflection.ReflectionTypeLoadException: Unable to load one or more of the requested types.
Could not load file or assembly 'Microsoft.Bcl.AsyncInterfaces, Version=6.0.0.0, Culture=neutral, PublicKeyToken=cc7b13ffcd2ddd51'. The system cannot find the file specified.
   at System.Reflection.RuntimeModule.GetTypes(RuntimeModule module)
   at System.Reflection.RuntimeModule.GetTypes()
   at Microsoft.VisualStudio.TestPlatform.Common.ExtensionFramework.TestPluginDiscoverer.GetTestExtensionsFromAssembly[TPluginInfo,TExtension](Assembly assembly, Dictionary`2 pluginInfos, String filePath) in /_/src/Microsoft.TestPlatform.Common/ExtensionFramework/TestPluginDiscoverer.cs:line 158
System.IO.FileNotFoundException: Could not load file or assembly 'Microsoft.Bcl.AsyncInterfaces, Version=6.0.0.0, Culture=neutral, PublicKeyToken=cc7b13ffcd2ddd51'. The system cannot find the file specified.
File name: 'Microsoft.Bcl.AsyncInterfaces, Version=6.0.0.0, Culture=neutral, PublicKeyToken=cc7b13ffcd2ddd51'
 ---> System.IO.FileNotFoundException: Could not load file or assembly 'Microsoft.Bcl.AsyncInterfaces, Culture=neutral, PublicKeyToken=null'. The system cannot find the file specified.
File name: 'Microsoft.Bcl.AsyncInterfaces, Culture=neutral, PublicKeyToken=null'
   at System.Reflection.RuntimeAssembly.InternalLoad(AssemblyName assemblyName, StackCrawlMark& stackMark, AssemblyLoadContext assemblyLoadContext, RuntimeAssembly requestingAssembly, Boolean throwOnFileNotFound)
   at System.Reflection.Assembly.Load(AssemblyName assemblyRef)
   at Microsoft.VisualStudio.TestPlatform.Common.ExtensionFramework.TestPluginCache.CurrentDomainAssemblyResolve(Object sender, AssemblyResolveEventArgs args) in /_/src/Microsoft.TestPlatform.Common/ExtensionFramework/TestPluginCache.cs:line 513
   at System.Runtime.Loader.AssemblyLoadContext.GetFirstResolvedAssemblyFromResolvingEvent(AssemblyName assemblyName)
   at System.Runtime.Loader.AssemblyLoadContext.ResolveUsingEvent(AssemblyName assemblyName)
   at System.Runtime.Loader.AssemblyLoadContext.ResolveUsingResolvingEvent(IntPtr gchManagedAssemblyLoadContext, AssemblyName assemblyName)
TpTrace Warning: 0 : 8940, 1, 2024/10/22, 14:58:15.438, 37944860767, vstest.console.dll, LoaderExceptions: System.IO.FileNotFoundException: Could not load file or assembly 'Microsoft.Bcl.AsyncInterfaces, Version=6.0.0.0, Culture=neutral, PublicKeyToken=cc7b13ffcd2ddd51'. The system cannot find the file specified.
File name: 'Microsoft.Bcl.AsyncInterfaces, Version=6.0.0.0, Culture=neutral, PublicKeyToken=cc7b13ffcd2ddd51'
 ---> System.IO.FileNotFoundException: Could not load file or assembly 'Microsoft.Bcl.AsyncInterfaces, Culture=neutral, PublicKeyToken=null'. The system cannot find the file specified.
File name: 'Microsoft.Bcl.AsyncInterfaces, Culture=neutral, PublicKeyToken=null'
   at System.Reflection.RuntimeAssembly.InternalLoad(AssemblyName assemblyName, StackCrawlMark& stackMark, AssemblyLoadContext assemblyLoadContext, RuntimeAssembly requestingAssembly, Boolean throwOnFileNotFound)
   at System.Reflection.Assembly.Load(AssemblyName assemblyRef)
   at Microsoft.VisualStudio.TestPlatform.Common.ExtensionFramework.TestPluginCache.CurrentDomainAssemblyResolve(Object sender, AssemblyResolveEventArgs args) in /_/src/Microsoft.TestPlatform.Common/ExtensionFramework/TestPluginCache.cs:line 513
   at System.Runtime.Loader.AssemblyLoadContext.GetFirstResolvedAssemblyFromResolvingEvent(AssemblyName assemblyName)
   at System.Runtime.Loader.AssemblyLoadContext.ResolveUsingEvent(AssemblyName assemblyName)
   at System.Runtime.Loader.AssemblyLoadContext.ResolveUsingResolvingEvent(IntPtr gchManagedAssemblyLoadContext, AssemblyName assemblyName)
TpTrace Verbose: 0 : 8940, 1, 2024/10/22, 14:58:15.438, 37944861219, vstest.console.dll, MetadataReaderExtensionsHelper: Discovering extensions inside assembly 'Microsoft.TestPlatform.Extensions.BlameDataCollector, Version=15.0.0.0, Culture=neutral, PublicKeyToken=b03f5f7f11d50a3a' file path 'C:\Program Files\dotnet\sdk\8.0.400\Extensions\Microsoft.TestPlatform.Extensions.BlameDataCollector.dll'
TpTrace Information: 0 : 8940, 1, 2024/10/22, 14:58:15.439, 37944866711, vstest.console.dll, GetTestExtensionFromType: Register extension with identifier data 'logger://Microsoft/TestPlatform/Extensions/Blame/v1' and type 'Microsoft.TestPlatform.Extensions.BlameDataCollector.BlameLogger, Microsoft.TestPlatform.Extensions.BlameDataCollector, Version=15.0.0.0, Culture=neutral, PublicKeyToken=b03f5f7f11d50a3a' inside file 'C:\Program Files\dotnet\sdk\8.0.400\Extensions\Microsoft.TestPlatform.Extensions.BlameDataCollector.dll'
TpTrace Verbose: 0 : 8940, 1, 2024/10/22, 14:58:15.439, 37944867352, vstest.console.dll, MetadataReaderExtensionsHelper: Discovering extensions inside assembly 'Microsoft.TestPlatform.Extensions.EventLogCollector, Version=15.0.0.0, Culture=neutral, PublicKeyToken=b03f5f7f11d50a3a' file path 'C:\Program Files\dotnet\sdk\8.0.400\Extensions\Microsoft.TestPlatform.Extensions.EventLogCollector.dll'
TpTrace Verbose: 0 : 8940, 1, 2024/10/22, 14:58:15.439, 37944870598, vstest.console.dll, MetadataReaderExtensionsHelper: Discovering extensions inside assembly 'Microsoft.TestPlatform.TestHostRuntimeProvider, Version=15.0.0.0, Culture=neutral, PublicKeyToken=b03f5f7f11d50a3a' file path 'C:\Program Files\dotnet\sdk\8.0.400\Extensions\Microsoft.TestPlatform.TestHostRuntimeProvider.dll'
TpTrace Verbose: 0 : 8940, 1, 2024/10/22, 14:58:15.440, 37944873612, vstest.console.dll, MetadataReaderExtensionsHelper: Discovering extensions inside assembly 'Microsoft.VisualStudio.TestPlatform.Extensions.Html.TestLogger, Version=15.0.0.0, Culture=neutral, PublicKeyToken=b03f5f7f11d50a3a' file path 'C:\Program Files\dotnet\sdk\8.0.400\Extensions\Microsoft.VisualStudio.TestPlatform.Extensions.Html.TestLogger.dll'
TpTrace Information: 0 : 8940, 1, 2024/10/22, 14:58:15.440, 37944878406, vstest.console.dll, GetTestExtensionFromType: Register extension with identifier data 'logger://Microsoft/TestPlatform/HtmlLogger/v1' and type 'Microsoft.VisualStudio.TestPlatform.Extensions.HtmlLogger.HtmlLogger, Microsoft.VisualStudio.TestPlatform.Extensions.Html.TestLogger, Version=15.0.0.0, Culture=neutral, PublicKeyToken=b03f5f7f11d50a3a' inside file 'C:\Program Files\dotnet\sdk\8.0.400\Extensions\Microsoft.VisualStudio.TestPlatform.Extensions.Html.TestLogger.dll'
TpTrace Verbose: 0 : 8940, 1, 2024/10/22, 14:58:15.440, 37944878926, vstest.console.dll, MetadataReaderExtensionsHelper: Discovering extensions inside assembly 'Microsoft.VisualStudio.TestPlatform.Extensions.Trx.TestLogger, Version=15.0.0.0, Culture=neutral, PublicKeyToken=b03f5f7f11d50a3a' file path 'C:\Program Files\dotnet\sdk\8.0.400\Extensions\Microsoft.VisualStudio.TestPlatform.Extensions.Trx.TestLogger.dll'
TpTrace Information: 0 : 8940, 1, 2024/10/22, 14:58:15.440, 37944882674, vstest.console.dll, GetTestExtensionFromType: Register extension with identifier data 'logger://Microsoft/TestPlatform/TrxLogger/v1' and type 'Microsoft.VisualStudio.TestPlatform.Extensions.TrxLogger.TrxLogger, Microsoft.VisualStudio.TestPlatform.Extensions.Trx.TestLogger, Version=15.0.0.0, Culture=neutral, PublicKeyToken=b03f5f7f11d50a3a' inside file 'C:\Program Files\dotnet\sdk\8.0.400\Extensions\Microsoft.VisualStudio.TestPlatform.Extensions.Trx.TestLogger.dll'
TpTrace Verbose: 0 : 8940, 1, 2024/10/22, 14:58:15.440, 37944883229, vstest.console.dll, TestPluginCache: Discovered the extensions using extension path ''.
TpTrace Verbose: 0 : 8940, 1, 2024/10/22, 14:58:15.440, 37944883373, vstest.console.dll, TestPluginCache: Discoverers are ''.
TpTrace Verbose: 0 : 8940, 1, 2024/10/22, 14:58:15.440, 37944883491, vstest.console.dll, TestPluginCache: Executors are ''.
TpTrace Verbose: 0 : 8940, 1, 2024/10/22, 14:58:15.441, 37944883604, vstest.console.dll, TestPluginCache: Executors2 are ''.
TpTrace Verbose: 0 : 8940, 1, 2024/10/22, 14:58:15.441, 37944883718, vstest.console.dll, TestPluginCache: Setting providers are ''.
TpTrace Verbose: 0 : 8940, 1, 2024/10/22, 14:58:15.441, 37944884178, vstest.console.dll, TestPluginCache: Loggers are 'logger://Microsoft/TestPlatform/Extensions/Blame/v1,logger://Microsoft/TestPlatform/HtmlLogger/v1,logger://Microsoft/TestPlatform/TrxLogger/v1'.
TpTrace Verbose: 0 : 8940, 1, 2024/10/22, 14:58:15.441, 37944884374, vstest.console.dll, TestPluginCache: TestHosts are 'HostProvider://DefaultTestHost,HostProvider://DotnetTestHost'.
TpTrace Verbose: 0 : 8940, 1, 2024/10/22, 14:58:15.441, 37944884509, vstest.console.dll, TestPluginCache: DataCollectors are ''.
TpTrace Information: 0 : 8940, 1, 2024/10/22, 14:58:15.441, 37944890197, vstest.console.dll, TestPluginManager.CreateTestExtension: Attempting to load test extension: Microsoft.TestPlatform.Extensions.BlameDataCollector.BlameLogger
TpTrace Verbose: 0 : 8940, 1, 2024/10/22, 14:58:15.450, 37944982439, vstest.console.dll, TestEngine: Initializing Parallel Execution as MaxCpuCount is set to: 1
TpTrace Information: 0 : 8940, 1, 2024/10/22, 14:58:15.452, 37944996386, vstest.console.dll, TestPluginManager.CreateTestExtension: Attempting to load test extension: Microsoft.VisualStudio.TestPlatform.CrossPlatEngine.Hosting.DefaultTestHostManager
TpTrace Information: 0 : 8940, 1, 2024/10/22, 14:58:15.452, 37945002052, vstest.console.dll, TestPluginManager.CreateTestExtension: Attempting to load test extension: Microsoft.VisualStudio.TestPlatform.CrossPlatEngine.Hosting.DotnetTestHostManager
TpTrace Verbose: 0 : 8940, 1, 2024/10/22, 14:58:15.453, 37945003762, vstest.console.dll, TestHostManagerCallbacks.ctor: Forwarding output is enabled.
TpTrace Information: 0 : 8940, 1, 2024/10/22, 14:58:15.453, 37945006631, vstest.console.dll, InferRunSettingsHelper.IsTestSettingsEnabled: Unable to navigate to RunSettings/MSTest. Current node: RunSettings
TpTrace Verbose: 0 : 8940, 1, 2024/10/22, 14:58:15.453, 37945012855, vstest.console.dll, ParallelOperationManager.ClearSlots: Clearing all slots. Slots should accept more work: True
TpTrace Verbose: 0 : 8940, 1, 2024/10/22, 14:58:15.454, 37945017756, vstest.console.dll, ParallelOperationManager.SetOccupiedSlotCount: Setting slot counts AvailableSlotCount = 1, OccupiedSlotCount = 0.
TpTrace Verbose: 0 : 8940, 1, 2024/10/22, 14:58:15.454, 37945019846, vstest.console.dll, Occupied slots:

TpTrace Verbose: 0 : 8940, 1, 2024/10/22, 14:58:15.456, 37945043045, vstest.console.dll, TestEngine.GetExecutionManager: Chosen execution manager 'Microsoft.VisualStudio.TestPlatform.CrossPlatEngine.Client.Parallel.ParallelProxyExecutionManager, Microsoft.TestPlatform.CrossPlatEngine, Version=15.0.0.0, Culture=neutral, PublicKeyToken=b03f5f7f11d50a3a' ParallelLevel '1'.
TpTrace Verbose: 0 : 8940, 1, 2024/10/22, 14:58:15.457, 37945044322, vstest.console.dll, TestPlatform.GetSkipDefaultAdapters: Not skipping default adapters SkipDefaultAdapters was false.
TpTrace Verbose: 0 : 8940, 1, 2024/10/22, 14:58:15.457, 37945045005, vstest.console.dll, TestRunRequest.ExecuteAsync: Creating test run request.
TpTrace Verbose: 0 : 8940, 1, 2024/10/22, 14:58:15.457, 37945046531, vstest.console.dll, TestRunRequest.ExecuteAsync: Starting.
TpTrace Information: 0 : 8940, 1, 2024/10/22, 14:58:15.458, 37945054665, vstest.console.dll, TestRunRequest.ExecuteAsync: Starting run with settings:TestRunCriteria:
   KeepAlive=False,FrequencyOfRunStatsChangeEvent=10,RunStatsChangeEventTimeout=00:00:01.5000000,TestCaseFilter=,TestExecutorLauncher=
   Settingsxml=<RunSettings>
  <RunConfiguration>
    <ResultsDirectory>D:\C_sharp and dot net projects\Day29\EFWebApiSolution\EFWebApiTest\bin\Debug\net8.0\fine-code-coverage\coverage-tool-output</ResultsDirectory>
    <TargetPlatform>X64</TargetPlatform>
    <TargetFrameworkVersion>.NETCoreApp,Version=v8.0</TargetFrameworkVersion>
    <DesignMode>False</DesignMode>
    <CollectSourceInformation>False</CollectSourceInformation>
  </RunConfiguration>
  <LoggerRunSettings>
    <Loggers>
      <Logger friendlyName="blame" enabled="True" />
      <Logger friendlyName="Console" uri="logger://microsoft/TestPlatform/ConsoleLogger/v1" assemblyQualifiedName="Microsoft.VisualStudio.TestPlatform.CommandLine.Internal.ConsoleLogger, vstest.console, Version=15.0.0.0, Culture=neutral, PublicKeyToken=b03f5f7f11d50a3a" codeBase="C:\Program Files\dotnet\sdk\8.0.400\vstest.console.dll" enabled="True" />
    </Loggers>
  </LoggerRunSettings>
  <DataCollectionRunSettings>
    <DataCollectors>
      <DataCollector friendlyName="blame" enabled="True">
        <Configuration>
          <ResultsDirectory>D:\C_sharp and dot net projects\Day29\EFWebApiSolution\EFWebApiTest\bin\Debug\net8.0\fine-code-coverage\coverage-tool-output</ResultsDirectory>
        </Configuration>
      </DataCollector>
    </DataCollectors>
  </DataCollectionRunSettings>
</RunSettings>

TpTrace Verbose: 0 : 8940, 1, 2024/10/22, 14:58:15.458, 37945055267, vstest.console.dll, TestRunRequest.ExecuteAsync: Wait for the first run request is over.
TpTrace Verbose: 0 : 8940, 1, 2024/10/22, 14:58:15.458, 37945057574, vstest.console.dll, MulticastDelegateUtilities.SafeInvoke: TestRun.TestRunStart: Invoking callbacks was skipped because there are no subscribers.
TpTrace Verbose: 0 : 8940, 4, 2024/10/22, 14:58:15.458, 37945058993, vstest.console.dll, MulticastDelegateUtilities.SafeInvoke: InternalTestLoggerEvents.SendTestRunStart: Invoking callback 1/1 for Microsoft.VisualStudio.TestPlatform.CommandLine.Internal.ConsoleLogger., took 0 ms.
TpTrace Verbose: 0 : 8940, 1, 2024/10/22, 14:58:15.459, 37945064334, vstest.console.dll, ParallelProxyExecutionManager: Start execution. Total sources: 1
TpTrace Verbose: 0 : 8940, 1, 2024/10/22, 14:58:15.459, 37945066601, vstest.console.dll, ParallelOperationManager.StartWork: Starting adding 1 workloads.
TpTrace Verbose: 0 : 8940, 1, 2024/10/22, 14:58:15.459, 37945066941, vstest.console.dll, ParallelOperationManager.ClearSlots: Clearing all slots. Slots should accept more work: True
TpTrace Verbose: 0 : 8940, 1, 2024/10/22, 14:58:15.459, 37945067313, vstest.console.dll, ParallelOperationManager.SetOccupiedSlotCount: Setting slot counts AvailableSlotCount = 1, OccupiedSlotCount = 0.
TpTrace Verbose: 0 : 8940, 1, 2024/10/22, 14:58:15.459, 37945067493, vstest.console.dll, Occupied slots:

TpTrace Verbose: 0 : 8940, 1, 2024/10/22, 14:58:15.460, 37945075589, vstest.console.dll, TestHostManagerCallbacks.ctor: Forwarding output is enabled.
TpTrace Verbose: 0 : 8940, 1, 2024/10/22, 14:58:15.460, 37945077114, vstest.console.dll, TestRequestSender is acting as server.
TpTrace Verbose: 0 : 8940, 1, 2024/10/22, 14:58:15.461, 37945087325, vstest.console.dll, ParallelOperationManager.RunWorkInParallel: Adding 1 workload to slot, remaining workloads 0.
TpTrace Verbose: 0 : 8940, 1, 2024/10/22, 14:58:15.461, 37945087762, vstest.console.dll, ParallelOperationManager.SetOccupiedSlotCount: Setting slot counts AvailableSlotCount = 0, OccupiedSlotCount = 1.
TpTrace Verbose: 0 : 8940, 1, 2024/10/22, 14:58:15.461, 37945088391, vstest.console.dll, Occupied slots:
0: D:\C_sharp and dot net projects\Day29\EFWebApiSolution\EFWebApiTest\bin\Debug\net8.0\fine-code-coverage\build-output\EFWebApiTest.dll
TpTrace Verbose: 0 : 8940, 1, 2024/10/22, 14:58:15.462, 37945095970, vstest.console.dll, ParallelOperationManager.RunWorkInParallel: Started host in slot number 0 for work (source): D:\C_sharp and dot net projects\Day29\EFWebApiSolution\EFWebApiTest\bin\Debug\net8.0\fine-code-coverage\build-output\EFWebApiTest.dll.
TpTrace Verbose: 0 : 8940, 1, 2024/10/22, 14:58:15.462, 37945101875, vstest.console.dll, ParallelOperationManager.RunWorkInParallel: We started 1 work items, which is the max parallel level. Won't start more work.
TpTrace Verbose: 0 : 8940, 1, 2024/10/22, 14:58:15.462, 37945102236, vstest.console.dll, ParallelOperationManager.RunWorkInParallel: We started 1 work items in here, returning True.
TpTrace Information: 0 : 8940, 1, 2024/10/22, 14:58:15.462, 37945102541, vstest.console.dll, TestRunRequest.ExecuteAsync: Started.
TpTrace Verbose: 0 : 8940, 5, 2024/10/22, 14:58:15.463, 37945105214, vstest.console.dll, ParallelProxyExecutionManager.StartTestRunOnConcurrentManager: Initializing uninitialized client. Started clients: 0
TpTrace Verbose: 0 : 8940, 5, 2024/10/22, 14:58:15.463, 37945106153, vstest.console.dll, DataCollectionRequestSender.InitializeCommunication : Initialize communication. 
TpTrace Verbose: 0 : 8940, 1, 2024/10/22, 14:58:15.463, 37945106213, vstest.console.dll, TestRunRequest.WaitForCompletion: Waiting with timeout -1.
TpTrace Information: 0 : 8940, 5, 2024/10/22, 14:58:15.468, 37945158439, vstest.console.dll, Listening on Endpoint : 127.0.0.1:50530
TpTrace Verbose: 0 : 8940, 5, 2024/10/22, 14:58:15.472, 37945200731, vstest.console.dll, DotnetDataCollectionLauncher: Adding  --runtimeconfig "C:\Program Files\dotnet\sdk\8.0.400\datacollector.runtimeconfig.json" in args
TpTrace Verbose: 0 : 8940, 5, 2024/10/22, 14:58:15.472, 37945201689, vstest.console.dll, DotnetDataCollectionLauncher: Adding  --depsfile "C:\Program Files\dotnet\sdk\8.0.400\datacollector.deps.json" in args
TpTrace Verbose: 0 : 8940, 5, 2024/10/22, 14:58:15.472, 37945202714, vstest.console.dll, DotnetDataCollectionLauncher: Full path of dotnet.exe is C:\Program Files\dotnet\dotnet.exe
TpTrace Information: 0 : 8940, 5, 2024/10/22, 14:58:15.477, 37945253492, vstest.console.dll, ProxyDataCollectionManager.Initialize: Launched datacollector processId: 10672 port: 50530
TpTrace Information: 0 : 8940, 5, 2024/10/22, 14:58:15.478, 37945254848, vstest.console.dll, ProxyDataCollectionManager.Initialize: waiting for connection with timeout: 90 seconds
TpTrace Verbose: 0 : 8940, 5, 2024/10/22, 14:58:15.478, 37945255293, vstest.console.dll, DataCollectionRequestSender.WaitForRequestHandlerConnection : Waiting for connection with timeout: 90000
TpTrace Information: 0 : 8940, 7, 2024/10/22, 14:58:15.592, 37946394458, vstest.console.dll, Using the buffer size of 16384 bytes
TpTrace Verbose: 0 : 8940, 5, 2024/10/22, 14:58:15.592, 37946394688, vstest.console.dll, SocketCommunicationManager.WaitForClientConnection took: 113 ms, with 90000 ms timeout, and finished with True.
TpTrace Information: 0 : 8940, 7, 2024/10/22, 14:58:15.592, 37946395527, vstest.console.dll, Accepted Client request and set the flag
TpTrace Verbose: 0 : 8940, 5, 2024/10/22, 14:58:15.592, 37946396565, vstest.console.dll, ProxyDataCollectionManager.InvokeDataCollectionServiceAction: Starting.
TpTrace Information: 0 : 8940, 5, 2024/10/22, 14:58:15.592, 37946398819, vstest.console.dll, ProxyDataCollectionManager.BeforeTestRunStart: Get environment variable and port for datacollector processId: 10672 port: 50530
TpTrace Verbose: 0 : 8940, 5, 2024/10/22, 14:58:15.592, 37946399577, vstest.console.dll, DataCollectionRequestSender.SendBeforeTestRunStartAndGetResult: Send BeforeTestRunStart message with settingsXml <RunSettings><RunConfiguration><ResultsDirectory>D:\C_sharp and dot net projects\Day29\EFWebApiSolution\EFWebApiTest\bin\Debug\net8.0\fine-code-coverage\coverage-tool-output</ResultsDirectory><TargetPlatform>X64</TargetPlatform><TargetFrameworkVersion>.NETCoreApp,Version=v8.0</TargetFrameworkVersion><DesignMode>False</DesignMode><CollectSourceInformation>False</CollectSourceInformation><TestAdaptersPaths>C:\Program Files\dotnet\sdk\8.0.400\Extensions</TestAdaptersPaths></RunConfiguration><LoggerRunSettings><Loggers><Logger friendlyName="blame" enabled="True" /><Logger friendlyName="Console" uri="logger://microsoft/TestPlatform/ConsoleLogger/v1" assemblyQualifiedName="Microsoft.VisualStudio.TestPlatform.CommandLine.Internal.ConsoleLogger, vstest.console, Version=15.0.0.0, Culture=neutral, PublicKeyToken=b03f5f7f11d50a3a" codeBase="C:\Program Files\dotnet\sdk\8.0.400\vstest.console.dll" enabled="True" /></Loggers></LoggerRunSettings><DataCollectionRunSettings><DataCollectors><DataCollector friendlyName="blame" enabled="True"><Configuration><ResultsDirectory>D:\C_sharp and dot net projects\Day29\EFWebApiSolution\EFWebApiTest\bin\Debug\net8.0\fine-code-coverage\coverage-tool-output</ResultsDirectory></Configuration></DataCollector></DataCollectors></DataCollectionRunSettings></RunSettings> and sources System.Collections.Generic.List`1[System.String]: 
TpTrace Verbose: 0 : 8940, 5, 2024/10/22, 14:58:15.639, 37946872155, vstest.console.dll, DataCollectionRequestSender.SendBeforeTestRunStartAndGetResult: Received message: (DataCollection.SendMessage) -> {"MessageType":"DataCollection.SendMessage","Payload":{"FriendlyName":null,"Uri":null,"TestCaseId":"00000000-0000-0000-0000-000000000000","Message":"Logging DataCollector Diagnostics in file: D:\\C_sharp and dot net projects\\Day29\\EFWebApiSolution\\EFWebApiTest\\bin\\Debug\\net8.0\\fine-code-coverage\\coverage-tool-output\\diagnostics.datacollector.24-10-22_14-58-15_47252_5.log","Level":0}}
TpTrace Verbose: 0 : 8940, 5, 2024/10/22, 14:58:15.719, 37947665035, vstest.console.dll, DataCollectionRequestSender.SendBeforeTestRunStartAndGetResult: Received message: (DataCollection.BeforeTestRunStartResult) -> {"MessageType":"DataCollection.BeforeTestRunStartResult","Payload":{"EnvironmentVariables":{},"DataCollectionEventsPort":50532}}
TpTrace Information: 0 : 8940, 5, 2024/10/22, 14:58:15.723, 37947709967, vstest.console.dll, ProxyDataCollectionManager.BeforeTestRunStart: SendBeforeTestRunStartAndGetResult successful, env variable from datacollector:   and testhost port: 50532
TpTrace Information: 0 : 8940, 5, 2024/10/22, 14:58:15.723, 37947710843, vstest.console.dll, ProxyDataCollectionManager.InvokeDataCollectionServiceAction: Completed.
TpTrace Verbose: 0 : 8940, 5, 2024/10/22, 14:58:15.723, 37947711044, vstest.console.dll, ParallelProxyExecutionManager.StartTestRunOnConcurrentManager: Initializing test run. Started clients: 0
TpTrace Verbose: 0 : 8940, 5, 2024/10/22, 14:58:15.723, 37947711711, vstest.console.dll, ProxyExecutionManager: Test host is always Lazy initialize.
TpTrace Verbose: 0 : 8940, 5, 2024/10/22, 14:58:15.723, 37947713222, vstest.console.dll, TestRequestSender.InitializeCommunication: initialize communication. 
TpTrace Information: 0 : 8940, 5, 2024/10/22, 14:58:15.724, 37947717297, vstest.console.dll, SocketServer.Start: Listening on endpoint : 127.0.0.1:50533
TpTrace Verbose: 0 : 8940, 5, 2024/10/22, 14:58:15.724, 37947723341, vstest.console.dll, DotnetTestHostmanager.GetTestHostProcessStartInfo: Platform environment 'X64' target architecture 'X64' framework '.NETCoreApp,Version=v8.0' OS 'Windows'
TpTrace Verbose: 0 : 8940, 5, 2024/10/22, 14:58:15.725, 37947724627, vstest.console.dll, DotnetTestHostmanager: Adding  --runtimeconfig "D:\C_sharp and dot net projects\Day29\EFWebApiSolution\EFWebApiTest\bin\Debug\net8.0\fine-code-coverage\build-output\EFWebApiTest.runtimeconfig.json" in args
TpTrace Verbose: 0 : 8940, 5, 2024/10/22, 14:58:15.725, 37947725030, vstest.console.dll, DotnetTestHostmanager: Adding  --depsfile "D:\C_sharp and dot net projects\Day29\EFWebApiSolution\EFWebApiTest\bin\Debug\net8.0\fine-code-coverage\build-output\EFWebApiTest.deps.json" in args
TpTrace Verbose: 0 : 8940, 5, 2024/10/22, 14:58:15.725, 37947727227, vstest.console.dll, DotnetTestHostmanager.IsWinOnArm: Current PROCESSOR_ARCHITECTURE from environment variable 'AMD64'
TpTrace Verbose: 0 : 8940, 5, 2024/10/22, 14:58:15.725, 37947727642, vstest.console.dll, DotnetTestHostmanager.IsWinOnArm: Is Windows on ARM 'False'
TpTrace Verbose: 0 : 8940, 5, 2024/10/22, 14:58:15.725, 37947727966, vstest.console.dll, DotnetTestHostManager: testhost.exe found at path: D:\C_sharp and dot net projects\Day29\EFWebApiSolution\EFWebApiTest\bin\Debug\net8.0\fine-code-coverage\build-output\testhost.exe
TpTrace Verbose: 0 : 8940, 5, 2024/10/22, 14:58:15.725, 37947728320, vstest.console.dll, DotnetTestHostmanager: Full path of host exe is D:\C_sharp and dot net projects\Day29\EFWebApiSolution\EFWebApiTest\bin\Debug\net8.0\fine-code-coverage\build-output\testhost.exe
TpTrace Verbose: 0 : 8940, 5, 2024/10/22, 14:58:15.725, 37947729339, vstest.console.dll, DotnetTestHostmanager.LaunchTestHostAsync: Found 'VSTEST_WINAPPHOST_DOTNET_ROOT' in env variables, value 'C:\Program Files\dotnet', forwarding to 'DOTNET_ROOT'
TpTrace Verbose: 0 : 8940, 5, 2024/10/22, 14:58:15.725, 37947730296, vstest.console.dll, DotnetTestHostManager: Starting process 'D:\C_sharp and dot net projects\Day29\EFWebApiSolution\EFWebApiTest\bin\Debug\net8.0\fine-code-coverage\build-output\testhost.exe' with command line ' --runtimeconfig "D:\C_sharp and dot net projects\Day29\EFWebApiSolution\EFWebApiTest\bin\Debug\net8.0\fine-code-coverage\build-output\EFWebApiTest.runtimeconfig.json" --depsfile "D:\C_sharp and dot net projects\Day29\EFWebApiSolution\EFWebApiTest\bin\Debug\net8.0\fine-code-coverage\build-output\EFWebApiTest.deps.json" --port 50533 --endpoint 127.0.0.1:050533 --role client --parentprocessid 8940 --diag "D:\C_sharp and dot net projects\Day29\EFWebApiSolution\EFWebApiTest\bin\Debug\net8.0\fine-code-coverage\coverage-tool-output\diagnostics.host.24-10-22_14-58-15_72468_5.log" --tracelevel 4 --datacollectionport 50532 --telemetryoptedin false'
TpTrace Verbose: 0 : 8940, 5, 2024/10/22, 14:58:15.732, 37947799501, vstest.console.dll, MulticastDelegateUtilities.SafeInvoke: HostProviderEvents.OnHostLaunched: Invoking callback 1/2 for Microsoft.VisualStudio.TestPlatform.CrossPlatEngine.Client.ProxyExecutionManagerWithDataCollection., took 0 ms.
TpTrace Verbose: 0 : 8940, 5, 2024/10/22, 14:58:15.732, 37947802100, vstest.console.dll, Test Runtime launched
TpTrace Verbose: 0 : 8940, 5, 2024/10/22, 14:58:15.732, 37947802692, vstest.console.dll, MulticastDelegateUtilities.SafeInvoke: HostProviderEvents.OnHostLaunched: Invoking callback 2/2 for Microsoft.VisualStudio.TestPlatform.CrossPlatEngine.Client.ProxyOperationManager., took 0 ms.
TpTrace Verbose: 0 : 8940, 5, 2024/10/22, 14:58:15.733, 37947803733, vstest.console.dll, TestRequestSender.WaitForRequestHandlerConnection: waiting for connection with timeout: 90000.
TpTrace Verbose: 0 : 8940, 12, 2024/10/22, 14:58:15.875, 37949224743, vstest.console.dll, MulticastDelegateUtilities.SafeInvoke: SocketServer: ClientConnected: Invoking callback 1/1 for Microsoft.VisualStudio.TestPlatform.CommunicationUtilities.TestRequestSender., took 0 ms.
TpTrace Verbose: 0 : 8940, 5, 2024/10/22, 14:58:15.875, 37949225087, vstest.console.dll, TestRequestSender.WaitForRequestHandlerConnection: waiting took 142 ms, with timeout 90000 ms, and result 0, which is success.
TpTrace Verbose: 0 : 8940, 12, 2024/10/22, 14:58:15.875, 37949225496, vstest.console.dll, SocketServer.OnClientConnected: Client connected for endPoint: 127.0.0.1:50533, starting MessageLoopAsync:
TpTrace Verbose: 0 : 8940, 12, 2024/10/22, 14:58:15.875, 37949229893, vstest.console.dll, TcpClientExtensions.MessageLoopAsync: Polling on remoteEndPoint: 127.0.0.1:50534 localEndPoint: 127.0.0.1:50533 after 0 ms
TpTrace Verbose: 0 : 8940, 5, 2024/10/22, 14:58:15.876, 37949234254, vstest.console.dll, TestRequestSender.CheckVersionWithTestHost: Sending check version message: {"MessageType":"ProtocolVersion","Payload":7}
TpTrace Verbose: 0 : 8940, 12, 2024/10/22, 14:58:15.956, 37950039748, vstest.console.dll, TcpClientExtensions.MessageLoopAsync: NotifyDataAvailable remoteEndPoint: 127.0.0.1:50534 localEndPoint: 127.0.0.1:50533
TpTrace Verbose: 0 : 8940, 12, 2024/10/22, 14:58:15.956, 37950041390, vstest.console.dll, TestRequestSender.CheckVersionWithTestHost: onMessageReceived received message: (ProtocolVersion) -> {"MessageType":"ProtocolVersion","Payload":7}
TpTrace Verbose: 0 : 8940, 12, 2024/10/22, 14:58:15.957, 37950049330, vstest.console.dll, MulticastDelegateUtilities.SafeInvoke: LengthPrefixCommunicationChannel: MessageReceived: Invoking callback 1/1 for Microsoft.VisualStudio.TestPlatform.CommunicationUtilities.TestRequestSender+<>c__DisplayClass29_0., took 0 ms.
TpTrace Verbose: 0 : 8940, 12, 2024/10/22, 14:58:15.957, 37950050386, vstest.console.dll, TcpClientExtensions.MessageLoopAsync: Polling on remoteEndPoint: 127.0.0.1:50534 localEndPoint: 127.0.0.1:50533 after 82 ms
TpTrace Verbose: 0 : 8940, 5, 2024/10/22, 14:58:15.957, 37950051102, vstest.console.dll, TestPluginCache.GetExtensionPaths: Filtered extension paths: 
TpTrace Verbose: 0 : 8940, 5, 2024/10/22, 14:58:15.957, 37950051373, vstest.console.dll, TestPluginCache.GetExtensionPaths: Added default extension paths: C:\Program Files\dotnet\sdk\8.0.400\Extensions\Microsoft.Diagnostics.NETCore.Client.dll
C:\Program Files\dotnet\sdk\8.0.400\Extensions\Microsoft.TestPlatform.Extensions.BlameDataCollector.dll
C:\Program Files\dotnet\sdk\8.0.400\Extensions\Microsoft.TestPlatform.Extensions.EventLogCollector.dll
C:\Program Files\dotnet\sdk\8.0.400\Extensions\Microsoft.TestPlatform.TestHostRuntimeProvider.dll
C:\Program Files\dotnet\sdk\8.0.400\Extensions\Microsoft.VisualStudio.TestPlatform.Extensions.Html.TestLogger.dll
C:\Program Files\dotnet\sdk\8.0.400\Extensions\Microsoft.VisualStudio.TestPlatform.Extensions.Trx.TestLogger.dll
TpTrace Verbose: 0 : 8940, 5, 2024/10/22, 14:58:15.957, 37950051939, vstest.console.dll, TestPluginCache.GetExtensionPaths: Added unfilterableExtensionPaths: 
TpTrace Verbose: 0 : 8940, 5, 2024/10/22, 14:58:15.959, 37950068140, vstest.console.dll, TestRequestSender.InitializeExecution: Sending initialize execution with message: {"Version":7,"MessageType":"TestExecution.Initialize","Payload":["D:\\C_sharp and dot net projects\\Day29\\EFWebApiSolution\\EFWebApiTest\\bin\\Debug\\net8.0\\fine-code-coverage\\build-output\\NUnit3.TestAdapter.dll"]}
TpTrace Verbose: 0 : 8940, 5, 2024/10/22, 14:58:15.959, 37950069556, vstest.console.dll, ParallelProxyExecutionManager.StartTestRunOnConcurrentManager: Execution starting. Started clients: 1
TpTrace Verbose: 0 : 8940, 5, 2024/10/22, 14:58:15.959, 37950071239, vstest.console.dll, TestRunRequest:SendTestRunMessage: Starting.
TpTrace Verbose: 0 : 8940, 5, 2024/10/22, 14:58:15.959, 37950072310, vstest.console.dll, MulticastDelegateUtilities.SafeInvoke: TestRun.LogMessages: Invoking callback 1/1 for Microsoft.VisualStudio.TestPlatform.CommandLine.TestRunResultAggregator., took 0 ms.
TpTrace Information: 0 : 8940, 5, 2024/10/22, 14:58:15.959, 37950072560, vstest.console.dll, TestRunRequest:SendTestRunMessage: Completed.
TpTrace Verbose: 0 : 8940, 4, 2024/10/22, 14:58:15.960, 37950074157, vstest.console.dll, MulticastDelegateUtilities.SafeInvoke: InternalTestLoggerEvents.SendTestRunMessage: Invoking callback 1/1 for Microsoft.VisualStudio.TestPlatform.CommandLine.Internal.ConsoleLogger., took 0 ms.
TpTrace Warning: 0 : 8940, 5, 2024/10/22, 14:58:15.960, 37950074931, vstest.console.dll, InferRunSettingsHelper.MakeRunsettingsCompatible: Removing the following settings: TargetPlatform from RunSettings file. To use those settings please move to latest version of Microsoft.NET.Test.Sdk
TpTrace Verbose: 0 : 8940, 12, 2024/10/22, 14:58:15.962, 37950094353, vstest.console.dll, TcpClientExtensions.MessageLoopAsync: NotifyDataAvailable remoteEndPoint: 127.0.0.1:50534 localEndPoint: 127.0.0.1:50533
TpTrace Verbose: 0 : 8940, 12, 2024/10/22, 14:58:15.962, 37950096681, vstest.console.dll, TestRequestSender.OnExecutionMessageReceived: Received message: {"Version":7,"MessageType":"TestSession.Message","Payload":{"MessageLevel":0,"Message":"Logging TestHost Diagnostics in file: D:\\C_sharp and dot net projects\\Day29\\EFWebApiSolution\\EFWebApiTest\\bin\\Debug\\net8.0\\fine-code-coverage\\coverage-tool-output\\diagnostics.host.24-10-22_14-58-15_72468_5.log"}}
TpTrace Verbose: 0 : 8940, 12, 2024/10/22, 14:58:15.964, 37950117586, vstest.console.dll, TestRunRequest:SendTestRunMessage: Starting.
TpTrace Verbose: 0 : 8940, 5, 2024/10/22, 14:58:15.964, 37950118287, vstest.console.dll, TestRequestSender.StartTestRun: Sending test run with message: {"Version":7,"MessageType":"TestExecution.StartWithSources","Payload":{"AdapterSourceMap":{"_none_":["D:\\C_sharp and dot net projects\\Day29\\EFWebApiSolution\\EFWebApiTest\\bin\\Debug\\net8.0\\fine-code-coverage\\build-output\\EFWebApiTest.dll"]},"RunSettings":"<RunSettings>\r\n  <RunConfiguration>\r\n    <ResultsDirectory>D:\\C_sharp and dot net projects\\Day29\\EFWebApiSolution\\EFWebApiTest\\bin\\Debug\\net8.0\\fine-code-coverage\\coverage-tool-output</ResultsDirectory>\r\n    <TargetFrameworkVersion>.NETCoreApp,Version=v8.0</TargetFrameworkVersion>\r\n    <DesignMode>False</DesignMode>\r\n    <CollectSourceInformation>False</CollectSourceInformation>\r\n  </RunConfiguration>\r\n  <LoggerRunSettings>\r\n    <Loggers>\r\n      <Logger friendlyName=\"blame\" enabled=\"True\" />\r\n      <Logger friendlyName=\"Console\" uri=\"logger://microsoft/TestPlatform/ConsoleLogger/v1\" assemblyQualifiedName=\"Microsoft.VisualStudio.TestPlatform.CommandLine.Internal.ConsoleLogger, vstest.console, Version=15.0.0.0, Culture=neutral, PublicKeyToken=b03f5f7f11d50a3a\" codeBase=\"C:\\Program Files\\dotnet\\sdk\\8.0.400\\vstest.console.dll\" enabled=\"True\" />\r\n    </Loggers>\r\n  </LoggerRunSettings>\r\n  <DataCollectionRunSettings>\r\n    <DataCollectors>\r\n      <DataCollector friendlyName=\"blame\" enabled=\"True\">\r\n        <Configuration>\r\n          <ResultsDirectory>D:\\C_sharp and dot net projects\\Day29\\EFWebApiSolution\\EFWebApiTest\\bin\\Debug\\net8.0\\fine-code-coverage\\coverage-tool-output</ResultsDirectory>\r\n        </Configuration>\r\n      </DataCollector>\r\n    </DataCollectors>\r\n  </DataCollectionRunSettings>\r\n</RunSettings>","TestExecutionContext":{"FrequencyOfRunStatsChangeEvent":10,"RunStatsChangeEventTimeout":"00:00:01.5000000","InIsolation":false,"KeepAlive":false,"AreTestCaseLevelEventsRequired":false,"IsDebug":false,"TestCaseFilter":null,"FilterOptions":null},"Package":null}}
TpTrace Verbose: 0 : 8940, 12, 2024/10/22, 14:58:15.964, 37950118570, vstest.console.dll, MulticastDelegateUtilities.SafeInvoke: TestRun.LogMessages: Invoking callback 1/1 for Microsoft.VisualStudio.TestPlatform.CommandLine.TestRunResultAggregator., took 0 ms.
TpTrace Information: 0 : 8940, 12, 2024/10/22, 14:58:15.964, 37950119370, vstest.console.dll, TestRunRequest:SendTestRunMessage: Completed.
TpTrace Verbose: 0 : 8940, 4, 2024/10/22, 14:58:15.964, 37950119496, vstest.console.dll, MulticastDelegateUtilities.SafeInvoke: InternalTestLoggerEvents.SendTestRunMessage: Invoking callback 1/1 for Microsoft.VisualStudio.TestPlatform.CommandLine.Internal.ConsoleLogger., took 0 ms.
TpTrace Verbose: 0 : 8940, 12, 2024/10/22, 14:58:15.964, 37950119651, vstest.console.dll, MulticastDelegateUtilities.SafeInvoke: LengthPrefixCommunicationChannel: MessageReceived: Invoking callback 1/1 for Microsoft.VisualStudio.TestPlatform.CommunicationUtilities.TestRequestSender+<>c__DisplayClass34_0., took 2 ms.
TpTrace Verbose: 0 : 8940, 5, 2024/10/22, 14:58:15.964, 37950119602, vstest.console.dll, ParallelProxyExecutionManager.StartTestRunOnConcurrentManager: Execution started. Started clients: 1
TpTrace Verbose: 0 : 8940, 12, 2024/10/22, 14:58:15.964, 37950120775, vstest.console.dll, TcpClientExtensions.MessageLoopAsync: Polling on remoteEndPoint: 127.0.0.1:50534 localEndPoint: 127.0.0.1:50533 after 7 ms
TpTrace Verbose: 0 : 8940, 12, 2024/10/22, 14:58:16.065, 37951126058, vstest.console.dll, TcpClientExtensions.MessageLoopAsync: NotifyDataAvailable remoteEndPoint: 127.0.0.1:50534 localEndPoint: 127.0.0.1:50533
TpTrace Verbose: 0 : 8940, 12, 2024/10/22, 14:58:16.065, 37951127187, vstest.console.dll, TestRequestSender.OnExecutionMessageReceived: Received message: {"Version":7,"MessageType":"TestSession.Message","Payload":{"MessageLevel":0,"Message":"NUnit Adapter 4.5.0.0: Test execution started"}}
TpTrace Verbose: 0 : 8940, 12, 2024/10/22, 14:58:16.065, 37951128416, vstest.console.dll, TestRunRequest:SendTestRunMessage: Starting.
TpTrace Verbose: 0 : 8940, 12, 2024/10/22, 14:58:16.065, 37951128815, vstest.console.dll, MulticastDelegateUtilities.SafeInvoke: TestRun.LogMessages: Invoking callback 1/1 for Microsoft.VisualStudio.TestPlatform.CommandLine.TestRunResultAggregator., took 0 ms.
TpTrace Information: 0 : 8940, 12, 2024/10/22, 14:58:16.065, 37951129123, vstest.console.dll, TestRunRequest:SendTestRunMessage: Completed.
TpTrace Verbose: 0 : 8940, 12, 2024/10/22, 14:58:16.065, 37951129299, vstest.console.dll, MulticastDelegateUtilities.SafeInvoke: LengthPrefixCommunicationChannel: MessageReceived: Invoking callback 1/1 for Microsoft.VisualStudio.TestPlatform.CommunicationUtilities.TestRequestSender+<>c__DisplayClass34_0., took 0 ms.
TpTrace Verbose: 0 : 8940, 12, 2024/10/22, 14:58:16.065, 37951129452, vstest.console.dll, TcpClientExtensions.MessageLoopAsync: Polling on remoteEndPoint: 127.0.0.1:50534 localEndPoint: 127.0.0.1:50533 after 100 ms
TpTrace Verbose: 0 : 8940, 4, 2024/10/22, 14:58:16.065, 37951130215, vstest.console.dll, MulticastDelegateUtilities.SafeInvoke: InternalTestLoggerEvents.SendTestRunMessage: Invoking callback 1/1 for Microsoft.VisualStudio.TestPlatform.CommandLine.Internal.ConsoleLogger., took 0 ms.
TpTrace Verbose: 0 : 8940, 12, 2024/10/22, 14:58:16.081, 37951286901, vstest.console.dll, TcpClientExtensions.MessageLoopAsync: NotifyDataAvailable remoteEndPoint: 127.0.0.1:50534 localEndPoint: 127.0.0.1:50533
TpTrace Verbose: 0 : 8940, 12, 2024/10/22, 14:58:16.081, 37951288120, vstest.console.dll, TestRequestSender.OnExecutionMessageReceived: Received message: {"Version":7,"MessageType":"TestSession.Message","Payload":{"MessageLevel":0,"Message":"Running all tests in D:\\C_sharp and dot net projects\\Day29\\EFWebApiSolution\\EFWebApiTest\\bin\\Debug\\net8.0\\fine-code-coverage\\build-output\\EFWebApiTest.dll"}}
TpTrace Verbose: 0 : 8940, 12, 2024/10/22, 14:58:16.081, 37951288928, vstest.console.dll, TestRunRequest:SendTestRunMessage: Starting.
TpTrace Verbose: 0 : 8940, 12, 2024/10/22, 14:58:16.081, 37951289250, vstest.console.dll, MulticastDelegateUtilities.SafeInvoke: TestRun.LogMessages: Invoking callback 1/1 for Microsoft.VisualStudio.TestPlatform.CommandLine.TestRunResultAggregator., took 0 ms.
TpTrace Information: 0 : 8940, 12, 2024/10/22, 14:58:16.081, 37951289582, vstest.console.dll, TestRunRequest:SendTestRunMessage: Completed.
TpTrace Verbose: 0 : 8940, 12, 2024/10/22, 14:58:16.081, 37951289720, vstest.console.dll, MulticastDelegateUtilities.SafeInvoke: LengthPrefixCommunicationChannel: MessageReceived: Invoking callback 1/1 for Microsoft.VisualStudio.TestPlatform.CommunicationUtilities.TestRequestSender+<>c__DisplayClass34_0., took 0 ms.
TpTrace Verbose: 0 : 8940, 12, 2024/10/22, 14:58:16.081, 37951289871, vstest.console.dll, TcpClientExtensions.MessageLoopAsync: Polling on remoteEndPoint: 127.0.0.1:50534 localEndPoint: 127.0.0.1:50533 after 16 ms
TpTrace Verbose: 0 : 8940, 4, 2024/10/22, 14:58:16.081, 37951290692, vstest.console.dll, MulticastDelegateUtilities.SafeInvoke: InternalTestLoggerEvents.SendTestRunMessage: Invoking callback 1/1 for Microsoft.VisualStudio.TestPlatform.CommandLine.Internal.ConsoleLogger., took 0 ms.
TpTrace Verbose: 0 : 8940, 12, 2024/10/22, 14:58:16.157, 37952051116, vstest.console.dll, TcpClientExtensions.MessageLoopAsync: NotifyDataAvailable remoteEndPoint: 127.0.0.1:50534 localEndPoint: 127.0.0.1:50533
TpTrace Verbose: 0 : 8940, 12, 2024/10/22, 14:58:16.157, 37952053004, vstest.console.dll, TestRequestSender.OnExecutionMessageReceived: Received message: {"Version":7,"MessageType":"TestSession.Message","Payload":{"MessageLevel":0,"Message":"   NUnit3TestExecutor discovered 53 of 53 NUnit test cases using Current Discovery mode, Non-Explicit run"}}
TpTrace Verbose: 0 : 8940, 12, 2024/10/22, 14:58:16.158, 37952054174, vstest.console.dll, TestRunRequest:SendTestRunMessage: Starting.
TpTrace Verbose: 0 : 8940, 12, 2024/10/22, 14:58:16.158, 37952054630, vstest.console.dll, MulticastDelegateUtilities.SafeInvoke: TestRun.LogMessages: Invoking callback 1/1 for Microsoft.VisualStudio.TestPlatform.CommandLine.TestRunResultAggregator., took 0 ms.
TpTrace Information: 0 : 8940, 12, 2024/10/22, 14:58:16.158, 37952054901, vstest.console.dll, TestRunRequest:SendTestRunMessage: Completed.
TpTrace Verbose: 0 : 8940, 12, 2024/10/22, 14:58:16.158, 37952055126, vstest.console.dll, MulticastDelegateUtilities.SafeInvoke: LengthPrefixCommunicationChannel: MessageReceived: Invoking callback 1/1 for Microsoft.VisualStudio.TestPlatform.CommunicationUtilities.TestRequestSender+<>c__DisplayClass34_0., took 0 ms.
TpTrace Verbose: 0 : 8940, 12, 2024/10/22, 14:58:16.158, 37952055332, vstest.console.dll, TcpClientExtensions.MessageLoopAsync: Polling on remoteEndPoint: 127.0.0.1:50534 localEndPoint: 127.0.0.1:50533 after 76 ms
TpTrace Verbose: 0 : 8940, 4, 2024/10/22, 14:58:16.158, 37952055274, vstest.console.dll, MulticastDelegateUtilities.SafeInvoke: InternalTestLoggerEvents.SendTestRunMessage: Invoking callback 1/1 for Microsoft.VisualStudio.TestPlatform.CommandLine.Internal.ConsoleLogger., took 0 ms.
TpTrace Verbose: 0 : 8940, 12, 2024/10/22, 14:58:16.916, 37959639397, vstest.console.dll, TcpClientExtensions.MessageLoopAsync: NotifyDataAvailable remoteEndPoint: 127.0.0.1:50534 localEndPoint: 127.0.0.1:50533
TpTrace Verbose: 0 : 8940, 12, 2024/10/22, 14:58:16.917, 37959643763, vstest.console.dll, TestRequestSender.OnExecutionMessageReceived: Received message: {"Version":7,"MessageType":"TestExecution.StatsChange","Payload":{"NewTestResults":[{"TestCase":{"Id":"d531d5af-8e39-b06a-ca6e-957cf9720687","FullyQualifiedName":"EFWebApiTest.CustomerBasicServiceTest.CreateCustomerTest","DisplayName":"CreateCustomerTest","ExecutorUri":"executor://NUnit3TestExecutor","Source":"D:\\C_sharp and dot net projects\\Day29\\EFWebApiSolution\\EFWebApiTest\\bin\\Debug\\net8.0\\fine-code-coverage\\build-output\\EFWebApiTest.dll","CodeFilePath":null,"LineNumber":0,"Properties":[{"Key":{"Id":"NUnit.Seed","Label":"Seed","Category":"","Description":"","Attributes":0,"ValueType":"System.String"},"Value":"2080046741"}]},"Attachments":[],"Outcome":2,"ErrorMessage":"EFWebApiApp.Exceptions.CouldNotAddException : No message provided","ErrorStackTrace":"   at EFWebApiApp.Repositories.CustomerRepository.Add(Customer entity) in D:\\C_sharp and dot net projects\\Day29\\EFWebApiSolution\\EFWebApiApp\\Repositories\\CustomerRepository.cs:line 32\r\n   at EFWebApiApp.Services.CustomerBasicService.CreateCustomer(CustomerDTO customer) in D:\\C_sharp and dot net projects\\Day29\\EFWebApiSolution\\EFWebApiApp\\Services\\CustomerBasicService.cs:line 24\r\n   at EFWebApiTest.CustomerBasicServiceTest.CreateCustomerTest() in D:\\C_sharp and dot net projects\\Day29\\EFWebApiSolution\\EFWebApiTest\\CustomerBasicServiceTest.cs:line 63\r\n   at NUnit.Framework.Internal.TaskAwaitAdapter.GenericAdapter`1.GetResult()\r\n   at NUnit.Framework.Internal.AsyncToSyncAdapter.Await(Func`1 invoke)\r\n   at NUnit.Framework.Internal.Commands.TestMethodCommand.RunTestMethod(TestExecutionContext context)\r\n   at NUnit.Framework.Internal.Commands.TestMethodCommand.Execute(TestExecutionContext context)\r\n   at NUnit.Framework.Internal.Commands.BeforeAndAfterTestCommand.<>c__DisplayClass1_0.<Execute>b__0()\r\n   at NUnit.Framework.Internal.Commands.DelegatingTestCommand.RunTestMethodInThreadAbortSafeZone(TestExecutionContext context, Action action)\n","DisplayName":"CreateCustomerTest","Messages":[],"ComputerName":"LAPTOP-BJ9N1Q1E","Duration":"00:00:00.5649769","StartTime":"2024-10-22T09:28:16.1788947+00:00","EndTime":"2024-10-22T09:28:16.7438207+00:00","Properties":[{"Key":{"Id":"NUnit.Seed","Label":"Seed","Category":"","Description":"","Attributes":0,"ValueType":"System.String"},"Value":"2080046741"}]},{"TestCase":{"Id":"28c7558d-efcc-1182-ca0c-55401c371ded","FullyQualifiedName":"EFWebApiTest.CustomerControllerTest.CreateCustomerTest","DisplayName":"CreateCustomerTest","ExecutorUri":"executor://NUnit3TestExecutor","Source":"D:\\C_sharp and dot net projects\\Day29\\EFWebApiSolution\\EFWebApiTest\\bin\\Debug\\net8.0\\fine-code-coverage\\build-output\\EFWebApiTest.dll","CodeFilePath":null,"LineNumber":0,"Properties":[{"Key":{"Id":"NUnit.Seed","Label":"Seed","Category":"","Description":"","Attributes":0,"ValueType":"System.String"},"Value":"214178222"}]},"Attachments":[],"Outcome":1,"ErrorMessage":null,"ErrorStackTrace":null,"DisplayName":"CreateCustomerTest","Messages":[],"ComputerName":"LAPTOP-BJ9N1Q1E","Duration":"00:00:00.0116670","StartTime":"2024-10-22T09:28:16.7467877+00:00","EndTime":"2024-10-22T09:28:16.7584539+00:00","Properties":[{"Key":{"Id":"NUnit.Seed","Label":"Seed","Category":"","Description":"","Attributes":0,"ValueType":"System.String"},"Value":"214178222"}]},{"TestCase":{"Id":"f4616d3c-adf5-7ba9-9e8a-0cb541c15944","FullyQualifiedName":"EFWebApiTest.CustomerRepositoryTest.TestAddCustomer(\"Harry\",\"harry@example.com\",\"1234567890\",30,\"1994-06-15\")","DisplayName":"TestAddCustomer(\"Harry\",\"harry@example.com\",\"1234567890\",30,\"1994-06-15\")","ExecutorUri":"executor://NUnit3TestExecutor","Source":"D:\\C_sharp and dot net projects\\Day29\\EFWebApiSolution\\EFWebApiTest\\bin\\Debug\\net8.0\\fine-code-coverage\\build-output\\EFWebApiTest.dll","CodeFilePath":null,"LineNumber":0,"Properties":[{"Key":{"Id":"NUnit.Seed","Label":"Seed","Category":"","Description":"","Attributes":0,"ValueType":"System.String"},"Value":"220834796"}]},"Attachments":[],"Outcome":2,"ErrorMessage":"EFWebApiApp.Exceptions.CouldNotAddException : No message provided","ErrorStackTrace":"   at EFWebApiApp.Repositories.CustomerRepository.Add(Customer entity) in D:\\C_sharp and dot net projects\\Day29\\EFWebApiSolution\\EFWebApiApp\\Repositories\\CustomerRepository.cs:line 32\r\n   at EFWebApiTest.CustomerRepositoryTest.TestAddCustomer(String name, String email, String phone, Int32 age, String dob) in D:\\C_sharp and dot net projects\\Day29\\EFWebApiSolution\\EFWebApiTest\\CustomerRepositoryTest.cs:line 50\r\n   at NUnit.Framework.Internal.TaskAwaitAdapter.GenericAdapter`1.GetResult()\r\n   at NUnit.Framework.Internal.AsyncToSyncAdapter.Await(Func`1 invoke)\r\n   at NUnit.Framework.Internal.Commands.TestMethodCommand.RunTestMethod(TestExecutionContext context)\r\n   at NUnit.Framework.Internal.Commands.TestMethodCommand.Execute(TestExecutionContext context)\r\n   at NUnit.Framework.Internal.Commands.BeforeAndAfterTestCommand.<>c__DisplayClass1_0.<Execute>b__0()\r\n   at NUnit.Framework.Internal.Commands.DelegatingTestCommand.RunTestMethodInThreadAbortSafeZone(TestExecutionContext context, Action action)\n","DisplayName":"TestAddCustomer(\"Harry\",\"harry@example.com\",\"1234567890\",30,\"1994-06-15\")","Messages":[],"ComputerName":"LAPTOP-BJ9N1Q1E","Duration":"00:00:00.0208260","StartTime":"2024-10-22T09:28:16.7586839+00:00","EndTime":"2024-10-22T09:28:16.7795098+00:00","Properties":[{"Key":{"Id":"NUnit.Seed","Label":"Seed","Category":"","Description":"","Attributes":0,"ValueType":"System.String"},"Value":"220834796"}]},{"TestCase":{"Id":"7c3b9f0f-ef7a-4e5e-cc5f-24efffb532ed","FullyQualifiedName":"EFWebApiTest.CustomerRepositoryTest.TestAddCustomer(\"Hermione\",\"hermione@example.com\",\"0987654321\",25,\"1999-05-10\")","DisplayName":"TestAddCustomer(\"Hermione\",\"hermione@example.com\",\"0987654321\",25,\"1999-05-10\")","ExecutorUri":"executor://NUnit3TestExecutor","Source":"D:\\C_sharp and dot net projects\\Day29\\EFWebApiSolution\\EFWebApiTest\\bin\\Debug\\net8.0\\fine-code-coverage\\build-output\\EFWebApiTest.dll","CodeFilePath":null,"LineNumber":0,"Properties":[{"Key":{"Id":"NUnit.Seed","Label":"Seed","Category":"","Description":"","Attributes":0,"ValueType":"System.String"},"Value":"530315517"}]},"Attachments":[],"Outcome":2,"ErrorMessage":"EFWebApiApp.Exceptions.CouldNotAddException : No message provided","ErrorStackTrace":"   at EFWebApiApp.Repositories.CustomerRepository.Add(Customer entity) in D:\\C_sharp and dot net projects\\Day29\\EFWebApiSolution\\EFWebApiApp\\Repositories\\CustomerRepository.cs:line 32\r\n   at EFWebApiTest.CustomerRepositoryTest.TestAddCustomer(String name, String email, String phone, Int32 age, String dob) in D:\\C_sharp and dot net projects\\Day29\\EFWebApiSolution\\EFWebApiTest\\CustomerRepositoryTest.cs:line 50\r\n   at NUnit.Framework.Internal.TaskAwaitAdapter.GenericAdapter`1.GetResult()\r\n   at NUnit.Framework.Internal.AsyncToSyncAdapter.Await(Func`1 invoke)\r\n   at NUnit.Framework.Internal.Commands.TestMethodCommand.RunTestMethod(TestExecutionContext context)\r\n   at NUnit.Framework.Internal.Commands.TestMethodCommand.Execute(TestExecutionContext context)\r\n   at NUnit.Framework.Internal.Commands.BeforeAndAfterTestCommand.<>c__DisplayClass1_0.<Execute>b__0()\r\n   at NUnit.Framework.Internal.Commands.DelegatingTestCommand.RunTestMethodInThreadAbortSafeZone(TestExecutionContext context, Action action)\n","DisplayName":"TestAddCustomer(\"Hermione\",\"hermione@example.com\",\"0987654321\",25,\"1999-05-10\")","Messages":[],"ComputerName":"LAPTOP-BJ9N1Q1E","Duration":"00:00:00.0111000","StartTime":"2024-10-22T09:28:16.7795402+00:00","EndTime":"2024-10-22T09:28:16.7906399+00:00","Properties":[{"Key":{"Id":"NUnit.Seed","Label":"Seed","Category":"","Description":"","Attributes":0,"ValueType":"System.String"},"Value":"530315517"}]},{"TestCase":{"Id":"e17203bd-aaa6-b117-8371-6827478e6848","FullyQualifiedName":"EFWebApiTest.CustomerRepositoryTest.TestAddCustomer_Exception","DisplayName":"TestAddCustomer_Exception","ExecutorUri":"executor://NUnit3TestExecutor","Source":"D:\\C_sharp and dot net projects\\Day29\\EFWebApiSolution\\EFWebApiTest\\bin\\Debug\\net8.0\\fine-code-coverage\\build-output\\EFWebApiTest.dll","CodeFilePath":null,"LineNumber":0,"Properties":[{"Key":{"Id":"NUnit.Seed","Label":"Seed","Category":"","Description":"","Attributes":0,"ValueType":"System.String"},"Value":"1528055246"}]},"Attachments":[],"Outcome":1,"ErrorMessage":null,"ErrorStackTrace":null,"DisplayName":"TestAddCustomer_Exception","Messages":[],"ComputerName":"LAPTOP-BJ9N1Q1E","Duration":"00:00:00.0052860","StartTime":"2024-10-22T09:28:16.7906942+00:00","EndTime":"2024-10-22T09:28:16.7959799+00:00","Properties":[{"Key":{"Id":"NUnit.Seed","Label":"Seed","Category":"","Description":"","Attributes":0,"ValueType":"System.String"},"Value":"1528055246"}]},{"TestCase":{"Id":"6a9db64d-0d10-0b8b-1c8e-a9efcb26f272","FullyQualifiedName":"EFWebApiTest.CustomerRepositoryTest.TestDeleteCustomer(1,\"John Doe\",\"john@example.com\",\"1234567890\",30,\"1994-06-15\")","DisplayName":"TestDeleteCustomer(1,\"John Doe\",\"john@example.com\",\"1234567890\",30,\"1994-06-15\")","ExecutorUri":"executor://NUnit3TestExecutor","Source":"D:\\C_sharp and dot net projects\\Day29\\EFWebApiSolution\\EFWebApiTest\\bin\\Debug\\net8.0\\fine-code-coverage\\build-output\\EFWebApiTest.dll","CodeFilePath":null,"LineNumber":0,"Properties":[{"Key":{"Id":"NUnit.Seed","Label":"Seed","Category":"","Description":"","Attributes":0,"ValueType":"System.String"},"Value":"2134040615"}]},"Attachments":[],"Outcome":2,"ErrorMessage":"EFWebApiApp.Exceptions.CouldNotAddException : No message provided","ErrorStackTrace":"   at EFWebApiApp.Repositories.CustomerRepository.Add(Customer entity) in D:\\C_sharp and dot net projects\\Day29\\EFWebApiSolution\\EFWebApiApp\\Repositories\\CustomerRepository.cs:line 32\r\n   at EFWebApiTest.CustomerRepositoryTest.TestDeleteCustomer(Int32 id, String name, String email, String phone, Int32 age, String dob) in D:\\C_sharp and dot net projects\\Day29\\EFWebApiSolution\\EFWebApiTest\\CustomerRepositoryTest.cs:line 155\r\n   at NUnit.Framework.Internal.TaskAwaitAdapter.GenericAdapter`1.GetResult()\r\n   at NUnit.Framework.Internal.AsyncToSyncAdapter.Await(Func`1 invoke)\r\n   at NUnit.Framework.Internal.Commands.TestMethodCommand.RunTestMethod(TestExecutionContext context)\r\n   at NUnit.Framework.Internal.Commands.TestMethodCommand.Execute(TestExecutionContext context)\r\n   at NUnit.Framework.Internal.Commands.BeforeAndAfterTestCommand.<>c__DisplayClass1_0.<Execute>b__0()\r\n   at NUnit.Framework.Internal.Commands.DelegatingTestCommand.RunTestMethodInThreadAbortSafeZone(TestExecutionContext context, Action action)\n","DisplayName":"TestDeleteCustomer(1,\"John Doe\",\"john@example.com\",\"1234567890\",30,\"1994-06-15\")","Messages":[],"ComputerName":"LAPTOP-BJ9N1Q1E","Duration":"00:00:00.0012910","StartTime":"2024-10-22T09:28:16.7960275+00:00","EndTime":"2024-10-22T09:28:16.7973181+00:00","Properties":[{"Key":{"Id":"NUnit.Seed","Label":"Seed","Category":"","Description":"","Attributes":0,"ValueType":"System.String"},"Value":"2134040615"}]},{"TestCase":{"Id":"a7806a5d-8bf1-bd69-e36a-349673b208f5","FullyQualifiedName":"EFWebApiTest.CustomerRepositoryTest.TestDeleteCustomer_NotFound","DisplayName":"TestDeleteCustomer_NotFound","ExecutorUri":"executor://NUnit3TestExecutor","Source":"D:\\C_sharp and dot net projects\\Day29\\EFWebApiSolution\\EFWebApiTest\\bin\\Debug\\net8.0\\fine-code-coverage\\build-output\\EFWebApiTest.dll","CodeFilePath":null,"LineNumber":0,"Properties":[{"Key":{"Id":"NUnit.Seed","Label":"Seed","Category":"","Description":"","Attributes":0,"ValueType":"System.String"},"Value":"2103833289"}]},"Attachments":[],"Outcome":1,"ErrorMessage":null,"ErrorStackTrace":null,"DisplayName":"TestDeleteCustomer_NotFound","Messages":[],"ComputerName":"LAPTOP-BJ9N1Q1E","Duration":"00:00:00.0856080","StartTime":"2024-10-22T09:28:16.7973611+00:00","EndTime":"2024-10-22T09:28:16.8829692+00:00","Properties":[{"Key":{"Id":"NUnit.Seed","Label":"Seed","Category":"","Description":"","Attributes":0,"ValueType":"System.String"},"Value":"2103833289"}]},{"TestCase":{"Id":"5e4e8ac5-9a38-2e40-9cea-88c5e72c51db","FullyQualifiedName":"EFWebApiTest.CustomerRepositoryTest.TestGetAllCustomers","DisplayName":"TestGetAllCustomers","ExecutorUri":"executor://NUnit3TestExecutor","Source":"D:\\C_sharp and dot net projects\\Day29\\EFWebApiSolution\\EFWebApiTest\\bin\\Debug\\net8.0\\fine-code-coverage\\build-output\\EFWebApiTest.dll","CodeFilePath":null,"LineNumber":0,"Properties":[{"Key":{"Id":"NUnit.Seed","Label":"Seed","Category":"","Description":"","Attributes":0,"ValueType":"System.String"},"Value":"886320071"}]},"Attachments":[],"Outcome":2,"ErrorMessage":"EFWebApiApp.Exceptions.CouldNotAddException : No message provided","ErrorStackTrace":"   at EFWebApiApp.Repositories.CustomerRepository.Add(Customer entity) in D:\\C_sharp and dot net projects\\Day29\\EFWebApiSolution\\EFWebApiApp\\Repositories\\CustomerRepository.cs:line 32\r\n   at EFWebApiTest.CustomerRepositoryTest.TestGetAllCustomers() in D:\\C_sharp and dot net projects\\Day29\\EFWebApiSolution\\EFWebApiTest\\CustomerRepositoryTest.cs:line 124\r\n   at NUnit.Framework.Internal.TaskAwaitAdapter.GenericAdapter`1.GetResult()\r\n   at NUnit.Framework.Internal.AsyncToSyncAdapter.Await(Func`1 invoke)\r\n   at NUnit.Framework.Internal.Commands.TestMethodCommand.RunTestMethod(TestExecutionContext context)\r\n   at NUnit.Framework.Internal.Commands.TestMethodCommand.Execute(TestExecutionContext context)\r\n   at NUnit.Framework.Internal.Commands.BeforeAndAfterTestCommand.<>c__DisplayClass1_0.<Execute>b__0()\r\n   at NUnit.Framework.Internal.Commands.DelegatingTestCommand.RunTestMethodInThreadAbortSafeZone(TestExecutionContext context, Action action)\n","DisplayName":"TestGetAllCustomers","Messages":[],"ComputerName":"LAPTOP-BJ9N1Q1E","Duration":"00:00:00.0013270","StartTime":"2024-10-22T09:28:16.8829986+00:00","EndTime":"2024-10-22T09:28:16.884325+00:00","Properties":[{"Key":{"Id":"NUnit.Seed","Label":"Seed","Category":"","Description":"","Attributes":0,"ValueType":"System.String"},"Value":"886320071"}]},{"TestCase":{"Id":"c28eb9b7-2cb5-b3ee-5f6f-6023e84d19aa","FullyQualifiedName":"EFWebApiTest.CustomerRepositoryTest.TestGetAllCustomers_CollectionEmpty","DisplayName":"TestGetAllCustomers_CollectionEmpty","ExecutorUri":"executor://NUnit3TestExecutor","Source":"D:\\C_sharp and dot net projects\\Day29\\EFWebApiSolution\\EFWebApiTest\\bin\\Debug\\net8.0\\fine-code-coverage\\build-output\\EFWebApiTest.dll","CodeFilePath":null,"LineNumber":0,"Properties":[{"Key":{"Id":"NUnit.Seed","Label":"Seed","Category":"","Description":"","Attributes":0,"ValueType":"System.String"},"Value":"882235367"}]},"Attachments":[],"Outcome":1,"ErrorMessage":null,"ErrorStackTrace":null,"DisplayName":"TestGetAllCustomers_CollectionEmpty","Messages":[],"ComputerName":"LAPTOP-BJ9N1Q1E","Duration":"00:00:00.0092560","StartTime":"2024-10-22T09:28:16.8843543+00:00","EndTime":"2024-10-22T09:28:16.8936103+00:00","Properties":[{"Key":{"Id":"NUnit.Seed","Label":"Seed","Category":"","Description":"","Attributes":0,"ValueType":"System.String"},"Value":"882235367"}]}],"TestRunStatistics":{"ExecutedTests":9,"Stats":{"Failed":5,"Passed":4}},"ActiveTests":[{"Id":"89ee35af-4c35-8e17-686c-8ead8f8f7b48","FullyQualifiedName":"EFWebApiTest.CustomerRepositoryTest.TestGetCustomer(1,\"Harry\",\"harry@example.com\",\"1234567890\",30,\"1994-06-15\")","DisplayName":"TestGetCustomer(1,\"Harry\",\"harry@example.com\",\"1234567890\",30,\"1994-06-15\")","ExecutorUri":"executor://NUnit3TestExecutor","Source":"D:\\C_sharp and dot net projects\\Day29\\EFWebApiSolution\\EFWebApiTest\\bin\\Debug\\net8.0\\fine-code-coverage\\build-output\\EFWebApiTest.dll","CodeFilePath":null,"LineNumber":0,"Properties":[{"Key":{"Id":"NUnit.Seed","Label":"Seed","Category":"","Description":"","Attributes":0,"ValueType":"System.String"},"Value":"287624313"}]}]}}
TpTrace Verbose: 0 : 8940, 12, 2024/10/22, 14:58:16.941, 37959893443, vstest.console.dll, TestRunRequest:SendTestRunStatsChange: Starting.
TpTrace Verbose: 0 : 8940, 12, 2024/10/22, 14:58:16.942, 37959895192, vstest.console.dll, InProgress is TestGetCustomer(1,"Harry","harry@example.com","1234567890",30,"1994-06-15")
TpTrace Verbose: 0 : 8940, 12, 2024/10/22, 14:58:16.942, 37959896642, vstest.console.dll, MulticastDelegateUtilities.SafeInvoke: TestRun.RunStatsChanged: Invoking callbacks was skipped because there are no subscribers.
TpTrace Information: 0 : 8940, 12, 2024/10/22, 14:58:16.942, 37959897033, vstest.console.dll, TestRunRequest:SendTestRunStatsChange: Completed.
TpTrace Verbose: 0 : 8940, 12, 2024/10/22, 14:58:16.942, 37959897264, vstest.console.dll, MulticastDelegateUtilities.SafeInvoke: LengthPrefixCommunicationChannel: MessageReceived: Invoking callback 1/1 for Microsoft.VisualStudio.TestPlatform.CommunicationUtilities.TestRequestSender+<>c__DisplayClass34_0., took 25 ms.
TpTrace Verbose: 0 : 8940, 12, 2024/10/22, 14:58:16.942, 37959897571, vstest.console.dll, TcpClientExtensions.MessageLoopAsync: Polling on remoteEndPoint: 127.0.0.1:50534 localEndPoint: 127.0.0.1:50533 after 784 ms
TpTrace Verbose: 0 : 8940, 4, 2024/10/22, 14:58:16.944, 37959922610, vstest.console.dll, MulticastDelegateUtilities.SafeInvoke: InternalTestLoggerEvents.SendTestResult: Invoking callback 1/1 for Microsoft.VisualStudio.TestPlatform.CommandLine.Internal.ConsoleLogger., took 2 ms.
TpTrace Verbose: 0 : 8940, 4, 2024/10/22, 14:58:16.945, 37959926469, vstest.console.dll, MulticastDelegateUtilities.SafeInvoke: InternalTestLoggerEvents.SendTestResult: Invoking callback 1/1 for Microsoft.VisualStudio.TestPlatform.CommandLine.Internal.ConsoleLogger., took 0 ms.
TpTrace Verbose: 0 : 8940, 4, 2024/10/22, 14:58:16.945, 37959930141, vstest.console.dll, MulticastDelegateUtilities.SafeInvoke: InternalTestLoggerEvents.SendTestResult: Invoking callback 1/1 for Microsoft.VisualStudio.TestPlatform.CommandLine.Internal.ConsoleLogger., took 0 ms.
TpTrace Verbose: 0 : 8940, 4, 2024/10/22, 14:58:16.945, 37959931812, vstest.console.dll, MulticastDelegateUtilities.SafeInvoke: InternalTestLoggerEvents.SendTestResult: Invoking callback 1/1 for Microsoft.VisualStudio.TestPlatform.CommandLine.Internal.ConsoleLogger., took 0 ms.
TpTrace Verbose: 0 : 8940, 4, 2024/10/22, 14:58:16.945, 37959932217, vstest.console.dll, MulticastDelegateUtilities.SafeInvoke: InternalTestLoggerEvents.SendTestResult: Invoking callback 1/1 for Microsoft.VisualStudio.TestPlatform.CommandLine.Internal.ConsoleLogger., took 0 ms.
TpTrace Verbose: 0 : 8940, 4, 2024/10/22, 14:58:16.945, 37959933135, vstest.console.dll, MulticastDelegateUtilities.SafeInvoke: InternalTestLoggerEvents.SendTestResult: Invoking callback 1/1 for Microsoft.VisualStudio.TestPlatform.CommandLine.Internal.ConsoleLogger., took 0 ms.
TpTrace Verbose: 0 : 8940, 4, 2024/10/22, 14:58:16.945, 37959933359, vstest.console.dll, MulticastDelegateUtilities.SafeInvoke: InternalTestLoggerEvents.SendTestResult: Invoking callback 1/1 for Microsoft.VisualStudio.TestPlatform.CommandLine.Internal.ConsoleLogger., took 0 ms.
TpTrace Verbose: 0 : 8940, 4, 2024/10/22, 14:58:16.946, 37959934148, vstest.console.dll, MulticastDelegateUtilities.SafeInvoke: InternalTestLoggerEvents.SendTestResult: Invoking callback 1/1 for Microsoft.VisualStudio.TestPlatform.CommandLine.Internal.ConsoleLogger., took 0 ms.
TpTrace Verbose: 0 : 8940, 4, 2024/10/22, 14:58:16.946, 37959942844, vstest.console.dll, MulticastDelegateUtilities.SafeInvoke: InternalTestLoggerEvents.SendTestResult: Invoking callback 1/1 for Microsoft.VisualStudio.TestPlatform.CommandLine.Internal.ConsoleLogger., took 0 ms.
TpTrace Verbose: 0 : 8940, 12, 2024/10/22, 14:58:17.001, 37960492371, vstest.console.dll, TcpClientExtensions.MessageLoopAsync: NotifyDataAvailable remoteEndPoint: 127.0.0.1:50534 localEndPoint: 127.0.0.1:50533
TpTrace Verbose: 0 : 8940, 12, 2024/10/22, 14:58:17.002, 37960496867, vstest.console.dll, TestRequestSender.OnExecutionMessageReceived: Received message: {"Version":7,"MessageType":"TestExecution.StatsChange","Payload":{"NewTestResults":[{"TestCase":{"Id":"89ee35af-4c35-8e17-686c-8ead8f8f7b48","FullyQualifiedName":"EFWebApiTest.CustomerRepositoryTest.TestGetCustomer(1,\"Harry\",\"harry@example.com\",\"1234567890\",30,\"1994-06-15\")","DisplayName":"TestGetCustomer(1,\"Harry\",\"harry@example.com\",\"1234567890\",30,\"1994-06-15\")","ExecutorUri":"executor://NUnit3TestExecutor","Source":"D:\\C_sharp and dot net projects\\Day29\\EFWebApiSolution\\EFWebApiTest\\bin\\Debug\\net8.0\\fine-code-coverage\\build-output\\EFWebApiTest.dll","CodeFilePath":null,"LineNumber":0,"Properties":[{"Key":{"Id":"NUnit.Seed","Label":"Seed","Category":"","Description":"","Attributes":0,"ValueType":"System.String"},"Value":"287624313"}]},"Attachments":[],"Outcome":2,"ErrorMessage":"EFWebApiApp.Exceptions.CouldNotAddException : No message provided","ErrorStackTrace":"   at EFWebApiApp.Repositories.CustomerRepository.Add(Customer entity) in D:\\C_sharp and dot net projects\\Day29\\EFWebApiSolution\\EFWebApiApp\\Repositories\\CustomerRepository.cs:line 32\r\n   at EFWebApiTest.CustomerRepositoryTest.TestGetCustomer(Int32 id, String name, String email, String phone, Int32 age, String dob) in D:\\C_sharp and dot net projects\\Day29\\EFWebApiSolution\\EFWebApiTest\\CustomerRepositoryTest.cs:line 87\r\n   at NUnit.Framework.Internal.TaskAwaitAdapter.GenericAdapter`1.GetResult()\r\n   at NUnit.Framework.Internal.AsyncToSyncAdapter.Await(Func`1 invoke)\r\n   at NUnit.Framework.Internal.Commands.TestMethodCommand.RunTestMethod(TestExecutionContext context)\r\n   at NUnit.Framework.Internal.Commands.TestMethodCommand.Execute(TestExecutionContext context)\r\n   at NUnit.Framework.Internal.Commands.BeforeAndAfterTestCommand.<>c__DisplayClass1_0.<Execute>b__0()\r\n   at NUnit.Framework.Internal.Commands.DelegatingTestCommand.RunTestMethodInThreadAbortSafeZone(TestExecutionContext context, Action action)\n","DisplayName":"TestGetCustomer(1,\"Harry\",\"harry@example.com\",\"1234567890\",30,\"1994-06-15\")","Messages":[],"ComputerName":"LAPTOP-BJ9N1Q1E","Duration":"00:00:00.0013250","StartTime":"2024-10-22T09:28:16.8936636+00:00","EndTime":"2024-10-22T09:28:16.8949882+00:00","Properties":[{"Key":{"Id":"NUnit.Seed","Label":"Seed","Category":"","Description":"","Attributes":0,"ValueType":"System.String"},"Value":"287624313"}]},{"TestCase":{"Id":"56319381-fe76-9782-5917-70d192c4ac9d","FullyQualifiedName":"EFWebApiTest.CustomerRepositoryTest.TestUpdateCustomer(1,\"John Doe\",\"john@example.com\",\"1234567890\",30,\"1994-06-15\",\"Updated Name\",\"updated@example.com\",\"9876543210\",40)","DisplayName":"TestUpdateCustomer(1,\"John Doe\",\"john@example.com\",\"1234567890\",30,\"1994-06-15\",\"Updated Name\",\"updated@example.com\",\"9876543210\",40)","ExecutorUri":"executor://NUnit3TestExecutor","Source":"D:\\C_sharp and dot net projects\\Day29\\EFWebApiSolution\\EFWebApiTest\\bin\\Debug\\net8.0\\fine-code-coverage\\build-output\\EFWebApiTest.dll","CodeFilePath":null,"LineNumber":0,"Properties":[{"Key":{"Id":"NUnit.Seed","Label":"Seed","Category":"","Description":"","Attributes":0,"ValueType":"System.String"},"Value":"1260802931"}]},"Attachments":[],"Outcome":2,"ErrorMessage":"EFWebApiApp.Exceptions.CouldNotAddException : No message provided","ErrorStackTrace":"   at EFWebApiApp.Repositories.CustomerRepository.Add(Customer entity) in D:\\C_sharp and dot net projects\\Day29\\EFWebApiSolution\\EFWebApiApp\\Repositories\\CustomerRepository.cs:line 32\r\n   at EFWebApiTest.CustomerRepositoryTest.TestUpdateCustomer(Int32 id, String name, String email, String phone, Int32 age, String dob, String updatedName, String updatedEmail, String updatedPhone, Int32 updatedAge) in D:\\C_sharp and dot net projects\\Day29\\EFWebApiSolution\\EFWebApiTest\\CustomerRepositoryTest.cs:line 185\r\n   at NUnit.Framework.Internal.TaskAwaitAdapter.GenericAdapter`1.GetResult()\r\n   at NUnit.Framework.Internal.AsyncToSyncAdapter.Await(Func`1 invoke)\r\n   at NUnit.Framework.Internal.Commands.TestMethodCommand.RunTestMethod(TestExecutionContext context)\r\n   at NUnit.Framework.Internal.Commands.TestMethodCommand.Execute(TestExecutionContext context)\r\n   at NUnit.Framework.Internal.Commands.BeforeAndAfterTestCommand.<>c__DisplayClass1_0.<Execute>b__0()\r\n   at NUnit.Framework.Internal.Commands.DelegatingTestCommand.RunTestMethodInThreadAbortSafeZone(TestExecutionContext context, Action action)\n","DisplayName":"TestUpdateCustomer(1,\"John Doe\",\"john@example.com\",\"1234567890\",30,\"1994-06-15\",\"Updated Name\",\"updated@example.com\",\"9876543210\",40)","Messages":[],"ComputerName":"LAPTOP-BJ9N1Q1E","Duration":"00:00:00.0019330","StartTime":"2024-10-22T09:28:16.8952169+00:00","EndTime":"2024-10-22T09:28:16.8971493+00:00","Properties":[{"Key":{"Id":"NUnit.Seed","Label":"Seed","Category":"","Description":"","Attributes":0,"ValueType":"System.String"},"Value":"1260802931"}]},{"TestCase":{"Id":"7c00f72f-566a-cfaf-84c6-3bef4eec7a56","FullyQualifiedName":"EFWebApiTest.CustomerRepositoryTest.TestUpdateCustomer_NotFound","DisplayName":"TestUpdateCustomer_NotFound","ExecutorUri":"executor://NUnit3TestExecutor","Source":"D:\\C_sharp and dot net projects\\Day29\\EFWebApiSolution\\EFWebApiTest\\bin\\Debug\\net8.0\\fine-code-coverage\\build-output\\EFWebApiTest.dll","CodeFilePath":null,"LineNumber":0,"Properties":[{"Key":{"Id":"NUnit.Seed","Label":"Seed","Category":"","Description":"","Attributes":0,"ValueType":"System.String"},"Value":"1459618730"}]},"Attachments":[],"Outcome":1,"ErrorMessage":null,"ErrorStackTrace":null,"DisplayName":"TestUpdateCustomer_NotFound","Messages":[],"ComputerName":"LAPTOP-BJ9N1Q1E","Duration":"00:00:00.0042980","StartTime":"2024-10-22T09:28:16.8975295+00:00","EndTime":"2024-10-22T09:28:16.9018272+00:00","Properties":[{"Key":{"Id":"NUnit.Seed","Label":"Seed","Category":"","Description":"","Attributes":0,"ValueType":"System.String"},"Value":"1459618730"}]},{"TestCase":{"Id":"5c355186-5b46-6f50-7391-8692eae8a711","FullyQualifiedName":"EFWebApiTest.ProductControllerTest.AddProductTest","DisplayName":"AddProductTest","ExecutorUri":"executor://NUnit3TestExecutor","Source":"D:\\C_sharp and dot net projects\\Day29\\EFWebApiSolution\\EFWebApiTest\\bin\\Debug\\net8.0\\fine-code-coverage\\build-output\\EFWebApiTest.dll","CodeFilePath":null,"LineNumber":0,"Properties":[{"Key":{"Id":"NUnit.Seed","Label":"Seed","Category":"","Description":"","Attributes":0,"ValueType":"System.String"},"Value":"2088498998"}]},"Attachments":[],"Outcome":1,"ErrorMessage":null,"ErrorStackTrace":null,"DisplayName":"AddProductTest","Messages":[],"ComputerName":"LAPTOP-BJ9N1Q1E","Duration":"00:00:00.0519050","StartTime":"2024-10-22T09:28:16.9020309+00:00","EndTime":"2024-10-22T09:28:16.9539362+00:00","Properties":[{"Key":{"Id":"NUnit.Seed","Label":"Seed","Category":"","Description":"","Attributes":0,"ValueType":"System.String"},"Value":"2088498998"}]},{"TestCase":{"Id":"f17b966b-5cdb-39a6-6247-fdf49a4e6447","FullyQualifiedName":"EFWebApiTest.ProductImageControllerTest.AddProductImagesTest","DisplayName":"AddProductImagesTest","ExecutorUri":"executor://NUnit3TestExecutor","Source":"D:\\C_sharp and dot net projects\\Day29\\EFWebApiSolution\\EFWebApiTest\\bin\\Debug\\net8.0\\fine-code-coverage\\build-output\\EFWebApiTest.dll","CodeFilePath":null,"LineNumber":0,"Properties":[{"Key":{"Id":"NUnit.Seed","Label":"Seed","Category":"","Description":"","Attributes":0,"ValueType":"System.String"},"Value":"2027747603"}]},"Attachments":[],"Outcome":1,"ErrorMessage":null,"ErrorStackTrace":null,"DisplayName":"AddProductImagesTest","Messages":[],"ComputerName":"LAPTOP-BJ9N1Q1E","Duration":"00:00:00.0267920","StartTime":"2024-10-22T09:28:16.9542234+00:00","EndTime":"2024-10-22T09:28:16.9810152+00:00","Properties":[{"Key":{"Id":"NUnit.Seed","Label":"Seed","Category":"","Description":"","Attributes":0,"ValueType":"System.String"},"Value":"2027747603"}]},{"TestCase":{"Id":"72b0cc12-ebb2-f12d-a6ae-e41871db5411","FullyQualifiedName":"EFWebApiTest.ProductImageRepositoryTest.TestAdd(\"https://example.com/image1.jpg\",1)","DisplayName":"TestAdd(\"https://example.com/image1.jpg\",1)","ExecutorUri":"executor://NUnit3TestExecutor","Source":"D:\\C_sharp and dot net projects\\Day29\\EFWebApiSolution\\EFWebApiTest\\bin\\Debug\\net8.0\\fine-code-coverage\\build-output\\EFWebApiTest.dll","CodeFilePath":null,"LineNumber":0,"Properties":[{"Key":{"Id":"NUnit.Seed","Label":"Seed","Category":"","Description":"","Attributes":0,"ValueType":"System.String"},"Value":"1001103757"}]},"Attachments":[],"Outcome":1,"ErrorMessage":null,"ErrorStackTrace":null,"DisplayName":"TestAdd(\"https://example.com/image1.jpg\",1)","Messages":[],"ComputerName":"LAPTOP-BJ9N1Q1E","Duration":"00:00:00.0016720","StartTime":"2024-10-22T09:28:16.9812185+00:00","EndTime":"2024-10-22T09:28:16.9828903+00:00","Properties":[{"Key":{"Id":"NUnit.Seed","Label":"Seed","Category":"","Description":"","Attributes":0,"ValueType":"System.String"},"Value":"1001103757"}]},{"TestCase":{"Id":"5b47e4df-7ff2-8daf-7819-05243ce6e661","FullyQualifiedName":"EFWebApiTest.ProductImageRepositoryTest.TestAdd(\"https://example.com/image2.jpg\",2)","DisplayName":"TestAdd(\"https://example.com/image2.jpg\",2)","ExecutorUri":"executor://NUnit3TestExecutor","Source":"D:\\C_sharp and dot net projects\\Day29\\EFWebApiSolution\\EFWebApiTest\\bin\\Debug\\net8.0\\fine-code-coverage\\build-output\\EFWebApiTest.dll","CodeFilePath":null,"LineNumber":0,"Properties":[{"Key":{"Id":"NUnit.Seed","Label":"Seed","Category":"","Description":"","Attributes":0,"ValueType":"System.String"},"Value":"949649827"}]},"Attachments":[],"Outcome":1,"ErrorMessage":null,"ErrorStackTrace":null,"DisplayName":"TestAdd(\"https://example.com/image2.jpg\",2)","Messages":[],"ComputerName":"LAPTOP-BJ9N1Q1E","Duration":"00:00:00.0009780","StartTime":"2024-10-22T09:28:16.9830117+00:00","EndTime":"2024-10-22T09:28:16.9839899+00:00","Properties":[{"Key":{"Id":"NUnit.Seed","Label":"Seed","Category":"","Description":"","Attributes":0,"ValueType":"System.String"},"Value":"949649827"}]},{"TestCase":{"Id":"ae8e8ad2-ace6-4699-9656-cb0b27f70469","FullyQualifiedName":"EFWebApiTest.ProductImageRepositoryTest.TestAddException","DisplayName":"TestAddException","ExecutorUri":"executor://NUnit3TestExecutor","Source":"D:\\C_sharp and dot net projects\\Day29\\EFWebApiSolution\\EFWebApiTest\\bin\\Debug\\net8.0\\fine-code-coverage\\build-output\\EFWebApiTest.dll","CodeFilePath":null,"LineNumber":0,"Properties":[{"Key":{"Id":"NUnit.Seed","Label":"Seed","Category":"","Description":"","Attributes":0,"ValueType":"System.String"},"Value":"1418570416"}]},"Attachments":[],"Outcome":1,"ErrorMessage":null,"ErrorStackTrace":null,"DisplayName":"TestAddException","Messages":[],"ComputerName":"LAPTOP-BJ9N1Q1E","Duration":"00:00:00.0020790","StartTime":"2024-10-22T09:28:16.9840211+00:00","EndTime":"2024-10-22T09:28:16.9860996+00:00","Properties":[{"Key":{"Id":"NUnit.Seed","Label":"Seed","Category":"","Description":"","Attributes":0,"ValueType":"System.String"},"Value":"1418570416"}]},{"TestCase":{"Id":"8c5e6ef5-3657-96fd-8cbb-841a7fb9e37a","FullyQualifiedName":"EFWebApiTest.ProductImageRepositoryTest.TestDelete(1)","DisplayName":"TestDelete(1)","ExecutorUri":"executor://NUnit3TestExecutor","Source":"D:\\C_sharp and dot net projects\\Day29\\EFWebApiSolution\\EFWebApiTest\\bin\\Debug\\net8.0\\fine-code-coverage\\build-output\\EFWebApiTest.dll","CodeFilePath":null,"LineNumber":0,"Properties":[{"Key":{"Id":"NUnit.Seed","Label":"Seed","Category":"","Description":"","Attributes":0,"ValueType":"System.String"},"Value":"1577375867"}]},"Attachments":[],"Outcome":2,"ErrorMessage":"EFWebApiApp.Exceptions.CouldNotAddException : No message provided","ErrorStackTrace":"   at EFWebApiApp.Repositories.ProductImageRepository.Add(ProductImage entity) in D:\\C_sharp and dot net projects\\Day29\\EFWebApiSolution\\EFWebApiApp\\Repositories\\ProductImageRepository.cs:line 31\r\n   at EFWebApiTest.ProductImageRepositoryTest.TestDelete(Int32 imageId) in D:\\C_sharp and dot net projects\\Day29\\EFWebApiSolution\\EFWebApiTest\\ProductImageRepositoryTest.cs:line 137\r\n   at NUnit.Framework.Internal.TaskAwaitAdapter.GenericAdapter`1.GetResult()\r\n   at NUnit.Framework.Internal.AsyncToSyncAdapter.Await(Func`1 invoke)\r\n   at NUnit.Framework.Internal.Commands.TestMethodCommand.RunTestMethod(TestExecutionContext context)\r\n   at NUnit.Framework.Internal.Commands.TestMethodCommand.Execute(TestExecutionContext context)\r\n   at NUnit.Framework.Internal.Commands.BeforeAndAfterTestCommand.<>c__DisplayClass1_0.<Execute>b__0()\r\n   at NUnit.Framework.Internal.Commands.DelegatingTestCommand.RunTestMethodInThreadAbortSafeZone(TestExecutionContext context, Action action)\n","DisplayName":"TestDelete(1)","Messages":[],"ComputerName":"LAPTOP-BJ9N1Q1E","Duration":"00:00:00.0072640","StartTime":"2024-10-22T09:28:16.9861808+00:00","EndTime":"2024-10-22T09:28:16.9934444+00:00","Properties":[{"Key":{"Id":"NUnit.Seed","Label":"Seed","Category":"","Description":"","Attributes":0,"ValueType":"System.String"},"Value":"1577375867"}]}],"TestRunStatistics":{"ExecutedTests":18,"Stats":{"Failed":8,"Passed":10}},"ActiveTests":[{"Id":"6b5a01a1-53ad-416e-a66f-35aa3f967c17","FullyQualifiedName":"EFWebApiTest.ProductImageRepositoryTest.TestDeleteException","DisplayName":"TestDeleteException","ExecutorUri":"executor://NUnit3TestExecutor","Source":"D:\\C_sharp and dot net projects\\Day29\\EFWebApiSolution\\EFWebApiTest\\bin\\Debug\\net8.0\\fine-code-coverage\\build-output\\EFWebApiTest.dll","CodeFilePath":null,"LineNumber":0,"Properties":[{"Key":{"Id":"NUnit.Seed","Label":"Seed","Category":"","Description":"","Attributes":0,"ValueType":"System.String"},"Value":"1800047218"}]}]}}
TpTrace Verbose: 0 : 8940, 12, 2024/10/22, 14:58:17.005, 37960524265, vstest.console.dll, TestRunRequest:SendTestRunStatsChange: Starting.
TpTrace Verbose: 0 : 8940, 12, 2024/10/22, 14:58:17.005, 37960526178, vstest.console.dll, InProgress is TestDeleteException
TpTrace Verbose: 0 : 8940, 12, 2024/10/22, 14:58:17.005, 37960526802, vstest.console.dll, MulticastDelegateUtilities.SafeInvoke: TestRun.RunStatsChanged: Invoking callbacks was skipped because there are no subscribers.
TpTrace Information: 0 : 8940, 12, 2024/10/22, 14:58:17.005, 37960527158, vstest.console.dll, TestRunRequest:SendTestRunStatsChange: Completed.
TpTrace Verbose: 0 : 8940, 12, 2024/10/22, 14:58:17.005, 37960527366, vstest.console.dll, MulticastDelegateUtilities.SafeInvoke: LengthPrefixCommunicationChannel: MessageReceived: Invoking callback 1/1 for Microsoft.VisualStudio.TestPlatform.CommunicationUtilities.TestRequestSender+<>c__DisplayClass34_0., took 3 ms.
TpTrace Verbose: 0 : 8940, 12, 2024/10/22, 14:58:17.005, 37960527640, vstest.console.dll, TcpClientExtensions.MessageLoopAsync: Polling on remoteEndPoint: 127.0.0.1:50534 localEndPoint: 127.0.0.1:50533 after 62 ms
TpTrace Verbose: 0 : 8940, 4, 2024/10/22, 14:58:17.005, 37960531442, vstest.console.dll, MulticastDelegateUtilities.SafeInvoke: InternalTestLoggerEvents.SendTestResult: Invoking callback 1/1 for Microsoft.VisualStudio.TestPlatform.CommandLine.Internal.ConsoleLogger., took 0 ms.
TpTrace Verbose: 0 : 8940, 4, 2024/10/22, 14:58:17.006, 37960534743, vstest.console.dll, MulticastDelegateUtilities.SafeInvoke: InternalTestLoggerEvents.SendTestResult: Invoking callback 1/1 for Microsoft.VisualStudio.TestPlatform.CommandLine.Internal.ConsoleLogger., took 0 ms.
TpTrace Verbose: 0 : 8940, 4, 2024/10/22, 14:58:17.006, 37960535765, vstest.console.dll, MulticastDelegateUtilities.SafeInvoke: InternalTestLoggerEvents.SendTestResult: Invoking callback 1/1 for Microsoft.VisualStudio.TestPlatform.CommandLine.Internal.ConsoleLogger., took 0 ms.
TpTrace Verbose: 0 : 8940, 4, 2024/10/22, 14:58:17.006, 37960536799, vstest.console.dll, MulticastDelegateUtilities.SafeInvoke: InternalTestLoggerEvents.SendTestResult: Invoking callback 1/1 for Microsoft.VisualStudio.TestPlatform.CommandLine.Internal.ConsoleLogger., took 0 ms.
TpTrace Verbose: 0 : 8940, 4, 2024/10/22, 14:58:17.006, 37960537676, vstest.console.dll, MulticastDelegateUtilities.SafeInvoke: InternalTestLoggerEvents.SendTestResult: Invoking callback 1/1 for Microsoft.VisualStudio.TestPlatform.CommandLine.Internal.ConsoleLogger., took 0 ms.
TpTrace Verbose: 0 : 8940, 4, 2024/10/22, 14:58:17.006, 37960538442, vstest.console.dll, MulticastDelegateUtilities.SafeInvoke: InternalTestLoggerEvents.SendTestResult: Invoking callback 1/1 for Microsoft.VisualStudio.TestPlatform.CommandLine.Internal.ConsoleLogger., took 0 ms.
TpTrace Verbose: 0 : 8940, 4, 2024/10/22, 14:58:17.006, 37960539369, vstest.console.dll, MulticastDelegateUtilities.SafeInvoke: InternalTestLoggerEvents.SendTestResult: Invoking callback 1/1 for Microsoft.VisualStudio.TestPlatform.CommandLine.Internal.ConsoleLogger., took 0 ms.
TpTrace Verbose: 0 : 8940, 4, 2024/10/22, 14:58:17.006, 37960540005, vstest.console.dll, MulticastDelegateUtilities.SafeInvoke: InternalTestLoggerEvents.SendTestResult: Invoking callback 1/1 for Microsoft.VisualStudio.TestPlatform.CommandLine.Internal.ConsoleLogger., took 0 ms.
TpTrace Verbose: 0 : 8940, 4, 2024/10/22, 14:58:17.006, 37960543175, vstest.console.dll, MulticastDelegateUtilities.SafeInvoke: InternalTestLoggerEvents.SendTestResult: Invoking callback 1/1 for Microsoft.VisualStudio.TestPlatform.CommandLine.Internal.ConsoleLogger., took 0 ms.
TpTrace Verbose: 0 : 8940, 12, 2024/10/22, 14:58:17.052, 37961003344, vstest.console.dll, TcpClientExtensions.MessageLoopAsync: NotifyDataAvailable remoteEndPoint: 127.0.0.1:50534 localEndPoint: 127.0.0.1:50533
TpTrace Verbose: 0 : 8940, 12, 2024/10/22, 14:58:17.053, 37961006012, vstest.console.dll, TestRequestSender.OnExecutionMessageReceived: Received message: {"Version":7,"MessageType":"TestExecution.StatsChange","Payload":{"NewTestResults":[{"TestCase":{"Id":"6b5a01a1-53ad-416e-a66f-35aa3f967c17","FullyQualifiedName":"EFWebApiTest.ProductImageRepositoryTest.TestDeleteException","DisplayName":"TestDeleteException","ExecutorUri":"executor://NUnit3TestExecutor","Source":"D:\\C_sharp and dot net projects\\Day29\\EFWebApiSolution\\EFWebApiTest\\bin\\Debug\\net8.0\\fine-code-coverage\\build-output\\EFWebApiTest.dll","CodeFilePath":null,"LineNumber":0,"Properties":[{"Key":{"Id":"NUnit.Seed","Label":"Seed","Category":"","Description":"","Attributes":0,"ValueType":"System.String"},"Value":"1800047218"}]},"Attachments":[],"Outcome":1,"ErrorMessage":null,"ErrorStackTrace":null,"DisplayName":"TestDeleteException","Messages":[],"ComputerName":"LAPTOP-BJ9N1Q1E","Duration":"00:00:00.0018200","StartTime":"2024-10-22T09:28:16.9934819+00:00","EndTime":"2024-10-22T09:28:16.9953016+00:00","Properties":[{"Key":{"Id":"NUnit.Seed","Label":"Seed","Category":"","Description":"","Attributes":0,"ValueType":"System.String"},"Value":"1800047218"}]},{"TestCase":{"Id":"00ab4f52-bd43-4a0f-26e4-4f4400b04fa4","FullyQualifiedName":"EFWebApiTest.ProductImageRepositoryTest.TestGet(1)","DisplayName":"TestGet(1)","ExecutorUri":"executor://NUnit3TestExecutor","Source":"D:\\C_sharp and dot net projects\\Day29\\EFWebApiSolution\\EFWebApiTest\\bin\\Debug\\net8.0\\fine-code-coverage\\build-output\\EFWebApiTest.dll","CodeFilePath":null,"LineNumber":0,"Properties":[{"Key":{"Id":"NUnit.Seed","Label":"Seed","Category":"","Description":"","Attributes":0,"ValueType":"System.String"},"Value":"781539408"}]},"Attachments":[],"Outcome":2,"ErrorMessage":"EFWebApiApp.Exceptions.CouldNotAddException : No message provided","ErrorStackTrace":"   at EFWebApiApp.Repositories.ProductImageRepository.Add(ProductImage entity) in D:\\C_sharp and dot net projects\\Day29\\EFWebApiSolution\\EFWebApiApp\\Repositories\\ProductImageRepository.cs:line 31\r\n   at EFWebApiTest.ProductImageRepositoryTest.TestGet(Int32 imageId) in D:\\C_sharp and dot net projects\\Day29\\EFWebApiSolution\\EFWebApiTest\\ProductImageRepositoryTest.cs:line 79\r\n   at NUnit.Framework.Internal.TaskAwaitAdapter.GenericAdapter`1.GetResult()\r\n   at NUnit.Framework.Internal.AsyncToSyncAdapter.Await(Func`1 invoke)\r\n   at NUnit.Framework.Internal.Commands.TestMethodCommand.RunTestMethod(TestExecutionContext context)\r\n   at NUnit.Framework.Internal.Commands.TestMethodCommand.Execute(TestExecutionContext context)\r\n   at NUnit.Framework.Internal.Commands.BeforeAndAfterTestCommand.<>c__DisplayClass1_0.<Execute>b__0()\r\n   at NUnit.Framework.Internal.Commands.DelegatingTestCommand.RunTestMethodInThreadAbortSafeZone(TestExecutionContext context, Action action)\n","DisplayName":"TestGet(1)","Messages":[],"ComputerName":"LAPTOP-BJ9N1Q1E","Duration":"00:00:00.0013710","StartTime":"2024-10-22T09:28:16.9955147+00:00","EndTime":"2024-10-22T09:28:16.9968859+00:00","Properties":[{"Key":{"Id":"NUnit.Seed","Label":"Seed","Category":"","Description":"","Attributes":0,"ValueType":"System.String"},"Value":"781539408"}]},{"TestCase":{"Id":"bc128adb-e136-6746-b131-34b84f97a801","FullyQualifiedName":"EFWebApiTest.ProductImageRepositoryTest.TestGetAll","DisplayName":"TestGetAll","ExecutorUri":"executor://NUnit3TestExecutor","Source":"D:\\C_sharp and dot net projects\\Day29\\EFWebApiSolution\\EFWebApiTest\\bin\\Debug\\net8.0\\fine-code-coverage\\build-output\\EFWebApiTest.dll","CodeFilePath":null,"LineNumber":0,"Properties":[{"Key":{"Id":"NUnit.Seed","Label":"Seed","Category":"","Description":"","Attributes":0,"ValueType":"System.String"},"Value":"963018467"}]},"Attachments":[],"Outcome":2,"ErrorMessage":"  Expected: 2\r\n  But was:  4\r\n","ErrorStackTrace":"   at EFWebApiTest.ProductImageRepositoryTest.TestGetAll() in D:\\C_sharp and dot net projects\\Day29\\EFWebApiSolution\\EFWebApiTest\\ProductImageRepositoryTest.cs:line 116\r\n   at NUnit.Framework.Internal.TaskAwaitAdapter.GenericAdapter`1.GetResult()\r\n   at NUnit.Framework.Internal.AsyncToSyncAdapter.Await(Func`1 invoke)\r\n   at NUnit.Framework.Internal.Commands.TestMethodCommand.RunTestMethod(TestExecutionContext context)\r\n   at NUnit.Framework.Internal.Commands.TestMethodCommand.Execute(TestExecutionContext context)\r\n   at NUnit.Framework.Internal.Commands.BeforeAndAfterTestCommand.<>c__DisplayClass1_0.<Execute>b__0()\r\n   at NUnit.Framework.Internal.Commands.DelegatingTestCommand.RunTestMethodInThreadAbortSafeZone(TestExecutionContext context, Action action)\r\n\n1)    at EFWebApiTest.ProductImageRepositoryTest.TestGetAll() in D:\\C_sharp and dot net projects\\Day29\\EFWebApiSolution\\EFWebApiTest\\ProductImageRepositoryTest.cs:line 116\r\n   at System.Runtime.CompilerServices.AsyncMethodBuilderCore.Start[TStateMachine](TStateMachine& stateMachine)\r\n   at EFWebApiTest.ProductImageRepositoryTest.TestGetAll()\r\n\n","DisplayName":"TestGetAll","Messages":[],"ComputerName":"LAPTOP-BJ9N1Q1E","Duration":"00:00:00.0337840","StartTime":"2024-10-22T09:28:16.997077+00:00","EndTime":"2024-10-22T09:28:17.0308606+00:00","Properties":[{"Key":{"Id":"NUnit.Seed","Label":"Seed","Category":"","Description":"","Attributes":0,"ValueType":"System.String"},"Value":"963018467"}]},{"TestCase":{"Id":"2787a082-ae3d-6183-db32-93e653301f17","FullyQualifiedName":"EFWebApiTest.ProductImageRepositoryTest.TestGetAllException","DisplayName":"TestGetAllException","ExecutorUri":"executor://NUnit3TestExecutor","Source":"D:\\C_sharp and dot net projects\\Day29\\EFWebApiSolution\\EFWebApiTest\\bin\\Debug\\net8.0\\fine-code-coverage\\build-output\\EFWebApiTest.dll","CodeFilePath":null,"LineNumber":0,"Properties":[{"Key":{"Id":"NUnit.Seed","Label":"Seed","Category":"","Description":"","Attributes":0,"ValueType":"System.String"},"Value":"1569586274"}]},"Attachments":[],"Outcome":2,"ErrorMessage":"  Expected: <EFWebApiApp.Exceptions.CollectionEmptyException>\r\n  But was:  null\r\n","ErrorStackTrace":"   at EFWebApiTest.ProductImageRepositoryTest.TestGetAllException() in D:\\C_sharp and dot net projects\\Day29\\EFWebApiSolution\\EFWebApiTest\\ProductImageRepositoryTest.cs:line 123\r\n   at NUnit.Framework.Internal.TaskAwaitAdapter.GenericAdapter`1.GetResult()\r\n   at NUnit.Framework.Internal.AsyncToSyncAdapter.Await(Func`1 invoke)\r\n   at NUnit.Framework.Internal.Commands.TestMethodCommand.RunTestMethod(TestExecutionContext context)\r\n   at NUnit.Framework.Internal.Commands.TestMethodCommand.Execute(TestExecutionContext context)\r\n   at NUnit.Framework.Internal.Commands.BeforeAndAfterTestCommand.<>c__DisplayClass1_0.<Execute>b__0()\r\n   at NUnit.Framework.Internal.Commands.DelegatingTestCommand.RunTestMethodInThreadAbortSafeZone(TestExecutionContext context, Action action)\r\n\n1)    at EFWebApiTest.ProductImageRepositoryTest.TestGetAllException() in D:\\C_sharp and dot net projects\\Day29\\EFWebApiSolution\\EFWebApiTest\\ProductImageRepositoryTest.cs:line 123\r\n   at System.Runtime.CompilerServices.AsyncMethodBuilderCore.Start[TStateMachine](TStateMachine& stateMachine)\r\n   at EFWebApiTest.ProductImageRepositoryTest.TestGetAllException()\r\n\n","DisplayName":"TestGetAllException","Messages":[],"ComputerName":"LAPTOP-BJ9N1Q1E","Duration":"00:00:00.0025820","StartTime":"2024-10-22T09:28:17.0309879+00:00","EndTime":"2024-10-22T09:28:17.0335704+00:00","Properties":[{"Key":{"Id":"NUnit.Seed","Label":"Seed","Category":"","Description":"","Attributes":0,"ValueType":"System.String"},"Value":"1569586274"}]},{"TestCase":{"Id":"6d5e6f7a-181b-8a43-d1e5-9753cdcfeb3e","FullyQualifiedName":"EFWebApiTest.ProductImageRepositoryTest.TestGetException","DisplayName":"TestGetException","ExecutorUri":"executor://NUnit3TestExecutor","Source":"D:\\C_sharp and dot net projects\\Day29\\EFWebApiSolution\\EFWebApiTest\\bin\\Debug\\net8.0\\fine-code-coverage\\build-output\\EFWebApiTest.dll","CodeFilePath":null,"LineNumber":0,"Properties":[{"Key":{"Id":"NUnit.Seed","Label":"Seed","Category":"","Description":"","Attributes":0,"ValueType":"System.String"},"Value":"515157670"}]},"Attachments":[],"Outcome":1,"ErrorMessage":null,"ErrorStackTrace":null,"DisplayName":"TestGetException","Messages":[],"ComputerName":"LAPTOP-BJ9N1Q1E","Duration":"00:00:00.0012760","StartTime":"2024-10-22T09:28:17.0335902+00:00","EndTime":"2024-10-22T09:28:17.0348659+00:00","Properties":[{"Key":{"Id":"NUnit.Seed","Label":"Seed","Category":"","Description":"","Attributes":0,"ValueType":"System.String"},"Value":"515157670"}]},{"TestCase":{"Id":"e8475979-4f55-3ebd-24bb-73e299e599e2","FullyQualifiedName":"EFWebApiTest.ProductImageRepositoryTest.TestUpdate(1)","DisplayName":"TestUpdate(1)","ExecutorUri":"executor://NUnit3TestExecutor","Source":"D:\\C_sharp and dot net projects\\Day29\\EFWebApiSolution\\EFWebApiTest\\bin\\Debug\\net8.0\\fine-code-coverage\\build-output\\EFWebApiTest.dll","CodeFilePath":null,"LineNumber":0,"Properties":[{"Key":{"Id":"NUnit.Seed","Label":"Seed","Category":"","Description":"","Attributes":0,"ValueType":"System.String"},"Value":"892048472"}]},"Attachments":[],"Outcome":2,"ErrorMessage":"EFWebApiApp.Exceptions.CouldNotAddException : No message provided","ErrorStackTrace":"   at EFWebApiApp.Repositories.ProductImageRepository.Add(ProductImage entity) in D:\\C_sharp and dot net projects\\Day29\\EFWebApiSolution\\EFWebApiApp\\Repositories\\ProductImageRepository.cs:line 31\r\n   at EFWebApiTest.ProductImageRepositoryTest.TestUpdate(Int32 imageId) in D:\\C_sharp and dot net projects\\Day29\\EFWebApiSolution\\EFWebApiTest\\ProductImageRepositoryTest.cs:line 164\r\n   at NUnit.Framework.Internal.TaskAwaitAdapter.GenericAdapter`1.GetResult()\r\n   at NUnit.Framework.Internal.AsyncToSyncAdapter.Await(Func`1 invoke)\r\n   at NUnit.Framework.Internal.Commands.TestMethodCommand.RunTestMethod(TestExecutionContext context)\r\n   at NUnit.Framework.Internal.Commands.TestMethodCommand.Execute(TestExecutionContext context)\r\n   at NUnit.Framework.Internal.Commands.BeforeAndAfterTestCommand.<>c__DisplayClass1_0.<Execute>b__0()\r\n   at NUnit.Framework.Internal.Commands.DelegatingTestCommand.RunTestMethodInThreadAbortSafeZone(TestExecutionContext context, Action action)\n","DisplayName":"TestUpdate(1)","Messages":[],"ComputerName":"LAPTOP-BJ9N1Q1E","Duration":"00:00:00.0016149","StartTime":"2024-10-22T09:28:17.0349405+00:00","EndTime":"2024-10-22T09:28:17.0365552+00:00","Properties":[{"Key":{"Id":"NUnit.Seed","Label":"Seed","Category":"","Description":"","Attributes":0,"ValueType":"System.String"},"Value":"892048472"}]},{"TestCase":{"Id":"d1d17db1-727f-f207-e562-89927121e90b","FullyQualifiedName":"EFWebApiTest.ProductImageRepositoryTest.TestUpdateException","DisplayName":"TestUpdateException","ExecutorUri":"executor://NUnit3TestExecutor","Source":"D:\\C_sharp and dot net projects\\Day29\\EFWebApiSolution\\EFWebApiTest\\bin\\Debug\\net8.0\\fine-code-coverage\\build-output\\EFWebApiTest.dll","CodeFilePath":null,"LineNumber":0,"Properties":[{"Key":{"Id":"NUnit.Seed","Label":"Seed","Category":"","Description":"","Attributes":0,"ValueType":"System.String"},"Value":"225397929"}]},"Attachments":[],"Outcome":1,"ErrorMessage":null,"ErrorStackTrace":null,"DisplayName":"TestUpdateException","Messages":[],"ComputerName":"LAPTOP-BJ9N1Q1E","Duration":"00:00:00.0020270","StartTime":"2024-10-22T09:28:17.0366546+00:00","EndTime":"2024-10-22T09:28:17.0386809+00:00","Properties":[{"Key":{"Id":"NUnit.Seed","Label":"Seed","Category":"","Description":"","Attributes":0,"ValueType":"System.String"},"Value":"225397929"}]},{"TestCase":{"Id":"0f9f27af-4d3d-b1ad-5f48-0a88f5e07b20","FullyQualifiedName":"EFWebApiTest.ProductImageServiceTest.AddProductImageTest","DisplayName":"AddProductImageTest","ExecutorUri":"executor://NUnit3TestExecutor","Source":"D:\\C_sharp and dot net projects\\Day29\\EFWebApiSolution\\EFWebApiTest\\bin\\Debug\\net8.0\\fine-code-coverage\\build-output\\EFWebApiTest.dll","CodeFilePath":null,"LineNumber":0,"Properties":[{"Key":{"Id":"NUnit.Seed","Label":"Seed","Category":"","Description":"","Attributes":0,"ValueType":"System.String"},"Value":"133787511"}]},"Attachments":[],"Outcome":1,"ErrorMessage":null,"ErrorStackTrace":null,"DisplayName":"AddProductImageTest","Messages":[],"ComputerName":"LAPTOP-BJ9N1Q1E","Duration":"00:00:00.0051720","StartTime":"2024-10-22T09:28:17.0391347+00:00","EndTime":"2024-10-22T09:28:17.0443067+00:00","Properties":[{"Key":{"Id":"NUnit.Seed","Label":"Seed","Category":"","Description":"","Attributes":0,"ValueType":"System.String"},"Value":"133787511"}]},{"TestCase":{"Id":"b7f93547-14ed-8817-ea08-ad63593ddbf4","FullyQualifiedName":"EFWebApiTest.ProductImageServiceTest.GetImagesByProductId","DisplayName":"GetImagesByProductId","ExecutorUri":"executor://NUnit3TestExecutor","Source":"D:\\C_sharp and dot net projects\\Day29\\EFWebApiSolution\\EFWebApiTest\\bin\\Debug\\net8.0\\fine-code-coverage\\build-output\\EFWebApiTest.dll","CodeFilePath":null,"LineNumber":0,"Properties":[{"Key":{"Id":"NUnit.Seed","Label":"Seed","Category":"","Description":"","Attributes":0,"ValueType":"System.String"},"Value":"544016428"}]},"Attachments":[],"Outcome":1,"ErrorMessage":null,"ErrorStackTrace":null,"DisplayName":"GetImagesByProductId","Messages":[],"ComputerName":"LAPTOP-BJ9N1Q1E","Duration":"00:00:00.0055440","StartTime":"2024-10-22T09:28:17.0444663+00:00","EndTime":"2024-10-22T09:28:17.0500106+00:00","Properties":[{"Key":{"Id":"NUnit.Seed","Label":"Seed","Category":"","Description":"","Attributes":0,"ValueType":"System.String"},"Value":"544016428"}]}],"TestRunStatistics":{"ExecutedTests":27,"Stats":{"Failed":12,"Passed":15}},"ActiveTests":[{"Id":"c1b6d1dd-cb63-5a68-4fc3-c77aad672fd4","FullyQualifiedName":"EFWebApiTest.ProductRepositoryTest.CollectionEmptyException(\"TestAdd1\",120,4,\"\",\"Test description for Product\",1)","DisplayName":"CollectionEmptyException(\"TestAdd1\",120,4,\"\",\"Test description for Product\",1)","ExecutorUri":"executor://NUnit3TestExecutor","Source":"D:\\C_sharp and dot net projects\\Day29\\EFWebApiSolution\\EFWebApiTest\\bin\\Debug\\net8.0\\fine-code-coverage\\build-output\\EFWebApiTest.dll","CodeFilePath":null,"LineNumber":0,"Properties":[{"Key":{"Id":"NUnit.Seed","Label":"Seed","Category":"","Description":"","Attributes":0,"ValueType":"System.String"},"Value":"2091200463"}]}]}}
TpTrace Verbose: 0 : 8940, 12, 2024/10/22, 14:58:17.059, 37961067793, vstest.console.dll, TestRunRequest:SendTestRunStatsChange: Starting.
TpTrace Verbose: 0 : 8940, 12, 2024/10/22, 14:58:17.059, 37961068509, vstest.console.dll, InProgress is CollectionEmptyException("TestAdd1",120,4,"","Test description for Product",1)
TpTrace Verbose: 0 : 8940, 12, 2024/10/22, 14:58:17.059, 37961068935, vstest.console.dll, MulticastDelegateUtilities.SafeInvoke: TestRun.RunStatsChanged: Invoking callbacks was skipped because there are no subscribers.
TpTrace Information: 0 : 8940, 12, 2024/10/22, 14:58:17.059, 37961069145, vstest.console.dll, TestRunRequest:SendTestRunStatsChange: Completed.
TpTrace Verbose: 0 : 8940, 12, 2024/10/22, 14:58:17.059, 37961069860, vstest.console.dll, MulticastDelegateUtilities.SafeInvoke: LengthPrefixCommunicationChannel: MessageReceived: Invoking callback 1/1 for Microsoft.VisualStudio.TestPlatform.CommunicationUtilities.TestRequestSender+<>c__DisplayClass34_0., took 6 ms.
TpTrace Verbose: 0 : 8940, 12, 2024/10/22, 14:58:17.059, 37961070112, vstest.console.dll, TcpClientExtensions.MessageLoopAsync: Polling on remoteEndPoint: 127.0.0.1:50534 localEndPoint: 127.0.0.1:50533 after 54 ms
TpTrace Verbose: 0 : 8940, 4, 2024/10/22, 14:58:17.059, 37961070417, vstest.console.dll, MulticastDelegateUtilities.SafeInvoke: InternalTestLoggerEvents.SendTestResult: Invoking callback 1/1 for Microsoft.VisualStudio.TestPlatform.CommandLine.Internal.ConsoleLogger., took 0 ms.
TpTrace Verbose: 0 : 8940, 4, 2024/10/22, 14:58:17.059, 37961072035, vstest.console.dll, MulticastDelegateUtilities.SafeInvoke: InternalTestLoggerEvents.SendTestResult: Invoking callback 1/1 for Microsoft.VisualStudio.TestPlatform.CommandLine.Internal.ConsoleLogger., took 0 ms.
TpTrace Verbose: 0 : 8940, 4, 2024/10/22, 14:58:17.059, 37961072997, vstest.console.dll, MulticastDelegateUtilities.SafeInvoke: InternalTestLoggerEvents.SendTestResult: Invoking callback 1/1 for Microsoft.VisualStudio.TestPlatform.CommandLine.Internal.ConsoleLogger., took 0 ms.
TpTrace Verbose: 0 : 8940, 4, 2024/10/22, 14:58:17.060, 37961073902, vstest.console.dll, MulticastDelegateUtilities.SafeInvoke: InternalTestLoggerEvents.SendTestResult: Invoking callback 1/1 for Microsoft.VisualStudio.TestPlatform.CommandLine.Internal.ConsoleLogger., took 0 ms.
TpTrace Verbose: 0 : 8940, 4, 2024/10/22, 14:58:17.060, 37961074123, vstest.console.dll, MulticastDelegateUtilities.SafeInvoke: InternalTestLoggerEvents.SendTestResult: Invoking callback 1/1 for Microsoft.VisualStudio.TestPlatform.CommandLine.Internal.ConsoleLogger., took 0 ms.
TpTrace Verbose: 0 : 8940, 4, 2024/10/22, 14:58:17.060, 37961074962, vstest.console.dll, MulticastDelegateUtilities.SafeInvoke: InternalTestLoggerEvents.SendTestResult: Invoking callback 1/1 for Microsoft.VisualStudio.TestPlatform.CommandLine.Internal.ConsoleLogger., took 0 ms.
TpTrace Verbose: 0 : 8940, 4, 2024/10/22, 14:58:17.060, 37961075198, vstest.console.dll, MulticastDelegateUtilities.SafeInvoke: InternalTestLoggerEvents.SendTestResult: Invoking callback 1/1 for Microsoft.VisualStudio.TestPlatform.CommandLine.Internal.ConsoleLogger., took 0 ms.
TpTrace Verbose: 0 : 8940, 4, 2024/10/22, 14:58:17.060, 37961075404, vstest.console.dll, MulticastDelegateUtilities.SafeInvoke: InternalTestLoggerEvents.SendTestResult: Invoking callback 1/1 for Microsoft.VisualStudio.TestPlatform.CommandLine.Internal.ConsoleLogger., took 0 ms.
TpTrace Verbose: 0 : 8940, 4, 2024/10/22, 14:58:17.060, 37961075602, vstest.console.dll, MulticastDelegateUtilities.SafeInvoke: InternalTestLoggerEvents.SendTestResult: Invoking callback 1/1 for Microsoft.VisualStudio.TestPlatform.CommandLine.Internal.ConsoleLogger., took 0 ms.
TpTrace Verbose: 0 : 8940, 12, 2024/10/22, 14:58:17.095, 37961431093, vstest.console.dll, TcpClientExtensions.MessageLoopAsync: NotifyDataAvailable remoteEndPoint: 127.0.0.1:50534 localEndPoint: 127.0.0.1:50533
TpTrace Verbose: 0 : 8940, 12, 2024/10/22, 14:58:17.096, 37961435039, vstest.console.dll, TestRequestSender.OnExecutionMessageReceived: Received message: {"Version":7,"MessageType":"TestExecution.StatsChange","Payload":{"NewTestResults":[{"TestCase":{"Id":"c1b6d1dd-cb63-5a68-4fc3-c77aad672fd4","FullyQualifiedName":"EFWebApiTest.ProductRepositoryTest.CollectionEmptyException(\"TestAdd1\",120,4,\"\",\"Test description for Product\",1)","DisplayName":"CollectionEmptyException(\"TestAdd1\",120,4,\"\",\"Test description for Product\",1)","ExecutorUri":"executor://NUnit3TestExecutor","Source":"D:\\C_sharp and dot net projects\\Day29\\EFWebApiSolution\\EFWebApiTest\\bin\\Debug\\net8.0\\fine-code-coverage\\build-output\\EFWebApiTest.dll","CodeFilePath":null,"LineNumber":0,"Properties":[{"Key":{"Id":"NUnit.Seed","Label":"Seed","Category":"","Description":"","Attributes":0,"ValueType":"System.String"},"Value":"2091200463"}]},"Attachments":[],"Outcome":2,"ErrorMessage":"  Expected: <EFWebApiApp.Exceptions.CollectionEmptyException>\r\n  But was:  null\r\n","ErrorStackTrace":"   at EFWebApiTest.ProductRepositoryTest.CollectionEmptyException(String name, Single price, Int32 quantity, String image, String desc, Int32 id) in D:\\C_sharp and dot net projects\\Day29\\EFWebApiSolution\\EFWebApiTest\\ProductRepositoryTest.cs:line 175\r\n   at NUnit.Framework.Internal.TaskAwaitAdapter.GenericAdapter`1.GetResult()\r\n   at NUnit.Framework.Internal.AsyncToSyncAdapter.Await(Func`1 invoke)\r\n   at NUnit.Framework.Internal.Commands.TestMethodCommand.RunTestMethod(TestExecutionContext context)\r\n   at NUnit.Framework.Internal.Commands.TestMethodCommand.Execute(TestExecutionContext context)\r\n   at NUnit.Framework.Internal.Commands.BeforeAndAfterTestCommand.<>c__DisplayClass1_0.<Execute>b__0()\r\n   at NUnit.Framework.Internal.Commands.DelegatingTestCommand.RunTestMethodInThreadAbortSafeZone(TestExecutionContext context, Action action)\r\n\n1)    at EFWebApiTest.ProductRepositoryTest.CollectionEmptyException(String name, Single price, Int32 quantity, String image, String desc, Int32 id) in D:\\C_sharp and dot net projects\\Day29\\EFWebApiSolution\\EFWebApiTest\\ProductRepositoryTest.cs:line 175\r\n   at System.Runtime.CompilerServices.AsyncMethodBuilderCore.Start[TStateMachine](TStateMachine& stateMachine)\r\n   at EFWebApiTest.ProductRepositoryTest.CollectionEmptyException(String name, Single price, Int32 quantity, String image, String desc, Int32 id)\r\n\n","DisplayName":"CollectionEmptyException(\"TestAdd1\",120,4,\"\",\"Test description for Product\",1)","Messages":[],"ComputerName":"LAPTOP-BJ9N1Q1E","Duration":"00:00:00.0056960","StartTime":"2024-10-22T09:28:17.0506212+00:00","EndTime":"2024-10-22T09:28:17.0563172+00:00","Properties":[{"Key":{"Id":"NUnit.Seed","Label":"Seed","Category":"","Description":"","Attributes":0,"ValueType":"System.String"},"Value":"2091200463"}]},{"TestCase":{"Id":"ebcff849-f60c-2a5f-9b1e-7fb3e30be10a","FullyQualifiedName":"EFWebApiTest.ProductRepositoryTest.CouldNotAddException(\"TestAdd1\",120,4,\"\",\"Test description for Product\",1)","DisplayName":"CouldNotAddException(\"TestAdd1\",120,4,\"\",\"Test description for Product\",1)","ExecutorUri":"executor://NUnit3TestExecutor","Source":"D:\\C_sharp and dot net projects\\Day29\\EFWebApiSolution\\EFWebApiTest\\bin\\Debug\\net8.0\\fine-code-coverage\\build-output\\EFWebApiTest.dll","CodeFilePath":null,"LineNumber":0,"Properties":[{"Key":{"Id":"NUnit.Seed","Label":"Seed","Category":"","Description":"","Attributes":0,"ValueType":"System.String"},"Value":"233747949"}]},"Attachments":[],"Outcome":1,"ErrorMessage":null,"ErrorStackTrace":null,"DisplayName":"CouldNotAddException(\"TestAdd1\",120,4,\"\",\"Test description for Product\",1)","Messages":[],"ComputerName":"LAPTOP-BJ9N1Q1E","Duration":"00:00:00.0031449","StartTime":"2024-10-22T09:28:17.0563802+00:00","EndTime":"2024-10-22T09:28:17.0595248+00:00","Properties":[{"Key":{"Id":"NUnit.Seed","Label":"Seed","Category":"","Description":"","Attributes":0,"ValueType":"System.String"},"Value":"233747949"}]},{"TestCase":{"Id":"46cffcfd-9e5e-0baa-a1a7-dc1a8e95af59","FullyQualifiedName":"EFWebApiTest.ProductRepositoryTest.Delete(\"TestAdd1\",120,4,\"\",\"Test description for Product\",1)","DisplayName":"Delete(\"TestAdd1\",120,4,\"\",\"Test description for Product\",1)","ExecutorUri":"executor://NUnit3TestExecutor","Source":"D:\\C_sharp and dot net projects\\Day29\\EFWebApiSolution\\EFWebApiTest\\bin\\Debug\\net8.0\\fine-code-coverage\\build-output\\EFWebApiTest.dll","CodeFilePath":null,"LineNumber":0,"Properties":[{"Key":{"Id":"NUnit.Seed","Label":"Seed","Category":"","Description":"","Attributes":0,"ValueType":"System.String"},"Value":"1857777132"}]},"Attachments":[],"Outcome":2,"ErrorMessage":"  Expected string length 8 but was 12. Strings differ at index 4.\r\n  Expected: \"TestAdd1\"\r\n  But was:  \"Test Product\"\r\n  ---------------^\r\n","ErrorStackTrace":"   at EFWebApiTest.ProductRepositoryTest.Delete(String name, Single price, Int32 quantity, String image, String desc, Int32 id) in D:\\C_sharp and dot net projects\\Day29\\EFWebApiSolution\\EFWebApiTest\\ProductRepositoryTest.cs:line 119\r\n   at NUnit.Framework.Internal.TaskAwaitAdapter.GenericAdapter`1.GetResult()\r\n   at NUnit.Framework.Internal.AsyncToSyncAdapter.Await(Func`1 invoke)\r\n   at NUnit.Framework.Internal.Commands.TestMethodCommand.RunTestMethod(TestExecutionContext context)\r\n   at NUnit.Framework.Internal.Commands.TestMethodCommand.Execute(TestExecutionContext context)\r\n   at NUnit.Framework.Internal.Commands.BeforeAndAfterTestCommand.<>c__DisplayClass1_0.<Execute>b__0()\r\n   at NUnit.Framework.Internal.Commands.DelegatingTestCommand.RunTestMethodInThreadAbortSafeZone(TestExecutionContext context, Action action)\r\n\n1)    at EFWebApiTest.ProductRepositoryTest.Delete(String name, Single price, Int32 quantity, String image, String desc, Int32 id) in D:\\C_sharp and dot net projects\\Day29\\EFWebApiSolution\\EFWebApiTest\\ProductRepositoryTest.cs:line 119\r\n   at System.Runtime.CompilerServices.AsyncMethodBuilderCore.Start[TStateMachine](TStateMachine& stateMachine)\r\n   at EFWebApiTest.ProductRepositoryTest.Delete(String name, Single price, Int32 quantity, String image, String desc, Int32 id)\r\n\n","DisplayName":"Delete(\"TestAdd1\",120,4,\"\",\"Test description for Product\",1)","Messages":[],"ComputerName":"LAPTOP-BJ9N1Q1E","Duration":"00:00:00.0133330","StartTime":"2024-10-22T09:28:17.0595792+00:00","EndTime":"2024-10-22T09:28:17.0729118+00:00","Properties":[{"Key":{"Id":"NUnit.Seed","Label":"Seed","Category":"","Description":"","Attributes":0,"ValueType":"System.String"},"Value":"1857777132"}]},{"TestCase":{"Id":"394bdaed-33bd-ab45-8f35-13a6295fd322","FullyQualifiedName":"EFWebApiTest.ProductRepositoryTest.Delete(\"TestAdd2\",150,2,\"\",\"Another test description for Product\",2)","DisplayName":"Delete(\"TestAdd2\",150,2,\"\",\"Another test description for Product\",2)","ExecutorUri":"executor://NUnit3TestExecutor","Source":"D:\\C_sharp and dot net projects\\Day29\\EFWebApiSolution\\EFWebApiTest\\bin\\Debug\\net8.0\\fine-code-coverage\\build-output\\EFWebApiTest.dll","CodeFilePath":null,"LineNumber":0,"Properties":[{"Key":{"Id":"NUnit.Seed","Label":"Seed","Category":"","Description":"","Attributes":0,"ValueType":"System.String"},"Value":"428649443"}]},"Attachments":[],"Outcome":2,"ErrorMessage":"EFWebApiApp.Exceptions.NotFoundException : Product not found could not be found","ErrorStackTrace":"   at EFWebApiApp.Repositories.ProductRepository.Delete(Int32 key) in D:\\C_sharp and dot net projects\\Day29\\EFWebApiSolution\\EFWebApiApp\\Repositories\\ProductRepository.cs:line 50\r\n   at EFWebApiTest.ProductRepositoryTest.Delete(String name, Single price, Int32 quantity, String image, String desc, Int32 id) in D:\\C_sharp and dot net projects\\Day29\\EFWebApiSolution\\EFWebApiTest\\ProductRepositoryTest.cs:line 116\r\n   at NUnit.Framework.Internal.TaskAwaitAdapter.GenericAdapter`1.GetResult()\r\n   at NUnit.Framework.Internal.AsyncToSyncAdapter.Await(Func`1 invoke)\r\n   at NUnit.Framework.Internal.Commands.TestMethodCommand.RunTestMethod(TestExecutionContext context)\r\n   at NUnit.Framework.Internal.Commands.TestMethodCommand.Execute(TestExecutionContext context)\r\n   at NUnit.Framework.Internal.Commands.BeforeAndAfterTestCommand.<>c__DisplayClass1_0.<Execute>b__0()\r\n   at NUnit.Framework.Internal.Commands.DelegatingTestCommand.RunTestMethodInThreadAbortSafeZone(TestExecutionContext context, Action action)\n","DisplayName":"Delete(\"TestAdd2\",150,2,\"\",\"Another test description for Product\",2)","Messages":[],"ComputerName":"LAPTOP-BJ9N1Q1E","Duration":"00:00:00.0011560","StartTime":"2024-10-22T09:28:17.0729444+00:00","EndTime":"2024-10-22T09:28:17.0740997+00:00","Properties":[{"Key":{"Id":"NUnit.Seed","Label":"Seed","Category":"","Description":"","Attributes":0,"ValueType":"System.String"},"Value":"428649443"}]},{"TestCase":{"Id":"6ce9fe4f-6aed-d802-e458-85648e0458b7","FullyQualifiedName":"EFWebApiTest.ProductRepositoryTest.Get(\"TestAdd1\",120,4,\"\",\"Test description for Product\",1)","DisplayName":"Get(\"TestAdd1\",120,4,\"\",\"Test description for Product\",1)","ExecutorUri":"executor://NUnit3TestExecutor","Source":"D:\\C_sharp and dot net projects\\Day29\\EFWebApiSolution\\EFWebApiTest\\bin\\Debug\\net8.0\\fine-code-coverage\\build-output\\EFWebApiTest.dll","CodeFilePath":null,"LineNumber":0,"Properties":[{"Key":{"Id":"NUnit.Seed","Label":"Seed","Category":"","Description":"","Attributes":0,"ValueType":"System.String"},"Value":"1832758417"}]},"Attachments":[],"Outcome":2,"ErrorMessage":"EFWebApiApp.Exceptions.NotFoundException : Product could not be found","ErrorStackTrace":"   at EFWebApiApp.Repositories.ProductRepository.Get(Int32 key) in D:\\C_sharp and dot net projects\\Day29\\EFWebApiSolution\\EFWebApiApp\\Repositories\\ProductRepository.cs:line 59\r\n   at EFWebApiTest.ProductRepositoryTest.Get(String name, Single price, Int32 quantity, String image, String desc, Int32 id) in D:\\C_sharp and dot net projects\\Day29\\EFWebApiSolution\\EFWebApiTest\\ProductRepositoryTest.cs:line 83\r\n   at NUnit.Framework.Internal.TaskAwaitAdapter.GenericAdapter`1.GetResult()\r\n   at NUnit.Framework.Internal.AsyncToSyncAdapter.Await(Func`1 invoke)\r\n   at NUnit.Framework.Internal.Commands.TestMethodCommand.RunTestMethod(TestExecutionContext context)\r\n   at NUnit.Framework.Internal.Commands.TestMethodCommand.Execute(TestExecutionContext context)\r\n   at NUnit.Framework.Internal.Commands.BeforeAndAfterTestCommand.<>c__DisplayClass1_0.<Execute>b__0()\r\n   at NUnit.Framework.Internal.Commands.DelegatingTestCommand.RunTestMethodInThreadAbortSafeZone(TestExecutionContext context, Action action)\n","DisplayName":"Get(\"TestAdd1\",120,4,\"\",\"Test description for Product\",1)","Messages":[],"ComputerName":"LAPTOP-BJ9N1Q1E","Duration":"00:00:00.0012010","StartTime":"2024-10-22T09:28:17.0741428+00:00","EndTime":"2024-10-22T09:28:17.0753436+00:00","Properties":[{"Key":{"Id":"NUnit.Seed","Label":"Seed","Category":"","Description":"","Attributes":0,"ValueType":"System.String"},"Value":"1832758417"}]},{"TestCase":{"Id":"e365a3fa-1754-a2a1-d88b-bc2996018075","FullyQualifiedName":"EFWebApiTest.ProductRepositoryTest.Get(\"TestAdd2\",150,2,\"\",\"Another test description for Product\",2)","DisplayName":"Get(\"TestAdd2\",150,2,\"\",\"Another test description for Product\",2)","ExecutorUri":"executor://NUnit3TestExecutor","Source":"D:\\C_sharp and dot net projects\\Day29\\EFWebApiSolution\\EFWebApiTest\\bin\\Debug\\net8.0\\fine-code-coverage\\build-output\\EFWebApiTest.dll","CodeFilePath":null,"LineNumber":0,"Properties":[{"Key":{"Id":"NUnit.Seed","Label":"Seed","Category":"","Description":"","Attributes":0,"ValueType":"System.String"},"Value":"1557881853"}]},"Attachments":[],"Outcome":2,"ErrorMessage":"EFWebApiApp.Exceptions.NotFoundException : Product could not be found","ErrorStackTrace":"   at EFWebApiApp.Repositories.ProductRepository.Get(Int32 key) in D:\\C_sharp and dot net projects\\Day29\\EFWebApiSolution\\EFWebApiApp\\Repositories\\ProductRepository.cs:line 59\r\n   at EFWebApiTest.ProductRepositoryTest.Get(String name, Single price, Int32 quantity, String image, String desc, Int32 id) in D:\\C_sharp and dot net projects\\Day29\\EFWebApiSolution\\EFWebApiTest\\ProductRepositoryTest.cs:line 83\r\n   at NUnit.Framework.Internal.TaskAwaitAdapter.GenericAdapter`1.GetResult()\r\n   at NUnit.Framework.Internal.AsyncToSyncAdapter.Await(Func`1 invoke)\r\n   at NUnit.Framework.Internal.Commands.TestMethodCommand.RunTestMethod(TestExecutionContext context)\r\n   at NUnit.Framework.Internal.Commands.TestMethodCommand.Execute(TestExecutionContext context)\r\n   at NUnit.Framework.Internal.Commands.BeforeAndAfterTestCommand.<>c__DisplayClass1_0.<Execute>b__0()\r\n   at NUnit.Framework.Internal.Commands.DelegatingTestCommand.RunTestMethodInThreadAbortSafeZone(TestExecutionContext context, Action action)\n","DisplayName":"Get(\"TestAdd2\",150,2,\"\",\"Another test description for Product\",2)","Messages":[],"ComputerName":"LAPTOP-BJ9N1Q1E","Duration":"00:00:00.0008540","StartTime":"2024-10-22T09:28:17.0753593+00:00","EndTime":"2024-10-22T09:28:17.076213+00:00","Properties":[{"Key":{"Id":"NUnit.Seed","Label":"Seed","Category":"","Description":"","Attributes":0,"ValueType":"System.String"},"Value":"1557881853"}]},{"TestCase":{"Id":"5b423a55-7046-9342-0c95-58153766cf6e","FullyQualifiedName":"EFWebApiTest.ProductRepositoryTest.GetAll(\"TestAdd1\",120,4,\"\",\"Test description for Product\",1)","DisplayName":"GetAll(\"TestAdd1\",120,4,\"\",\"Test description for Product\",1)","ExecutorUri":"executor://NUnit3TestExecutor","Source":"D:\\C_sharp and dot net projects\\Day29\\EFWebApiSolution\\EFWebApiTest\\bin\\Debug\\net8.0\\fine-code-coverage\\build-output\\EFWebApiTest.dll","CodeFilePath":null,"LineNumber":0,"Properties":[{"Key":{"Id":"NUnit.Seed","Label":"Seed","Category":"","Description":"","Attributes":0,"ValueType":"System.String"},"Value":"192682781"}]},"Attachments":[],"Outcome":1,"ErrorMessage":null,"ErrorStackTrace":null,"DisplayName":"GetAll(\"TestAdd1\",120,4,\"\",\"Test description for Product\",1)","Messages":[],"ComputerName":"LAPTOP-BJ9N1Q1E","Duration":"00:00:00.0021580","StartTime":"2024-10-22T09:28:17.076252+00:00","EndTime":"2024-10-22T09:28:17.0784093+00:00","Properties":[{"Key":{"Id":"NUnit.Seed","Label":"Seed","Category":"","Description":"","Attributes":0,"ValueType":"System.String"},"Value":"192682781"}]},{"TestCase":{"Id":"d4049dcf-caeb-fb45-9b92-c308391940c2","FullyQualifiedName":"EFWebApiTest.ProductRepositoryTest.GetAll(\"TestAdd2\",150,2,\"\",\"Another test description for Product\",2)","DisplayName":"GetAll(\"TestAdd2\",150,2,\"\",\"Another test description for Product\",2)","ExecutorUri":"executor://NUnit3TestExecutor","Source":"D:\\C_sharp and dot net projects\\Day29\\EFWebApiSolution\\EFWebApiTest\\bin\\Debug\\net8.0\\fine-code-coverage\\build-output\\EFWebApiTest.dll","CodeFilePath":null,"LineNumber":0,"Properties":[{"Key":{"Id":"NUnit.Seed","Label":"Seed","Category":"","Description":"","Attributes":0,"ValueType":"System.String"},"Value":"1258202797"}]},"Attachments":[],"Outcome":1,"ErrorMessage":null,"ErrorStackTrace":null,"DisplayName":"GetAll(\"TestAdd2\",150,2,\"\",\"Another test description for Product\",2)","Messages":[],"ComputerName":"LAPTOP-BJ9N1Q1E","Duration":"00:00:00.0029790","StartTime":"2024-10-22T09:28:17.0784314+00:00","EndTime":"2024-10-22T09:28:17.0814104+00:00","Properties":[{"Key":{"Id":"NUnit.Seed","Label":"Seed","Category":"","Description":"","Attributes":0,"ValueType":"System.String"},"Value":"1258202797"}]},{"TestCase":{"Id":"68b19e1e-ef27-3dd2-2953-f111f8f0f8ea","FullyQualifiedName":"EFWebApiTest.ProductRepositoryTest.NotFoundException","DisplayName":"NotFoundException","ExecutorUri":"executor://NUnit3TestExecutor","Source":"D:\\C_sharp and dot net projects\\Day29\\EFWebApiSolution\\EFWebApiTest\\bin\\Debug\\net8.0\\fine-code-coverage\\build-output\\EFWebApiTest.dll","CodeFilePath":null,"LineNumber":0,"Properties":[{"Key":{"Id":"NUnit.Seed","Label":"Seed","Category":"","Description":"","Attributes":0,"ValueType":"System.String"},"Value":"455488730"}]},"Attachments":[],"Outcome":1,"ErrorMessage":null,"ErrorStackTrace":null,"DisplayName":"NotFoundException","Messages":[],"ComputerName":"LAPTOP-BJ9N1Q1E","Duration":"00:00:00.0027270","StartTime":"2024-10-22T09:28:17.0814425+00:00","EndTime":"2024-10-22T09:28:17.0841694+00:00","Properties":[{"Key":{"Id":"NUnit.Seed","Label":"Seed","Category":"","Description":"","Attributes":0,"ValueType":"System.String"},"Value":"455488730"}]}],"TestRunStatistics":{"ExecutedTests":36,"Stats":{"Failed":17,"Passed":19}},"ActiveTests":[{"Id":"5ddb0d24-6d62-874b-7e4c-3d4551636f7e","FullyQualifiedName":"EFWebApiTest.ProductRepositoryTest.TestAdd(\"TestAdd1\",120,4,\"\",\"Test description for Product\",1)","DisplayName":"TestAdd(\"TestAdd1\",120,4,\"\",\"Test description for Product\",1)","ExecutorUri":"executor://NUnit3TestExecutor","Source":"D:\\C_sharp and dot net projects\\Day29\\EFWebApiSolution\\EFWebApiTest\\bin\\Debug\\net8.0\\fine-code-coverage\\build-output\\EFWebApiTest.dll","CodeFilePath":null,"LineNumber":0,"Properties":[{"Key":{"Id":"NUnit.Seed","Label":"Seed","Category":"","Description":"","Attributes":0,"ValueType":"System.String"},"Value":"853864792"}]}]}}
TpTrace Verbose: 0 : 8940, 12, 2024/10/22, 14:58:17.097, 37961445682, vstest.console.dll, TestRunRequest:SendTestRunStatsChange: Starting.
TpTrace Verbose: 0 : 8940, 12, 2024/10/22, 14:58:17.097, 37961446296, vstest.console.dll, InProgress is TestAdd("TestAdd1",120,4,"","Test description for Product",1)
TpTrace Verbose: 0 : 8940, 12, 2024/10/22, 14:58:17.097, 37961446812, vstest.console.dll, MulticastDelegateUtilities.SafeInvoke: TestRun.RunStatsChanged: Invoking callbacks was skipped because there are no subscribers.
TpTrace Information: 0 : 8940, 12, 2024/10/22, 14:58:17.097, 37961447138, vstest.console.dll, TestRunRequest:SendTestRunStatsChange: Completed.
TpTrace Verbose: 0 : 8940, 12, 2024/10/22, 14:58:17.097, 37961447396, vstest.console.dll, MulticastDelegateUtilities.SafeInvoke: LengthPrefixCommunicationChannel: MessageReceived: Invoking callback 1/1 for Microsoft.VisualStudio.TestPlatform.CommunicationUtilities.TestRequestSender+<>c__DisplayClass34_0., took 1 ms.
TpTrace Verbose: 0 : 8940, 12, 2024/10/22, 14:58:17.097, 37961447634, vstest.console.dll, TcpClientExtensions.MessageLoopAsync: Polling on remoteEndPoint: 127.0.0.1:50534 localEndPoint: 127.0.0.1:50533 after 37 ms
TpTrace Verbose: 0 : 8940, 4, 2024/10/22, 14:58:17.097, 37961448560, vstest.console.dll, MulticastDelegateUtilities.SafeInvoke: InternalTestLoggerEvents.SendTestResult: Invoking callback 1/1 for Microsoft.VisualStudio.TestPlatform.CommandLine.Internal.ConsoleLogger., took 0 ms.
TpTrace Verbose: 0 : 8940, 4, 2024/10/22, 14:58:17.097, 37961449333, vstest.console.dll, MulticastDelegateUtilities.SafeInvoke: InternalTestLoggerEvents.SendTestResult: Invoking callback 1/1 for Microsoft.VisualStudio.TestPlatform.CommandLine.Internal.ConsoleLogger., took 0 ms.
TpTrace Verbose: 0 : 8940, 4, 2024/10/22, 14:58:17.097, 37961450325, vstest.console.dll, MulticastDelegateUtilities.SafeInvoke: InternalTestLoggerEvents.SendTestResult: Invoking callback 1/1 for Microsoft.VisualStudio.TestPlatform.CommandLine.Internal.ConsoleLogger., took 0 ms.
TpTrace Verbose: 0 : 8940, 4, 2024/10/22, 14:58:17.097, 37961451652, vstest.console.dll, MulticastDelegateUtilities.SafeInvoke: InternalTestLoggerEvents.SendTestResult: Invoking callback 1/1 for Microsoft.VisualStudio.TestPlatform.CommandLine.Internal.ConsoleLogger., took 0 ms.
TpTrace Verbose: 0 : 8940, 4, 2024/10/22, 14:58:17.098, 37961456118, vstest.console.dll, MulticastDelegateUtilities.SafeInvoke: InternalTestLoggerEvents.SendTestResult: Invoking callback 1/1 for Microsoft.VisualStudio.TestPlatform.CommandLine.Internal.ConsoleLogger., took 0 ms.
TpTrace Verbose: 0 : 8940, 4, 2024/10/22, 14:58:17.098, 37961458818, vstest.console.dll, MulticastDelegateUtilities.SafeInvoke: InternalTestLoggerEvents.SendTestResult: Invoking callback 1/1 for Microsoft.VisualStudio.TestPlatform.CommandLine.Internal.ConsoleLogger., took 0 ms.
TpTrace Verbose: 0 : 8940, 4, 2024/10/22, 14:58:17.098, 37961459496, vstest.console.dll, MulticastDelegateUtilities.SafeInvoke: InternalTestLoggerEvents.SendTestResult: Invoking callback 1/1 for Microsoft.VisualStudio.TestPlatform.CommandLine.Internal.ConsoleLogger., took 0 ms.
TpTrace Verbose: 0 : 8940, 4, 2024/10/22, 14:58:17.098, 37961461051, vstest.console.dll, MulticastDelegateUtilities.SafeInvoke: InternalTestLoggerEvents.SendTestResult: Invoking callback 1/1 for Microsoft.VisualStudio.TestPlatform.CommandLine.Internal.ConsoleLogger., took 0 ms.
TpTrace Verbose: 0 : 8940, 4, 2024/10/22, 14:58:17.098, 37961461748, vstest.console.dll, MulticastDelegateUtilities.SafeInvoke: InternalTestLoggerEvents.SendTestResult: Invoking callback 1/1 for Microsoft.VisualStudio.TestPlatform.CommandLine.Internal.ConsoleLogger., took 0 ms.
TpTrace Verbose: 0 : 8940, 12, 2024/10/22, 14:58:17.129, 37961767782, vstest.console.dll, TcpClientExtensions.MessageLoopAsync: NotifyDataAvailable remoteEndPoint: 127.0.0.1:50534 localEndPoint: 127.0.0.1:50533
TpTrace Verbose: 0 : 8940, 12, 2024/10/22, 14:58:17.129, 37961771300, vstest.console.dll, TestRequestSender.OnExecutionMessageReceived: Received message: {"Version":7,"MessageType":"TestExecution.StatsChange","Payload":{"NewTestResults":[{"TestCase":{"Id":"5ddb0d24-6d62-874b-7e4c-3d4551636f7e","FullyQualifiedName":"EFWebApiTest.ProductRepositoryTest.TestAdd(\"TestAdd1\",120,4,\"\",\"Test description for Product\",1)","DisplayName":"TestAdd(\"TestAdd1\",120,4,\"\",\"Test description for Product\",1)","ExecutorUri":"executor://NUnit3TestExecutor","Source":"D:\\C_sharp and dot net projects\\Day29\\EFWebApiSolution\\EFWebApiTest\\bin\\Debug\\net8.0\\fine-code-coverage\\build-output\\EFWebApiTest.dll","CodeFilePath":null,"LineNumber":0,"Properties":[{"Key":{"Id":"NUnit.Seed","Label":"Seed","Category":"","Description":"","Attributes":0,"ValueType":"System.String"},"Value":"853864792"}]},"Attachments":[],"Outcome":2,"ErrorMessage":"  Expected: 1\r\n  But was:  9\r\n","ErrorStackTrace":"   at EFWebApiTest.ProductRepositoryTest.TestAdd(String name, Single price, Int32 quantity, String image, String desc, Int32 id) in D:\\C_sharp and dot net projects\\Day29\\EFWebApiSolution\\EFWebApiTest\\ProductRepositoryTest.cs:line 51\r\n   at NUnit.Framework.Internal.TaskAwaitAdapter.GenericAdapter`1.GetResult()\r\n   at NUnit.Framework.Internal.AsyncToSyncAdapter.Await(Func`1 invoke)\r\n   at NUnit.Framework.Internal.Commands.TestMethodCommand.RunTestMethod(TestExecutionContext context)\r\n   at NUnit.Framework.Internal.Commands.TestMethodCommand.Execute(TestExecutionContext context)\r\n   at NUnit.Framework.Internal.Commands.BeforeAndAfterTestCommand.<>c__DisplayClass1_0.<Execute>b__0()\r\n   at NUnit.Framework.Internal.Commands.DelegatingTestCommand.RunTestMethodInThreadAbortSafeZone(TestExecutionContext context, Action action)\r\n\n1)    at EFWebApiTest.ProductRepositoryTest.TestAdd(String name, Single price, Int32 quantity, String image, String desc, Int32 id) in D:\\C_sharp and dot net projects\\Day29\\EFWebApiSolution\\EFWebApiTest\\ProductRepositoryTest.cs:line 51\r\n   at System.Runtime.CompilerServices.AsyncMethodBuilderCore.Start[TStateMachine](TStateMachine& stateMachine)\r\n   at EFWebApiTest.ProductRepositoryTest.TestAdd(String name, Single price, Int32 quantity, String image, String desc, Int32 id)\r\n\n","DisplayName":"TestAdd(\"TestAdd1\",120,4,\"\",\"Test description for Product\",1)","Messages":[],"ComputerName":"LAPTOP-BJ9N1Q1E","Duration":"00:00:00.0013430","StartTime":"2024-10-22T09:28:17.0842371+00:00","EndTime":"2024-10-22T09:28:17.0855796+00:00","Properties":[{"Key":{"Id":"NUnit.Seed","Label":"Seed","Category":"","Description":"","Attributes":0,"ValueType":"System.String"},"Value":"853864792"}]},{"TestCase":{"Id":"eb614594-b938-376c-34e2-470fef95694f","FullyQualifiedName":"EFWebApiTest.ProductRepositoryTest.TestAdd(\"TestAdd2\",120,4,\"\",\"Test description for Product\",2)","DisplayName":"TestAdd(\"TestAdd2\",120,4,\"\",\"Test description for Product\",2)","ExecutorUri":"executor://NUnit3TestExecutor","Source":"D:\\C_sharp and dot net projects\\Day29\\EFWebApiSolution\\EFWebApiTest\\bin\\Debug\\net8.0\\fine-code-coverage\\build-output\\EFWebApiTest.dll","CodeFilePath":null,"LineNumber":0,"Properties":[{"Key":{"Id":"NUnit.Seed","Label":"Seed","Category":"","Description":"","Attributes":0,"ValueType":"System.String"},"Value":"1707181228"}]},"Attachments":[],"Outcome":2,"ErrorMessage":"  Expected: 2\r\n  But was:  10\r\n","ErrorStackTrace":"   at EFWebApiTest.ProductRepositoryTest.TestAdd(String name, Single price, Int32 quantity, String image, String desc, Int32 id) in D:\\C_sharp and dot net projects\\Day29\\EFWebApiSolution\\EFWebApiTest\\ProductRepositoryTest.cs:line 51\r\n   at NUnit.Framework.Internal.TaskAwaitAdapter.GenericAdapter`1.GetResult()\r\n   at NUnit.Framework.Internal.AsyncToSyncAdapter.Await(Func`1 invoke)\r\n   at NUnit.Framework.Internal.Commands.TestMethodCommand.RunTestMethod(TestExecutionContext context)\r\n   at NUnit.Framework.Internal.Commands.TestMethodCommand.Execute(TestExecutionContext context)\r\n   at NUnit.Framework.Internal.Commands.BeforeAndAfterTestCommand.<>c__DisplayClass1_0.<Execute>b__0()\r\n   at NUnit.Framework.Internal.Commands.DelegatingTestCommand.RunTestMethodInThreadAbortSafeZone(TestExecutionContext context, Action action)\r\n\n1)    at EFWebApiTest.ProductRepositoryTest.TestAdd(String name, Single price, Int32 quantity, String image, String desc, Int32 id) in D:\\C_sharp and dot net projects\\Day29\\EFWebApiSolution\\EFWebApiTest\\ProductRepositoryTest.cs:line 51\r\n   at System.Runtime.CompilerServices.AsyncMethodBuilderCore.Start[TStateMachine](TStateMachine& stateMachine)\r\n   at EFWebApiTest.ProductRepositoryTest.TestAdd(String name, Single price, Int32 quantity, String image, String desc, Int32 id)\r\n   at InvokeStub_ProductRepositoryTest.TestAdd(Object, Span`1)\r\n\n","DisplayName":"TestAdd(\"TestAdd2\",120,4,\"\",\"Test description for Product\",2)","Messages":[],"ComputerName":"LAPTOP-BJ9N1Q1E","Duration":"00:00:00.0010880","StartTime":"2024-10-22T09:28:17.0855973+00:00","EndTime":"2024-10-22T09:28:17.0866852+00:00","Properties":[{"Key":{"Id":"NUnit.Seed","Label":"Seed","Category":"","Description":"","Attributes":0,"ValueType":"System.String"},"Value":"1707181228"}]},{"TestCase":{"Id":"0aa3eaeb-3daa-c73d-813f-0d510d56d937","FullyQualifiedName":"EFWebApiTest.ProductRepositoryTest.TestAddException(\"TestAdd1\",120,4,\"\",\"Test description for Product\",1)","DisplayName":"TestAddException(\"TestAdd1\",120,4,\"\",\"Test description for Product\",1)","ExecutorUri":"executor://NUnit3TestExecutor","Source":"D:\\C_sharp and dot net projects\\Day29\\EFWebApiSolution\\EFWebApiTest\\bin\\Debug\\net8.0\\fine-code-coverage\\build-output\\EFWebApiTest.dll","CodeFilePath":null,"LineNumber":0,"Properties":[{"Key":{"Id":"NUnit.Seed","Label":"Seed","Category":"","Description":"","Attributes":0,"ValueType":"System.String"},"Value":"32539910"}]},"Attachments":[],"Outcome":1,"ErrorMessage":null,"ErrorStackTrace":null,"DisplayName":"TestAddException(\"TestAdd1\",120,4,\"\",\"Test description for Product\",1)","Messages":[],"ComputerName":"LAPTOP-BJ9N1Q1E","Duration":"00:00:00.0013280","StartTime":"2024-10-22T09:28:17.0867213+00:00","EndTime":"2024-10-22T09:28:17.0880488+00:00","Properties":[{"Key":{"Id":"NUnit.Seed","Label":"Seed","Category":"","Description":"","Attributes":0,"ValueType":"System.String"},"Value":"32539910"}]},{"TestCase":{"Id":"093f1973-8411-457b-b95c-709bbf076f46","FullyQualifiedName":"EFWebApiTest.ProductRepositoryTest.Update(\"Original Name\",100,5,\"original.jpg\",\"Original Description\",1)","DisplayName":"Update(\"Original Name\",100,5,\"original.jpg\",\"Original Description\",1)","ExecutorUri":"executor://NUnit3TestExecutor","Source":"D:\\C_sharp and dot net projects\\Day29\\EFWebApiSolution\\EFWebApiTest\\bin\\Debug\\net8.0\\fine-code-coverage\\build-output\\EFWebApiTest.dll","CodeFilePath":null,"LineNumber":0,"Properties":[{"Key":{"Id":"NUnit.Seed","Label":"Seed","Category":"","Description":"","Attributes":0,"ValueType":"System.String"},"Value":"1664376209"}]},"Attachments":[],"Outcome":2,"ErrorMessage":"EFWebApiApp.Exceptions.NotFoundException : Product could not be found","ErrorStackTrace":"   at EFWebApiApp.Repositories.ProductRepository.Get(Int32 key) in D:\\C_sharp and dot net projects\\Day29\\EFWebApiSolution\\EFWebApiApp\\Repositories\\ProductRepository.cs:line 59\r\n   at EFWebApiApp.Repositories.ProductRepository.Update(Int32 key, Product entity) in D:\\C_sharp and dot net projects\\Day29\\EFWebApiSolution\\EFWebApiApp\\Repositories\\ProductRepository.cs:line 86\r\n   at EFWebApiTest.ProductRepositoryTest.Update(String name, Single price, Int32 quantity, String image, String desc, Int32 id) in D:\\C_sharp and dot net projects\\Day29\\EFWebApiSolution\\EFWebApiTest\\ProductRepositoryTest.cs:line 152\r\n   at NUnit.Framework.Internal.TaskAwaitAdapter.GenericAdapter`1.GetResult()\r\n   at NUnit.Framework.Internal.AsyncToSyncAdapter.Await(Func`1 invoke)\r\n   at NUnit.Framework.Internal.Commands.TestMethodCommand.RunTestMethod(TestExecutionContext context)\r\n   at NUnit.Framework.Internal.Commands.TestMethodCommand.Execute(TestExecutionContext context)\r\n   at NUnit.Framework.Internal.Commands.BeforeAndAfterTestCommand.<>c__DisplayClass1_0.<Execute>b__0()\r\n   at NUnit.Framework.Internal.Commands.DelegatingTestCommand.RunTestMethodInThreadAbortSafeZone(TestExecutionContext context, Action action)\n","DisplayName":"Update(\"Original Name\",100,5,\"original.jpg\",\"Original Description\",1)","Messages":[],"ComputerName":"LAPTOP-BJ9N1Q1E","Duration":"00:00:00.0021020","StartTime":"2024-10-22T09:28:17.0881003+00:00","EndTime":"2024-10-22T09:28:17.0902014+00:00","Properties":[{"Key":{"Id":"NUnit.Seed","Label":"Seed","Category":"","Description":"","Attributes":0,"ValueType":"System.String"},"Value":"1664376209"}]},{"TestCase":{"Id":"15f9dcf8-35e9-4b89-c203-566c47756797","FullyQualifiedName":"EFWebApiTest.ProductRepositoryTest.Update(\"Second Product\",200,10,\"second.jpg\",\"Second Description\",2)","DisplayName":"Update(\"Second Product\",200,10,\"second.jpg\",\"Second Description\",2)","ExecutorUri":"executor://NUnit3TestExecutor","Source":"D:\\C_sharp and dot net projects\\Day29\\EFWebApiSolution\\EFWebApiTest\\bin\\Debug\\net8.0\\fine-code-coverage\\build-output\\EFWebApiTest.dll","CodeFilePath":null,"LineNumber":0,"Properties":[{"Key":{"Id":"NUnit.Seed","Label":"Seed","Category":"","Description":"","Attributes":0,"ValueType":"System.String"},"Value":"489058586"}]},"Attachments":[],"Outcome":2,"ErrorMessage":"EFWebApiApp.Exceptions.NotFoundException : Product could not be found","ErrorStackTrace":"   at EFWebApiApp.Repositories.ProductRepository.Get(Int32 key) in D:\\C_sharp and dot net projects\\Day29\\EFWebApiSolution\\EFWebApiApp\\Repositories\\ProductRepository.cs:line 59\r\n   at EFWebApiApp.Repositories.ProductRepository.Update(Int32 key, Product entity) in D:\\C_sharp and dot net projects\\Day29\\EFWebApiSolution\\EFWebApiApp\\Repositories\\ProductRepository.cs:line 86\r\n   at EFWebApiTest.ProductRepositoryTest.Update(String name, Single price, Int32 quantity, String image, String desc, Int32 id) in D:\\C_sharp and dot net projects\\Day29\\EFWebApiSolution\\EFWebApiTest\\ProductRepositoryTest.cs:line 152\r\n   at NUnit.Framework.Internal.TaskAwaitAdapter.GenericAdapter`1.GetResult()\r\n   at NUnit.Framework.Internal.AsyncToSyncAdapter.Await(Func`1 invoke)\r\n   at NUnit.Framework.Internal.Commands.TestMethodCommand.RunTestMethod(TestExecutionContext context)\r\n   at NUnit.Framework.Internal.Commands.TestMethodCommand.Execute(TestExecutionContext context)\r\n   at NUnit.Framework.Internal.Commands.BeforeAndAfterTestCommand.<>c__DisplayClass1_0.<Execute>b__0()\r\n   at NUnit.Framework.Internal.Commands.DelegatingTestCommand.RunTestMethodInThreadAbortSafeZone(TestExecutionContext context, Action action)\n","DisplayName":"Update(\"Second Product\",200,10,\"second.jpg\",\"Second Description\",2)","Messages":[],"ComputerName":"LAPTOP-BJ9N1Q1E","Duration":"00:00:00.0009840","StartTime":"2024-10-22T09:28:17.0902205+00:00","EndTime":"2024-10-22T09:28:17.0912042+00:00","Properties":[{"Key":{"Id":"NUnit.Seed","Label":"Seed","Category":"","Description":"","Attributes":0,"ValueType":"System.String"},"Value":"489058586"}]},{"TestCase":{"Id":"866d8803-b521-7e92-213b-c8d6830475b4","FullyQualifiedName":"EFWebApiTest.ProductServiceTest.AddProductTest","DisplayName":"AddProductTest","ExecutorUri":"executor://NUnit3TestExecutor","Source":"D:\\C_sharp and dot net projects\\Day29\\EFWebApiSolution\\EFWebApiTest\\bin\\Debug\\net8.0\\fine-code-coverage\\build-output\\EFWebApiTest.dll","CodeFilePath":null,"LineNumber":0,"Properties":[{"Key":{"Id":"NUnit.Seed","Label":"Seed","Category":"","Description":"","Attributes":0,"ValueType":"System.String"},"Value":"477475375"}]},"Attachments":[],"Outcome":1,"ErrorMessage":null,"ErrorStackTrace":null,"DisplayName":"AddProductTest","Messages":[],"ComputerName":"LAPTOP-BJ9N1Q1E","Duration":"00:00:00.0016800","StartTime":"2024-10-22T09:28:17.0914006+00:00","EndTime":"2024-10-22T09:28:17.0930805+00:00","Properties":[{"Key":{"Id":"NUnit.Seed","Label":"Seed","Category":"","Description":"","Attributes":0,"ValueType":"System.String"},"Value":"477475375"}]},{"TestCase":{"Id":"7d0f627f-859e-cbd6-9c55-0f2329ed1676","FullyQualifiedName":"EFWebApiTest.ProductServiceTest.GetProductByIdTest","DisplayName":"GetProductByIdTest","ExecutorUri":"executor://NUnit3TestExecutor","Source":"D:\\C_sharp and dot net projects\\Day29\\EFWebApiSolution\\EFWebApiTest\\bin\\Debug\\net8.0\\fine-code-coverage\\build-output\\EFWebApiTest.dll","CodeFilePath":null,"LineNumber":0,"Properties":[{"Key":{"Id":"NUnit.Seed","Label":"Seed","Category":"","Description":"","Attributes":0,"ValueType":"System.String"},"Value":"2025886392"}]},"Attachments":[],"Outcome":2,"ErrorMessage":"System.NullReferenceException : Object reference not set to an instance of an object.","ErrorStackTrace":"   at EFWebApiTest.ProductServiceTest.GetProductByIdTest() in D:\\C_sharp and dot net projects\\Day29\\EFWebApiSolution\\EFWebApiTest\\ProductServiceTest.cs:line 92\r\n   at NUnit.Framework.Internal.TaskAwaitAdapter.GenericAdapter`1.GetResult()\r\n   at NUnit.Framework.Internal.AsyncToSyncAdapter.Await(Func`1 invoke)\r\n   at NUnit.Framework.Internal.Commands.TestMethodCommand.RunTestMethod(TestExecutionContext context)\r\n   at NUnit.Framework.Internal.Commands.TestMethodCommand.Execute(TestExecutionContext context)\r\n   at NUnit.Framework.Internal.Commands.BeforeAndAfterTestCommand.<>c__DisplayClass1_0.<Execute>b__0()\r\n   at NUnit.Framework.Internal.Commands.DelegatingTestCommand.RunTestMethodInThreadAbortSafeZone(TestExecutionContext context, Action action)\n","DisplayName":"GetProductByIdTest","Messages":[],"ComputerName":"LAPTOP-BJ9N1Q1E","Duration":"00:00:00.0063530","StartTime":"2024-10-22T09:28:17.0930976+00:00","EndTime":"2024-10-22T09:28:17.0994507+00:00","Properties":[{"Key":{"Id":"NUnit.Seed","Label":"Seed","Category":"","Description":"","Attributes":0,"ValueType":"System.String"},"Value":"2025886392"}]},{"TestCase":{"Id":"373547f8-1ea2-4d2f-b55b-7d2ba915b867","FullyQualifiedName":"EFWebApiTest.ProductServiceTest.GetProductsTest","DisplayName":"GetProductsTest","ExecutorUri":"executor://NUnit3TestExecutor","Source":"D:\\C_sharp and dot net projects\\Day29\\EFWebApiSolution\\EFWebApiTest\\bin\\Debug\\net8.0\\fine-code-coverage\\build-output\\EFWebApiTest.dll","CodeFilePath":null,"LineNumber":0,"Properties":[{"Key":{"Id":"NUnit.Seed","Label":"Seed","Category":"","Description":"","Attributes":0,"ValueType":"System.String"},"Value":"478639623"}]},"Attachments":[],"Outcome":1,"ErrorMessage":null,"ErrorStackTrace":null,"DisplayName":"GetProductsTest","Messages":[],"ComputerName":"LAPTOP-BJ9N1Q1E","Duration":"00:00:00.0049720","StartTime":"2024-10-22T09:28:17.099474+00:00","EndTime":"2024-10-22T09:28:17.1044462+00:00","Properties":[{"Key":{"Id":"NUnit.Seed","Label":"Seed","Category":"","Description":"","Attributes":0,"ValueType":"System.String"},"Value":"478639623"}]},{"TestCase":{"Id":"771f65b0-7c48-60df-1df7-33daab11ac54","FullyQualifiedName":"EFWebApiTest.ProductServiceTest.UpdateProductPriceTest","DisplayName":"UpdateProductPriceTest","ExecutorUri":"executor://NUnit3TestExecutor","Source":"D:\\C_sharp and dot net projects\\Day29\\EFWebApiSolution\\EFWebApiTest\\bin\\Debug\\net8.0\\fine-code-coverage\\build-output\\EFWebApiTest.dll","CodeFilePath":null,"LineNumber":0,"Properties":[{"Key":{"Id":"NUnit.Seed","Label":"Seed","Category":"","Description":"","Attributes":0,"ValueType":"System.String"},"Value":"1869231508"}]},"Attachments":[],"Outcome":2,"ErrorMessage":"System.ArgumentException : An item with the same key has already been added. Key: 1","ErrorStackTrace":"   at System.Collections.Generic.Dictionary`2.TryInsert(TKey key, TValue value, InsertionBehavior behavior)\r\n   at System.Collections.Generic.Dictionary`2.Add(TKey key, TValue value)\r\n   at Microsoft.EntityFrameworkCore.InMemory.Storage.Internal.InMemoryTable`1.Create(IUpdateEntry entry, IDiagnosticsLogger`1 updateLogger)\r\n   at Microsoft.EntityFrameworkCore.InMemory.Storage.Internal.InMemoryStore.ExecuteTransaction(IList`1 entries, IDiagnosticsLogger`1 updateLogger)\r\n   at Microsoft.EntityFrameworkCore.InMemory.Storage.Internal.InMemoryDatabase.SaveChanges(IList`1 entries)\r\n   at Microsoft.EntityFrameworkCore.ChangeTracking.Internal.StateManager.SaveChanges(IList`1 entriesToSave)\r\n   at Microsoft.EntityFrameworkCore.ChangeTracking.Internal.StateManager.SaveChanges(StateManager stateManager, Boolean acceptAllChangesOnSuccess)\r\n   at Microsoft.EntityFrameworkCore.ChangeTracking.Internal.StateManager.<>c.<SaveChanges>b__112_0(DbContext _, ValueTuple`2 t)\r\n   at Microsoft.EntityFrameworkCore.Storage.NonRetryingExecutionStrategy.Execute[TState,TResult](TState state, Func`3 operation, Func`3 verifySucceeded)\r\n   at Microsoft.EntityFrameworkCore.ChangeTracking.Internal.StateManager.SaveChanges(Boolean acceptAllChangesOnSuccess)\r\n   at Microsoft.EntityFrameworkCore.DbContext.SaveChanges(Boolean acceptAllChangesOnSuccess)\r\n   at Microsoft.EntityFrameworkCore.DbContext.SaveChanges()\r\n   at EFWebApiTest.ProductServiceTest.UpdateProductPriceTest() in D:\\C_sharp and dot net projects\\Day29\\EFWebApiSolution\\EFWebApiTest\\ProductServiceTest.cs:line 147\r\n   at NUnit.Framework.Internal.TaskAwaitAdapter.GenericAdapter`1.GetResult()\r\n   at NUnit.Framework.Internal.AsyncToSyncAdapter.Await(Func`1 invoke)\r\n   at NUnit.Framework.Internal.Commands.TestMethodCommand.RunTestMethod(TestExecutionContext context)\r\n   at NUnit.Framework.Internal.Commands.TestMethodCommand.Execute(TestExecutionContext context)\r\n   at NUnit.Framework.Internal.Commands.BeforeAndAfterTestCommand.<>c__DisplayClass1_0.<Execute>b__0()\r\n   at NUnit.Framework.Internal.Commands.DelegatingTestCommand.RunTestMethodInThreadAbortSafeZone(TestExecutionContext context, Action action)\n","DisplayName":"UpdateProductPriceTest","Messages":[],"ComputerName":"LAPTOP-BJ9N1Q1E","Duration":"00:00:00.0027460","StartTime":"2024-10-22T09:28:17.1044678+00:00","EndTime":"2024-10-22T09:28:17.1072131+00:00","Properties":[{"Key":{"Id":"NUnit.Seed","Label":"Seed","Category":"","Description":"","Attributes":0,"ValueType":"System.String"},"Value":"1869231508"}]}],"TestRunStatistics":{"ExecutedTests":45,"Stats":{"Failed":23,"Passed":22}},"ActiveTests":[{"Id":"f3afc889-83bf-b5e2-6892-0be46e3f7946","FullyQualifiedName":"EFWebApiTest.Tests.AddTest(10,20,30)","DisplayName":"AddTest(10,20,30)","ExecutorUri":"executor://NUnit3TestExecutor","Source":"D:\\C_sharp and dot net projects\\Day29\\EFWebApiSolution\\EFWebApiTest\\bin\\Debug\\net8.0\\fine-code-coverage\\build-output\\EFWebApiTest.dll","CodeFilePath":null,"LineNumber":0,"Properties":[{"Key":{"Id":"NUnit.Seed","Label":"Seed","Category":"","Description":"","Attributes":0,"ValueType":"System.String"},"Value":"235258751"}]}]}}
TpTrace Verbose: 0 : 8940, 12, 2024/10/22, 14:58:17.130, 37961781227, vstest.console.dll, TestRunRequest:SendTestRunStatsChange: Starting.
TpTrace Verbose: 0 : 8940, 12, 2024/10/22, 14:58:17.130, 37961781803, vstest.console.dll, InProgress is AddTest(10,20,30)
TpTrace Verbose: 0 : 8940, 12, 2024/10/22, 14:58:17.130, 37961782219, vstest.console.dll, MulticastDelegateUtilities.SafeInvoke: TestRun.RunStatsChanged: Invoking callbacks was skipped because there are no subscribers.
TpTrace Information: 0 : 8940, 12, 2024/10/22, 14:58:17.130, 37961782438, vstest.console.dll, TestRunRequest:SendTestRunStatsChange: Completed.
TpTrace Verbose: 0 : 8940, 12, 2024/10/22, 14:58:17.130, 37961782635, vstest.console.dll, MulticastDelegateUtilities.SafeInvoke: LengthPrefixCommunicationChannel: MessageReceived: Invoking callback 1/1 for Microsoft.VisualStudio.TestPlatform.CommunicationUtilities.TestRequestSender+<>c__DisplayClass34_0., took 1 ms.
TpTrace Verbose: 0 : 8940, 12, 2024/10/22, 14:58:17.130, 37961782856, vstest.console.dll, TcpClientExtensions.MessageLoopAsync: Polling on remoteEndPoint: 127.0.0.1:50534 localEndPoint: 127.0.0.1:50533 after 33 ms
TpTrace Verbose: 0 : 8940, 4, 2024/10/22, 14:58:17.131, 37961785133, vstest.console.dll, MulticastDelegateUtilities.SafeInvoke: InternalTestLoggerEvents.SendTestResult: Invoking callback 1/1 for Microsoft.VisualStudio.TestPlatform.CommandLine.Internal.ConsoleLogger., took 0 ms.
TpTrace Verbose: 0 : 8940, 4, 2024/10/22, 14:58:17.131, 37961787218, vstest.console.dll, MulticastDelegateUtilities.SafeInvoke: InternalTestLoggerEvents.SendTestResult: Invoking callback 1/1 for Microsoft.VisualStudio.TestPlatform.CommandLine.Internal.ConsoleLogger., took 0 ms.
TpTrace Verbose: 0 : 8940, 4, 2024/10/22, 14:58:17.131, 37961788696, vstest.console.dll, MulticastDelegateUtilities.SafeInvoke: InternalTestLoggerEvents.SendTestResult: Invoking callback 1/1 for Microsoft.VisualStudio.TestPlatform.CommandLine.Internal.ConsoleLogger., took 0 ms.
TpTrace Verbose: 0 : 8940, 4, 2024/10/22, 14:58:17.131, 37961790919, vstest.console.dll, MulticastDelegateUtilities.SafeInvoke: InternalTestLoggerEvents.SendTestResult: Invoking callback 1/1 for Microsoft.VisualStudio.TestPlatform.CommandLine.Internal.ConsoleLogger., took 0 ms.
TpTrace Verbose: 0 : 8940, 4, 2024/10/22, 14:58:17.131, 37961792388, vstest.console.dll, MulticastDelegateUtilities.SafeInvoke: InternalTestLoggerEvents.SendTestResult: Invoking callback 1/1 for Microsoft.VisualStudio.TestPlatform.CommandLine.Internal.ConsoleLogger., took 0 ms.
TpTrace Verbose: 0 : 8940, 4, 2024/10/22, 14:58:17.131, 37961792957, vstest.console.dll, MulticastDelegateUtilities.SafeInvoke: InternalTestLoggerEvents.SendTestResult: Invoking callback 1/1 for Microsoft.VisualStudio.TestPlatform.CommandLine.Internal.ConsoleLogger., took 0 ms.
TpTrace Verbose: 0 : 8940, 4, 2024/10/22, 14:58:17.132, 37961793987, vstest.console.dll, MulticastDelegateUtilities.SafeInvoke: InternalTestLoggerEvents.SendTestResult: Invoking callback 1/1 for Microsoft.VisualStudio.TestPlatform.CommandLine.Internal.ConsoleLogger., took 0 ms.
TpTrace Verbose: 0 : 8940, 4, 2024/10/22, 14:58:17.132, 37961794251, vstest.console.dll, MulticastDelegateUtilities.SafeInvoke: InternalTestLoggerEvents.SendTestResult: Invoking callback 1/1 for Microsoft.VisualStudio.TestPlatform.CommandLine.Internal.ConsoleLogger., took 0 ms.
TpTrace Verbose: 0 : 8940, 4, 2024/10/22, 14:58:17.132, 37961795695, vstest.console.dll, MulticastDelegateUtilities.SafeInvoke: InternalTestLoggerEvents.SendTestResult: Invoking callback 1/1 for Microsoft.VisualStudio.TestPlatform.CommandLine.Internal.ConsoleLogger., took 0 ms.
TpTrace Verbose: 0 : 8940, 12, 2024/10/22, 14:58:17.170, 37962183234, vstest.console.dll, TcpClientExtensions.MessageLoopAsync: NotifyDataAvailable remoteEndPoint: 127.0.0.1:50534 localEndPoint: 127.0.0.1:50533
TpTrace Verbose: 0 : 8940, 12, 2024/10/22, 14:58:17.171, 37962184560, vstest.console.dll, TestRequestSender.OnExecutionMessageReceived: Received message: {"Version":7,"MessageType":"TestSession.Message","Payload":{"MessageLevel":0,"Message":"NUnit Adapter 4.5.0.0: Test execution complete"}}
TpTrace Verbose: 0 : 8940, 12, 2024/10/22, 14:58:17.171, 37962185712, vstest.console.dll, TestRunRequest:SendTestRunMessage: Starting.
TpTrace Verbose: 0 : 8940, 12, 2024/10/22, 14:58:17.171, 37962186318, vstest.console.dll, MulticastDelegateUtilities.SafeInvoke: TestRun.LogMessages: Invoking callback 1/1 for Microsoft.VisualStudio.TestPlatform.CommandLine.TestRunResultAggregator., took 0 ms.
TpTrace Information: 0 : 8940, 12, 2024/10/22, 14:58:17.171, 37962186544, vstest.console.dll, TestRunRequest:SendTestRunMessage: Completed.
TpTrace Verbose: 0 : 8940, 12, 2024/10/22, 14:58:17.171, 37962186718, vstest.console.dll, MulticastDelegateUtilities.SafeInvoke: LengthPrefixCommunicationChannel: MessageReceived: Invoking callback 1/1 for Microsoft.VisualStudio.TestPlatform.CommunicationUtilities.TestRequestSender+<>c__DisplayClass34_0., took 0 ms.
TpTrace Verbose: 0 : 8940, 12, 2024/10/22, 14:58:17.171, 37962186918, vstest.console.dll, TcpClientExtensions.MessageLoopAsync: Polling on remoteEndPoint: 127.0.0.1:50534 localEndPoint: 127.0.0.1:50533 after 40 ms
TpTrace Verbose: 0 : 8940, 4, 2024/10/22, 14:58:17.171, 37962186926, vstest.console.dll, MulticastDelegateUtilities.SafeInvoke: InternalTestLoggerEvents.SendTestRunMessage: Invoking callback 1/1 for Microsoft.VisualStudio.TestPlatform.CommandLine.Internal.ConsoleLogger., took 0 ms.
TpTrace Verbose: 0 : 8940, 12, 2024/10/22, 14:58:17.183, 37962307597, vstest.console.dll, TcpClientExtensions.MessageLoopAsync: NotifyDataAvailable remoteEndPoint: 127.0.0.1:50534 localEndPoint: 127.0.0.1:50533
TpTrace Verbose: 0 : 8940, 12, 2024/10/22, 14:58:17.183, 37962309968, vstest.console.dll, TestRequestSender.OnExecutionMessageReceived: Received message: {"Version":7,"MessageType":"TestExecution.Completed","Payload":{"TestRunCompleteArgs":{"TestRunStatistics":{"ExecutedTests":53,"Stats":{"Failed":28,"Passed":25}},"IsCanceled":false,"IsAborted":false,"Error":null,"AttachmentSets":[],"InvokedDataCollectors":[],"ElapsedTimeInRunningTests":"00:00:01.1216268","Metrics":{},"DiscoveredExtensions":{"TestDiscoverers":["NUnit.VisualStudio.TestAdapter.NUnit3TestDiscoverer, NUnit3.TestAdapter, Version=4.5.0.0, Culture=neutral, PublicKeyToken=4cb40d35494691ac"],"TestExecutors":["executor://NUnit3TestExecutor"],"TestExecutors2":[],"TestSettingsProviders":[]}},"LastRunTests":{"NewTestResults":[{"TestCase":{"Id":"f3afc889-83bf-b5e2-6892-0be46e3f7946","FullyQualifiedName":"EFWebApiTest.Tests.AddTest(10,20,30)","DisplayName":"AddTest(10,20,30)","ExecutorUri":"executor://NUnit3TestExecutor","Source":"D:\\C_sharp and dot net projects\\Day29\\EFWebApiSolution\\EFWebApiTest\\bin\\Debug\\net8.0\\fine-code-coverage\\build-output\\EFWebApiTest.dll","CodeFilePath":null,"LineNumber":0,"Properties":[{"Key":{"Id":"NUnit.Seed","Label":"Seed","Category":"","Description":"","Attributes":0,"ValueType":"System.String"},"Value":"235258751"}]},"Attachments":[],"Outcome":1,"ErrorMessage":null,"ErrorStackTrace":null,"DisplayName":"AddTest(10,20,30)","Messages":[],"ComputerName":"LAPTOP-BJ9N1Q1E","Duration":"00:00:00.0002860","StartTime":"2024-10-22T09:28:17.1073764+00:00","EndTime":"2024-10-22T09:28:17.1076624+00:00","Properties":[{"Key":{"Id":"NUnit.Seed","Label":"Seed","Category":"","Description":"","Attributes":0,"ValueType":"System.String"},"Value":"235258751"}]},{"TestCase":{"Id":"5bd7a501-ba17-bba6-2621-f8791e14177b","FullyQualifiedName":"EFWebApiTest.Tests.AddTest(int.MaxValue,-20,int.MaxValue)","DisplayName":"AddTest(int.MaxValue,-20,int.MaxValue)","ExecutorUri":"executor://NUnit3TestExecutor","Source":"D:\\C_sharp and dot net projects\\Day29\\EFWebApiSolution\\EFWebApiTest\\bin\\Debug\\net8.0\\fine-code-coverage\\build-output\\EFWebApiTest.dll","CodeFilePath":null,"LineNumber":0,"Properties":[{"Key":{"Id":"NUnit.Seed","Label":"Seed","Category":"","Description":"","Attributes":0,"ValueType":"System.String"},"Value":"1118993758"}]},"Attachments":[],"Outcome":2,"ErrorMessage":"  Expected: 2147483647\r\n  But was:  2147483627\r\n","ErrorStackTrace":"   at EFWebApiTest.Tests.AddTest(Int32 n1, Int32 n2, Int32 result) in D:\\C_sharp and dot net projects\\Day29\\EFWebApiSolution\\EFWebApiTest\\CalculatorTest.cs:line 25\r\n   at InvokeStub_Tests.AddTest(Object, Span`1)\r\n\n1)    at EFWebApiTest.Tests.AddTest(Int32 n1, Int32 n2, Int32 result) in D:\\C_sharp and dot net projects\\Day29\\EFWebApiSolution\\EFWebApiTest\\CalculatorTest.cs:line 25\r\n   at InvokeStub_Tests.AddTest(Object, Span`1)\r\n\n","DisplayName":"AddTest(int.MaxValue,-20,int.MaxValue)","Messages":[],"ComputerName":"LAPTOP-BJ9N1Q1E","Duration":"00:00:00.0027390","StartTime":"2024-10-22T09:28:17.1076785+00:00","EndTime":"2024-10-22T09:28:17.1104173+00:00","Properties":[{"Key":{"Id":"NUnit.Seed","Label":"Seed","Category":"","Description":"","Attributes":0,"ValueType":"System.String"},"Value":"1118993758"}]},{"TestCase":{"Id":"4320067a-86fa-15c0-2c7b-0adb6c6188ad","FullyQualifiedName":"EFWebApiTest.Tests.AddTest(int.MinValue,20,int.MinValue)","DisplayName":"AddTest(int.MinValue,20,int.MinValue)","ExecutorUri":"executor://NUnit3TestExecutor","Source":"D:\\C_sharp and dot net projects\\Day29\\EFWebApiSolution\\EFWebApiTest\\bin\\Debug\\net8.0\\fine-code-coverage\\build-output\\EFWebApiTest.dll","CodeFilePath":null,"LineNumber":0,"Properties":[{"Key":{"Id":"NUnit.Seed","Label":"Seed","Category":"","Description":"","Attributes":0,"ValueType":"System.String"},"Value":"1164349096"}]},"Attachments":[],"Outcome":2,"ErrorMessage":"  Expected: -2147483648\r\n  But was:  -2147483628\r\n","ErrorStackTrace":"   at EFWebApiTest.Tests.AddTest(Int32 n1, Int32 n2, Int32 result) in D:\\C_sharp and dot net projects\\Day29\\EFWebApiSolution\\EFWebApiTest\\CalculatorTest.cs:line 25\r\n   at InvokeStub_Tests.AddTest(Object, Span`1)\r\n\n1)    at EFWebApiTest.Tests.AddTest(Int32 n1, Int32 n2, Int32 result) in D:\\C_sharp and dot net projects\\Day29\\EFWebApiSolution\\EFWebApiTest\\CalculatorTest.cs:line 25\r\n   at InvokeStub_Tests.AddTest(Object, Span`1)\r\n\n","DisplayName":"AddTest(int.MinValue,20,int.MinValue)","Messages":[],"ComputerName":"LAPTOP-BJ9N1Q1E","Duration":"00:00:00.0007150","StartTime":"2024-10-22T09:28:17.1104364+00:00","EndTime":"2024-10-22T09:28:17.1111514+00:00","Properties":[{"Key":{"Id":"NUnit.Seed","Label":"Seed","Category":"","Description":"","Attributes":0,"ValueType":"System.String"},"Value":"1164349096"}]},{"TestCase":{"Id":"175f29b5-3c68-55f2-c9f4-fb23ed54a356","FullyQualifiedName":"EFWebApiTest.Tests.AddTest(0,0,0)","DisplayName":"AddTest(0,0,0)","ExecutorUri":"executor://NUnit3TestExecutor","Source":"D:\\C_sharp and dot net projects\\Day29\\EFWebApiSolution\\EFWebApiTest\\bin\\Debug\\net8.0\\fine-code-coverage\\build-output\\EFWebApiTest.dll","CodeFilePath":null,"LineNumber":0,"Properties":[{"Key":{"Id":"NUnit.Seed","Label":"Seed","Category":"","Description":"","Attributes":0,"ValueType":"System.String"},"Value":"1408388613"}]},"Attachments":[],"Outcome":1,"ErrorMessage":null,"ErrorStackTrace":null,"DisplayName":"AddTest(0,0,0)","Messages":[],"ComputerName":"LAPTOP-BJ9N1Q1E","Duration":"00:00:00.0000349","StartTime":"2024-10-22T09:28:17.1111649+00:00","EndTime":"2024-10-22T09:28:17.1111994+00:00","Properties":[{"Key":{"Id":"NUnit.Seed","Label":"Seed","Category":"","Description":"","Attributes":0,"ValueType":"System.String"},"Value":"1408388613"}]},{"TestCase":{"Id":"0d675f41-ba40-13ac-c90b-09732f7bafb0","FullyQualifiedName":"EFWebApiTest.UserRepositoryTest.TesGet","DisplayName":"TesGet","ExecutorUri":"executor://NUnit3TestExecutor","Source":"D:\\C_sharp and dot net projects\\Day29\\EFWebApiSolution\\EFWebApiTest\\bin\\Debug\\net8.0\\fine-code-coverage\\build-output\\EFWebApiTest.dll","CodeFilePath":null,"LineNumber":0,"Properties":[{"Key":{"Id":"NUnit.Seed","Label":"Seed","Category":"","Description":"","Attributes":0,"ValueType":"System.String"},"Value":"255926300"}]},"Attachments":[],"Outcome":1,"ErrorMessage":null,"ErrorStackTrace":null,"DisplayName":"TesGet","Messages":[],"ComputerName":"LAPTOP-BJ9N1Q1E","Duration":"00:00:00.0372500","StartTime":"2024-10-22T09:28:17.1113291+00:00","EndTime":"2024-10-22T09:28:17.1485791+00:00","Properties":[{"Key":{"Id":"NUnit.Seed","Label":"Seed","Category":"","Description":"","Attributes":0,"ValueType":"System.String"},"Value":"255926300"}]},{"TestCase":{"Id":"c9799c37-8085-8567-d1ec-30e920737bfc","FullyQualifiedName":"EFWebApiTest.UserRepositoryTest.TestAdd","DisplayName":"TestAdd","ExecutorUri":"executor://NUnit3TestExecutor","Source":"D:\\C_sharp and dot net projects\\Day29\\EFWebApiSolution\\EFWebApiTest\\bin\\Debug\\net8.0\\fine-code-coverage\\build-output\\EFWebApiTest.dll","CodeFilePath":null,"LineNumber":0,"Properties":[{"Key":{"Id":"NUnit.Seed","Label":"Seed","Category":"","Description":"","Attributes":0,"ValueType":"System.String"},"Value":"422385288"}]},"Attachments":[],"Outcome":2,"ErrorMessage":"EFWebApiApp.Exceptions.CouldNotAddException : No message provided","ErrorStackTrace":"   at EFWebApiApp.Repositories.UserRepository.Add(User entity) in D:\\C_sharp and dot net projects\\Day29\\EFWebApiSolution\\EFWebApiApp\\Repositories\\UserRepository.cs:line 30\r\n   at EFWebApiTest.UserRepositoryTest.TestAdd() in D:\\C_sharp and dot net projects\\Day29\\EFWebApiSolution\\EFWebApiTest\\UserRepositoryTest.cs:line 43\r\n   at NUnit.Framework.Internal.TaskAwaitAdapter.GenericAdapter`1.GetResult()\r\n   at NUnit.Framework.Internal.AsyncToSyncAdapter.Await(Func`1 invoke)\r\n   at NUnit.Framework.Internal.Commands.TestMethodCommand.RunTestMethod(TestExecutionContext context)\r\n   at NUnit.Framework.Internal.Commands.TestMethodCommand.Execute(TestExecutionContext context)\r\n   at NUnit.Framework.Internal.Commands.BeforeAndAfterTestCommand.<>c__DisplayClass1_0.<Execute>b__0()\r\n   at NUnit.Framework.Internal.Commands.DelegatingTestCommand.RunTestMethodInThreadAbortSafeZone(TestExecutionContext context, Action action)\n","DisplayName":"TestAdd","Messages":[],"ComputerName":"LAPTOP-BJ9N1Q1E","Duration":"00:00:00.0018770","StartTime":"2024-10-22T09:28:17.1486026+00:00","EndTime":"2024-10-22T09:28:17.1504793+00:00","Properties":[{"Key":{"Id":"NUnit.Seed","Label":"Seed","Category":"","Description":"","Attributes":0,"ValueType":"System.String"},"Value":"422385288"}]},{"TestCase":{"Id":"4e13fcba-a4f6-a7d4-0b26-f57668a88a50","FullyQualifiedName":"EFWebApiTest.UserServiceTest.TestAdd(\"TestUser\",\"TestPassword\",\"TestHashKey\",Admin)","DisplayName":"TestAdd(\"TestUser\",\"TestPassword\",\"TestHashKey\",Admin)","ExecutorUri":"executor://NUnit3TestExecutor","Source":"D:\\C_sharp and dot net projects\\Day29\\EFWebApiSolution\\EFWebApiTest\\bin\\Debug\\net8.0\\fine-code-coverage\\build-output\\EFWebApiTest.dll","CodeFilePath":null,"LineNumber":0,"Properties":[{"Key":{"Id":"NUnit.Seed","Label":"Seed","Category":"","Description":"","Attributes":0,"ValueType":"System.String"},"Value":"633953726"}]},"Attachments":[],"Outcome":2,"ErrorMessage":"System.Exception : Could not register user","ErrorStackTrace":"   at EFWebApiApp.Services.UserService.Register(UserCreateDTO registerUser) in D:\\C_sharp and dot net projects\\Day29\\EFWebApiSolution\\EFWebApiApp\\Services\\UserService.cs:line 66\r\n   at EFWebApiTest.UserServiceTest.TestAdd(String username, String password, String hashKey, Roles role) in D:\\C_sharp and dot net projects\\Day29\\EFWebApiSolution\\EFWebApiTest\\UserServiceTest.cs:line 48\r\n   at NUnit.Framework.Internal.TaskAwaitAdapter.GenericAdapter`1.GetResult()\r\n   at NUnit.Framework.Internal.AsyncToSyncAdapter.Await(Func`1 invoke)\r\n   at NUnit.Framework.Internal.Commands.TestMethodCommand.RunTestMethod(TestExecutionContext context)\r\n   at NUnit.Framework.Internal.Commands.TestMethodCommand.Execute(TestExecutionContext context)\r\n   at NUnit.Framework.Internal.Commands.BeforeAndAfterTestCommand.<>c__DisplayClass1_0.<Execute>b__0()\r\n   at NUnit.Framework.Internal.Commands.DelegatingTestCommand.RunTestMethodInThreadAbortSafeZone(TestExecutionContext context, Action action)\n","DisplayName":"TestAdd(\"TestUser\",\"TestPassword\",\"TestHashKey\",Admin)","Messages":[],"ComputerName":"LAPTOP-BJ9N1Q1E","Duration":"00:00:00.0045350","StartTime":"2024-10-22T09:28:17.1505993+00:00","EndTime":"2024-10-22T09:28:17.1551341+00:00","Properties":[{"Key":{"Id":"NUnit.Seed","Label":"Seed","Category":"","Description":"","Attributes":0,"ValueType":"System.String"},"Value":"633953726"}]},{"TestCase":{"Id":"893d9bc3-0b9b-7759-70a7-c464492049a6","FullyQualifiedName":"EFWebApiTest.UserServiceTest.TestAuthenticate(\"TestUser\",\"TestPassword\",\"TestHashKey\")","DisplayName":"TestAuthenticate(\"TestUser\",\"TestPassword\",\"TestHashKey\")","ExecutorUri":"executor://NUnit3TestExecutor","Source":"D:\\C_sharp and dot net projects\\Day29\\EFWebApiSolution\\EFWebApiTest\\bin\\Debug\\net8.0\\fine-code-coverage\\build-output\\EFWebApiTest.dll","CodeFilePath":null,"LineNumber":0,"Properties":[{"Key":{"Id":"NUnit.Seed","Label":"Seed","Category":"","Description":"","Attributes":0,"ValueType":"System.String"},"Value":"2042213306"}]},"Attachments":[],"Outcome":2,"ErrorMessage":"System.Exception : Could not register user","ErrorStackTrace":"   at EFWebApiApp.Services.UserService.Register(UserCreateDTO registerUser) in D:\\C_sharp and dot net projects\\Day29\\EFWebApiSolution\\EFWebApiApp\\Services\\UserService.cs:line 66\r\n   at EFWebApiTest.UserServiceTest.TestAuthenticate(String username, String password, String hashKey) in D:\\C_sharp and dot net projects\\Day29\\EFWebApiSolution\\EFWebApiTest\\UserServiceTest.cs:line 62\r\n   at NUnit.Framework.Internal.TaskAwaitAdapter.GenericAdapter`1.GetResult()\r\n   at NUnit.Framework.Internal.AsyncToSyncAdapter.Await(Func`1 invoke)\r\n   at NUnit.Framework.Internal.Commands.TestMethodCommand.RunTestMethod(TestExecutionContext context)\r\n   at NUnit.Framework.Internal.Commands.TestMethodCommand.Execute(TestExecutionContext context)\r\n   at NUnit.Framework.Internal.Commands.BeforeAndAfterTestCommand.<>c__DisplayClass1_0.<Execute>b__0()\r\n   at NUnit.Framework.Internal.Commands.DelegatingTestCommand.RunTestMethodInThreadAbortSafeZone(TestExecutionContext context, Action action)\n","DisplayName":"TestAuthenticate(\"TestUser\",\"TestPassword\",\"TestHashKey\")","Messages":[],"ComputerName":"LAPTOP-BJ9N1Q1E","Duration":"00:00:00.0019810","StartTime":"2024-10-22T09:28:17.1551844+00:00","EndTime":"2024-10-22T09:28:17.1571652+00:00","Properties":[{"Key":{"Id":"NUnit.Seed","Label":"Seed","Category":"","Description":"","Attributes":0,"ValueType":"System.String"},"Value":"2042213306"}]}],"TestRunStatistics":{"ExecutedTests":53,"Stats":{"Failed":28,"Passed":25}},"ActiveTests":[]},"RunAttachments":[],"ExecutorUris":["executor://nunit3testexecutor/"]}}
TpTrace Verbose: 0 : 8940, 12, 2024/10/22, 14:58:17.183, 37962311350, vstest.console.dll, TestRequestSender.EndSession: Sending end session.
TpTrace Verbose: 0 : 8940, 12, 2024/10/22, 14:58:17.183, 37962312616, vstest.console.dll, ProxyOperationManager.Close: waiting for test host to exit for 100 ms
TpTrace Verbose: 0 : 8940, 7, 2024/10/22, 14:58:17.233, 37962804037, vstest.console.dll, TestHostManagerCallbacks.StandardOutputReceivedCallback Test host standard output line: 
TpTrace Warning: 0 : 8940, 13, 2024/10/22, 14:58:17.233, 37962804037, vstest.console.dll, TestHostManagerCallbacks.ErrorReceivedCallback Test host standard error line: 
TpTrace Verbose: 0 : 8940, 13, 2024/10/22, 14:58:17.244, 37962922803, vstest.console.dll, TestHostProvider.ExitCallBack: Host exited starting callback.
TpTrace Information: 0 : 8940, 13, 2024/10/22, 14:58:17.245, 37962924208, vstest.console.dll, TestHostManagerCallbacks.ExitCallBack: Testhost processId: 17872 exited with exitcode: 0 error: ''
TpTrace Verbose: 0 : 8940, 13, 2024/10/22, 14:58:17.245, 37962924464, vstest.console.dll, DotnetTestHostManager.OnHostExited: invoking OnHostExited callback
TpTrace Verbose: 0 : 8940, 13, 2024/10/22, 14:58:17.245, 37962924857, vstest.console.dll, CrossPlatEngine.TestHostManagerHostExited: calling on client process exit callback.
TpTrace Information: 0 : 8940, 13, 2024/10/22, 14:58:17.245, 37962925216, vstest.console.dll, TestRequestSender.OnClientProcessExit: Test host process exited. Standard error: 
TpTrace Information: 0 : 8940, 13, 2024/10/22, 14:58:17.245, 37962925629, vstest.console.dll, SocketServer.Stop: Stop server endPoint: 127.0.0.1:50533
TpTrace Information: 0 : 8940, 13, 2024/10/22, 14:58:17.245, 37962925780, vstest.console.dll, SocketServer.Stop: Cancellation requested. Stopping message loop.
TpTrace Information: 0 : 8940, 12, 2024/10/22, 14:58:17.245, 37962926044, vstest.console.dll, SocketServer.Stop: Stop server endPoint: 127.0.0.1:50533
TpTrace Verbose: 0 : 8940, 13, 2024/10/22, 14:58:17.245, 37962926565, vstest.console.dll, MulticastDelegateUtilities.SafeInvoke: HostProviderEvents.OnHostExited: Invoking callback 1/1 for Microsoft.VisualStudio.TestPlatform.CrossPlatEngine.Client.ProxyOperationManager., took 0 ms.
TpTrace Information: 0 : 8940, 12, 2024/10/22, 14:58:17.245, 37962927020, vstest.console.dll, SocketServer.Stop: Cancellation requested. Stopping message loop.
TpTrace Information: 0 : 8940, 12, 2024/10/22, 14:58:17.245, 37962927970, vstest.console.dll, Closing the connection
TpTrace Verbose: 0 : 8940, 12, 2024/10/22, 14:58:17.245, 37962929357, vstest.console.dll, ProxyDataCollectionManager.InvokeDataCollectionServiceAction: Starting.
TpTrace Information: 0 : 8940, 12, 2024/10/22, 14:58:17.245, 37962929588, vstest.console.dll, ProxyDataCollectionManager.AfterTestRunEnd: Get attachment set and invoked data collectors processId: 10672 port: 50530
TpTrace Verbose: 0 : 8940, 12, 2024/10/22, 14:58:17.245, 37962930245, vstest.console.dll, DataCollectionRequestSender.SendAfterTestRunStartAndGetResult: Send AfterTestRunEnd message with isCancelled: False
TpTrace Verbose: 0 : 8940, 12, 2024/10/22, 14:58:17.251, 37962988122, vstest.console.dll, DataCollectionRequestSender.SendAfterTestRunStartAndGetResult: Received message: (DataCollection.AfterTestRunEndResult) -> {"MessageType":"DataCollection.AfterTestRunEndResult","Payload":{"AttachmentSets":[],"InvokedDataCollectors":[{"Uri":"datacollector://Microsoft/TestPlatform/Extensions/Blame/v1","FriendlyName":"Blame","AssemblyQualifiedName":"Microsoft.TestPlatform.Extensions.BlameDataCollector.BlameCollector, Microsoft.TestPlatform.Extensions.BlameDataCollector, Version=15.0.0.0, Culture=neutral, PublicKeyToken=b03f5f7f11d50a3a","FilePath":"C:\\Program Files\\dotnet\\sdk\\8.0.400\\Extensions\\Microsoft.TestPlatform.Extensions.BlameDataCollector.dll","HasAttachmentProcessor":false}],"Metrics":{}}}
TpTrace Information: 0 : 8940, 12, 2024/10/22, 14:58:17.257, 37963047147, vstest.console.dll, ProxyDataCollectionManager.InvokeDataCollectionServiceAction: Completed.
TpTrace Warning: 0 : 8940, 11, 2024/10/22, 14:58:17.265, 37963130523, vstest.console.dll, DataCollectionLauncher.ErrorReceivedCallback datacollector standard error line: 
TpTrace Information: 0 : 8940, 11, 2024/10/22, 14:58:17.273, 37963204759, vstest.console.dll, DataCollectionLauncher.ExitCallBack: Data collector exited with exitcode: 0 error: ''
TpTrace Verbose: 0 : 8940, 12, 2024/10/22, 14:58:17.299, 37963464889, vstest.console.dll, TestRunRequest:SendTestRunStatsChange: Starting.
TpTrace Verbose: 0 : 8940, 12, 2024/10/22, 14:58:17.299, 37963466947, vstest.console.dll, MulticastDelegateUtilities.SafeInvoke: TestRun.RunStatsChanged: Invoking callbacks was skipped because there are no subscribers.
TpTrace Information: 0 : 8940, 12, 2024/10/22, 14:58:17.299, 37963467238, vstest.console.dll, TestRunRequest:SendTestRunStatsChange: Completed.
TpTrace Verbose: 0 : 8940, 4, 2024/10/22, 14:58:17.299, 37963468199, vstest.console.dll, MulticastDelegateUtilities.SafeInvoke: InternalTestLoggerEvents.SendTestResult: Invoking callback 1/1 for Microsoft.VisualStudio.TestPlatform.CommandLine.Internal.ConsoleLogger., took 0 ms.
TpTrace Verbose: 0 : 8940, 12, 2024/10/22, 14:58:17.299, 37963470247, vstest.console.dll, ParallelProxyExecutionManager: HandlePartialRunComplete: Total workloads = 1, Total started clients = 1 Total completed clients = 1, Run complete = True, Run canceled: False.
TpTrace Verbose: 0 : 8940, 4, 2024/10/22, 14:58:17.299, 37963470424, vstest.console.dll, MulticastDelegateUtilities.SafeInvoke: InternalTestLoggerEvents.SendTestResult: Invoking callback 1/1 for Microsoft.VisualStudio.TestPlatform.CommandLine.Internal.ConsoleLogger., took 0 ms.
TpTrace Verbose: 0 : 8940, 12, 2024/10/22, 14:58:17.299, 37963470851, vstest.console.dll, ParallelProxyExecutionManager: HandlePartialRunComplete: All runs completed stopping all managers.
TpTrace Verbose: 0 : 8940, 12, 2024/10/22, 14:58:17.299, 37963471250, vstest.console.dll, ParallelOperationManager.StopAllManagers: Stopping all managers.
TpTrace Verbose: 0 : 8940, 4, 2024/10/22, 14:58:17.299, 37963471540, vstest.console.dll, MulticastDelegateUtilities.SafeInvoke: InternalTestLoggerEvents.SendTestResult: Invoking callback 1/1 for Microsoft.VisualStudio.TestPlatform.CommandLine.Internal.ConsoleLogger., took 0 ms.
TpTrace Verbose: 0 : 8940, 12, 2024/10/22, 14:58:17.299, 37963471637, vstest.console.dll, ParallelOperationManager.ClearSlots: Clearing all slots. Slots should accept more work: False
TpTrace Verbose: 0 : 8940, 12, 2024/10/22, 14:58:17.299, 37963472026, vstest.console.dll, ParallelOperationManager.SetOccupiedSlotCount: Setting slot counts AvailableSlotCount = 1, OccupiedSlotCount = 0.
TpTrace Verbose: 0 : 8940, 4, 2024/10/22, 14:58:17.299, 37963472084, vstest.console.dll, MulticastDelegateUtilities.SafeInvoke: InternalTestLoggerEvents.SendTestResult: Invoking callback 1/1 for Microsoft.VisualStudio.TestPlatform.CommandLine.Internal.ConsoleLogger., took 0 ms.
TpTrace Verbose: 0 : 8940, 12, 2024/10/22, 14:58:17.299, 37963472669, vstest.console.dll, Occupied slots:

TpTrace Verbose: 0 : 8940, 4, 2024/10/22, 14:58:17.299, 37963472737, vstest.console.dll, MulticastDelegateUtilities.SafeInvoke: InternalTestLoggerEvents.SendTestResult: Invoking callback 1/1 for Microsoft.VisualStudio.TestPlatform.CommandLine.Internal.ConsoleLogger., took 0 ms.
TpTrace Verbose: 0 : 8940, 4, 2024/10/22, 14:58:17.300, 37963474886, vstest.console.dll, MulticastDelegateUtilities.SafeInvoke: InternalTestLoggerEvents.SendTestResult: Invoking callback 1/1 for Microsoft.VisualStudio.TestPlatform.CommandLine.Internal.ConsoleLogger., took 0 ms.
TpTrace Verbose: 0 : 8940, 4, 2024/10/22, 14:58:17.300, 37963477194, vstest.console.dll, MulticastDelegateUtilities.SafeInvoke: InternalTestLoggerEvents.SendTestResult: Invoking callback 1/1 for Microsoft.VisualStudio.TestPlatform.CommandLine.Internal.ConsoleLogger., took 0 ms.
TpTrace Verbose: 0 : 8940, 4, 2024/10/22, 14:58:17.300, 37963480112, vstest.console.dll, MulticastDelegateUtilities.SafeInvoke: InternalTestLoggerEvents.SendTestResult: Invoking callback 1/1 for Microsoft.VisualStudio.TestPlatform.CommandLine.Internal.ConsoleLogger., took 0 ms.
TpTrace Verbose: 0 : 8940, 4, 2024/10/22, 14:58:17.308, 37963554616, vstest.console.dll, MulticastDelegateUtilities.SafeInvoke: InternalTestLoggerEvents.SendTestRunComplete: Invoking callback 1/2 for Microsoft.TestPlatform.Extensions.BlameDataCollector.BlameLogger., took 0 ms.
TpTrace Verbose: 0 : 8940, 4, 2024/10/22, 14:58:17.313, 37963608487, vstest.console.dll, MulticastDelegateUtilities.SafeInvoke: InternalTestLoggerEvents.SendTestRunComplete: Invoking callback 2/2 for Microsoft.VisualStudio.TestPlatform.CommandLine.Internal.ConsoleLogger., took 5 ms.
TpTrace Verbose: 0 : 8940, 12, 2024/10/22, 14:58:17.313, 37963611636, vstest.console.dll, TestRunRequest:TestRunComplete: Starting. IsAborted:False IsCanceled:False.
TpTrace Verbose: 0 : 8940, 12, 2024/10/22, 14:58:17.313, 37963613434, vstest.console.dll, ParallelOperationManager.DoActionOnAllManagers: Calling an action on all managers.
TpTrace Verbose: 0 : 8940, 12, 2024/10/22, 14:58:17.315, 37963624250, vstest.console.dll, TestLoggerManager.HandleTestRunComplete: Ignoring as the object is disposed.
TpTrace Verbose: 0 : 8940, 12, 2024/10/22, 14:58:17.315, 37963626767, vstest.console.dll, MulticastDelegateUtilities.SafeInvoke: TestRun.TestRunComplete: Invoking callback 1/2 for Microsoft.VisualStudio.TestPlatform.CommandLine.TestRunResultAggregator., took 0 ms.
TpTrace Verbose: 0 : 8940, 12, 2024/10/22, 14:58:17.315, 37963628470, vstest.console.dll, MulticastDelegateUtilities.SafeInvoke: TestRun.TestRunComplete: Invoking callback 2/2 for Microsoft.VisualStudio.TestPlatform.CommandLine.Processors.RunTestsArgumentExecutor+TestRunRequestEventsRegistrar., took 0 ms.
TpTrace Information: 0 : 8940, 12, 2024/10/22, 14:58:17.315, 37963629701, vstest.console.dll, TestRunRequest:TestRunComplete: Completed.
TpTrace Verbose: 0 : 8940, 1, 2024/10/22, 14:58:17.315, 37963629916, vstest.console.dll, TestRunRequest.Dispose: Starting.
TpTrace Verbose: 0 : 8940, 12, 2024/10/22, 14:58:17.315, 37963630208, vstest.console.dll, TestRequestSender.SetOperationComplete: Setting operation complete.
TpTrace Information: 0 : 8940, 1, 2024/10/22, 14:58:17.315, 37963630842, vstest.console.dll, TestRunRequest.Dispose: Completed.
TpTrace Information: 0 : 8940, 12, 2024/10/22, 14:58:17.315, 37963631017, vstest.console.dll, SocketServer.Stop: Stop server endPoint: 127.0.0.1:50533
TpTrace Information: 0 : 8940, 12, 2024/10/22, 14:58:17.315, 37963631443, vstest.console.dll, SocketServer.Stop: Cancellation requested. Stopping message loop.
TpTrace Information: 0 : 8940, 1, 2024/10/22, 14:58:17.315, 37963631642, vstest.console.dll, TestRequestManager.RunTests: run tests completed.
TpTrace Verbose: 0 : 8940, 12, 2024/10/22, 14:58:17.315, 37963631879, vstest.console.dll, MulticastDelegateUtilities.SafeInvoke: LengthPrefixCommunicationChannel: MessageReceived: Invoking callback 1/1 for Microsoft.VisualStudio.TestPlatform.CommunicationUtilities.TestRequestSender+<>c__DisplayClass34_0., took 132 ms.
TpTrace Information: 0 : 8940, 12, 2024/10/22, 14:58:17.315, 37963632526, vstest.console.dll, SocketServer.PrivateStop: Stopping server endPoint: 127.0.0.1:50533 error: 
TpTrace Information: 0 : 8940, 1, 2024/10/22, 14:58:17.315, 37963632893, vstest.console.dll, RunTestsArgumentProcessor:Execute: Test run is completed.
TpTrace Verbose: 0 : 8940, 1, 2024/10/22, 14:58:17.316, 37963636844, vstest.console.dll, Executor.Execute: Exiting with exit code of 1
TpTrace Verbose: 0 : 8940, 12, 2024/10/22, 14:58:17.316, 37963637582, vstest.console.dll, LengthPrefixCommunicationChannel.Dispose: Dispose reader and writer.
TpTrace Information: 0 : 8940, 12, 2024/10/22, 14:58:17.316, 37963638588, vstest.console.dll, SocketServer.Stop: Raise disconnected event endPoint: 127.0.0.1:50533 error: 
TpTrace Verbose: 0 : 8940, 12, 2024/10/22, 14:58:17.316, 37963639653, vstest.console.dll, TestRequestSender: OnTestRunAbort: Operation is already complete. Skip error message.
TpTrace Verbose: 0 : 8940, 12, 2024/10/22, 14:58:17.316, 37963640121, vstest.console.dll, MulticastDelegateUtilities.SafeInvoke: SocketServer: ClientDisconnected: Invoking callback 1/1 for Microsoft.VisualStudio.TestPlatform.CommunicationUtilities.TestRequestSender., took 0 ms.
TpTrace Verbose: 0 : 8940, 12, 2024/10/22, 14:58:17.316, 37963640483, vstest.console.dll, TcpClientExtensions.MessageLoopAsync: exiting MessageLoopAsync remoteEndPoint: 127.0.0.1:50534 localEndPoint: 127.0.0.1:50533
